Log file open, 09/13/22 02:16:17
LogWindows: Failed to load 'aqProf.dll' (GetLastError=126)
LogWindows: File 'aqProf.dll' does not exist
LogWindows: Failed to load 'VSPerf140.dll' (GetLastError=126)
LogWindows: File 'VSPerf140.dll' does not exist
LogWindows: Failed to load 'VtuneApi.dll' (GetLastError=126)
LogWindows: File 'VtuneApi.dll' does not exist
LogWindows: Failed to load 'VtuneApi32e.dll' (GetLastError=126)
LogWindows: File 'VtuneApi32e.dll' does not exist
LogInit: Display: Running engine for game: GAM303
LogPlatformFile: Not using cached read wrapper
LogInit: Display: RandInit(866954238) SRandInit(866954238).
LogInit: Read version file with build ID '3709383'
LogInit: Overriding engine version to CL 3832480, compatible CL 3709383
LogInit: Registered custom module enumerator with build ID '3709383'
LogTaskGraph: Started task graph with 5 named threads and 8 total threads with 3 sets of task threads.
LogStats: Stats thread started at 0.592670
LogD3D11RHI: Aftermath initialized
LogModuleManager: Display: Found up-to-date module file ../../../Engine/Plugins/2D/Paper2D/Binaries/Win64/UE4Editor-Paper2D.dll (API version 3709383).
LogModuleManager: Display: Found up-to-date module file ../../../Engine/Plugins/2D/Paper2D/Binaries/Win64/UE4Editor-Paper2DEditor.dll (API version 3709383).
LogModuleManager: Display: Found up-to-date module file ../../../Engine/Plugins/2D/Paper2D/Binaries/Win64/UE4Editor-PaperSpriteSheetImporter.dll (API version 3709383).
LogModuleManager: Display: Found up-to-date module file ../../../Engine/Plugins/2D/Paper2D/Binaries/Win64/UE4Editor-PaperTiledImporter.dll (API version 3709383).
LogModuleManager: Display: Found up-to-date module file ../../../Engine/Plugins/2D/Paper2D/Binaries/Win64/UE4Editor-SmartSnapping.dll (API version 3709383).
LogModuleManager: Display: Found up-to-date module file ../../../Engine/Plugins/Blendables/LightPropagationVolume/Binaries/Win64/UE4Editor-LightPropagationVolumeRuntime.dll (API version 3709383).
LogModuleManager: Display: Found up-to-date module file ../../../Engine/Plugins/Blendables/LightPropagationVolume/Binaries/Win64/UE4Editor-LightPropagationVolumeEditor.dll (API version 3709383).
LogModuleManager: Display: Found up-to-date module file ../../../Engine/Plugins/Developer/GitSourceControl/Binaries/Win64/UE4Editor-GitSourceControl.dll (API version 3709383).
LogModuleManager: Display: Found up-to-date module file ../../../Engine/Plugins/Developer/PerforceSourceControl/Binaries/Win64/UE4Editor-PerforceSourceControl.dll (API version 3709383).
LogModuleManager: Display: Found up-to-date module file ../../../Engine/Plugins/Developer/SubversionSourceControl/Binaries/Win64/UE4Editor-SubversionSourceControl.dll (API version 3709383).
LogModuleManager: Display: Found up-to-date module file ../../../Engine/Plugins/Developer/UObjectPlugin/Binaries/Win64/UE4Editor-UObjectPlugin.dll (API version 3709383).
LogModuleManager: Display: Found up-to-date module file ../../../Engine/Plugins/Developer/VisualStudioCodeSourceCodeAccess/Binaries/Win64/UE4Editor-VisualStudioCodeSourceCodeAccess.dll (API version 3709383).
LogModuleManager: Display: Found up-to-date module file ../../../Engine/Plugins/Developer/VisualStudioSourceCodeAccess/Binaries/Win64/UE4Editor-VisualStudioSourceCodeAccess.dll (API version 3709383).
LogModuleManager: Display: Found up-to-date module file ../../../Engine/Plugins/Editor/AssetManagerEditor/Binaries/Win64/UE4Editor-AssetManagerEditor.dll (API version 3709383).
LogModuleManager: Display: Found up-to-date module file ../../../Engine/Plugins/Editor/AudioCapture/Binaries/Win64/UE4Editor-AudioCapture.dll (API version 3709383).
LogModuleManager: Display: Found up-to-date module file ../../../Engine/Plugins/Editor/FacialAnimation/Binaries/Win64/UE4Editor-FacialAnimation.dll (API version 3709383).
LogModuleManager: Display: Found up-to-date module file ../../../Engine/Plugins/Editor/FacialAnimation/Binaries/Win64/UE4Editor-FacialAnimationEditor.dll (API version 3709383).
LogModuleManager: Display: Found up-to-date module file ../../../Engine/Plugins/Editor/GameplayTagsEditor/Binaries/Win64/UE4Editor-GameplayTagsEditor.dll (API version 3709383).
LogModuleManager: Display: Found up-to-date module file ../../../Engine/Plugins/Editor/MobileLauncherProfileWizard/Binaries/Win64/UE4Editor-MobileLauncherProfileWizard.dll (API version 3709383).
LogModuleManager: Display: Found up-to-date module file ../../../Engine/Plugins/Editor/PluginBrowser/Binaries/Win64/UE4Editor-PluginBrowser.dll (API version 3709383).
LogModuleManager: Display: Found up-to-date module file ../../../Engine/Plugins/Editor/SpeedTreeImporter/Binaries/Win64/UE4Editor-SpeedTreeImporter.dll (API version 3709383).
LogModuleManager: Display: Found up-to-date module file ../../../Engine/Plugins/Experimental/AlembicImporter/Binaries/Win64/UE4Editor-AlembicImporter.dll (API version 3709383).
LogModuleManager: Display: Found up-to-date module file ../../../Engine/Plugins/Experimental/AlembicImporter/Binaries/Win64/UE4Editor-AlembicLibrary.dll (API version 3709383).
LogModuleManager: Display: Found up-to-date module file ../../../Engine/Plugins/Experimental/CharacterAI/Binaries/Win64/UE4Editor-CharacterAI.dll (API version 3709383).
LogModuleManager: Display: Found up-to-date module file ../../../Engine/Plugins/Experimental/HTML5Networking/Binaries/Win64/UE4Editor-HTML5Networking.dll (API version 3709383).
LogModuleManager: Display: Found up-to-date module file ../../../Engine/Plugins/Media/AndroidMedia/Binaries/Win64/UE4Editor-AndroidMediaEditor.dll (API version 3709383).
LogModuleManager: Display: Found up-to-date module file ../../../Engine/Plugins/Media/AndroidMedia/Binaries/Win64/UE4Editor-AndroidMediaFactory.dll (API version 3709383).
LogModuleManager: Display: Found up-to-date module file ../../../Engine/Plugins/Media/AvfMedia/Binaries/Win64/UE4Editor-AvfMediaEditor.dll (API version 3709383).
LogModuleManager: Display: Found up-to-date module file ../../../Engine/Plugins/Media/AvfMedia/Binaries/Win64/UE4Editor-AvfMediaFactory.dll (API version 3709383).
LogModuleManager: Display: Found up-to-date module file ../../../Engine/Plugins/Media/AvfMedia/Binaries/Win64/UE4Editor-AvfMediaFactory.dll (API version 3709383).
LogModuleManager: Display: Found up-to-date module file ../../../Engine/Plugins/Media/ImgMedia/Binaries/Win64/UE4Editor-ImgMedia.dll (API version 3709383).
LogModuleManager: Display: Found up-to-date module file ../../../Engine/Plugins/Media/ImgMedia/Binaries/Win64/UE4Editor-ImgMediaEditor.dll (API version 3709383).
LogModuleManager: Display: Found up-to-date module file ../../../Engine/Plugins/Media/ImgMedia/Binaries/Win64/UE4Editor-ImgMediaFactory.dll (API version 3709383).
LogModuleManager: Display: Found up-to-date module file ../../../Engine/Plugins/Media/ImgMedia/Binaries/Win64/UE4Editor-ImgMediaFactory.dll (API version 3709383).
LogModuleManager: Display: Found up-to-date module file ../../../Engine/Plugins/Media/ImgMedia/Binaries/Win64/UE4Editor-OpenExrWrapper.dll (API version 3709383).
LogModuleManager: Display: Found up-to-date module file ../../../Engine/Plugins/Media/MediaCompositing/Binaries/Win64/UE4Editor-MediaCompositing.dll (API version 3709383).
LogModuleManager: Display: Found up-to-date module file ../../../Engine/Plugins/Media/MediaCompositing/Binaries/Win64/UE4Editor-MediaCompositingEditor.dll (API version 3709383).
LogModuleManager: Display: Found up-to-date module file ../../../Engine/Plugins/Media/MediaPlayerEditor/Binaries/Win64/UE4Editor-MediaPlayerEditor.dll (API version 3709383).
LogModuleManager: Display: Found up-to-date module file ../../../Engine/Plugins/Media/WmfMedia/Binaries/Win64/UE4Editor-WmfMedia.dll (API version 3709383).
LogModuleManager: Display: Found up-to-date module file ../../../Engine/Plugins/Media/WmfMedia/Binaries/Win64/UE4Editor-WmfMediaEditor.dll (API version 3709383).
LogModuleManager: Display: Found up-to-date module file ../../../Engine/Plugins/Media/WmfMedia/Binaries/Win64/UE4Editor-WmfMediaFactory.dll (API version 3709383).
LogModuleManager: Display: Found up-to-date module file ../../../Engine/Plugins/Media/WmfMedia/Binaries/Win64/UE4Editor-WmfMediaFactory.dll (API version 3709383).
LogModuleManager: Display: Found up-to-date module file ../../../Engine/Plugins/Messaging/TcpMessaging/Binaries/Win64/UE4Editor-TcpMessaging.dll (API version 3709383).
LogModuleManager: Display: Found up-to-date module file ../../../Engine/Plugins/Messaging/UdpMessaging/Binaries/Win64/UE4Editor-UdpMessaging.dll (API version 3709383).
LogModuleManager: Display: Found up-to-date module file ../../../Engine/Plugins/MovieScene/ActorSequence/Binaries/Win64/UE4Editor-ActorSequence.dll (API version 3709383).
LogModuleManager: Display: Found up-to-date module file ../../../Engine/Plugins/MovieScene/LevelSequenceEditor/Binaries/Win64/UE4Editor-LevelSequenceEditor.dll (API version 3709383).
LogModuleManager: Display: Found up-to-date module file ../../../Engine/Plugins/MovieScene/MatineeToLevelSequence/Binaries/Win64/UE4Editor-MatineeToLevelSequence.dll (API version 3709383).
LogModuleManager: Display: Found up-to-date module file ../../../Engine/Plugins/Online/OnlineSubsystem/Binaries/Win64/UE4Editor-OnlineSubsystem.dll (API version 3709383).
LogModuleManager: Display: Found up-to-date module file ../../../Engine/Plugins/Runtime/AndroidPermission/Binaries/Win64/UE4Editor-AndroidPermission.dll (API version 3709383).
LogModuleManager: Display: Found up-to-date module file ../../../Engine/Plugins/Online/OnlineSubsystemNull/Binaries/Win64/UE4Editor-OnlineSubsystemNull.dll (API version 3709383).
LogModuleManager: Display: Found up-to-date module file ../../../Engine/Plugins/Online/OnlineSubsystemUtils/Binaries/Win64/UE4Editor-OnlineSubsystemUtils.dll (API version 3709383).
LogModuleManager: Display: Found up-to-date module file ../../../Engine/Plugins/Online/OnlineSubsystemUtils/Binaries/Win64/UE4Editor-OnlineBlueprintSupport.dll (API version 3709383).
LogModuleManager: Display: Found up-to-date module file ../../../Engine/Plugins/Runtime/AndroidDeviceProfileSelector/Binaries/Win64/UE4Editor-AndroidDeviceProfileSelector.dll (API version 3709383).
LogModuleManager: Display: Found up-to-date module file ../../../Engine/Plugins/Runtime/AppleARKit/Binaries/Win64/UE4Editor-AppleARKit.dll (API version 3709383).
LogModuleManager: Display: Found up-to-date module file ../../../Engine/Plugins/Runtime/ArchVisCharacter/Binaries/Win64/UE4Editor-ArchVisCharacter.dll (API version 3709383).
LogModuleManager: Display: Found up-to-date module file ../../../Engine/Plugins/Runtime/CableComponent/Binaries/Win64/UE4Editor-CableComponent.dll (API version 3709383).
LogModuleManager: Display: Found up-to-date module file ../../../Engine/Plugins/Runtime/CustomMeshComponent/Binaries/Win64/UE4Editor-CustomMeshComponent.dll (API version 3709383).
LogModuleManager: Display: Found up-to-date module file ../../../Engine/Plugins/Runtime/ExampleDeviceProfileSelector/Binaries/Win64/UE4Editor-ExampleDeviceProfileSelector.dll (API version 3709383).
LogModuleManager: Display: Found up-to-date module file ../../../Engine/Plugins/Runtime/ImmediatePhysics/Binaries/Win64/UE4Editor-ImmediatePhysics.dll (API version 3709383).
LogModuleManager: Display: Found up-to-date module file ../../../Engine/Plugins/Runtime/ImmediatePhysics/Binaries/Win64/UE4Editor-ImmediatePhysicsEditor.dll (API version 3709383).
LogModuleManager: Display: Found up-to-date module file ../../../Engine/Plugins/Runtime/LocationServicesBPLibrary/Binaries/Win64/UE4Editor-LocationServicesBPLibrary.dll (API version 3709383).
LogModuleManager: Display: Found up-to-date module file ../../../Engine/Plugins/Runtime/MobilePatchingUtils/Binaries/Win64/UE4Editor-MobilePatchingUtils.dll (API version 3709383).
LogModuleManager: Display: Found up-to-date module file ../../../Engine/Plugins/Runtime/Oculus/OculusVR/Binaries/Win64/UE4Editor-OculusHMD.dll (API version 3709383).
LogModuleManager: Display: Found up-to-date module file ../../../Engine/Plugins/Runtime/Oculus/OculusVR/Binaries/Win64/UE4Editor-OculusInput.dll (API version 3709383).
LogModuleManager: Display: Found up-to-date module file ../../../Engine/Plugins/Runtime/Oculus/OculusVR/Binaries/Win64/UE4Editor-OculusEditor.dll (API version 3709383).
LogModuleManager: Display: Found up-to-date module file ../../../Engine/Plugins/Runtime/PhysXVehicles/Binaries/Win64/UE4Editor-PhysXVehicles.dll (API version 3709383).
LogModuleManager: Display: Found up-to-date module file ../../../Engine/Plugins/Runtime/PhysXVehicles/Binaries/Win64/UE4Editor-PhysXVehiclesEditor.dll (API version 3709383).
LogModuleManager: Display: Found up-to-date module file ../../../Engine/Plugins/Runtime/ProceduralMeshComponent/Binaries/Win64/UE4Editor-ProceduralMeshComponent.dll (API version 3709383).
LogModuleManager: Display: Found up-to-date module file ../../../Engine/Plugins/Runtime/ProceduralMeshComponent/Binaries/Win64/UE4Editor-ProceduralMeshComponentEditor.dll (API version 3709383).
LogModuleManager: Display: Found up-to-date module file ../../../Engine/Plugins/Runtime/RuntimePhysXCooking/Binaries/Win64/UE4Editor-RuntimePhysXCooking.dll (API version 3709383).
LogModuleManager: Display: Found up-to-date module file ../../../Engine/Plugins/Runtime/Steam/SteamVR/Binaries/Win64/UE4Editor-SteamVR.dll (API version 3709383).
LogModuleManager: Display: Found up-to-date module file ../../../Engine/Plugins/Runtime/Steam/SteamVR/Binaries/Win64/UE4Editor-SteamVRController.dll (API version 3709383).
LogModuleManager: Display: Found up-to-date module file ../../../Engine/Plugins/Runtime/WindowsMoviePlayer/Binaries/Win64/UE4Editor-WindowsMoviePlayer.dll (API version 3709383).
LogPluginManager: Mounting plugin Paper2D
LogPluginManager: Mounting plugin LightPropagationVolume
LogPluginManager: Mounting plugin CodeLiteSourceCodeAccess
LogPluginManager: Mounting plugin GitSourceControl
LogPluginManager: Mounting plugin KDevelopSourceCodeAccess
LogPluginManager: Mounting plugin NullSourceCodeAccess
LogPluginManager: Mounting plugin PerforceSourceControl
LogPluginManager: Mounting plugin SubversionSourceControl
LogPluginManager: Mounting plugin UObjectPlugin
LogPluginManager: Mounting plugin VisualStudioCodeSourceCodeAccess
LogPluginManager: Mounting plugin VisualStudioSourceCodeAccess
LogPluginManager: Mounting plugin XCodeSourceCodeAccess
LogPluginManager: Mounting plugin AssetManagerEditor
LogPluginManager: Mounting plugin AudioCapture
LogPluginManager: Mounting plugin FacialAnimation
LogPluginManager: Mounting plugin GameplayTagsEditor
LogPluginManager: Mounting plugin MobileLauncherProfileWizard
LogPluginManager: Mounting plugin PluginBrowser
LogPluginManager: Mounting plugin SpeedTreeImporter
LogPluginManager: Mounting plugin AlembicImporter
LogPluginManager: Mounting plugin CharacterAI
LogPluginManager: Mounting plugin HTML5Networking
LogPluginManager: Mounting plugin AndroidMedia
LogPluginManager: Mounting plugin AvfMedia
LogPluginManager: Mounting plugin ImgMedia
LogPluginManager: Mounting plugin MediaCompositing
LogPluginManager: Mounting plugin MediaPlayerEditor
LogPluginManager: Mounting plugin WmfMedia
LogPluginManager: Mounting plugin TcpMessaging
LogPluginManager: Mounting plugin UdpMessaging
LogPluginManager: Mounting plugin ActorSequence
LogPluginManager: Mounting plugin LevelSequenceEditor
LogPluginManager: Mounting plugin MatineeToLevelSequence
LogPluginManager: Mounting plugin OnlineSubsystemGooglePlay
LogPluginManager: Mounting plugin OnlineSubsystemIOS
LogPluginManager: Mounting plugin OnlineSubsystem
LogPluginManager: Mounting plugin OnlineSubsystemNull
LogPluginManager: Mounting plugin OnlineSubsystemUtils
LogPluginManager: Mounting plugin AndroidDeviceProfileSelector
LogPluginManager: Mounting plugin AndroidMoviePlayer
LogPluginManager: Mounting plugin AndroidPermission
LogPluginManager: Mounting plugin AppleARKit
LogPluginManager: Mounting plugin AppleMoviePlayer
LogPluginManager: Mounting plugin ArchVisCharacter
LogPluginManager: Mounting plugin CableComponent
LogPluginManager: Mounting plugin CustomMeshComponent
LogPluginManager: Mounting plugin ExampleDeviceProfileSelector
LogPluginManager: Mounting plugin GoogleCloudMessaging
LogPluginManager: Mounting plugin ImmediatePhysics
LogPluginManager: Mounting plugin IOSDeviceProfileSelector
LogPluginManager: Mounting plugin LinuxDeviceProfileSelector
LogPluginManager: Mounting plugin LocationServicesBPLibrary
LogPluginManager: Mounting plugin MobilePatchingUtils
LogPluginManager: Mounting plugin OculusVR
LogPluginManager: Plugin shader directory ../../../Engine/Plugins/Runtime/Oculus/OculusVR/Shaders found
LogPluginManager: Mapping shader source directory ../../../Engine/Plugins/Runtime/Oculus/OculusVR/Shaders to virtual directory /Plugin/OculusVR
LogPluginManager: Mounting plugin PhysXVehicles
LogPluginManager: Mounting plugin ProceduralMeshComponent
LogPluginManager: Mounting plugin RuntimePhysXCooking
LogPluginManager: Mounting plugin SteamVR
LogPluginManager: Mounting plugin WindowsMoviePlayer
LogInit: Using libcurl 7.47.1
LogInit:  - built for x86_64-pc-win32
LogInit:  - supports SSL with OpenSSL/1.0.2g
LogInit:  - supports HTTP deflate (compression) using libz 1.2.8
LogInit:  - other features:
LogInit:      CURL_VERSION_SSL
LogInit:      CURL_VERSION_LIBZ
LogInit:      CURL_VERSION_IPV6
LogInit:      CURL_VERSION_ASYNCHDNS
LogInit:      CURL_VERSION_LARGEFILE
LogInit:      CURL_VERSION_IDN
LogInit:  CurlRequestOptions (configurable via config and command line):
LogInit:  - bVerifyPeer = false  - Libcurl will NOT verify peer certificate
LogInit:  - bUseHttpProxy = false  - Libcurl will NOT use HTTP proxy
LogInit:  - bDontReuseConnections = false  - Libcurl will reuse connections
LogInit:  - CertBundlePath = nullptr  - Libcurl will use whatever was configured at build time.
LogInit: Build: ++UE4+Release-4.18-CL-3832480
LogInit: Engine Version: 4.18.3-3832480+++UE4+Release-4.18
LogInit: Compatible Engine Version: 4.18.0-3709383+++UE4+Release-4.18
LogInit: Net CL: 3709383
LogDevObjectVersion: Number of dev versions registered: 16
LogDevObjectVersion:   Dev-Blueprints (B0D832E4-1F89-4F0D-ACCF-7EB736FD4AA2): 10
LogDevObjectVersion:   Dev-Build (E1C64328-A22C-4D53-A36C-8E866417BD8C): 0
LogDevObjectVersion:   Dev-Core (375EC13C-06E4-48FB-B500-84F0262A717E): 2
LogDevObjectVersion:   Dev-Editor (E4B068ED-F494-42E9-A231-DA0B2E46BB41): 20
LogDevObjectVersion:   Dev-Framework (CFFC743F-43B0-4480-9391-14DF171D2073): 30
LogDevObjectVersion:   Dev-Mobile (B02B49B5-BB20-44E9-A304-32B752E40360): 0
LogDevObjectVersion:   Dev-Networking (A4E4105C-59A1-49B5-A7C5-40C4547EDFEE): 0
LogDevObjectVersion:   Dev-Online (39C831C9-5AE6-47DC-9A44-9C173E1C8E7C): 0
LogDevObjectVersion:   Dev-Physics (78F01B33-EBEA-4F98-B9B4-84EACCB95AA2): 0
LogDevObjectVersion:   Dev-Platform (6631380F-2D4D-43E0-8009-CF276956A95A): 0
LogDevObjectVersion:   Dev-Rendering (12F88B9F-8875-4AFC-A67C-D90C383ABD29): 20
LogDevObjectVersion:   Dev-Sequencer (7B5AE74C-D270-4C10-A958-57980B212A5A): 4
LogDevObjectVersion:   Dev-VR (D7296918-1DD6-4BDD-9DE2-64A83CC13884): 0
LogDevObjectVersion:   Dev-LoadTimes (C2A15278-BFE7-4AFE-6C17-90FF531DF755): 1
LogDevObjectVersion:   Private-Geometry (6EACA3D4-40EC-4CC1-B786-8BED09428FC5): 1
LogDevObjectVersion:   Dev-AnimPhys (29E575DD-E0A3-4627-9D10-D276232CDCEA): 12
LogInit: Compiled (64-bit): Jan 12 2018 02:04:55
LogInit: Compiled with Visual C++: 19.00.24215.01
LogInit: Build Configuration: Development
LogInit: Branch Name: ++UE4+Release-4.18
LogInit: Command line:  
LogInit: Base directory: C:/Program Files (x86)/UE_4.18/Engine/Binaries/Win64/
LogInit: Installed Engine Build: 1
LogInit: Presizing for max 8388607 objects, including 0 objects not considered by GC, pre-allocating 0 bytes for permanent pool.
LogInit: Object subsystem initialized
[2022.09.13-07.16.22:310][  0]LogInit: Selected Device Profile: [Windows]
[2022.09.13-07.16.22:310][  0]LogInit: Applying CVar settings loaded from the selected device profile: [Windows]
[2022.09.13-07.16.22:359][  0]LogInit: Computer: LAPTOP-K1GI59O1
[2022.09.13-07.16.22:359][  0]LogInit: User: Waifs
[2022.09.13-07.16.22:359][  0]LogInit: CPU Page size=4096, Cores=2
[2022.09.13-07.16.22:359][  0]LogInit: High frequency timer resolution =10.000000 MHz
[2022.09.13-07.16.22:360][  0]LogMemory: Memory total: Physical=3.8GB (4GB approx)
[2022.09.13-07.16.22:360][  0]LogMemory: Platform Memory Stats for Windows
[2022.09.13-07.16.22:360][  0]LogMemory: Process Physical Memory: 271.91 MB used, 271.91 MB peak
[2022.09.13-07.16.22:360][  0]LogMemory: Process Virtual Memory: 269.30 MB used, 269.30 MB peak
[2022.09.13-07.16.22:360][  0]LogMemory: Physical Memory: 3695.56 MB used,  199.75 MB free, 3895.30 MB total
[2022.09.13-07.16.22:360][  0]LogMemory: Virtual Memory: 4765.82 MB used,  199.75 MB free, 134217728.00 MB total
[2022.09.13-07.16.23:264][  0]LogInit: Using OS detected language (en-US).
[2022.09.13-07.16.23:264][  0]LogInit: Using OS detected locale (en-US).
[2022.09.13-07.16.23:375][  0]LogTextLocalizationManager: No specific localization for 'en-US' exists, so the 'en' localization will be used.
[2022.09.13-07.16.24:148][  0]LogInit: Setting process to per monitor DPI aware
[2022.09.13-07.16.29:539][  0]LogD3D11RHI: D3D11 adapters:
[2022.09.13-07.16.29:675][  0]LogD3D11RHI:    0. 'Intel(R) UHD Graphics' (Feature Level 11_0)
[2022.09.13-07.16.29:676][  0]LogD3D11RHI:       128/0/1947 MB DedicatedVideo/DedicatedSystem/SharedSystem, Outputs:1, VendorId:0x8086
[2022.09.13-07.16.29:681][  0]LogD3D11RHI:    1. 'Microsoft Basic Render Driver' (Feature Level 11_0)
[2022.09.13-07.16.29:681][  0]LogD3D11RHI:       0/0/1947 MB DedicatedVideo/DedicatedSystem/SharedSystem, Outputs:0, VendorId:0x1414
[2022.09.13-07.16.29:681][  0]LogD3D11RHI: Chosen D3D11 Adapter: 0
[2022.09.13-07.16.29:688][  0]LogD3D11RHI: Creating new Direct3DDevice
[2022.09.13-07.16.29:688][  0]LogD3D11RHI:     GPU DeviceId: 0x9a78 (for the marketing name, search the web for "GPU Device Id")
[2022.09.13-07.16.29:688][  0]LogWindows: EnumDisplayDevices:
[2022.09.13-07.16.29:688][  0]LogWindows:    0. 'Intel(R) UHD Graphics' (P:1 D:1)
[2022.09.13-07.16.29:688][  0]LogWindows:    1. 'Intel(R) UHD Graphics' (P:0 D:0)
[2022.09.13-07.16.29:688][  0]LogWindows:    2. 'Intel(R) UHD Graphics' (P:0 D:0)
[2022.09.13-07.16.29:688][  0]LogWindows:    3. 'Intel(R) UHD Graphics' (P:0 D:0)
[2022.09.13-07.16.29:689][  0]LogWindows: DebugString: GetVideoDriverDetailsInvalid PrimaryIsNotTheChoosenAdapter GetVideoDriverDetailsInvalid PrimaryIsNotTheChoosenAdapter GetVideoDriverDetailsInvalid PrimaryIsNotTheChoosenAdapter GetVideoDriverDetailsInvalid PrimaryIsNotTheChoosenAdapter FoundDriverCount:0 
[2022.09.13-07.16.29:689][  0]LogD3D11RHI:     Adapter Name: Intel(R) UHD Graphics
[2022.09.13-07.16.29:689][  0]LogD3D11RHI:   Driver Version: Unknown (internal:Unknown, unified:Unknown)
[2022.09.13-07.16.29:689][  0]LogD3D11RHI:      Driver Date: Unknown
[2022.09.13-07.16.29:689][  0]LogRHI: Texture pool is 771 MB (70% of 1101 MB)
[2022.09.13-07.16.29:813][  0]LogD3D11RHI: Async texture creation enabled
[2022.09.13-07.16.29:851][  0]LogD3D11RHI: GPU Timing Frequency: 19.200000 (Debug: 2 0)
[2022.09.13-07.16.29:857][  0]LogShaderCompilers: Guid format shader working directory is -23 characters bigger than the processId version (../../../../../Users/Waifs/OneDrive/Documents/Unreal Projects/GAM303/Intermediate/Shaders/WorkingDirectory/11772/).
[2022.09.13-07.16.29:857][  0]LogShaderCompilers: Cleaned the shader compiler working directory 'C:/Users/Waifs/AppData/Local/Temp/UnrealShaderWorkingDir/316136A245A6603BCF5C47A6ABB62B4D/'.
[2022.09.13-07.16.29:858][  0]LogShaderCompilers: Display: Using Local Shader Compiler.
[2022.09.13-07.16.34:147][  0]LogTemp: Display: Loaded TP AllDesktopTargetPlatform
[2022.09.13-07.16.34:222][  0]LogTemp: Display: Loaded TP MacClientTargetPlatform
[2022.09.13-07.16.34:281][  0]LogTemp: Display: Loaded TP MacNoEditorTargetPlatform
[2022.09.13-07.16.34:334][  0]LogTemp: Display: Loaded TP MacServerTargetPlatform
[2022.09.13-07.16.34:411][  0]LogTemp: Display: Loaded TP MacTargetPlatform
[2022.09.13-07.16.34:468][  0]LogTemp: Display: Loaded TP WindowsClientTargetPlatform
[2022.09.13-07.16.34:641][  0]LogTemp: Display: Loaded TP WindowsNoEditorTargetPlatform
[2022.09.13-07.16.34:805][  0]LogTemp: Display: Loaded TP WindowsServerTargetPlatform
[2022.09.13-07.16.34:881][  0]LogTemp: Display: Loaded TP WindowsTargetPlatform
[2022.09.13-07.16.34:937][  0]LogTemp: Display: Loaded TP Android_ASTCTargetPlatform
[2022.09.13-07.16.35:014][  0]LogTemp: Display: Loaded TP Android_ATCTargetPlatform
[2022.09.13-07.16.35:060][  0]LogTemp: Display: Loaded TP Android_DXTTargetPlatform
[2022.09.13-07.16.35:121][  0]LogTemp: Display: Loaded TP Android_ETC1TargetPlatform
[2022.09.13-07.16.35:207][  0]LogTemp: Display: Loaded TP Android_ETC2TargetPlatform
[2022.09.13-07.16.35:453][  0]LogTemp: Display: Loaded TP Android_MultiTargetPlatform
[2022.09.13-07.16.35:453][  0]LogTemp: Display: Loaded TP Android_PVRTCTargetPlatform
[2022.09.13-07.16.35:585][  0]LogTemp: Display: Loaded TP AndroidTargetPlatform
[2022.09.13-07.16.35:644][  0]LogTemp: Display: Loaded TP HTML5TargetPlatform
[2022.09.13-07.16.35:836][  0]LogTemp: Display: Loaded TP IOSTargetPlatform
[2022.09.13-07.16.35:877][  0]LogTemp: Display: Loaded TP TVOSTargetPlatform
[2022.09.13-07.16.35:952][  0]LogTemp: Display: Loaded TP LinuxClientTargetPlatform
[2022.09.13-07.16.36:029][  0]LogTemp: Display: Loaded TP LinuxNoEditorTargetPlatform
[2022.09.13-07.16.36:165][  0]LogTemp: Display: Loaded TP LinuxServerTargetPlatform
[2022.09.13-07.16.36:422][  0]LogTemp: Display: Loaded TP LinuxTargetPlatform
[2022.09.13-07.16.36:438][  0]LogTargetPlatformManager: Display: Building Assets For Windows
[2022.09.13-07.16.37:837][  0]LogDerivedDataCache: Display: Max Cache Size: 512 MB
[2022.09.13-07.16.38:033][  0]LogDerivedDataCache: Loaded boot cache 0.20s 78MB C:/Users/Waifs/AppData/Local/UnrealEngine/4.18/DerivedDataCache/Boot.ddc.
[2022.09.13-07.16.38:033][  0]LogDerivedDataCache: Display: Loaded Boot cache: C:/Users/Waifs/AppData/Local/UnrealEngine/4.18/DerivedDataCache/Boot.ddc
[2022.09.13-07.16.38:033][  0]LogDerivedDataCache: FDerivedDataBackendGraph:  Pak pak cache file ../../../../../Users/Waifs/OneDrive/Documents/Unreal Projects/GAM303/DerivedDataCache/DDC.ddp not found, will not use a pak cache.
[2022.09.13-07.16.38:033][  0]LogDerivedDataCache: Unable to find inner node Pak for hierarchical cache Hierarchy.
[2022.09.13-07.16.38:034][  0]LogDerivedDataCache: FDerivedDataBackendGraph:  CompressedPak pak cache file ../../../../../Users/Waifs/OneDrive/Documents/Unreal Projects/GAM303/DerivedDataCache/Compressed.ddp not found, will not use a pak cache.
[2022.09.13-07.16.38:034][  0]LogDerivedDataCache: Unable to find inner node CompressedPak for hierarchical cache Hierarchy.
[2022.09.13-07.16.38:048][  0]LogDerivedDataCache: Display: Pak cache opened for reading ../../../Engine/DerivedDataCache/Compressed.ddp.
[2022.09.13-07.16.38:081][  0]LogDerivedDataCache: Using Local data cache path C:/Users/Waifs/AppData/Local/UnrealEngine/Common/DerivedDataCache: Writable
[2022.09.13-07.16.38:099][  0]LogMaterial: Verifying Global Shaders for PCD3D_SM5
[2022.09.13-07.16.38:104][  0]LogSlate: Using Freetype 2.6.0
[2022.09.13-07.16.38:115][  0]LogSlate: SlateFontCache - WITH_FREETYPE: 1, WITH_HARFBUZZ: 1
[2022.09.13-07.16.38:115][  0]LogSlate: SlateFontCache - WITH_FREETYPE: 1, WITH_HARFBUZZ: 1
[2022.09.13-07.16.42:230][  0]LogInit: Selected Device Profile: [Windows]
[2022.09.13-07.16.42:842][  0]LogSimplygon: Simplygon DLL not present - disabling.
[2022.09.13-07.16.42:879][  0]LogMeshReduction: Using SimplygonSwarm for distributed automatic mesh merging
[2022.09.13-07.16.42:879][  0]LogMeshReduction: Using QuadricMeshReduction for automatic static mesh reduction
[2022.09.13-07.16.42:879][  0]LogMeshReduction: No automatic skeletal mesh reduction module available
[2022.09.13-07.16.42:879][  0]LogMeshReduction: No automatic mesh merging module available
[2022.09.13-07.16.42:879][  0]LogMeshMerging: No automatic mesh merging module available
[2022.09.13-07.16.42:947][  0]LogNetVersion: GAM303 , NetCL: 3709383, EngineNetVer: 2, GameNetVer: 0 (Checksum: 4079393575)
[2022.09.13-07.16.43:412][  0]LogAssetRegistry: FAssetRegistry took 0.0294 seconds to start up
[2022.09.13-07.16.44:868][  0]LogPackageLocalizationCache: Processed 7 localized package path(s) for 2 prioritized culture(s) in 0.068297 seconds
[2022.09.13-07.16.44:875][  0]LogUObjectArray: 35870 objects as part of root set at end of initial load.
[2022.09.13-07.16.44:876][  0]LogUObjectAllocator: 7363704 out of 0 bytes used by permanent object pool.
[2022.09.13-07.16.44:876][  0]LogUObjectArray: CloseDisregardForGC: 0/0 objects in disregard for GC pool
[2022.09.13-07.16.44:932][  0]LogInit: WinSock: version 1.1 (2.2), MaxSocks=32767, MaxUdp=65467
[2022.09.13-07.16.50:335][  0]LogTcpMessaging: Initializing TcpMessaging bridge
[2022.09.13-07.16.50:377][  0]LogUdpMessaging: Initializing bridge on interface 0.0.0.0:0 to multicast group 230.0.0.1:6666.
[2022.09.13-07.16.51:160][  0]LogMaterial: Uniform references updated for custom material expression Custom.
[2022.09.13-07.16.51:681][  0]SourceControl: Source control is disabled
[2022.09.13-07.16.51:682][  0]SourceControl: Source control is disabled
[2022.09.13-07.16.51:742][  0]SourceControl: Source control is disabled
[2022.09.13-07.16.51:797][  0]SourceControl: Source control is disabled
[2022.09.13-07.16.52:608][  0]LogAndroidPermission: UAndroidPermissionCallbackProxy::GetInstance
[2022.09.13-07.16.52:858][  0]LogOcInput: OculusInput pre-init called
[2022.09.13-07.16.53:189][  0]LogEngine: Initializing Engine...
[2022.09.13-07.16.53:198][  0]LogHMD: Failed to initialize OpenVR with code 110
[2022.09.13-07.16.53:634][  0]LogStats: UGameplayTagsManager::ConstructGameplayTagTree: Construct from data asset -  0.000 s
[2022.09.13-07.16.53:634][  0]LogStats: UGameplayTagsManager::ConstructGameplayTagTree: GameplayTagTreeChangedEvent.Broadcast -  0.000 s
[2022.09.13-07.16.53:799][  0]LogAIModule: Creating AISystem for world Untitled
[2022.09.13-07.16.53:824][  0]LogInit: XAudio2 using 'Speakers (Realtek(R) Audio)' : 2 channels at 48 kHz using 32 bits per sample (channel mask 0x3)
[2022.09.13-07.16.54:039][  0]LogInit: FAudioDevice initialized.
[2022.09.13-07.16.54:389][  0]LogDerivedDataCache: Saved boot cache 0.35s 78MB C:/Users/Waifs/AppData/Local/UnrealEngine/4.18/DerivedDataCache/Boot.ddc.
[2022.09.13-07.16.54:427][  0]LogInit: Texture streaming: Enabled
[2022.09.13-07.16.54:731][  0]LogEngineSessionManager: EngineSessionManager initialized
[2022.09.13-07.16.54:731][  0]LogEngineSessionManager: EngineSessionManager sent abnormal shutdown report. Type=AbnormalShutdown, SessionId={049B6F11-42DD-6001-2CA0-679CBE19F0B9}
[2022.09.13-07.16.54:731][  0]LogEngineSessionManager: EngineSessionManager sent abnormal shutdown report. Type=Crashed, SessionId={EA925D42-4B39-4A48-2E9D-6DBC44118E1E}
[2022.09.13-07.16.54:932][  0]LogInit: Transaction tracking system initialized
[2022.09.13-07.16.55:248][  0]BlueprintLog: New page: Editor Load
[2022.09.13-07.16.56:209][  0]LocalizationService: Localization service is disabled
[2022.09.13-07.16.57:025][  0]LogConsoleResponse: Display: 
[2022.09.13-07.16.57:668][  0]LogCook: Display: Max memory allowance for cook 16384mb min free memory 0mb
[2022.09.13-07.16.57:668][  0]LogCook: Display: Mobile HDR setting 1
[2022.09.13-07.16.57:669][  0]LogGameplayTags: Display: UGameplayTagsManager::DoneAddingNativeTags. DelegateIsBound: 0
[2022.09.13-07.16.58:043][  0]LogFileCache: Scanning file cache for directory 'C:/Users/Waifs/OneDrive/Documents/Unreal Projects/GAM303/Content/' took 0.02s
[2022.09.13-07.16.58:945][  0]SourceControl: Source control is disabled
[2022.09.13-07.16.59:061][  0]LogSlate: Took 0.005969 seconds to synchronously load lazily loaded font '../../../Engine/Content/Slate/Fonts/Roboto-Regular.ttf' (155K)
[2022.09.13-07.17.08:048][  0]Cmd: MAP LOAD FILE="../../../../../Users/Waifs/OneDrive/Documents/Unreal Projects/GAM303/Content/ThirdPersonBP/Maps/ThirdPersonExampleMap.umap" TEMPLATE=0 SHOWPROGRESS=1 FEATURELEVEL=3
[2022.09.13-07.17.08:307][  0]LightingResults: New page: Lighting Build
[2022.09.13-07.17.08:433][  0]MapCheck: New page: Map Check
[2022.09.13-07.17.08:433][  0]LightingResults: New page: Lighting Build
[2022.09.13-07.17.09:376][  0]LogAIModule: Creating AISystem for world ThirdPersonExampleMap
[2022.09.13-07.17.10:133][  0]LogEditorServer: Finished looking for orphan Actors (0.000 secs)
[2022.09.13-07.17.10:158][  0]Cmd: MAP CHECKDEP NOCLEARLOG
[2022.09.13-07.17.10:275][  0]MapCheck: Map check complete: 0 Error(s), 0 Warning(s), took 116.141ms to complete.
[2022.09.13-07.17.10:275][  0]LogFileHelpers: Loading map 'ThirdPersonExampleMap' took 2.399
[2022.09.13-07.17.10:437][  0]LogStats: Warning: MetaData mismatch. Did you assign a stat to two groups? New //STATGROUP_Threads//SplashScreenThread///Thread_16f8_0///####STATCAT_Advanced#### old //STATGROUP_Threads//SplashScreenThread///Thread_299c_0///####STATCAT_Advanced####
[2022.09.13-07.17.10:437][  0]LogCollectionManager: Loaded 0 collections in 0.002490 seconds
[2022.09.13-07.17.10:521][  0]LogFileCache: Scanning file cache for directory 'C:/Users/Waifs/OneDrive/Documents/Unreal Projects/GAM303/Saved/Collections/' took 0.01s
[2022.09.13-07.17.10:521][  0]LogFileCache: Scanning file cache for directory 'C:/Users/Waifs/OneDrive/Documents/Unreal Projects/GAM303/Content/Developers/Waifs/Collections/' took 0.01s
[2022.09.13-07.17.10:521][  0]LogFileCache: Scanning file cache for directory 'C:/Users/Waifs/OneDrive/Documents/Unreal Projects/GAM303/Content/Collections/' took 0.01s
[2022.09.13-07.17.10:521][  0]LogCollectionManager: Rebuilt the GUID cache for 0 collections in 0.000000 seconds
[2022.09.13-07.17.10:529][  0]LogContentBrowser: Native class hierarchy populated in 0.0076 seconds. Added 2363 classes and 519 folders.
[2022.09.13-07.17.10:577][  0]LogContentBrowser: Native class hierarchy updated for 'WidgetCarousel' in 0.0002 seconds. Added 0 classes and 0 folders.
[2022.09.13-07.17.11:041][  0]LogContentBrowser: Native class hierarchy updated for 'AddContentDialog' in 0.0002 seconds. Added 0 classes and 0 folders.
[2022.09.13-07.17.11:083][  0]LogContentBrowser: Native class hierarchy updated for 'SceneOutliner' in 0.0002 seconds. Added 1 classes and 2 folders.
[2022.09.13-07.17.11:148][  0]LogSlate: Took 0.007325 seconds to synchronously load lazily loaded font '../../../Engine/Content/Slate/Fonts/Roboto-Bold.ttf' (160K)
[2022.09.13-07.17.11:167][  0]LogSlate: Took 0.006842 seconds to synchronously load lazily loaded font '../../../Engine/Content/Editor/Slate/Fonts/FontAwesome.ttf' (139K)
[2022.09.13-07.17.11:349][  0]LogRenderer: Reallocating scene render targets to support 868x432 Format 10 NumSamples 1 (Frame:1).
[2022.09.13-07.17.12:520][  0]LogContentBrowser: Native class hierarchy updated for 'HierarchicalLODOutliner' in 0.0004 seconds. Added 1 classes and 2 folders.
[2022.09.13-07.17.12:520][  0]LogLoad: (Engine Initialization) Total time: 59.12 seconds
[2022.09.13-07.17.12:520][  0]LogLoad: (Engine Initialization) Total Blueprint compile time: 0.00 seconds
[2022.09.13-07.17.12:521][  0]LogExternalProfiler: No external profilers were discovered.  External profiling features will not be available.
[2022.09.13-07.17.12:571][  0]LogContentStreaming: Texture pool size now 1000 MB
[2022.09.13-07.17.12:593][  0]LogSlate: Took 0.004414 seconds to synchronously load lazily loaded font '../../../Engine/Content/Slate/Fonts/Roboto-Light.ttf' (159K)
[2022.09.13-07.17.12:622][  1]LogAssetRegistry: Asset discovery search completed in 29.2322 seconds
[2022.09.13-07.17.12:624][  1]LogCollectionManager: Rebuilt the object cache for 0 collections in 0.000000 seconds (found 0 objects)
[2022.09.13-07.17.12:624][  1]LogCollectionManager: Fixed up redirectors for 0 collections in 0.000326 seconds (updated 0 objects)
[2022.09.13-07.18.11:121][862]LogSlate: Took 0.001805 seconds to synchronously load lazily loaded font '../../../Engine/Content/Slate/Fonts/Roboto-Light.ttf' (159K)
[2022.09.13-07.18.12:961][862]LogSlate: Took 0.005738 seconds to synchronously load lazily loaded font '../../../Engine/Content/Slate/Fonts/Roboto-Regular.ttf' (155K)
[2022.09.13-07.18.13:096][862]LogAIModule: Creating AISystem for world Module2
[2022.09.13-07.18.13:349][862]Cmd: MAP LOAD FILE="../../../../../Users/Waifs/OneDrive/Documents/Unreal Projects/GAM303/Content/Levels/Module2.umap" TEMPLATE=0 SHOWPROGRESS=1 FEATURELEVEL=3
[2022.09.13-07.18.13:349][862]LightingResults: New page: Lighting Build
[2022.09.13-07.18.13:351][862]LoadErrors: New page: Loading map: Module2.umap
[2022.09.13-07.18.13:356][862]MapCheck: New page: Map Check
[2022.09.13-07.18.13:356][862]LightingResults: New page: Lighting Build
[2022.09.13-07.18.14:357][862]LogEditorServer: Finished looking for orphan Actors (0.000 secs)
[2022.09.13-07.18.14:399][862]Cmd: MAP CHECKDEP NOCLEARLOG
[2022.09.13-07.18.14:718][862]MapCheck: Map check complete: 0 Error(s), 0 Warning(s), took 318.772ms to complete.
[2022.09.13-07.18.14:728][862]LogFileHelpers: Loading map 'Module2' took 1.383
[2022.09.13-07.24.20:647][872]LogRenderer: Reallocating scene render targets to support 872x432 Format 10 NumSamples 1 (Frame:1016).
[2022.09.13-07.24.20:743][872]LogRenderer: Reallocating scene render targets to support 900x432 Format 10 NumSamples 1 (Frame:1018).
[2022.09.13-07.24.20:871][874]LogRenderer: Reallocating scene render targets to support 956x432 Format 10 NumSamples 1 (Frame:1020).
[2022.09.13-07.24.20:960][875]LogRenderer: Reallocating scene render targets to support 968x432 Format 10 NumSamples 1 (Frame:1022).
[2022.09.13-07.24.21:047][876]LogRenderer: Reallocating scene render targets to support 996x432 Format 10 NumSamples 1 (Frame:1024).
[2022.09.13-07.24.21:138][876]LogRenderer: Reallocating scene render targets to support 1032x432 Format 10 NumSamples 1 (Frame:1026).
[2022.09.13-07.24.21:621][878]LogRenderer: Reallocating scene render targets to support 1044x432 Format 10 NumSamples 1 (Frame:1027).
[2022.09.13-07.26.05:465][861]LogSlate: Took 0.006176 seconds to synchronously load lazily loaded font '../../../Engine/Content/Editor/Slate/Fonts/Roboto-BoldCondensed.ttf' (158K)
[2022.09.13-07.26.13:648][146]LogEditorViewport: Clicking on Actor (LMB): Landscape (Landscape)
[2022.09.13-07.26.14:180][158]LogEditorViewport: Clicking on Actor (LMB): StaticMeshActor (Sphere)
[2022.09.13-07.26.14:294][158]LogEditorViewport: Clicking on Component (LMB): StaticMeshComponent (StaticMeshComponent0)
[2022.09.13-07.26.15:350][184]LogEditorViewport: Clicking on Component (LMB): StaticMeshComponent (StaticMeshComponent0)
[2022.09.13-07.26.15:418][185]LogEditorViewport: Clicking on Actor (double click): StaticMeshActor (Sphere)
[2022.09.13-07.26.23:565][351]LogContentBrowser: Native class hierarchy updated for 'BlueprintGraph' in 0.0063 seconds. Added 116 classes and 0 folders.
[2022.09.13-07.26.25:583][367]LogSlate: Took 0.018290 seconds to synchronously load lazily loaded font '../../../Engine/Content/Editor/Slate/Fonts/Roboto-Italic.ttf' (157K)
[2022.09.13-07.26.28:513][447]LogRenderer: Reallocating scene render targets to support 1044x680 Format 10 NumSamples 1 (Frame:1).
[2022.09.13-07.28.19:648][269]LogSlate: Took 0.014861 seconds to synchronously load lazily loaded font '../../../Engine/Content/Slate/Fonts/Roboto-Light.ttf' (159K)
[2022.09.13-07.28.31:020][577]LogSavePackage: Save=690.66ms
[2022.09.13-07.28.31:020][577]LogSavePackage: Moving '../../../../../Users/Waifs/OneDrive/Documents/Unreal Projects/GAM303/Saved/Module2_Auto16E938B9C4B81E57CE6899DAAF5878DF7.tmp' to '../../../../../Users/Waifs/OneDrive/Documents/Unreal Projects/GAM303/Saved/Autosaves/Game/Levels/Module2_Auto1.umap'
[2022.09.13-07.28.31:029][577]LogSavePackage: Display: Finished SavePackage ../../../../../Users/Waifs/OneDrive/Documents/Unreal Projects/GAM303/Saved/Autosaves/Game/Levels/Module2_Auto1.umap
[2022.09.13-07.28.31:044][577]LogFileHelpers: Editor autosave (incl. sublevels) for '/Game/Levels/Module2' took 1.290
[2022.09.13-07.28.31:044][577]LogFileHelpers: Editor autosave (incl. sublevels) for all levels took 1.290
[2022.09.13-07.29.19:033][300]LogContentBrowser: Native class hierarchy updated for 'MaterialEditor' in 0.0030 seconds. Added 1 classes and 0 folders.
[2022.09.13-07.29.19:064][300]LogMaterial: Missing cached shader map for material Landscape_Map, compiling. 
[2022.09.13-07.29.19:931][300]LogMaterial: Missing cached shader map for material Landscape_Map, compiling. 
[2022.09.13-07.29.19:955][300]LogMaterial: Missing cached shader map for material Landscape_Map, compiling. 
[2022.09.13-07.29.20:045][300]LogMaterial: Missing cached shader map for material FMatExpressionPreview MaterialExpressionTextureSample_2, compiling. 
[2022.09.13-07.29.20:050][300]LogMaterial: Missing cached shader map for material FMatExpressionPreview MaterialExpressionTextureSample_3, compiling. 
[2022.09.13-07.29.20:055][300]LogMaterial: Missing cached shader map for material FMatExpressionPreview MaterialExpressionLandscapeLayerCoords_0, compiling. 
[2022.09.13-07.29.20:060][300]LogMaterial: Missing cached shader map for material FMatExpressionPreview MaterialExpressionLandscapeLayerCoords_1, compiling. 
[2022.09.13-07.29.20:065][300]LogMaterial: Missing cached shader map for material FMatExpressionPreview MaterialExpressionTextureSample_4, compiling. 
[2022.09.13-07.29.20:070][300]LogMaterial: Missing cached shader map for material FMatExpressionPreview MaterialExpressionTextureSample_5, compiling. 
[2022.09.13-07.29.49:969][979]MaterialEditorStats: Base pass shader: 119 instructions
[2022.09.13-07.29.49:969][979]MaterialEditorStats: Base pass shader with Surface Lightmap: 136 instructions
[2022.09.13-07.29.49:969][979]MaterialEditorStats: Base pass shader with Volumetric Lightmap: 192 instructions
[2022.09.13-07.29.49:969][979]MaterialEditorStats: Vertex shader: 31 instructions
[2022.09.13-07.29.49:969][979]MaterialEditorStats: Texture samplers: 7/16
[2022.09.13-07.29.49:969][979]MaterialEditorStats: User interpolators: 2/4 Scalars (1/4 Vectors) (TexCoords: 2, Custom: 0)
[2022.09.13-07.30.50:372][139]Cmd: OBJ SAVEPACKAGE PACKAGE="/Game/Levels/Module2" FILE="../../../../../Users/Waifs/OneDrive/Documents/Unreal Projects/GAM303/Content/Levels/Module2.umap" SILENT=true AUTOSAVING=false KEEPDIRTY=false
[2022.09.13-07.30.50:911][139]LogSavePackage: Save=494.75ms
[2022.09.13-07.30.50:912][139]LogSavePackage: Moving '../../../../../Users/Waifs/OneDrive/Documents/Unreal Projects/GAM303/Saved/Module208BC078E4778840BC54FB9ABEFF8F158.tmp' to '../../../../../Users/Waifs/OneDrive/Documents/Unreal Projects/GAM303/Content/Levels/Module2.umap'
[2022.09.13-07.30.50:925][139]LogSavePackage: Display: Finished SavePackage ../../../../../Users/Waifs/OneDrive/Documents/Unreal Projects/GAM303/Content/Levels/Module2.umap
[2022.09.13-07.30.50:952][139]LogFileHelpers: Saving map 'Module2' took 3.673
[2022.09.13-07.30.51:878][140]Cmd: QUIT_EDITOR
[2022.09.13-07.30.52:016][140]LogWindowsTextInputMethodSystem: Display: IME system now deactivated.
[2022.09.13-07.30.52:075][140]LogExit: Preparing to exit.
[2022.09.13-07.30.53:572][140]LogDirectoryWatcher: A directory notification for 'C:/Users/Waifs/OneDrive/Documents/Unreal Projects/GAM303/Content/' was aborted.
[2022.09.13-07.30.54:311][140]LogExit: Editor shut down
[2022.09.13-07.30.54:376][140]LogExit: Transaction tracking system shut down
[2022.09.13-07.30.55:007][140]LogDirectoryWatcher: A directory notification for '../../../Engine/Content/' was aborted.
[2022.09.13-07.30.55:007][140]LogDirectoryWatcher: A directory notification for '../../../../../Users/Waifs/OneDrive/Documents/Unreal Projects/GAM303/Content/' was aborted.
[2022.09.13-07.30.55:007][140]LogDirectoryWatcher: A directory notification for '../../../Engine/Plugins/2D/Paper2D/Content/' was aborted.
[2022.09.13-07.30.55:007][140]LogDirectoryWatcher: A directory notification for '../../../Engine/Plugins/Media/MediaCompositing/Content/' was aborted.
[2022.09.13-07.30.55:007][140]LogDirectoryWatcher: A directory notification for '../../../Engine/Plugins/Runtime/AppleARKit/Content/' was aborted.
[2022.09.13-07.30.55:007][140]LogDirectoryWatcher: A directory notification for '../../../Engine/Plugins/Runtime/Oculus/OculusVR/Content/' was aborted.
[2022.09.13-07.30.55:007][140]LogDirectoryWatcher: A directory notification for '../../../Engine/Plugins/Runtime/Steam/SteamVR/Content/' was aborted.
[2022.09.13-07.30.55:477][140]LogExit: Object subsystem successfully closed.
[2022.09.13-07.30.55:572][140]LogD3D11RHI: Shutdown
[2022.09.13-07.30.55:572][140]LogD3D11RHI: CleanupD3DDevice
[2022.09.13-07.30.55:637][140]LogD3D11RHI: ~FD3D11DynamicRHI
[2022.09.13-07.30.55:739][140]LogModuleManager: Shutting down and abandoning module MaterialEditor (552)
[2022.09.13-07.30.55:739][140]LogModuleManager: Shutting down and abandoning module BlueprintGraph (550)
[2022.09.13-07.30.55:739][140]LogModuleManager: Shutting down and abandoning module HierarchicalLODOutliner (548)
[2022.09.13-07.30.55:739][140]LogModuleManager: Shutting down and abandoning module SceneOutliner (546)
[2022.09.13-07.30.55:739][140]LogModuleManager: Shutting down and abandoning module AddContentDialog (544)
[2022.09.13-07.30.55:742][140]LogDirectoryWatcher: A directory notification for 'C:/Program Files (x86)/UE_4.18/FeaturePacks/' was aborted.
[2022.09.13-07.30.55:768][140]LogModuleManager: Shutting down and abandoning module WidgetCarousel (543)
[2022.09.13-07.30.55:768][140]LogModuleManager: Shutting down and abandoning module EditorWidgets (540)
[2022.09.13-07.30.55:768][140]LogModuleManager: Shutting down and abandoning module CollectionManager (538)
[2022.09.13-07.30.55:769][140]LogDirectoryWatcher: A directory notification for 'C:/Users/Waifs/OneDrive/Documents/Unreal Projects/GAM303/Content/Collections/' was aborted.
[2022.09.13-07.30.55:769][140]LogDirectoryWatcher: A directory notification for 'C:/Users/Waifs/OneDrive/Documents/Unreal Projects/GAM303/Content/Developers/Waifs/Collections/' was aborted.
[2022.09.13-07.30.55:769][140]LogDirectoryWatcher: A directory notification for 'C:/Users/Waifs/OneDrive/Documents/Unreal Projects/GAM303/Saved/Collections/' was aborted.
[2022.09.13-07.30.55:769][140]LogModuleManager: Shutting down and abandoning module StatsViewer (536)
[2022.09.13-07.30.55:769][140]LogModuleManager: Shutting down and abandoning module FoliageEdit (534)
[2022.09.13-07.30.55:769][140]LogModuleManager: Shutting down and abandoning module LandscapeEditor (532)
[2022.09.13-07.30.55:773][140]LogModuleManager: Shutting down and abandoning module MeshPaintMode (530)
[2022.09.13-07.30.55:774][140]LogModuleManager: Shutting down and abandoning module SceneDepthPickerMode (528)
[2022.09.13-07.30.55:774][140]LogModuleManager: Shutting down and abandoning module ActorPickerMode (526)
[2022.09.13-07.30.55:774][140]LogModuleManager: Shutting down and abandoning module GeometryMode (524)
[2022.09.13-07.30.55:774][140]LogModuleManager: Shutting down and abandoning module TextureAlignMode (522)
[2022.09.13-07.30.55:774][140]LogModuleManager: Shutting down and abandoning module BspMode (520)
[2022.09.13-07.30.55:775][140]LogModuleManager: Shutting down and abandoning module PIEPreviewDeviceProfileSelector (518)
[2022.09.13-07.30.55:775][140]LogModuleManager: Shutting down and abandoning module HardwareSurvey (516)
[2022.09.13-07.30.55:775][140]LogModuleManager: Shutting down and abandoning module SequenceRecorderSections (514)
[2022.09.13-07.30.55:775][140]LogModuleManager: Shutting down and abandoning module AutomationWorker (512)
[2022.09.13-07.30.55:775][140]LogModuleManager: Shutting down and abandoning module MatineeToLevelSequence (510)
[2022.09.13-07.30.55:776][140]LogModuleManager: Shutting down and abandoning module LevelSequenceEditor (508)
[2022.09.13-07.30.55:778][140]LogModuleManager: Shutting down and abandoning module PlacementMode (507)
[2022.09.13-07.30.55:778][140]LogModuleManager: Shutting down and abandoning module WmfMediaFactory (504)
[2022.09.13-07.30.55:778][140]LogModuleManager: Shutting down and abandoning module WmfMediaEditor (502)
[2022.09.13-07.30.55:778][140]LogModuleManager: Shutting down and abandoning module OpenExrWrapper (500)
[2022.09.13-07.30.55:778][140]LogModuleManager: Shutting down and abandoning module ImgMediaFactory (498)
[2022.09.13-07.30.55:778][140]LogModuleManager: Shutting down and abandoning module ImgMediaEditor (496)
[2022.09.13-07.30.55:779][140]LogModuleManager: Shutting down and abandoning module AvfMediaFactory (494)
[2022.09.13-07.30.55:779][140]LogModuleManager: Shutting down and abandoning module AvfMediaEditor (492)
[2022.09.13-07.30.55:779][140]LogModuleManager: Shutting down and abandoning module AndroidMediaFactory (490)
[2022.09.13-07.30.55:779][140]LogModuleManager: Shutting down and abandoning module AndroidMediaEditor (488)
[2022.09.13-07.30.55:779][140]LogModuleManager: Shutting down and abandoning module CharacterAI (486)
[2022.09.13-07.30.55:779][140]LogModuleManager: Shutting down and abandoning module AudioCapture (484)
[2022.09.13-07.30.55:779][140]LogModuleManager: Shutting down and abandoning module SequenceRecorder (483)
[2022.09.13-07.30.55:779][140]LogModuleManager: Shutting down and abandoning module SmartSnapping (480)
[2022.09.13-07.30.55:779][140]LogModuleManager: Shutting down and abandoning module SessionServices (478)
[2022.09.13-07.30.55:779][140]LogModuleManager: Shutting down and abandoning module ViewportSnapping (476)
[2022.09.13-07.30.55:779][140]LogModuleManager: Shutting down and abandoning module ViewportInteraction (474)
[2022.09.13-07.30.55:779][140]LogModuleManager: Shutting down and abandoning module ClothPainter (472)
[2022.09.13-07.30.55:781][140]LogModuleManager: Shutting down and abandoning module SkeletalMeshEditor (471)
[2022.09.13-07.30.55:782][140]LogModuleManager: Shutting down and abandoning module LogVisualizer (468)
[2022.09.13-07.30.55:784][140]LogModuleManager: Shutting down and abandoning module IntroTutorials (466)
[2022.09.13-07.30.55:785][140]LogModuleManager: Shutting down and abandoning module GameProjectGeneration (465)
[2022.09.13-07.30.55:786][140]LogModuleManager: Shutting down and abandoning module IOSPlatformEditor (462)
[2022.09.13-07.30.55:787][140]LogModuleManager: Shutting down and abandoning module HTML5PlatformEditor (460)
[2022.09.13-07.30.55:787][140]LogModuleManager: Shutting down and abandoning module AndroidPlatformEditor (458)
[2022.09.13-07.30.55:787][140]LogModuleManager: Shutting down and abandoning module AndroidDeviceDetection (457)
[2022.09.13-07.30.56:508][140]LogModuleManager: Shutting down and abandoning module WindowsPlatformEditor (454)
[2022.09.13-07.30.56:509][140]LogModuleManager: Shutting down and abandoning module IOSRuntimeSettings (452)
[2022.09.13-07.30.56:509][140]LogModuleManager: Shutting down and abandoning module AndroidRuntimeSettings (450)
[2022.09.13-07.30.56:509][140]LogModuleManager: Shutting down and abandoning module InputBindingEditor (448)
[2022.09.13-07.30.56:509][140]LogModuleManager: Shutting down and abandoning module MergeActors (446)
[2022.09.13-07.30.56:509][140]LogModuleManager: Shutting down and abandoning module SizeMap (444)
[2022.09.13-07.30.56:510][140]LogModuleManager: Shutting down and abandoning module TreeMap (442)
[2022.09.13-07.30.56:510][140]LogModuleManager: Shutting down and abandoning module ReferenceViewer (440)
[2022.09.13-07.30.56:511][140]LogModuleManager: Shutting down and abandoning module LocalizationDashboard (438)
[2022.09.13-07.30.56:511][140]LogModuleManager: Shutting down and abandoning module LocalizationService (437)
[2022.09.13-07.30.56:512][140]LogModuleManager: Shutting down and abandoning module HardwareTargeting (434)
[2022.09.13-07.30.56:512][140]LogModuleManager: Shutting down and abandoning module DeviceProfileEditor (432)
[2022.09.13-07.30.56:513][140]LogModuleManager: Shutting down and abandoning module UndoHistory (430)
[2022.09.13-07.30.56:513][140]LogModuleManager: Shutting down and abandoning module XmlParser (428)
[2022.09.13-07.30.56:513][140]LogModuleManager: Shutting down and abandoning module Blutility (426)
[2022.09.13-07.30.56:513][140]LogModuleManager: Shutting down and abandoning module ProjectSettingsViewer (424)
[2022.09.13-07.30.56:514][140]LogModuleManager: Shutting down and abandoning module ProjectTargetPlatformEditor (423)
[2022.09.13-07.30.56:515][140]LogModuleManager: Shutting down and abandoning module EditorSettingsViewer (420)
[2022.09.13-07.30.56:515][140]LogModuleManager: Shutting down and abandoning module SettingsEditor (418)
[2022.09.13-07.30.56:516][140]LogModuleManager: Shutting down and abandoning module ProjectLauncher (416)
[2022.09.13-07.30.56:517][140]LogModuleManager: Shutting down and abandoning module SessionFrontend (414)
[2022.09.13-07.30.56:518][140]LogModuleManager: Shutting down and abandoning module ProfilerClient (412)
[2022.09.13-07.30.56:518][140]LogModuleManager: Shutting down and abandoning module DeviceManager (410)
[2022.09.13-07.30.56:519][140]LogModuleManager: Shutting down and abandoning module TargetDeviceServices (409)
[2022.09.13-07.30.56:563][140]LogModuleManager: Shutting down and abandoning module AutomationController (406)
[2022.09.13-07.30.56:563][140]LogModuleManager: Shutting down and abandoning module AutomationWindow (404)
[2022.09.13-07.30.56:565][140]LogModuleManager: Shutting down and abandoning module Layers (402)
[2022.09.13-07.30.56:566][140]LogModuleManager: Shutting down and abandoning module ComponentVisualizers (400)
[2022.09.13-07.30.56:566][140]LogModuleManager: Shutting down and abandoning module DetailCustomizations (398)
[2022.09.13-07.30.56:568][140]LogModuleManager: Shutting down and abandoning module PackagesDialog (396)
[2022.09.13-07.30.56:568][140]LogModuleManager: Shutting down and abandoning module Persona (394)
[2022.09.13-07.30.56:570][140]LogModuleManager: Shutting down and abandoning module AdvancedPreviewScene (393)
[2022.09.13-07.30.56:570][140]LogModuleManager: Shutting down and abandoning module AnimGraph (391)
[2022.09.13-07.30.56:570][140]LogModuleManager: Shutting down and abandoning module Kismet (388)
[2022.09.13-07.30.56:591][140]LogModuleManager: Shutting down and abandoning module ClassViewer (386)
[2022.09.13-07.30.56:591][140]LogModuleManager: Shutting down and abandoning module Toolbox (384)
[2022.09.13-07.30.56:591][140]LogModuleManager: Shutting down and abandoning module ModuleUI (382)
[2022.09.13-07.30.56:591][140]LogModuleManager: Shutting down and abandoning module MovieSceneTools (380)
[2022.09.13-07.30.56:592][140]LogModuleManager: Shutting down and abandoning module OutputLog (378)
[2022.09.13-07.30.56:592][140]LogModuleManager: Shutting down and abandoning module GammaUI (376)
[2022.09.13-07.30.56:592][140]LogModuleManager: Shutting down and abandoning module Documentation (374)
[2022.09.13-07.30.56:594][140]LogModuleManager: Shutting down and abandoning module MovieSceneTracks (372)
[2022.09.13-07.30.56:594][140]LogModuleManager: Shutting down and abandoning module MovieScene (370)
[2022.09.13-07.30.56:594][140]LogModuleManager: Shutting down and abandoning module StreamingPauseRendering (368)
[2022.09.13-07.30.56:594][140]LogModuleManager: Shutting down and abandoning module LauncherPlatform (366)
[2022.09.13-07.30.56:594][140]LogModuleManager: Shutting down and abandoning module AnalyticsET (364)
[2022.09.13-07.30.56:594][140]LogModuleManager: Shutting down and abandoning module PortalServices (362)
[2022.09.13-07.30.56:594][140]LogModuleManager: Shutting down and abandoning module PortalRpc (360)
[2022.09.13-07.30.56:594][140]LogModuleManager: Shutting down and abandoning module MessagingRpc (358)
[2022.09.13-07.30.56:594][140]LogModuleManager: Shutting down and abandoning module AIModule (356)
[2022.09.13-07.30.56:595][140]LogModuleManager: Shutting down and abandoning module GameplayDebugger (355)
[2022.09.13-07.30.56:596][140]LogModuleManager: Shutting down and abandoning module AITestSuite (353)
[2022.09.13-07.30.56:596][140]LogModuleManager: Shutting down and abandoning module DesktopPlatform (350)
[2022.09.13-07.30.56:597][140]LogModuleManager: Shutting down and abandoning module ProfilerService (348)
[2022.09.13-07.30.56:834][140]LogModuleManager: Shutting down and abandoning module TaskGraph (346)
[2022.09.13-07.30.56:835][140]LogModuleManager: Shutting down and abandoning module SteamVRController (344)
[2022.09.13-07.30.56:835][140]LogModuleManager: Shutting down and abandoning module ProceduralMeshComponentEditor (342)
[2022.09.13-07.30.56:835][140]LogModuleManager: Shutting down and abandoning module ProceduralMeshComponent (340)
[2022.09.13-07.30.56:835][140]LogModuleManager: Shutting down and abandoning module OculusInput (338)
[2022.09.13-07.30.56:835][140]LogModuleManager: Shutting down and abandoning module MobilePatchingUtils (336)
[2022.09.13-07.30.56:835][140]LogModuleManager: Shutting down and abandoning module CustomMeshComponent (334)
[2022.09.13-07.30.56:835][140]LogModuleManager: Shutting down and abandoning module CableComponent (332)
[2022.09.13-07.30.56:835][140]LogModuleManager: Shutting down and abandoning module ArchVisCharacter (330)
[2022.09.13-07.30.56:835][140]LogModuleManager: Shutting down and abandoning module AndroidPermission (328)
[2022.09.13-07.30.56:835][140]LogModuleManager: Shutting down and abandoning module ActorSequence (324)
[2022.09.13-07.30.56:835][140]LogModuleManager: Shutting down and abandoning module MediaPlayerEditor (322)
[2022.09.13-07.30.56:836][140]LogModuleManager: Shutting down and abandoning module MediaCompositingEditor (320)
[2022.09.13-07.30.56:836][140]LogModuleManager: Shutting down and abandoning module MediaCompositing (318)
[2022.09.13-07.30.56:836][140]LogModuleManager: Shutting down and abandoning module HTML5Networking (316)
[2022.09.13-07.30.56:836][140]LogModuleManager: Shutting down and abandoning module AlembicImporter (314)
[2022.09.13-07.30.56:837][140]LogModuleManager: Shutting down and abandoning module AlembicLibrary (313)
[2022.09.13-07.30.56:837][140]LogModuleManager: Shutting down and abandoning module GeometryCache (312)
[2022.09.13-07.30.56:837][140]LogModuleManager: Shutting down and abandoning module GeometryCacheEd (311)
[2022.09.13-07.30.56:837][140]LogModuleManager: Shutting down and abandoning module SpeedTreeImporter (306)
[2022.09.13-07.30.56:837][140]LogModuleManager: Shutting down and abandoning module PluginBrowser (304)
[2022.09.13-07.30.56:840][140]LogModuleManager: Shutting down and abandoning module MobileLauncherProfileWizard (302)
[2022.09.13-07.30.56:841][140]LogModuleManager: Shutting down and abandoning module VisualStudioSourceCodeAccess (300)
[2022.09.13-07.30.56:843][140]LogModuleManager: Shutting down and abandoning module VisualStudioCodeSourceCodeAccess (298)
[2022.09.13-07.30.56:843][140]LogModuleManager: Shutting down and abandoning module UObjectPlugin (296)
[2022.09.13-07.30.56:843][140]LogModuleManager: Shutting down and abandoning module SubversionSourceControl (294)
[2022.09.13-07.30.56:843][140]LogModuleManager: Shutting down and abandoning module PerforceSourceControl (292)
[2022.09.13-07.30.56:845][140]LogModuleManager: Shutting down and abandoning module GitSourceControl (290)
[2022.09.13-07.30.56:846][140]LogModuleManager: Shutting down and abandoning module SourceControl (289)
[2022.09.13-07.30.56:847][140]LogModuleManager: Shutting down and abandoning module LightPropagationVolumeEditor (286)
[2022.09.13-07.30.56:847][140]LogModuleManager: Shutting down and abandoning module PaperTiledImporter (284)
[2022.09.13-07.30.56:847][140]LogModuleManager: Shutting down and abandoning module PaperSpriteSheetImporter (282)
[2022.09.13-07.30.56:847][140]LogModuleManager: Shutting down and abandoning module Paper2DEditor (280)
[2022.09.13-07.30.56:849][140]LogModuleManager: Shutting down and abandoning module MeshPaint (279)
[2022.09.13-07.30.56:849][140]LogModuleManager: Shutting down and abandoning module LevelEditor (277)
[2022.09.13-07.30.56:865][140]LogModuleManager: Shutting down and abandoning module PixelInspectorModule (276)
[2022.09.13-07.30.56:866][140]LogModuleManager: Shutting down and abandoning module MainFrame (274)
[2022.09.13-07.30.56:867][140]LogModuleManager: Shutting down and abandoning module HotReload (273)
[2022.09.13-07.30.56:869][140]LogModuleManager: Shutting down and abandoning module RuntimePhysXCooking (268)
[2022.09.13-07.30.56:869][140]LogModuleManager: Shutting down and abandoning module PhysXVehiclesEditor (266)
[2022.09.13-07.30.56:870][140]LogModuleManager: Shutting down and abandoning module PhysXVehicles (264)
[2022.09.13-07.30.56:870][140]LogModuleManager: Shutting down and abandoning module OculusEditor (262)
[2022.09.13-07.30.56:870][140]LogModuleManager: Shutting down and abandoning module LocationServicesBPLibrary (260)
[2022.09.13-07.30.56:870][140]LogModuleManager: Shutting down and abandoning module ImmediatePhysicsEditor (258)
[2022.09.13-07.30.56:870][140]LogModuleManager: Shutting down and abandoning module ImmediatePhysics (256)
[2022.09.13-07.30.56:870][140]LogModuleManager: Shutting down and abandoning module UdpMessaging (254)
[2022.09.13-07.30.56:971][140]LogModuleManager: Shutting down and abandoning module TcpMessaging (252)
[2022.09.13-07.30.57:094][140]LogModuleManager: Shutting down and abandoning module GameplayTagsEditor (250)
[2022.09.13-07.30.57:180][140]LogModuleManager: Shutting down and abandoning module FacialAnimationEditor (248)
[2022.09.13-07.30.57:214][140]LogModuleManager: Shutting down and abandoning module FacialAnimation (246)
[2022.09.13-07.30.57:214][140]LogModuleManager: Shutting down and abandoning module AssetManagerEditor (244)
[2022.09.13-07.30.57:291][140]LogModuleManager: Shutting down and abandoning module GraphEditor (243)
[2022.09.13-07.30.57:339][140]LogModuleManager: Shutting down and abandoning module ContentBrowser (241)
[2022.09.13-07.30.57:364][140]LogModuleManager: Shutting down and abandoning module LightPropagationVolumeRuntime (238)
[2022.09.13-07.30.57:364][140]LogModuleManager: Shutting down and abandoning module Paper2D (236)
[2022.09.13-07.30.57:364][140]LogModuleManager: Shutting down and abandoning module WindowsMoviePlayer (234)
[2022.09.13-07.30.57:366][140]LogModuleManager: Shutting down and abandoning module WmfMedia (232)
[2022.09.13-07.30.57:368][140]LogModuleManager: Shutting down and abandoning module ImgMedia (230)
[2022.09.13-07.30.57:369][140]LogModuleManager: Shutting down and abandoning module PacketHandler (228)
[2022.09.13-07.30.57:369][140]LogModuleManager: Shutting down and abandoning module ClothingSystemEditor (226)
[2022.09.13-07.30.57:369][140]LogModuleManager: Shutting down and abandoning module ClothingSystemRuntime (224)
[2022.09.13-07.30.57:371][140]LogModuleManager: Shutting down and abandoning module MediaAssets (222)
[2022.09.13-07.30.57:371][140]LogModuleManager: Shutting down and abandoning module Media (221)
[2022.09.13-07.30.57:378][140]LogModuleManager: Shutting down and abandoning module Overlay (218)
[2022.09.13-07.30.57:378][140]LogModuleManager: Shutting down and abandoning module OverlayEditor (217)
[2022.09.13-07.30.57:378][140]LogModuleManager: Shutting down and abandoning module VREditor (214)
[2022.09.13-07.30.57:379][140]LogModuleManager: Shutting down and abandoning module StringTableEditor (212)
[2022.09.13-07.30.57:380][140]LogModuleManager: Shutting down and abandoning module GameplayTasksEditor (210)
[2022.09.13-07.30.57:380][140]LogModuleManager: Shutting down and abandoning module BehaviorTreeEditor (208)
[2022.09.13-07.30.57:380][140]LogModuleManager: Shutting down and abandoning module FunctionalTesting (206)
[2022.09.13-07.30.57:380][140]LogModuleManager: Shutting down and abandoning module CollisionAnalyzer (204)
[2022.09.13-07.30.57:382][140]LogModuleManager: Shutting down and abandoning module WorkspaceMenuStructure (203)
[2022.09.13-07.30.57:383][140]LogModuleManager: Shutting down and abandoning module UMG (200)
[2022.09.13-07.30.57:384][140]LogModuleManager: Shutting down and abandoning module UMGEditor (199)
[2022.09.13-07.30.57:385][140]LogModuleManager: Shutting down and abandoning module Sequencer (198)
[2022.09.13-07.30.57:388][140]LogModuleManager: Shutting down and abandoning module MessageLog (195)
[2022.09.13-07.30.57:388][140]LogModuleManager: Shutting down and abandoning module SlateReflector (190)
[2022.09.13-07.30.57:390][140]LogModuleManager: Shutting down and abandoning module Slate (188)
[2022.09.13-07.30.57:390][140]LogModuleManager: Shutting down and abandoning module EditorStyle (186)
[2022.09.13-07.30.57:403][140]LogModuleManager: Shutting down and abandoning module MRMesh (184)
[2022.09.13-07.30.57:403][140]LogModuleManager: Shutting down and abandoning module SourceCodeAccess (182)
[2022.09.13-07.30.57:404][140]LogModuleManager: Shutting down and abandoning module HeadMountedDisplay (180)
[2022.09.13-07.30.57:404][140]LogModuleManager: Shutting down and abandoning module XAudio2 (178)
[2022.09.13-07.30.57:404][140]LogModuleManager: Shutting down and abandoning module Networking (176)
[2022.09.13-07.30.57:404][140]LogModuleManager: Shutting down and abandoning module Core (172)
[2022.09.13-07.30.57:404][140]LogModuleManager: Shutting down and abandoning module LevelSequence (168)
[2022.09.13-07.30.57:404][140]LogModuleManager: Shutting down and abandoning module DirectoryWatcher (166)
[2022.09.13-07.30.57:417][140]LogModuleManager: Shutting down and abandoning module KismetCompiler (164)
[2022.09.13-07.30.57:417][140]LogModuleManager: Shutting down and abandoning module MeshUtilities (162)
[2022.09.13-07.30.57:420][140]LogModuleManager: Shutting down and abandoning module MeshMergeUtilities (161)
[2022.09.13-07.30.57:421][140]LogModuleManager: Shutting down and abandoning module MeshReductionInterface (160)
[2022.09.13-07.30.57:421][140]LogModuleManager: Shutting down and abandoning module SimplygonSwarm (159)
[2022.09.13-07.30.57:422][140]LogModuleManager: Shutting down and abandoning module SimplygonMeshReduction (157)
[2022.09.13-07.30.57:422][140]LogModuleManager: Shutting down and abandoning module QuadricMeshReduction (155)
[2022.09.13-07.30.57:422][140]LogModuleManager: Shutting down and abandoning module MaterialBaking (151)
[2022.09.13-07.30.57:423][140]LogModuleManager: Shutting down and abandoning module DerivedDataCache (148)
[2022.09.13-07.30.57:484][140]LogDerivedDataCache: Shutdown
[2022.09.13-07.30.57:484][140]LogModuleManager: Shutting down and abandoning module TargetPlatform (146)
[2022.09.13-07.30.57:484][140]LogModuleManager: Shutting down and abandoning module VulkanShaderFormat (145)
[2022.09.13-07.30.57:484][140]LogModuleManager: Shutting down and abandoning module ShaderFormatVectorVM (143)
[2022.09.13-07.30.57:485][140]LogModuleManager: Shutting down and abandoning module ShaderFormatOpenGL (141)
[2022.09.13-07.30.57:486][140]LogModuleManager: Shutting down and abandoning module ShaderFormatD3D (139)
[2022.09.13-07.30.57:486][140]LogModuleManager: Shutting down and abandoning module MetalShaderFormat (137)
[2022.09.13-07.30.57:486][140]LogModuleManager: Shutting down and abandoning module TextureFormatUncompressed (135)
[2022.09.13-07.30.57:487][140]LogModuleManager: Shutting down and abandoning module TextureFormatPVR (133)
[2022.09.13-07.30.57:487][140]LogModuleManager: Shutting down and abandoning module TextureFormatDXT (131)
[2022.09.13-07.30.57:487][140]LogModuleManager: Shutting down and abandoning module TextureFormatIntelISPCTexComp (129)
[2022.09.13-07.30.57:489][140]LogModuleManager: Shutting down and abandoning module TextureFormatASTC (127)
[2022.09.13-07.30.57:489][140]LogModuleManager: Shutting down and abandoning module ImageWrapper (126)
[2022.09.13-07.30.57:489][140]LogModuleManager: Shutting down and abandoning module TextureFormatAndroid (123)
[2022.09.13-07.30.57:489][140]LogModuleManager: Shutting down and abandoning module AudioFormatOpus (121)
[2022.09.13-07.30.57:489][140]LogModuleManager: Shutting down and abandoning module AudioFormatOgg (119)
[2022.09.13-07.30.57:490][140]LogModuleManager: Shutting down and abandoning module AudioFormatADPCM (117)
[2022.09.13-07.30.57:490][140]LogModuleManager: Shutting down and abandoning module LinuxTargetPlatform (115)
[2022.09.13-07.30.57:490][140]LogModuleManager: Shutting down and abandoning module LinuxServerTargetPlatform (113)
[2022.09.13-07.30.57:491][140]LogModuleManager: Shutting down and abandoning module LinuxNoEditorTargetPlatform (111)
[2022.09.13-07.30.57:491][140]LogModuleManager: Shutting down and abandoning module LinuxClientTargetPlatform (109)
[2022.09.13-07.30.57:491][140]LogModuleManager: Shutting down and abandoning module TVOSTargetPlatform (107)
[2022.09.13-07.30.57:491][140]LogModuleManager: Shutting down and abandoning module Messaging (105)
[2022.09.13-07.30.57:491][140]LogModuleManager: Shutting down and abandoning module IOSTargetPlatform (103)
[2022.09.13-07.30.57:491][140]LogModuleManager: Shutting down and abandoning module HTML5TargetPlatform (101)
[2022.09.13-07.30.57:491][140]LogModuleManager: Shutting down and abandoning module AndroidTargetPlatform (99)
[2022.09.13-07.30.57:491][140]LogModuleManager: Shutting down and abandoning module Android_PVRTCTargetPlatform (97)
[2022.09.13-07.30.57:491][140]LogModuleManager: Shutting down and abandoning module Android_MultiTargetPlatform (95)
[2022.09.13-07.30.57:491][140]LogModuleManager: Shutting down and abandoning module Android_ETC2TargetPlatform (93)
[2022.09.13-07.30.57:491][140]LogModuleManager: Shutting down and abandoning module Android_ETC1TargetPlatform (91)
[2022.09.13-07.30.57:492][140]LogModuleManager: Shutting down and abandoning module Android_DXTTargetPlatform (89)
[2022.09.13-07.30.57:492][140]LogModuleManager: Shutting down and abandoning module Android_ATCTargetPlatform (87)
[2022.09.13-07.30.57:492][140]LogModuleManager: Shutting down and abandoning module Android_ASTCTargetPlatform (85)
[2022.09.13-07.30.57:492][140]LogModuleManager: Shutting down and abandoning module WindowsTargetPlatform (83)
[2022.09.13-07.30.57:492][140]LogModuleManager: Shutting down and abandoning module WindowsServerTargetPlatform (81)
[2022.09.13-07.30.57:492][140]LogModuleManager: Shutting down and abandoning module WindowsNoEditorTargetPlatform (79)
[2022.09.13-07.30.57:492][140]LogModuleManager: Shutting down and abandoning module WindowsClientTargetPlatform (77)
[2022.09.13-07.30.57:493][140]LogModuleManager: Shutting down and abandoning module MacTargetPlatform (75)
[2022.09.13-07.30.57:493][140]LogModuleManager: Shutting down and abandoning module MacServerTargetPlatform (73)
[2022.09.13-07.30.57:493][140]LogModuleManager: Shutting down and abandoning module MacNoEditorTargetPlatform (71)
[2022.09.13-07.30.57:493][140]LogModuleManager: Shutting down and abandoning module MacClientTargetPlatform (69)
[2022.09.13-07.30.57:494][140]LogModuleManager: Shutting down and abandoning module AllDesktopTargetPlatform (67)
[2022.09.13-07.30.57:494][140]LogModuleManager: Shutting down and abandoning module InputCore (64)
[2022.09.13-07.30.57:494][140]LogModuleManager: Shutting down and abandoning module Settings (62)
[2022.09.13-07.30.57:494][140]LogModuleManager: Shutting down and abandoning module PhysXCooking (60)
[2022.09.13-07.30.57:494][140]LogModuleManager: Shutting down and abandoning module SteamVR (58)
[2022.09.13-07.30.57:494][140]LogModuleManager: Shutting down and abandoning module OculusHMD (56)
[2022.09.13-07.30.57:495][140]LogModuleManager: Shutting down and abandoning module ExampleDeviceProfileSelector (54)
[2022.09.13-07.30.57:495][140]LogModuleManager: Shutting down and abandoning module AppleARKit (52)
[2022.09.13-07.30.57:495][140]LogModuleManager: Shutting down and abandoning module AugmentedReality (51)
[2022.09.13-07.30.57:495][140]LogModuleManager: Shutting down and abandoning module OnlineBlueprintSupport (48)
[2022.09.13-07.30.57:495][140]LogModuleManager: Shutting down and abandoning module OnlineSubsystem (44)
[2022.09.13-07.30.57:497][140]LogModuleManager: Shutting down and abandoning module XMPP (43)
[2022.09.13-07.30.57:499][140]LogModuleManager: Shutting down and abandoning module HTTP (41)
[2022.09.13-07.30.57:499][140]LogHttp: Display: Http module shutting down, but needs to wait on 1 outstanding Http requests:
[2022.09.13-07.30.57:499][140]LogHttp: Display: 	verb=[POST] url=[https://datarouter.ol.epicgames.com/datarouter/api/v1/public/data?SessionID=%7B60E4A1DD-4088-841F-DFF1-59A0EEEAF5C4%7D&AppID=UEEditor.Rocket.Release&AppVersion=4.18.3-3832480%2B%2B%2BUE4%2BRelease-4.18&UserID=76252f694fe144d0adc2e99f3dca7d71%7Cc702a0d7ff0f4d2a8f1e9c7d2ecfce96%7Cccfeb08f-b8d4-4120-ae51-75b2a10723a0&AppEnvironment=datacollector-binary&UploadType=eteventstream] status=Processing
[2022.09.13-07.30.57:510][140]LogModuleManager: Shutting down and abandoning module SSL (40)
[2022.09.13-07.30.57:527][140]LogModuleManager: Shutting down and abandoning module AnimationModifiers (36)
[2022.09.13-07.30.57:527][140]LogModuleManager: Shutting down and abandoning module PropertyEditor (35)
[2022.09.13-07.30.57:530][140]LogModuleManager: Shutting down and abandoning module AudioEditor (32)
[2022.09.13-07.30.57:531][140]LogModuleManager: Shutting down and abandoning module TextureCompressor (30)
[2022.09.13-07.30.57:535][140]LogModuleManager: Shutting down and abandoning module ShaderCore (28)
[2022.09.13-07.30.57:535][140]LogModuleManager: Shutting down and abandoning module Landscape (26)
[2022.09.13-07.30.57:535][140]LogModuleManager: Shutting down and abandoning module SlateRHIRenderer (24)
[2022.09.13-07.30.57:551][140]LogModuleManager: Shutting down and abandoning module OpenGLDrv (22)
[2022.09.13-07.30.57:552][140]LogModuleManager: Shutting down and abandoning module D3D11RHI (20)
[2022.09.13-07.30.57:552][140]LogModuleManager: Shutting down and abandoning module AnimGraphRuntime (18)
[2022.09.13-07.30.57:553][140]LogModuleManager: Shutting down and abandoning module Renderer (16)
[2022.09.13-07.30.57:553][140]LogModuleManager: Shutting down and abandoning module Engine (14)
[2022.09.13-07.30.57:554][140]LogModuleManager: Shutting down and abandoning module CoreUObject (12)
[2022.09.13-07.30.57:554][140]LogModuleManager: Shutting down and abandoning module NetworkFile (10)
[2022.09.13-07.30.57:554][140]LogModuleManager: Shutting down and abandoning module CookedIterativeFile (8)
[2022.09.13-07.30.57:554][140]LogModuleManager: Shutting down and abandoning module StreamingFile (6)
[2022.09.13-07.30.57:554][140]LogModuleManager: Shutting down and abandoning module SandboxFile (4)
[2022.09.13-07.30.57:554][140]LogModuleManager: Shutting down and abandoning module PakFile (2)
[2022.09.13-07.30.57:564][140]LogExit: Exiting.
[2022.09.13-07.30.57:601][140]Log file closed, 09/13/22 02:30:57
