Log file open, 09/19/22 22:39:40
LogWindows: Failed to load 'aqProf.dll' (GetLastError=126)
LogWindows: File 'aqProf.dll' does not exist
LogWindows: Failed to load 'VSPerf140.dll' (GetLastError=126)
LogWindows: File 'VSPerf140.dll' does not exist
LogWindows: Failed to load 'VtuneApi.dll' (GetLastError=126)
LogWindows: File 'VtuneApi.dll' does not exist
LogWindows: Failed to load 'VtuneApi32e.dll' (GetLastError=126)
LogWindows: File 'VtuneApi32e.dll' does not exist
LogInit: Display: Running engine for game: GAM303
LogPlatformFile: Not using cached read wrapper
LogInit: Display: RandInit(1594930966) SRandInit(1594930966).
LogInit: Read version file with build ID '3709383'
LogInit: Overriding engine version to CL 3832480, compatible CL 3709383
LogInit: Registered custom module enumerator with build ID '3709383'
LogTaskGraph: Started task graph with 5 named threads and 8 total threads with 3 sets of task threads.
LogStats: Stats thread started at 0.242211
LogD3D11RHI: Aftermath initialized
LogModuleManager: Display: Found up-to-date module file ../../../Engine/Plugins/2D/Paper2D/Binaries/Win64/UE4Editor-Paper2D.dll (API version 3709383).
LogModuleManager: Display: Found up-to-date module file ../../../Engine/Plugins/2D/Paper2D/Binaries/Win64/UE4Editor-Paper2DEditor.dll (API version 3709383).
LogModuleManager: Display: Found up-to-date module file ../../../Engine/Plugins/2D/Paper2D/Binaries/Win64/UE4Editor-PaperSpriteSheetImporter.dll (API version 3709383).
LogModuleManager: Display: Found up-to-date module file ../../../Engine/Plugins/2D/Paper2D/Binaries/Win64/UE4Editor-PaperTiledImporter.dll (API version 3709383).
LogModuleManager: Display: Found up-to-date module file ../../../Engine/Plugins/2D/Paper2D/Binaries/Win64/UE4Editor-SmartSnapping.dll (API version 3709383).
LogModuleManager: Display: Found up-to-date module file ../../../Engine/Plugins/Blendables/LightPropagationVolume/Binaries/Win64/UE4Editor-LightPropagationVolumeRuntime.dll (API version 3709383).
LogModuleManager: Display: Found up-to-date module file ../../../Engine/Plugins/Blendables/LightPropagationVolume/Binaries/Win64/UE4Editor-LightPropagationVolumeEditor.dll (API version 3709383).
LogModuleManager: Display: Found up-to-date module file ../../../Engine/Plugins/Developer/GitSourceControl/Binaries/Win64/UE4Editor-GitSourceControl.dll (API version 3709383).
LogModuleManager: Display: Found up-to-date module file ../../../Engine/Plugins/Developer/PerforceSourceControl/Binaries/Win64/UE4Editor-PerforceSourceControl.dll (API version 3709383).
LogModuleManager: Display: Found up-to-date module file ../../../Engine/Plugins/Developer/SubversionSourceControl/Binaries/Win64/UE4Editor-SubversionSourceControl.dll (API version 3709383).
LogModuleManager: Display: Found up-to-date module file ../../../Engine/Plugins/Developer/UObjectPlugin/Binaries/Win64/UE4Editor-UObjectPlugin.dll (API version 3709383).
LogModuleManager: Display: Found up-to-date module file ../../../Engine/Plugins/Developer/VisualStudioCodeSourceCodeAccess/Binaries/Win64/UE4Editor-VisualStudioCodeSourceCodeAccess.dll (API version 3709383).
LogModuleManager: Display: Found up-to-date module file ../../../Engine/Plugins/Developer/VisualStudioSourceCodeAccess/Binaries/Win64/UE4Editor-VisualStudioSourceCodeAccess.dll (API version 3709383).
LogModuleManager: Display: Found up-to-date module file ../../../Engine/Plugins/Editor/AssetManagerEditor/Binaries/Win64/UE4Editor-AssetManagerEditor.dll (API version 3709383).
LogModuleManager: Display: Found up-to-date module file ../../../Engine/Plugins/Editor/AudioCapture/Binaries/Win64/UE4Editor-AudioCapture.dll (API version 3709383).
LogModuleManager: Display: Found up-to-date module file ../../../Engine/Plugins/Editor/FacialAnimation/Binaries/Win64/UE4Editor-FacialAnimation.dll (API version 3709383).
LogModuleManager: Display: Found up-to-date module file ../../../Engine/Plugins/Editor/FacialAnimation/Binaries/Win64/UE4Editor-FacialAnimationEditor.dll (API version 3709383).
LogModuleManager: Display: Found up-to-date module file ../../../Engine/Plugins/Editor/GameplayTagsEditor/Binaries/Win64/UE4Editor-GameplayTagsEditor.dll (API version 3709383).
LogModuleManager: Display: Found up-to-date module file ../../../Engine/Plugins/Editor/MobileLauncherProfileWizard/Binaries/Win64/UE4Editor-MobileLauncherProfileWizard.dll (API version 3709383).
LogModuleManager: Display: Found up-to-date module file ../../../Engine/Plugins/Editor/PluginBrowser/Binaries/Win64/UE4Editor-PluginBrowser.dll (API version 3709383).
LogModuleManager: Display: Found up-to-date module file ../../../Engine/Plugins/Editor/SpeedTreeImporter/Binaries/Win64/UE4Editor-SpeedTreeImporter.dll (API version 3709383).
LogModuleManager: Display: Found up-to-date module file ../../../Engine/Plugins/Experimental/AlembicImporter/Binaries/Win64/UE4Editor-AlembicImporter.dll (API version 3709383).
LogModuleManager: Display: Found up-to-date module file ../../../Engine/Plugins/Experimental/AlembicImporter/Binaries/Win64/UE4Editor-AlembicLibrary.dll (API version 3709383).
LogModuleManager: Display: Found up-to-date module file ../../../Engine/Plugins/Experimental/CharacterAI/Binaries/Win64/UE4Editor-CharacterAI.dll (API version 3709383).
LogModuleManager: Display: Found up-to-date module file ../../../Engine/Plugins/Experimental/HTML5Networking/Binaries/Win64/UE4Editor-HTML5Networking.dll (API version 3709383).
LogModuleManager: Display: Found up-to-date module file ../../../Engine/Plugins/Media/AndroidMedia/Binaries/Win64/UE4Editor-AndroidMediaEditor.dll (API version 3709383).
LogModuleManager: Display: Found up-to-date module file ../../../Engine/Plugins/Media/AndroidMedia/Binaries/Win64/UE4Editor-AndroidMediaFactory.dll (API version 3709383).
LogModuleManager: Display: Found up-to-date module file ../../../Engine/Plugins/Media/AvfMedia/Binaries/Win64/UE4Editor-AvfMediaEditor.dll (API version 3709383).
LogModuleManager: Display: Found up-to-date module file ../../../Engine/Plugins/Media/AvfMedia/Binaries/Win64/UE4Editor-AvfMediaFactory.dll (API version 3709383).
LogModuleManager: Display: Found up-to-date module file ../../../Engine/Plugins/Media/AvfMedia/Binaries/Win64/UE4Editor-AvfMediaFactory.dll (API version 3709383).
LogModuleManager: Display: Found up-to-date module file ../../../Engine/Plugins/Media/ImgMedia/Binaries/Win64/UE4Editor-ImgMedia.dll (API version 3709383).
LogModuleManager: Display: Found up-to-date module file ../../../Engine/Plugins/Media/ImgMedia/Binaries/Win64/UE4Editor-ImgMediaEditor.dll (API version 3709383).
LogModuleManager: Display: Found up-to-date module file ../../../Engine/Plugins/Media/ImgMedia/Binaries/Win64/UE4Editor-ImgMediaFactory.dll (API version 3709383).
LogModuleManager: Display: Found up-to-date module file ../../../Engine/Plugins/Media/ImgMedia/Binaries/Win64/UE4Editor-ImgMediaFactory.dll (API version 3709383).
LogModuleManager: Display: Found up-to-date module file ../../../Engine/Plugins/Media/ImgMedia/Binaries/Win64/UE4Editor-OpenExrWrapper.dll (API version 3709383).
LogModuleManager: Display: Found up-to-date module file ../../../Engine/Plugins/Media/MediaCompositing/Binaries/Win64/UE4Editor-MediaCompositing.dll (API version 3709383).
LogModuleManager: Display: Found up-to-date module file ../../../Engine/Plugins/Media/MediaCompositing/Binaries/Win64/UE4Editor-MediaCompositingEditor.dll (API version 3709383).
LogModuleManager: Display: Found up-to-date module file ../../../Engine/Plugins/Media/MediaPlayerEditor/Binaries/Win64/UE4Editor-MediaPlayerEditor.dll (API version 3709383).
LogModuleManager: Display: Found up-to-date module file ../../../Engine/Plugins/Media/WmfMedia/Binaries/Win64/UE4Editor-WmfMedia.dll (API version 3709383).
LogModuleManager: Display: Found up-to-date module file ../../../Engine/Plugins/Media/WmfMedia/Binaries/Win64/UE4Editor-WmfMediaEditor.dll (API version 3709383).
LogModuleManager: Display: Found up-to-date module file ../../../Engine/Plugins/Media/WmfMedia/Binaries/Win64/UE4Editor-WmfMediaFactory.dll (API version 3709383).
LogModuleManager: Display: Found up-to-date module file ../../../Engine/Plugins/Media/WmfMedia/Binaries/Win64/UE4Editor-WmfMediaFactory.dll (API version 3709383).
LogModuleManager: Display: Found up-to-date module file ../../../Engine/Plugins/Messaging/TcpMessaging/Binaries/Win64/UE4Editor-TcpMessaging.dll (API version 3709383).
LogModuleManager: Display: Found up-to-date module file ../../../Engine/Plugins/Messaging/UdpMessaging/Binaries/Win64/UE4Editor-UdpMessaging.dll (API version 3709383).
LogModuleManager: Display: Found up-to-date module file ../../../Engine/Plugins/MovieScene/ActorSequence/Binaries/Win64/UE4Editor-ActorSequence.dll (API version 3709383).
LogModuleManager: Display: Found up-to-date module file ../../../Engine/Plugins/MovieScene/LevelSequenceEditor/Binaries/Win64/UE4Editor-LevelSequenceEditor.dll (API version 3709383).
LogModuleManager: Display: Found up-to-date module file ../../../Engine/Plugins/MovieScene/MatineeToLevelSequence/Binaries/Win64/UE4Editor-MatineeToLevelSequence.dll (API version 3709383).
LogModuleManager: Display: Found up-to-date module file ../../../Engine/Plugins/Online/OnlineSubsystem/Binaries/Win64/UE4Editor-OnlineSubsystem.dll (API version 3709383).
LogModuleManager: Display: Found up-to-date module file ../../../Engine/Plugins/Runtime/AndroidPermission/Binaries/Win64/UE4Editor-AndroidPermission.dll (API version 3709383).
LogModuleManager: Display: Found up-to-date module file ../../../Engine/Plugins/Online/OnlineSubsystemNull/Binaries/Win64/UE4Editor-OnlineSubsystemNull.dll (API version 3709383).
LogModuleManager: Display: Found up-to-date module file ../../../Engine/Plugins/Online/OnlineSubsystemUtils/Binaries/Win64/UE4Editor-OnlineSubsystemUtils.dll (API version 3709383).
LogModuleManager: Display: Found up-to-date module file ../../../Engine/Plugins/Online/OnlineSubsystemUtils/Binaries/Win64/UE4Editor-OnlineBlueprintSupport.dll (API version 3709383).
LogModuleManager: Display: Found up-to-date module file ../../../Engine/Plugins/Runtime/AndroidDeviceProfileSelector/Binaries/Win64/UE4Editor-AndroidDeviceProfileSelector.dll (API version 3709383).
LogModuleManager: Display: Found up-to-date module file ../../../Engine/Plugins/Runtime/AppleARKit/Binaries/Win64/UE4Editor-AppleARKit.dll (API version 3709383).
LogModuleManager: Display: Found up-to-date module file ../../../Engine/Plugins/Runtime/ArchVisCharacter/Binaries/Win64/UE4Editor-ArchVisCharacter.dll (API version 3709383).
LogModuleManager: Display: Found up-to-date module file ../../../Engine/Plugins/Runtime/CableComponent/Binaries/Win64/UE4Editor-CableComponent.dll (API version 3709383).
LogModuleManager: Display: Found up-to-date module file ../../../Engine/Plugins/Runtime/CustomMeshComponent/Binaries/Win64/UE4Editor-CustomMeshComponent.dll (API version 3709383).
LogModuleManager: Display: Found up-to-date module file ../../../Engine/Plugins/Runtime/ExampleDeviceProfileSelector/Binaries/Win64/UE4Editor-ExampleDeviceProfileSelector.dll (API version 3709383).
LogModuleManager: Display: Found up-to-date module file ../../../Engine/Plugins/Runtime/ImmediatePhysics/Binaries/Win64/UE4Editor-ImmediatePhysics.dll (API version 3709383).
LogModuleManager: Display: Found up-to-date module file ../../../Engine/Plugins/Runtime/ImmediatePhysics/Binaries/Win64/UE4Editor-ImmediatePhysicsEditor.dll (API version 3709383).
LogModuleManager: Display: Found up-to-date module file ../../../Engine/Plugins/Runtime/LocationServicesBPLibrary/Binaries/Win64/UE4Editor-LocationServicesBPLibrary.dll (API version 3709383).
LogModuleManager: Display: Found up-to-date module file ../../../Engine/Plugins/Runtime/MobilePatchingUtils/Binaries/Win64/UE4Editor-MobilePatchingUtils.dll (API version 3709383).
LogModuleManager: Display: Found up-to-date module file ../../../Engine/Plugins/Runtime/Oculus/OculusVR/Binaries/Win64/UE4Editor-OculusHMD.dll (API version 3709383).
LogModuleManager: Display: Found up-to-date module file ../../../Engine/Plugins/Runtime/Oculus/OculusVR/Binaries/Win64/UE4Editor-OculusInput.dll (API version 3709383).
LogModuleManager: Display: Found up-to-date module file ../../../Engine/Plugins/Runtime/Oculus/OculusVR/Binaries/Win64/UE4Editor-OculusEditor.dll (API version 3709383).
LogModuleManager: Display: Found up-to-date module file ../../../Engine/Plugins/Runtime/PhysXVehicles/Binaries/Win64/UE4Editor-PhysXVehicles.dll (API version 3709383).
LogModuleManager: Display: Found up-to-date module file ../../../Engine/Plugins/Runtime/PhysXVehicles/Binaries/Win64/UE4Editor-PhysXVehiclesEditor.dll (API version 3709383).
LogModuleManager: Display: Found up-to-date module file ../../../Engine/Plugins/Runtime/ProceduralMeshComponent/Binaries/Win64/UE4Editor-ProceduralMeshComponent.dll (API version 3709383).
LogModuleManager: Display: Found up-to-date module file ../../../Engine/Plugins/Runtime/ProceduralMeshComponent/Binaries/Win64/UE4Editor-ProceduralMeshComponentEditor.dll (API version 3709383).
LogModuleManager: Display: Found up-to-date module file ../../../Engine/Plugins/Runtime/RuntimePhysXCooking/Binaries/Win64/UE4Editor-RuntimePhysXCooking.dll (API version 3709383).
LogModuleManager: Display: Found up-to-date module file ../../../Engine/Plugins/Runtime/Steam/SteamVR/Binaries/Win64/UE4Editor-SteamVR.dll (API version 3709383).
LogModuleManager: Display: Found up-to-date module file ../../../Engine/Plugins/Runtime/Steam/SteamVR/Binaries/Win64/UE4Editor-SteamVRController.dll (API version 3709383).
LogModuleManager: Display: Found up-to-date module file ../../../Engine/Plugins/Runtime/WindowsMoviePlayer/Binaries/Win64/UE4Editor-WindowsMoviePlayer.dll (API version 3709383).
LogPluginManager: Mounting plugin Paper2D
LogPluginManager: Mounting plugin LightPropagationVolume
LogPluginManager: Mounting plugin CodeLiteSourceCodeAccess
LogPluginManager: Mounting plugin GitSourceControl
LogPluginManager: Mounting plugin KDevelopSourceCodeAccess
LogPluginManager: Mounting plugin NullSourceCodeAccess
LogPluginManager: Mounting plugin PerforceSourceControl
LogPluginManager: Mounting plugin SubversionSourceControl
LogPluginManager: Mounting plugin UObjectPlugin
LogPluginManager: Mounting plugin VisualStudioCodeSourceCodeAccess
LogPluginManager: Mounting plugin VisualStudioSourceCodeAccess
LogPluginManager: Mounting plugin XCodeSourceCodeAccess
LogPluginManager: Mounting plugin AssetManagerEditor
LogPluginManager: Mounting plugin AudioCapture
LogPluginManager: Mounting plugin FacialAnimation
LogPluginManager: Mounting plugin GameplayTagsEditor
LogPluginManager: Mounting plugin MobileLauncherProfileWizard
LogPluginManager: Mounting plugin PluginBrowser
LogPluginManager: Mounting plugin SpeedTreeImporter
LogPluginManager: Mounting plugin AlembicImporter
LogPluginManager: Mounting plugin CharacterAI
LogPluginManager: Mounting plugin HTML5Networking
LogPluginManager: Mounting plugin AndroidMedia
LogPluginManager: Mounting plugin AvfMedia
LogPluginManager: Mounting plugin ImgMedia
LogPluginManager: Mounting plugin MediaCompositing
LogPluginManager: Mounting plugin MediaPlayerEditor
LogPluginManager: Mounting plugin WmfMedia
LogPluginManager: Mounting plugin TcpMessaging
LogPluginManager: Mounting plugin UdpMessaging
LogPluginManager: Mounting plugin ActorSequence
LogPluginManager: Mounting plugin LevelSequenceEditor
LogPluginManager: Mounting plugin MatineeToLevelSequence
LogPluginManager: Mounting plugin OnlineSubsystemGooglePlay
LogPluginManager: Mounting plugin OnlineSubsystemIOS
LogPluginManager: Mounting plugin OnlineSubsystem
LogPluginManager: Mounting plugin OnlineSubsystemNull
LogPluginManager: Mounting plugin OnlineSubsystemUtils
LogPluginManager: Mounting plugin AndroidDeviceProfileSelector
LogPluginManager: Mounting plugin AndroidMoviePlayer
LogPluginManager: Mounting plugin AndroidPermission
LogPluginManager: Mounting plugin AppleARKit
LogPluginManager: Mounting plugin AppleMoviePlayer
LogPluginManager: Mounting plugin ArchVisCharacter
LogPluginManager: Mounting plugin CableComponent
LogPluginManager: Mounting plugin CustomMeshComponent
LogPluginManager: Mounting plugin ExampleDeviceProfileSelector
LogPluginManager: Mounting plugin GoogleCloudMessaging
LogPluginManager: Mounting plugin ImmediatePhysics
LogPluginManager: Mounting plugin IOSDeviceProfileSelector
LogPluginManager: Mounting plugin LinuxDeviceProfileSelector
LogPluginManager: Mounting plugin LocationServicesBPLibrary
LogPluginManager: Mounting plugin MobilePatchingUtils
LogPluginManager: Mounting plugin OculusVR
LogPluginManager: Plugin shader directory ../../../Engine/Plugins/Runtime/Oculus/OculusVR/Shaders found
LogPluginManager: Mapping shader source directory ../../../Engine/Plugins/Runtime/Oculus/OculusVR/Shaders to virtual directory /Plugin/OculusVR
LogPluginManager: Mounting plugin PhysXVehicles
LogPluginManager: Mounting plugin ProceduralMeshComponent
LogPluginManager: Mounting plugin RuntimePhysXCooking
LogPluginManager: Mounting plugin SteamVR
LogPluginManager: Mounting plugin WindowsMoviePlayer
LogInit: Using libcurl 7.47.1
LogInit:  - built for x86_64-pc-win32
LogInit:  - supports SSL with OpenSSL/1.0.2g
LogInit:  - supports HTTP deflate (compression) using libz 1.2.8
LogInit:  - other features:
LogInit:      CURL_VERSION_SSL
LogInit:      CURL_VERSION_LIBZ
LogInit:      CURL_VERSION_IPV6
LogInit:      CURL_VERSION_ASYNCHDNS
LogInit:      CURL_VERSION_LARGEFILE
LogInit:      CURL_VERSION_IDN
LogInit:  CurlRequestOptions (configurable via config and command line):
LogInit:  - bVerifyPeer = false  - Libcurl will NOT verify peer certificate
LogInit:  - bUseHttpProxy = false  - Libcurl will NOT use HTTP proxy
LogInit:  - bDontReuseConnections = false  - Libcurl will reuse connections
LogInit:  - CertBundlePath = nullptr  - Libcurl will use whatever was configured at build time.
LogInit: Build: ++UE4+Release-4.18-CL-3832480
LogInit: Engine Version: 4.18.3-3832480+++UE4+Release-4.18
LogInit: Compatible Engine Version: 4.18.0-3709383+++UE4+Release-4.18
LogInit: Net CL: 3709383
LogDevObjectVersion: Number of dev versions registered: 16
LogDevObjectVersion:   Dev-Blueprints (B0D832E4-1F89-4F0D-ACCF-7EB736FD4AA2): 10
LogDevObjectVersion:   Dev-Build (E1C64328-A22C-4D53-A36C-8E866417BD8C): 0
LogDevObjectVersion:   Dev-Core (375EC13C-06E4-48FB-B500-84F0262A717E): 2
LogDevObjectVersion:   Dev-Editor (E4B068ED-F494-42E9-A231-DA0B2E46BB41): 20
LogDevObjectVersion:   Dev-Framework (CFFC743F-43B0-4480-9391-14DF171D2073): 30
LogDevObjectVersion:   Dev-Mobile (B02B49B5-BB20-44E9-A304-32B752E40360): 0
LogDevObjectVersion:   Dev-Networking (A4E4105C-59A1-49B5-A7C5-40C4547EDFEE): 0
LogDevObjectVersion:   Dev-Online (39C831C9-5AE6-47DC-9A44-9C173E1C8E7C): 0
LogDevObjectVersion:   Dev-Physics (78F01B33-EBEA-4F98-B9B4-84EACCB95AA2): 0
LogDevObjectVersion:   Dev-Platform (6631380F-2D4D-43E0-8009-CF276956A95A): 0
LogDevObjectVersion:   Dev-Rendering (12F88B9F-8875-4AFC-A67C-D90C383ABD29): 20
LogDevObjectVersion:   Dev-Sequencer (7B5AE74C-D270-4C10-A958-57980B212A5A): 4
LogDevObjectVersion:   Dev-VR (D7296918-1DD6-4BDD-9DE2-64A83CC13884): 0
LogDevObjectVersion:   Dev-LoadTimes (C2A15278-BFE7-4AFE-6C17-90FF531DF755): 1
LogDevObjectVersion:   Private-Geometry (6EACA3D4-40EC-4CC1-B786-8BED09428FC5): 1
LogDevObjectVersion:   Dev-AnimPhys (29E575DD-E0A3-4627-9D10-D276232CDCEA): 12
LogInit: Compiled (64-bit): Jan 12 2018 02:04:55
LogInit: Compiled with Visual C++: 19.00.24215.01
LogInit: Build Configuration: Development
LogInit: Branch Name: ++UE4+Release-4.18
LogInit: Command line:  
LogInit: Base directory: C:/Program Files (x86)/UE_4.18/Engine/Binaries/Win64/
LogInit: Installed Engine Build: 1
LogInit: Presizing for max 8388607 objects, including 0 objects not considered by GC, pre-allocating 0 bytes for permanent pool.
LogInit: Object subsystem initialized
[2022.09.20-03.39.41:671][  0]LogInit: Selected Device Profile: [Windows]
[2022.09.20-03.39.41:671][  0]LogInit: Applying CVar settings loaded from the selected device profile: [Windows]
[2022.09.20-03.39.41:688][  0]LogInit: Computer: LAPTOP-K1GI59O1
[2022.09.20-03.39.41:688][  0]LogInit: User: Waifs
[2022.09.20-03.39.41:688][  0]LogInit: CPU Page size=4096, Cores=2
[2022.09.20-03.39.41:688][  0]LogInit: High frequency timer resolution =10.000000 MHz
[2022.09.20-03.39.41:688][  0]LogMemory: Memory total: Physical=3.8GB (4GB approx)
[2022.09.20-03.39.41:688][  0]LogMemory: Platform Memory Stats for Windows
[2022.09.20-03.39.41:688][  0]LogMemory: Process Physical Memory: 273.07 MB used, 273.07 MB peak
[2022.09.20-03.39.41:688][  0]LogMemory: Process Virtual Memory: 271.43 MB used, 271.43 MB peak
[2022.09.20-03.39.41:688][  0]LogMemory: Physical Memory: 3579.36 MB used,  315.94 MB free, 3895.30 MB total
[2022.09.20-03.39.41:688][  0]LogMemory: Virtual Memory: 4767.88 MB used,  315.94 MB free, 134217728.00 MB total
[2022.09.20-03.39.41:942][  0]LogInit: Using OS detected language (en-US).
[2022.09.20-03.39.41:942][  0]LogInit: Using OS detected locale (en-US).
[2022.09.20-03.39.41:954][  0]LogTextLocalizationManager: No specific localization for 'en-US' exists, so the 'en' localization will be used.
[2022.09.20-03.39.42:521][  0]LogInit: Setting process to per monitor DPI aware
[2022.09.20-03.39.44:043][  0]LogD3D11RHI: D3D11 adapters:
[2022.09.20-03.39.44:185][  0]LogD3D11RHI:    0. 'Intel(R) UHD Graphics' (Feature Level 11_0)
[2022.09.20-03.39.44:185][  0]LogD3D11RHI:       128/0/1947 MB DedicatedVideo/DedicatedSystem/SharedSystem, Outputs:1, VendorId:0x8086
[2022.09.20-03.39.44:188][  0]LogD3D11RHI:    1. 'Microsoft Basic Render Driver' (Feature Level 11_0)
[2022.09.20-03.39.44:188][  0]LogD3D11RHI:       0/0/1947 MB DedicatedVideo/DedicatedSystem/SharedSystem, Outputs:0, VendorId:0x1414
[2022.09.20-03.39.44:188][  0]LogD3D11RHI: Chosen D3D11 Adapter: 0
[2022.09.20-03.39.44:195][  0]LogD3D11RHI: Creating new Direct3DDevice
[2022.09.20-03.39.44:195][  0]LogD3D11RHI:     GPU DeviceId: 0x9a78 (for the marketing name, search the web for "GPU Device Id")
[2022.09.20-03.39.44:195][  0]LogWindows: EnumDisplayDevices:
[2022.09.20-03.39.44:196][  0]LogWindows:    0. 'Intel(R) UHD Graphics' (P:1 D:1)
[2022.09.20-03.39.44:196][  0]LogWindows:    1. 'Intel(R) UHD Graphics' (P:0 D:0)
[2022.09.20-03.39.44:196][  0]LogWindows:    2. 'Intel(R) UHD Graphics' (P:0 D:0)
[2022.09.20-03.39.44:196][  0]LogWindows:    3. 'Intel(R) UHD Graphics' (P:0 D:0)
[2022.09.20-03.39.44:196][  0]LogWindows: DebugString: GetVideoDriverDetailsInvalid PrimaryIsNotTheChoosenAdapter GetVideoDriverDetailsInvalid PrimaryIsNotTheChoosenAdapter GetVideoDriverDetailsInvalid PrimaryIsNotTheChoosenAdapter GetVideoDriverDetailsInvalid PrimaryIsNotTheChoosenAdapter FoundDriverCount:0 
[2022.09.20-03.39.44:196][  0]LogD3D11RHI:     Adapter Name: Intel(R) UHD Graphics
[2022.09.20-03.39.44:196][  0]LogD3D11RHI:   Driver Version: Unknown (internal:Unknown, unified:Unknown)
[2022.09.20-03.39.44:196][  0]LogD3D11RHI:      Driver Date: Unknown
[2022.09.20-03.39.44:196][  0]LogRHI: Texture pool is 771 MB (70% of 1101 MB)
[2022.09.20-03.39.44:288][  0]LogD3D11RHI: Async texture creation enabled
[2022.09.20-03.39.44:320][  0]LogD3D11RHI: GPU Timing Frequency: 19.200000 (Debug: 2 0)
[2022.09.20-03.39.44:327][  0]LogShaderCompilers: Guid format shader working directory is -23 characters bigger than the processId version (../../../../../Users/Waifs/OneDrive/Documents/Unreal Projects/GAM303/Intermediate/Shaders/WorkingDirectory/21172/).
[2022.09.20-03.39.44:327][  0]LogShaderCompilers: Cleaned the shader compiler working directory 'C:/Users/Waifs/AppData/Local/Temp/UnrealShaderWorkingDir/3CD43B564A02380E5EF7DB914FDAD53A/'.
[2022.09.20-03.39.44:328][  0]LogShaderCompilers: Display: Using Local Shader Compiler.
[2022.09.20-03.39.46:222][  0]LogTemp: Display: Loaded TP AllDesktopTargetPlatform
[2022.09.20-03.39.46:271][  0]LogTemp: Display: Loaded TP MacClientTargetPlatform
[2022.09.20-03.39.46:327][  0]LogTemp: Display: Loaded TP MacNoEditorTargetPlatform
[2022.09.20-03.39.46:368][  0]LogTemp: Display: Loaded TP MacServerTargetPlatform
[2022.09.20-03.39.46:420][  0]LogTemp: Display: Loaded TP MacTargetPlatform
[2022.09.20-03.39.46:460][  0]LogTemp: Display: Loaded TP WindowsClientTargetPlatform
[2022.09.20-03.39.46:502][  0]LogTemp: Display: Loaded TP WindowsNoEditorTargetPlatform
[2022.09.20-03.39.46:543][  0]LogTemp: Display: Loaded TP WindowsServerTargetPlatform
[2022.09.20-03.39.46:581][  0]LogTemp: Display: Loaded TP WindowsTargetPlatform
[2022.09.20-03.39.46:624][  0]LogTemp: Display: Loaded TP Android_ASTCTargetPlatform
[2022.09.20-03.39.46:663][  0]LogTemp: Display: Loaded TP Android_ATCTargetPlatform
[2022.09.20-03.39.46:716][  0]LogTemp: Display: Loaded TP Android_DXTTargetPlatform
[2022.09.20-03.39.46:766][  0]LogTemp: Display: Loaded TP Android_ETC1TargetPlatform
[2022.09.20-03.39.46:816][  0]LogTemp: Display: Loaded TP Android_ETC2TargetPlatform
[2022.09.20-03.39.46:912][  0]LogTemp: Display: Loaded TP Android_MultiTargetPlatform
[2022.09.20-03.39.46:912][  0]LogTemp: Display: Loaded TP Android_PVRTCTargetPlatform
[2022.09.20-03.39.46:984][  0]LogTemp: Display: Loaded TP AndroidTargetPlatform
[2022.09.20-03.39.47:018][  0]LogTemp: Display: Loaded TP HTML5TargetPlatform
[2022.09.20-03.39.47:106][  0]LogTemp: Display: Loaded TP IOSTargetPlatform
[2022.09.20-03.39.47:132][  0]LogTemp: Display: Loaded TP TVOSTargetPlatform
[2022.09.20-03.39.47:174][  0]LogTemp: Display: Loaded TP LinuxClientTargetPlatform
[2022.09.20-03.39.47:212][  0]LogTemp: Display: Loaded TP LinuxNoEditorTargetPlatform
[2022.09.20-03.39.47:254][  0]LogTemp: Display: Loaded TP LinuxServerTargetPlatform
[2022.09.20-03.39.47:303][  0]LogTemp: Display: Loaded TP LinuxTargetPlatform
[2022.09.20-03.39.47:303][  0]LogTargetPlatformManager: Display: Building Assets For Windows
[2022.09.20-03.39.47:767][  0]LogDerivedDataCache: Display: Max Cache Size: 512 MB
[2022.09.20-03.39.48:000][  0]LogDerivedDataCache: Loaded boot cache 0.23s 78MB C:/Users/Waifs/AppData/Local/UnrealEngine/4.18/DerivedDataCache/Boot.ddc.
[2022.09.20-03.39.48:001][  0]LogDerivedDataCache: Display: Loaded Boot cache: C:/Users/Waifs/AppData/Local/UnrealEngine/4.18/DerivedDataCache/Boot.ddc
[2022.09.20-03.39.48:001][  0]LogDerivedDataCache: FDerivedDataBackendGraph:  Pak pak cache file ../../../../../Users/Waifs/OneDrive/Documents/Unreal Projects/GAM303/DerivedDataCache/DDC.ddp not found, will not use a pak cache.
[2022.09.20-03.39.48:001][  0]LogDerivedDataCache: Unable to find inner node Pak for hierarchical cache Hierarchy.
[2022.09.20-03.39.48:001][  0]LogDerivedDataCache: FDerivedDataBackendGraph:  CompressedPak pak cache file ../../../../../Users/Waifs/OneDrive/Documents/Unreal Projects/GAM303/DerivedDataCache/Compressed.ddp not found, will not use a pak cache.
[2022.09.20-03.39.48:001][  0]LogDerivedDataCache: Unable to find inner node CompressedPak for hierarchical cache Hierarchy.
[2022.09.20-03.39.48:035][  0]LogDerivedDataCache: Display: Pak cache opened for reading ../../../Engine/DerivedDataCache/Compressed.ddp.
[2022.09.20-03.39.48:067][  0]LogDerivedDataCache: Using Local data cache path C:/Users/Waifs/AppData/Local/UnrealEngine/Common/DerivedDataCache: Writable
[2022.09.20-03.39.48:127][  0]LogMaterial: Verifying Global Shaders for PCD3D_SM5
[2022.09.20-03.39.48:131][  0]LogSlate: Using Freetype 2.6.0
[2022.09.20-03.39.48:135][  0]LogSlate: SlateFontCache - WITH_FREETYPE: 1, WITH_HARFBUZZ: 1
[2022.09.20-03.39.48:135][  0]LogSlate: SlateFontCache - WITH_FREETYPE: 1, WITH_HARFBUZZ: 1
[2022.09.20-03.39.49:357][  0]LogInit: Selected Device Profile: [Windows]
[2022.09.20-03.39.49:794][  0]LogSimplygon: Simplygon DLL not present - disabling.
[2022.09.20-03.39.49:826][  0]LogMeshReduction: Using SimplygonSwarm for distributed automatic mesh merging
[2022.09.20-03.39.49:826][  0]LogMeshReduction: Using QuadricMeshReduction for automatic static mesh reduction
[2022.09.20-03.39.49:826][  0]LogMeshReduction: No automatic skeletal mesh reduction module available
[2022.09.20-03.39.49:826][  0]LogMeshReduction: No automatic mesh merging module available
[2022.09.20-03.39.49:826][  0]LogMeshMerging: No automatic mesh merging module available
[2022.09.20-03.39.49:869][  0]LogNetVersion: GAM303 , NetCL: 3709383, EngineNetVer: 2, GameNetVer: 0 (Checksum: 4079393575)
[2022.09.20-03.39.50:370][  0]LogAssetRegistry: FAssetRegistry took 0.0274 seconds to start up
[2022.09.20-03.39.51:729][  0]LogPackageLocalizationCache: Processed 7 localized package path(s) for 2 prioritized culture(s) in 0.116324 seconds
[2022.09.20-03.39.51:742][  0]LogUObjectArray: 35870 objects as part of root set at end of initial load.
[2022.09.20-03.39.51:742][  0]LogUObjectAllocator: 7363704 out of 0 bytes used by permanent object pool.
[2022.09.20-03.39.51:742][  0]LogUObjectArray: CloseDisregardForGC: 0/0 objects in disregard for GC pool
[2022.09.20-03.39.51:792][  0]LogInit: WinSock: version 1.1 (2.2), MaxSocks=32767, MaxUdp=65467
[2022.09.20-03.39.57:931][  0]LogTcpMessaging: Initializing TcpMessaging bridge
[2022.09.20-03.39.57:972][  0]LogUdpMessaging: Initializing bridge on interface 0.0.0.0:0 to multicast group 230.0.0.1:6666.
[2022.09.20-03.39.58:642][  0]LogMaterial: Uniform references updated for custom material expression Custom.
[2022.09.20-03.39.59:519][  0]SourceControl: Source control is disabled
[2022.09.20-03.39.59:520][  0]SourceControl: Source control is disabled
[2022.09.20-03.39.59:590][  0]SourceControl: Source control is disabled
[2022.09.20-03.39.59:645][  0]SourceControl: Source control is disabled
[2022.09.20-03.40.00:540][  0]LogAndroidPermission: UAndroidPermissionCallbackProxy::GetInstance
[2022.09.20-03.40.00:808][  0]LogOcInput: OculusInput pre-init called
[2022.09.20-03.40.01:097][  0]LogEngine: Initializing Engine...
[2022.09.20-03.40.01:107][  0]LogHMD: Failed to initialize OpenVR with code 110
[2022.09.20-03.40.01:453][  0]LogStats: UGameplayTagsManager::ConstructGameplayTagTree: Construct from data asset -  0.000 s
[2022.09.20-03.40.01:454][  0]LogStats: UGameplayTagsManager::ConstructGameplayTagTree: GameplayTagTreeChangedEvent.Broadcast -  0.000 s
[2022.09.20-03.40.01:700][  0]LogAIModule: Creating AISystem for world Untitled
[2022.09.20-03.40.02:079][  0]LogInit: XAudio2 using 'Speakers (Realtek(R) Audio)' : 2 channels at 48 kHz using 32 bits per sample (channel mask 0x3)
[2022.09.20-03.40.02:639][  0]LogInit: FAudioDevice initialized.
[2022.09.20-03.40.03:260][  0]LogDerivedDataCache: Saved boot cache 0.62s 78MB C:/Users/Waifs/AppData/Local/UnrealEngine/4.18/DerivedDataCache/Boot.ddc.
[2022.09.20-03.40.03:292][  0]LogInit: Texture streaming: Enabled
[2022.09.20-03.40.03:412][  0]LogEngineSessionManager: EngineSessionManager initialized
[2022.09.20-03.40.05:258][  0]LogInit: Transaction tracking system initialized
[2022.09.20-03.40.05:550][  0]BlueprintLog: New page: Editor Load
[2022.09.20-03.40.06:360][  0]LocalizationService: Localization service is disabled
[2022.09.20-03.40.07:037][  0]LogConsoleResponse: Display: 
[2022.09.20-03.40.07:302][  0]LogCook: Display: Max memory allowance for cook 16384mb min free memory 0mb
[2022.09.20-03.40.07:302][  0]LogCook: Display: Mobile HDR setting 1
[2022.09.20-03.40.07:306][  0]LogGameplayTags: Display: UGameplayTagsManager::DoneAddingNativeTags. DelegateIsBound: 0
[2022.09.20-03.40.07:466][  0]LogFileCache: Scanning file cache for directory 'C:/Users/Waifs/OneDrive/Documents/Unreal Projects/GAM303/Content/' took 0.03s
[2022.09.20-03.40.08:402][  0]SourceControl: Source control is disabled
[2022.09.20-03.40.08:404][  0]Cmd: MAP LOAD FILE="../../../../../Users/Waifs/OneDrive/Documents/Unreal Projects/GAM303/Content/ThirdPersonBP/Maps/ThirdPersonExampleMap.umap" TEMPLATE=0 SHOWPROGRESS=1 FEATURELEVEL=3
[2022.09.20-03.40.08:407][  0]LightingResults: New page: Lighting Build
[2022.09.20-03.40.08:605][  0]MapCheck: New page: Map Check
[2022.09.20-03.40.08:605][  0]LightingResults: New page: Lighting Build
[2022.09.20-03.40.09:844][  0]LogAIModule: Creating AISystem for world ThirdPersonExampleMap
[2022.09.20-03.40.10:082][  0]LogEditorServer: Finished looking for orphan Actors (0.001 secs)
[2022.09.20-03.40.10:108][  0]Cmd: MAP CHECKDEP NOCLEARLOG
[2022.09.20-03.40.10:283][  0]MapCheck: Map check complete: 0 Error(s), 0 Warning(s), took 173.473ms to complete.
[2022.09.20-03.40.10:283][  0]LogFileHelpers: Loading map 'ThirdPersonExampleMap' took 1.880
[2022.09.20-03.40.11:195][  0]LogCollectionManager: Loaded 0 collections in 0.011303 seconds
[2022.09.20-03.40.11:351][  0]LogFileCache: Scanning file cache for directory 'C:/Users/Waifs/OneDrive/Documents/Unreal Projects/GAM303/Saved/Collections/' took 0.01s
[2022.09.20-03.40.11:351][  0]LogFileCache: Scanning file cache for directory 'C:/Users/Waifs/OneDrive/Documents/Unreal Projects/GAM303/Content/Developers/Waifs/Collections/' took 0.01s
[2022.09.20-03.40.11:351][  0]LogFileCache: Scanning file cache for directory 'C:/Users/Waifs/OneDrive/Documents/Unreal Projects/GAM303/Content/Collections/' took 0.01s
[2022.09.20-03.40.11:351][  0]LogCollectionManager: Rebuilt the GUID cache for 0 collections in 0.000001 seconds
[2022.09.20-03.40.11:409][  0]LogContentBrowser: Native class hierarchy populated in 0.0564 seconds. Added 2363 classes and 519 folders.
[2022.09.20-03.40.11:478][  0]LogContentBrowser: Native class hierarchy updated for 'WidgetCarousel' in 0.0003 seconds. Added 0 classes and 0 folders.
[2022.09.20-03.40.11:652][  0]LogContentBrowser: Native class hierarchy updated for 'AddContentDialog' in 0.0005 seconds. Added 0 classes and 0 folders.
[2022.09.20-03.40.11:701][  0]LogContentBrowser: Native class hierarchy updated for 'SceneOutliner' in 0.0002 seconds. Added 1 classes and 2 folders.
[2022.09.20-03.40.11:830][  0]LogSlate: Took 0.003238 seconds to synchronously load lazily loaded font '../../../Engine/Content/Slate/Fonts/Roboto-Regular.ttf' (155K)
[2022.09.20-03.40.11:837][  0]LogSlate: Took 0.002583 seconds to synchronously load lazily loaded font '../../../Engine/Content/Slate/Fonts/Roboto-Bold.ttf' (160K)
[2022.09.20-03.40.11:854][  0]LogSlate: Took 0.003323 seconds to synchronously load lazily loaded font '../../../Engine/Content/Editor/Slate/Fonts/FontAwesome.ttf' (139K)
[2022.09.20-03.40.12:069][  0]LogRenderer: Reallocating scene render targets to support 844x432 Format 10 NumSamples 1 (Frame:1).
[2022.09.20-03.40.12:761][  0]LogContentBrowser: Native class hierarchy updated for 'HierarchicalLODOutliner' in 0.0004 seconds. Added 1 classes and 2 folders.
[2022.09.20-03.40.12:762][  0]LogLoad: (Engine Initialization) Total time: 34.32 seconds
[2022.09.20-03.40.12:762][  0]LogLoad: (Engine Initialization) Total Blueprint compile time: 0.00 seconds
[2022.09.20-03.40.12:764][  0]LogExternalProfiler: No external profilers were discovered.  External profiling features will not be available.
[2022.09.20-03.40.12:817][  0]LogContentStreaming: Texture pool size now 1000 MB
[2022.09.20-03.40.13:298][  5]LogAssetRegistry: Asset discovery search completed in 22.9505 seconds
[2022.09.20-03.40.13:301][  5]LogCollectionManager: Rebuilt the object cache for 0 collections in 0.000001 seconds (found 0 objects)
[2022.09.20-03.40.13:301][  5]LogCollectionManager: Fixed up redirectors for 0 collections in 0.000481 seconds (updated 0 objects)
[2022.09.20-03.40.16:869][171]LogSlate: Took 0.002091 seconds to synchronously load lazily loaded font '../../../Engine/Content/Slate/Fonts/Roboto-Light.ttf' (159K)
[2022.09.20-03.40.24:868][337]LogSlate: Took 0.012462 seconds to synchronously load lazily loaded font '../../../Engine/Content/Slate/Fonts/Roboto-Light.ttf' (159K)
[2022.09.20-03.40.27:786][363]LogLinker: Warning: Can't find file '/Game/BluePrints/Bp_SplinePath'
[2022.09.20-03.40.27:787][363]LogLinker: Warning: Can't find file for asset '/Game/BluePrints/Bp_SplinePath' while loading ../../../../../Users/Waifs/OneDrive/Documents/Unreal Projects/GAM303/Content/BluePrints/Bp_Meteor.uasset.
[2022.09.20-03.40.27:791][363]LoadErrors: Error: /Game/BluePrints/Bp_Meteor : Can't find file for asset. /Game/BluePrints/Bp_SplinePath
[2022.09.20-03.40.27:948][363]LogLinker: Warning: Can't find file '/Game/BluePrints/Bp_SplinePath'
[2022.09.20-03.40.27:948][363]LogLinker: Warning: Can't find file for asset '/Game/BluePrints/Bp_SplinePath' while loading ../../../../../Users/Waifs/OneDrive/Documents/Unreal Projects/GAM303/Content/BluePrints/Bp_Meteor.uasset.
[2022.09.20-03.40.27:958][363]LogLinker: Warning: Can't find file '/Game/BluePrints/Bp_SplinePath'
[2022.09.20-03.40.27:958][363]LogLinker: Warning: Can't find file for asset '/Game/BluePrints/Bp_SplinePath' while loading NULL.
[2022.09.20-03.40.27:958][363]LogLinker: Warning: Can't find file '/Game/BluePrints/Bp_SplinePath'
[2022.09.20-03.40.27:958][363]LogLinker: Warning: Can't find file for asset '/Game/BluePrints/Bp_SplinePath' while loading NULL.
[2022.09.20-03.40.27:958][363]LogLinker: Warning: Can't find file '/Game/BluePrints/Bp_SplinePath'
[2022.09.20-03.40.27:959][363]LogLinker: Warning: Can't find file for asset '/Game/BluePrints/Bp_SplinePath' while loading NULL.
[2022.09.20-03.40.27:971][363]LogLinker: Warning: Can't find file '/Game/BluePrints/Bp_SplinePath'
[2022.09.20-03.40.27:973][363]LoadErrors: Failed to load /Game/BluePrints/Bp_SplinePath.Bp_SplinePath_C Referenced by K2Node_VariableGet_1682
[2022.09.20-03.40.27:973][363]LogLinker: Warning: Can't find file for asset '/Game/BluePrints/Bp_SplinePath' while loading NULL.
[2022.09.20-03.40.27:973][363]LogLinker: Warning: Can't find file '/Game/BluePrints/Bp_SplinePath'
[2022.09.20-03.40.27:973][363]LogLinker: Warning: Can't find file for asset '/Game/BluePrints/Bp_SplinePath' while loading NULL.
[2022.09.20-03.40.27:973][363]LogLinker: Warning: Can't find file '/Game/BluePrints/Bp_SplinePath'
[2022.09.20-03.40.27:974][363]LoadErrors: Failed to load /Game/BluePrints/Bp_SplinePath.Bp_SplinePath_C Referenced by K2Node_VariableGet_1705
[2022.09.20-03.40.27:974][363]LogLinker: Warning: Can't find file for asset '/Game/BluePrints/Bp_SplinePath' while loading NULL.
[2022.09.20-03.40.27:974][363]LogLinker: Warning: Can't find file '/Game/BluePrints/Bp_SplinePath'
[2022.09.20-03.40.27:974][363]LogLinker: Warning: Can't find file for asset '/Game/BluePrints/Bp_SplinePath' while loading NULL.
[2022.09.20-03.40.28:002][363]LogBlueprint: Warning: [Compiler Bp_Meteor] Get : 'Spline' variable not found. Base class was probably changed. /Game/BluePrints/Bp_Meteor.Bp_Meteor
[2022.09.20-03.40.28:003][363]LogBlueprint: Warning: [Compiler Bp_Meteor] Get : 'Spline' variable not found. Base class was probably changed. /Game/BluePrints/Bp_Meteor.Bp_Meteor
[2022.09.20-03.40.28:022][363]LogBlueprint: Warning: [Compiler Bp_Meteor] Could not find a variable named "Spline" in 'Bp_Meteor'.
Make sure 'Bp_Meteor' has been compiled for  Get Spline
[2022.09.20-03.40.28:022][363]LogBlueprint: Warning: [Compiler Bp_Meteor] Could not find a variable named "Spline" in 'Bp_Meteor'.
Make sure 'Bp_Meteor' has been compiled for  Get Spline
[2022.09.20-03.40.28:025][363]LogBlueprint: Error: [Compiler Bp_Meteor] This blueprint (self) is not compatible with ' Target ', therefore that pin must have a connection.
[2022.09.20-03.40.28:026][363]LogBlueprint: Error: [Compiler Bp_Meteor] This blueprint (self) is not compatible with ' Target ', therefore that pin must have a connection.
[2022.09.20-03.40.28:027][363]LogBlueprint: Error: [Compiler Bp_Meteor] The property associated with  Spline  could not be found
[2022.09.20-03.40.28:027][363]LogBlueprint: Error: [Compiler Bp_Meteor] The property associated with  Spline  could not be found
[2022.09.20-03.40.28:037][363]LogBlueprint: Warning: [Compiler Bp_Meteor] [0049.60] Compile of Bp_Meteor failed. 4 Fatal Issue(s) 4 Warning(s) [in 56 ms] (/Game/BluePrints/Bp_Meteor.Bp_Meteor)
[2022.09.20-03.40.29:042][363]LogSlate: Took 0.000758 seconds to synchronously load lazily loaded font '../../../Engine/Content/Slate/Fonts/Roboto-Regular.ttf' (155K)
[2022.09.20-03.40.29:262][363]LogContentBrowser: Native class hierarchy updated for 'BlueprintGraph' in 0.0050 seconds. Added 116 classes and 0 folders.
[2022.09.20-03.40.31:162][363]LogSlate: Took 0.004074 seconds to synchronously load lazily loaded font '../../../Engine/Content/Editor/Slate/Fonts/Roboto-BoldCondensed.ttf' (158K)
[2022.09.20-03.40.32:675][364]LogSlate: Took 0.012229 seconds to synchronously load lazily loaded font '../../../Engine/Content/Editor/Slate/Fonts/Roboto-Italic.ttf' (157K)
[2022.09.20-03.40.34:736][385]LogD3D11RHI: Timed out while waiting for GPU to catch up. (0.5 s)
[2022.09.20-03.41.38:307][380]LogRenderer: Reallocating scene render targets to support 1084x532 Format 10 NumSamples 1 (Frame:1).
[2022.09.20-03.43.01:930][157]LogSlate: Took 0.003809 seconds to synchronously load lazily loaded font '../../../Engine/Content/Editor/Slate/Fonts/Roboto-BoldCondensedItalic.ttf' (160K)
[2022.09.20-03.43.04:743][309]BlueprintLog: New page: Compile Bp_Meteor
[2022.09.20-03.43.07:196][369]Cmd: OBJ SAVEPACKAGE PACKAGE="/Game/BluePrints/Bp_Meteor" FILE="../../../../../Users/Waifs/OneDrive/Documents/Unreal Projects/GAM303/Content/BluePrints/Bp_Meteor.uasset" SILENT=true
[2022.09.20-03.43.07:292][369]LogSavePackage: Save=52.55ms
[2022.09.20-03.43.07:292][369]LogSavePackage: Moving '../../../../../Users/Waifs/OneDrive/Documents/Unreal Projects/GAM303/Saved/Bp_Meteor283A8EEC44215D304DCC14B1ABFA5510.tmp' to '../../../../../Users/Waifs/OneDrive/Documents/Unreal Projects/GAM303/Content/BluePrints/Bp_Meteor.uasset'
[2022.09.20-03.43.07:308][369]LogSavePackage: Display: Finished SavePackage ../../../../../Users/Waifs/OneDrive/Documents/Unreal Projects/GAM303/Content/BluePrints/Bp_Meteor.uasset
[2022.09.20-03.44.27:888][489]Cmd: OBJ SAVEPACKAGE PACKAGE="/Game/BluePrints/Bp_Meteor" FILE="../../../../../Users/Waifs/OneDrive/Documents/Unreal Projects/GAM303/Content/BluePrints/Bp_Meteor.uasset" SILENT=true
[2022.09.20-03.44.27:995][489]LogSavePackage: Save=68.39ms
[2022.09.20-03.44.27:995][489]LogSavePackage: Moving '../../../../../Users/Waifs/OneDrive/Documents/Unreal Projects/GAM303/Saved/Bp_MeteorC8CD986C4AAA536AF2CA58B65234B8B4.tmp' to '../../../../../Users/Waifs/OneDrive/Documents/Unreal Projects/GAM303/Content/BluePrints/Bp_Meteor.uasset'
[2022.09.20-03.44.28:012][489]LogSavePackage: Display: Finished SavePackage ../../../../../Users/Waifs/OneDrive/Documents/Unreal Projects/GAM303/Content/BluePrints/Bp_Meteor.uasset
[2022.09.20-03.44.56:838][368]LogClass: Warning: In asset 'None', there is an enum property of type 'EInterpToBehaviourType' with an invalid value of ''
[2022.09.20-03.44.56:839][368]LogClass: Warning: In asset 'None', there is an enum property of type 'EInterpToBehaviourType' with an invalid value of ''
[2022.09.20-03.48.18:177][807]LogClass: Warning: Type mismatch in NewVar_0 of SKEL_Bp_Meteor_C - Previous (StructProperty) Current(FloatProperty) for package:  FObjectReader
[2022.09.20-03.48.22:241][ 40]BlueprintLog: New page: Compile Bp_Meteor
[2022.09.20-03.48.22:306][ 40]LogBlueprint: Warning: [Compiler Bp_Meteor] Can't parse default value '(X=0.000000,Y=0.000000,Z=0.000000)' for  Location 2 . Property: Location2.
[2022.09.20-03.48.23:376][ 40]LogBlueprint: Warning: [Compiler Bp_Meteor] [0524.93] Compile of Bp_Meteor successful, but with 1 Warning(s) [in 1,130 ms] (/Game/BluePrints/Bp_Meteor.Bp_Meteor)
[2022.09.20-03.48.24:037][ 71]Cmd: OBJ SAVEPACKAGE PACKAGE="/Game/BluePrints/Bp_Meteor" FILE="../../../../../Users/Waifs/OneDrive/Documents/Unreal Projects/GAM303/Content/BluePrints/Bp_Meteor.uasset" SILENT=true
[2022.09.20-03.48.24:169][ 71]LogSavePackage: Save=78.05ms
[2022.09.20-03.48.24:169][ 71]LogSavePackage: Moving '../../../../../Users/Waifs/OneDrive/Documents/Unreal Projects/GAM303/Saved/Bp_Meteor2DDB930D4AAAEA8D0583DC904D416DDF.tmp' to '../../../../../Users/Waifs/OneDrive/Documents/Unreal Projects/GAM303/Content/BluePrints/Bp_Meteor.uasset'
[2022.09.20-03.48.24:190][ 71]LogSavePackage: Display: Finished SavePackage ../../../../../Users/Waifs/OneDrive/Documents/Unreal Projects/GAM303/Content/BluePrints/Bp_Meteor.uasset
[2022.09.20-03.49.40:822][547]BlueprintLog: New page: Compile Bp_Meteor
[2022.09.20-03.49.43:379][609]Cmd: OBJ SAVEPACKAGE PACKAGE="/Game/BluePrints/Bp_Meteor" FILE="../../../../../Users/Waifs/OneDrive/Documents/Unreal Projects/GAM303/Content/BluePrints/Bp_Meteor.uasset" SILENT=true
[2022.09.20-03.49.43:468][609]LogSavePackage: Save=64.06ms
[2022.09.20-03.49.43:468][609]LogSavePackage: Moving '../../../../../Users/Waifs/OneDrive/Documents/Unreal Projects/GAM303/Saved/Bp_Meteor936863274142E987ED2637AB91D78FDC.tmp' to '../../../../../Users/Waifs/OneDrive/Documents/Unreal Projects/GAM303/Content/BluePrints/Bp_Meteor.uasset'
[2022.09.20-03.49.43:479][609]LogSavePackage: Display: Finished SavePackage ../../../../../Users/Waifs/OneDrive/Documents/Unreal Projects/GAM303/Content/BluePrints/Bp_Meteor.uasset
[2022.09.20-03.50.16:479][779]LogEditorViewport: Clicking on Actor (LMB): Landscape (Landscape)
[2022.09.20-03.50.16:591][779]LogEditorViewport: Clicking on Actor (double click): Landscape (Landscape)
[2022.09.20-03.50.18:240][837]LogEditorViewport: Clicking on Actor (LMB): Bp_Meteor_C (Bp_Meteor)
[2022.09.20-03.50.44:607][294]LogSlate: Took 0.004047 seconds to synchronously load lazily loaded font '../../../Engine/Content/Slate/Fonts/Roboto-Light.ttf' (159K)
[2022.09.20-03.50.55:754][438]LogSavePackage: Save=1685.74ms
[2022.09.20-03.50.55:757][438]LogSavePackage: Moving '../../../../../Users/Waifs/OneDrive/Documents/Unreal Projects/GAM303/Saved/ThirdPersonExampleMap_Auto1C5740A57492D2970946920BCA728073D.tmp' to '../../../../../Users/Waifs/OneDrive/Documents/Unreal Projects/GAM303/Saved/Autosaves/Game/ThirdPersonBP/Maps/ThirdPersonExampleMap_Auto1.umap'
[2022.09.20-03.50.55:766][438]LogSavePackage: Display: Finished SavePackage ../../../../../Users/Waifs/OneDrive/Documents/Unreal Projects/GAM303/Saved/Autosaves/Game/ThirdPersonBP/Maps/ThirdPersonExampleMap_Auto1.umap
[2022.09.20-03.50.55:817][438]LogFileHelpers: Editor autosave (incl. sublevels) for '/Game/ThirdPersonBP/Maps/ThirdPersonExampleMap' took 2.435
[2022.09.20-03.50.55:817][438]LogFileHelpers: Editor autosave (incl. sublevels) for all levels took 2.435
[2022.09.20-03.50.56:981][469]LogEditorViewport: Clicking on Actor (LMB): Landscape (Landscape)
[2022.09.20-03.51.03:653][673]LogEditorViewport: Clicking on Actor (LMB): Bp_Meteor_C (Bp_Meteor)
[2022.09.20-03.51.17:057][181]LogEditorViewport: Clicking on Actor (LMB): Landscape (Landscape)
[2022.09.20-03.51.18:021][212]LogEditorViewport: Clicking on Actor (LMB): Bp_Meteor_C (Bp_Meteor)
[2022.09.20-03.51.45:995][392]LogEditorViewport: Clicking on Actor (LMB): Landscape (Landscape)
[2022.09.20-03.52.11:523][534]LogEditorViewport: Clicking on Actor (LMB): Bp_Meteor_C (Bp_Meteor)
[2022.09.20-03.52.34:024][394]LogTemp: Repeating last play command: Selected Viewport
[2022.09.20-03.52.34:424][394]LogBlueprintUserMessages: Early PlayInEditor Detection: Level '/Game/ThirdPersonBP/Maps/ThirdPersonExampleMap.ThirdPersonExampleMap:PersistentLevel' has LevelScriptBlueprint '/Game/ThirdPersonBP/Maps/ThirdPersonExampleMap.ThirdPersonExampleMap:PersistentLevel.ThirdPersonExampleMap' with GeneratedClass '/Game/ThirdPersonBP/Maps/ThirdPersonExampleMap.ThirdPersonExampleMap_C' with ClassGeneratedBy '/Game/ThirdPersonBP/Maps/ThirdPersonExampleMap.ThirdPersonExampleMap:PersistentLevel.ThirdPersonExampleMap'
[2022.09.20-03.52.34:430][394]LogPlayLevel: PlayLevel: No blueprints needed recompiling
[2022.09.20-03.52.34:461][394]PIE: New page: PIE session: ThirdPersonExampleMap (Sep 19, 2022, 5:52:34 PM)
[2022.09.20-03.52.34:465][394]LogPlayLevel: Creating play world package: /Game/ThirdPersonBP/Maps/UEDPIE_0_ThirdPersonExampleMap
[2022.09.20-03.52.34:652][394]LogPlayLevel: PIE: StaticDuplicateObject took: (0.183838s)
[2022.09.20-03.52.34:684][394]LogAIModule: Creating AISystem for world ThirdPersonExampleMap
[2022.09.20-03.52.34:699][394]LogPlayLevel: PIE: World Init took: (0.046943s)
[2022.09.20-03.52.34:709][394]LogPlayLevel: PIE: Created PIE world by copying editor world from /Game/ThirdPersonBP/Maps/ThirdPersonExampleMap.ThirdPersonExampleMap to /Game/ThirdPersonBP/Maps/UEDPIE_0_ThirdPersonExampleMap.ThirdPersonExampleMap (0.244115s)
[2022.09.20-03.52.35:260][394]LogInit: XAudio2 using 'Speakers (Realtek(R) Audio)' : 2 channels at 48 kHz using 32 bits per sample (channel mask 0x3)
[2022.09.20-03.52.35:474][394]LogInit: FAudioDevice initialized.
[2022.09.20-03.52.37:839][394]LogLoad: Game class is 'ThirdPersonGameMode_C'
[2022.09.20-03.52.37:901][394]LogWorld: Bringing World /Game/ThirdPersonBP/Maps/UEDPIE_0_ThirdPersonExampleMap.ThirdPersonExampleMap up for play (max tick rate 60) at 2022.09.19-22.52.37
[2022.09.20-03.52.37:905][394]LogWorld: Bringing up level for play took: 0.047422
[2022.09.20-03.52.38:170][394]LogContentBrowser: Native class hierarchy updated for 'MovieSceneCapture' in 0.0092 seconds. Added 11 classes and 0 folders.
[2022.09.20-03.52.38:185][394]PIE: Play in editor start time for /Game/ThirdPersonBP/Maps/UEDPIE_0_ThirdPersonExampleMap 3.967
[2022.09.20-03.52.38:186][394]LogBlueprintUserMessages: Late PlayInEditor Detection: Level '/Game/ThirdPersonBP/Maps/ThirdPersonExampleMap.ThirdPersonExampleMap:PersistentLevel' has LevelScriptBlueprint '/Game/ThirdPersonBP/Maps/ThirdPersonExampleMap.ThirdPersonExampleMap:PersistentLevel.ThirdPersonExampleMap' with GeneratedClass '/Game/ThirdPersonBP/Maps/ThirdPersonExampleMap.ThirdPersonExampleMap_C' with ClassGeneratedBy '/Game/ThirdPersonBP/Maps/ThirdPersonExampleMap.ThirdPersonExampleMap:PersistentLevel.ThirdPersonExampleMap'
[2022.09.20-03.52.41:260][479]LogBlueprintUserMessages: Early EndPlayMap Detection: Level '/Game/ThirdPersonBP/Maps/ThirdPersonExampleMap.ThirdPersonExampleMap:PersistentLevel' has LevelScriptBlueprint '/Game/ThirdPersonBP/Maps/ThirdPersonExampleMap.ThirdPersonExampleMap:PersistentLevel.ThirdPersonExampleMap' with GeneratedClass '/Game/ThirdPersonBP/Maps/ThirdPersonExampleMap.ThirdPersonExampleMap_C' with ClassGeneratedBy '/Game/ThirdPersonBP/Maps/ThirdPersonExampleMap.ThirdPersonExampleMap:PersistentLevel.ThirdPersonExampleMap'
[2022.09.20-03.52.41:461][479]LogBlueprintUserMessages: Late EndPlayMap Detection: Level '/Game/ThirdPersonBP/Maps/ThirdPersonExampleMap.ThirdPersonExampleMap:PersistentLevel' has LevelScriptBlueprint '/Game/ThirdPersonBP/Maps/ThirdPersonExampleMap.ThirdPersonExampleMap:PersistentLevel.ThirdPersonExampleMap' with GeneratedClass '/Game/ThirdPersonBP/Maps/ThirdPersonExampleMap.ThirdPersonExampleMap_C' with ClassGeneratedBy '/Game/ThirdPersonBP/Maps/ThirdPersonExampleMap.ThirdPersonExampleMap:PersistentLevel.ThirdPersonExampleMap'
[2022.09.20-03.52.44:391][577]LogEditorViewport: Clicking on Actor (LMB): Bp_Meteor_C (Bp_Meteor)
[2022.09.20-03.52.51:527][852]LogTemp: Repeating last play command: Selected Viewport
[2022.09.20-03.52.51:566][852]LogBlueprintUserMessages: Early PlayInEditor Detection: Level '/Game/ThirdPersonBP/Maps/ThirdPersonExampleMap.ThirdPersonExampleMap:PersistentLevel' has LevelScriptBlueprint '/Game/ThirdPersonBP/Maps/ThirdPersonExampleMap.ThirdPersonExampleMap:PersistentLevel.ThirdPersonExampleMap' with GeneratedClass '/Game/ThirdPersonBP/Maps/ThirdPersonExampleMap.ThirdPersonExampleMap_C' with ClassGeneratedBy '/Game/ThirdPersonBP/Maps/ThirdPersonExampleMap.ThirdPersonExampleMap:PersistentLevel.ThirdPersonExampleMap'
[2022.09.20-03.52.51:566][852]LogPlayLevel: PlayLevel: No blueprints needed recompiling
[2022.09.20-03.52.51:568][852]PIE: New page: PIE session: ThirdPersonExampleMap (Sep 19, 2022, 5:52:51 PM)
[2022.09.20-03.52.51:569][852]LogPlayLevel: Creating play world package: /Game/ThirdPersonBP/Maps/UEDPIE_0_ThirdPersonExampleMap
[2022.09.20-03.52.51:617][852]LogPlayLevel: PIE: StaticDuplicateObject took: (0.047504s)
[2022.09.20-03.52.51:628][852]LogAIModule: Creating AISystem for world ThirdPersonExampleMap
[2022.09.20-03.52.51:628][852]LogPlayLevel: PIE: World Init took: (0.011401s)
[2022.09.20-03.52.51:629][852]LogPlayLevel: PIE: Created PIE world by copying editor world from /Game/ThirdPersonBP/Maps/ThirdPersonExampleMap.ThirdPersonExampleMap to /Game/ThirdPersonBP/Maps/UEDPIE_0_ThirdPersonExampleMap.ThirdPersonExampleMap (0.059683s)
[2022.09.20-03.52.51:664][852]LogInit: XAudio2 using 'Speakers (Realtek(R) Audio)' : 2 channels at 48 kHz using 32 bits per sample (channel mask 0x3)
[2022.09.20-03.52.51:700][852]LogInit: FAudioDevice initialized.
[2022.09.20-03.52.51:736][852]LogLoad: Game class is 'ThirdPersonGameMode_C'
[2022.09.20-03.52.51:743][852]LogWorld: Bringing World /Game/ThirdPersonBP/Maps/UEDPIE_0_ThirdPersonExampleMap.ThirdPersonExampleMap up for play (max tick rate 60) at 2022.09.19-22.52.51
[2022.09.20-03.52.51:744][852]LogWorld: Bringing up level for play took: 0.007317
[2022.09.20-03.52.51:748][852]PIE: Play in editor start time for /Game/ThirdPersonBP/Maps/UEDPIE_0_ThirdPersonExampleMap -0.469
[2022.09.20-03.52.51:749][852]LogBlueprintUserMessages: Late PlayInEditor Detection: Level '/Game/ThirdPersonBP/Maps/ThirdPersonExampleMap.ThirdPersonExampleMap:PersistentLevel' has LevelScriptBlueprint '/Game/ThirdPersonBP/Maps/ThirdPersonExampleMap.ThirdPersonExampleMap:PersistentLevel.ThirdPersonExampleMap' with GeneratedClass '/Game/ThirdPersonBP/Maps/ThirdPersonExampleMap.ThirdPersonExampleMap_C' with ClassGeneratedBy '/Game/ThirdPersonBP/Maps/ThirdPersonExampleMap.ThirdPersonExampleMap:PersistentLevel.ThirdPersonExampleMap'
[2022.09.20-03.52.58:889][188]LogBlueprintUserMessages: Early EndPlayMap Detection: Level '/Game/ThirdPersonBP/Maps/ThirdPersonExampleMap.ThirdPersonExampleMap:PersistentLevel' has LevelScriptBlueprint '/Game/ThirdPersonBP/Maps/ThirdPersonExampleMap.ThirdPersonExampleMap:PersistentLevel.ThirdPersonExampleMap' with GeneratedClass '/Game/ThirdPersonBP/Maps/ThirdPersonExampleMap.ThirdPersonExampleMap_C' with ClassGeneratedBy '/Game/ThirdPersonBP/Maps/ThirdPersonExampleMap.ThirdPersonExampleMap:PersistentLevel.ThirdPersonExampleMap'
[2022.09.20-03.52.58:962][188]LogBlueprintUserMessages: Late EndPlayMap Detection: Level '/Game/ThirdPersonBP/Maps/ThirdPersonExampleMap.ThirdPersonExampleMap:PersistentLevel' has LevelScriptBlueprint '/Game/ThirdPersonBP/Maps/ThirdPersonExampleMap.ThirdPersonExampleMap:PersistentLevel.ThirdPersonExampleMap' with GeneratedClass '/Game/ThirdPersonBP/Maps/ThirdPersonExampleMap.ThirdPersonExampleMap_C' with ClassGeneratedBy '/Game/ThirdPersonBP/Maps/ThirdPersonExampleMap.ThirdPersonExampleMap:PersistentLevel.ThirdPersonExampleMap'
[2022.09.20-03.53.00:638][257]LogEditorViewport: Clicking on Actor (LMB): Bp_Meteor_C (Bp_Meteor)
[2022.09.20-03.53.05:691][461]LogTemp: Repeating last play command: Selected Viewport
[2022.09.20-03.53.05:717][461]LogBlueprintUserMessages: Early PlayInEditor Detection: Level '/Game/ThirdPersonBP/Maps/ThirdPersonExampleMap.ThirdPersonExampleMap:PersistentLevel' has LevelScriptBlueprint '/Game/ThirdPersonBP/Maps/ThirdPersonExampleMap.ThirdPersonExampleMap:PersistentLevel.ThirdPersonExampleMap' with GeneratedClass '/Game/ThirdPersonBP/Maps/ThirdPersonExampleMap.ThirdPersonExampleMap_C' with ClassGeneratedBy '/Game/ThirdPersonBP/Maps/ThirdPersonExampleMap.ThirdPersonExampleMap:PersistentLevel.ThirdPersonExampleMap'
[2022.09.20-03.53.05:717][461]LogPlayLevel: PlayLevel: No blueprints needed recompiling
[2022.09.20-03.53.05:718][461]PIE: New page: PIE session: ThirdPersonExampleMap (Sep 19, 2022, 5:53:05 PM)
[2022.09.20-03.53.05:718][461]LogPlayLevel: Creating play world package: /Game/ThirdPersonBP/Maps/UEDPIE_0_ThirdPersonExampleMap
[2022.09.20-03.53.05:758][461]LogPlayLevel: PIE: StaticDuplicateObject took: (0.039441s)
[2022.09.20-03.53.05:759][461]LogAIModule: Creating AISystem for world ThirdPersonExampleMap
[2022.09.20-03.53.05:760][461]LogPlayLevel: PIE: World Init took: (0.002125s)
[2022.09.20-03.53.05:760][461]LogPlayLevel: PIE: Created PIE world by copying editor world from /Game/ThirdPersonBP/Maps/ThirdPersonExampleMap.ThirdPersonExampleMap to /Game/ThirdPersonBP/Maps/UEDPIE_0_ThirdPersonExampleMap.ThirdPersonExampleMap (0.042161s)
[2022.09.20-03.53.05:787][461]LogInit: XAudio2 using 'Speakers (Realtek(R) Audio)' : 2 channels at 48 kHz using 32 bits per sample (channel mask 0x3)
[2022.09.20-03.53.05:821][461]LogInit: FAudioDevice initialized.
[2022.09.20-03.53.05:861][461]LogLoad: Game class is 'ThirdPersonGameMode_C'
[2022.09.20-03.53.05:867][461]LogWorld: Bringing World /Game/ThirdPersonBP/Maps/UEDPIE_0_ThirdPersonExampleMap.ThirdPersonExampleMap up for play (max tick rate 60) at 2022.09.19-22.53.05
[2022.09.20-03.53.05:868][461]LogWorld: Bringing up level for play took: 0.005554
[2022.09.20-03.53.05:870][461]PIE: Play in editor start time for /Game/ThirdPersonBP/Maps/UEDPIE_0_ThirdPersonExampleMap -0.347
[2022.09.20-03.53.05:870][461]LogBlueprintUserMessages: Late PlayInEditor Detection: Level '/Game/ThirdPersonBP/Maps/ThirdPersonExampleMap.ThirdPersonExampleMap:PersistentLevel' has LevelScriptBlueprint '/Game/ThirdPersonBP/Maps/ThirdPersonExampleMap.ThirdPersonExampleMap:PersistentLevel.ThirdPersonExampleMap' with GeneratedClass '/Game/ThirdPersonBP/Maps/ThirdPersonExampleMap.ThirdPersonExampleMap_C' with ClassGeneratedBy '/Game/ThirdPersonBP/Maps/ThirdPersonExampleMap.ThirdPersonExampleMap:PersistentLevel.ThirdPersonExampleMap'
[2022.09.20-03.53.09:839][638]LogBlueprintUserMessages: Early EndPlayMap Detection: Level '/Game/ThirdPersonBP/Maps/ThirdPersonExampleMap.ThirdPersonExampleMap:PersistentLevel' has LevelScriptBlueprint '/Game/ThirdPersonBP/Maps/ThirdPersonExampleMap.ThirdPersonExampleMap:PersistentLevel.ThirdPersonExampleMap' with GeneratedClass '/Game/ThirdPersonBP/Maps/ThirdPersonExampleMap.ThirdPersonExampleMap_C' with ClassGeneratedBy '/Game/ThirdPersonBP/Maps/ThirdPersonExampleMap.ThirdPersonExampleMap:PersistentLevel.ThirdPersonExampleMap'
[2022.09.20-03.53.09:930][638]LogBlueprintUserMessages: Late EndPlayMap Detection: Level '/Game/ThirdPersonBP/Maps/ThirdPersonExampleMap.ThirdPersonExampleMap:PersistentLevel' has LevelScriptBlueprint '/Game/ThirdPersonBP/Maps/ThirdPersonExampleMap.ThirdPersonExampleMap:PersistentLevel.ThirdPersonExampleMap' with GeneratedClass '/Game/ThirdPersonBP/Maps/ThirdPersonExampleMap.ThirdPersonExampleMap_C' with ClassGeneratedBy '/Game/ThirdPersonBP/Maps/ThirdPersonExampleMap.ThirdPersonExampleMap:PersistentLevel.ThirdPersonExampleMap'
[2022.09.20-03.53.13:319][712]LogEditorViewport: Clicking on Actor (LMB): Bp_Meteor_C (Bp_Meteor)
[2022.09.20-03.54.43:793][940]BlueprintLog: New page: Compile Bp_Meteor
[2022.09.20-03.54.43:855][940]LogBlueprint: Warning: [Compiler Bp_Meteor] Can't parse default value '(X=0.000000,Y=0.000000,Z=0.000000)' for  Location 6 . Property: Location6.
[2022.09.20-03.54.43:855][940]LogBlueprint: Warning: [Compiler Bp_Meteor] Can't parse default value '(X=0.000000,Y=0.000000,Z=0.000000)' for  Location 5 . Property: Location5.
[2022.09.20-03.54.43:855][940]LogBlueprint: Warning: [Compiler Bp_Meteor] Can't parse default value '(X=0.000000,Y=0.000000,Z=0.000000)' for  Location 4 . Property: Location4.
[2022.09.20-03.54.43:855][940]LogBlueprint: Warning: [Compiler Bp_Meteor] Can't parse default value '(X=0.000000,Y=0.000000,Z=0.000000)' for  Location 3 . Property: Location3.
[2022.09.20-03.54.44:523][940]LogBlueprint: Warning: [Compiler Bp_Meteor] [0906.08] Compile of Bp_Meteor successful, but with 4 Warning(s) [in 728 ms] (/Game/BluePrints/Bp_Meteor.Bp_Meteor)
[2022.09.20-03.54.45:583][982]Cmd: OBJ SAVEPACKAGE PACKAGE="/Game/BluePrints/Bp_Meteor" FILE="../../../../../Users/Waifs/OneDrive/Documents/Unreal Projects/GAM303/Content/BluePrints/Bp_Meteor.uasset" SILENT=true
[2022.09.20-03.54.45:697][982]LogSavePackage: Save=71.12ms
[2022.09.20-03.54.45:697][982]LogSavePackage: Moving '../../../../../Users/Waifs/OneDrive/Documents/Unreal Projects/GAM303/Saved/Bp_Meteor6BBDD43C40318CF2E7A8B8A8B3053272.tmp' to '../../../../../Users/Waifs/OneDrive/Documents/Unreal Projects/GAM303/Content/BluePrints/Bp_Meteor.uasset'
[2022.09.20-03.54.45:710][982]LogSavePackage: Display: Finished SavePackage ../../../../../Users/Waifs/OneDrive/Documents/Unreal Projects/GAM303/Content/BluePrints/Bp_Meteor.uasset
[2022.09.20-03.54.52:299][361]BlueprintLog: New page: Compile Bp_Meteor
[2022.09.20-03.54.53:220][391]Cmd: OBJ SAVEPACKAGE PACKAGE="/Game/BluePrints/Bp_Meteor" FILE="../../../../../Users/Waifs/OneDrive/Documents/Unreal Projects/GAM303/Content/BluePrints/Bp_Meteor.uasset" SILENT=true
[2022.09.20-03.54.53:266][391]LogSavePackage: Save=38.59ms
[2022.09.20-03.54.53:266][391]LogSavePackage: Moving '../../../../../Users/Waifs/OneDrive/Documents/Unreal Projects/GAM303/Saved/Bp_Meteor152AD2EE4612F4ACF17795AFB2A26155.tmp' to '../../../../../Users/Waifs/OneDrive/Documents/Unreal Projects/GAM303/Content/BluePrints/Bp_Meteor.uasset'
[2022.09.20-03.54.53:268][391]LogSavePackage: Display: Finished SavePackage ../../../../../Users/Waifs/OneDrive/Documents/Unreal Projects/GAM303/Content/BluePrints/Bp_Meteor.uasset
[2022.09.20-03.55.10:314][104]LogEditorViewport: Clicking on Actor (context menu): Landscape (Landscape)
[2022.09.20-03.55.11:423][133]LogEditorViewport: Clicking on Actor (LMB): Landscape (Landscape)
[2022.09.20-03.55.12:831][188]LogEditorViewport: Clicking on Actor (LMB): Landscape (Landscape)
[2022.09.20-03.55.13:355][207]LogEditorViewport: Clicking on Actor (LMB): Bp_Meteor_C (Bp_Meteor)
[2022.09.20-03.55.55:514][910]LogAIModule: Creating AISystem for world Module3
[2022.09.20-03.55.58:013][910]LogSavePackage: Save=338.30ms
[2022.09.20-03.55.58:013][910]LogSavePackage: Moving '../../../../../Users/Waifs/OneDrive/Documents/Unreal Projects/GAM303/Saved/ThirdPersonExampleMap9B91862A451A617B1A6E9C966E240D0E.tmp' to '../../../../../Users/Waifs/OneDrive/Documents/Unreal Projects/GAM303/Content/ThirdPersonBP/Maps/ThirdPersonExampleMap.umap'
[2022.09.20-03.55.58:023][910]LogSavePackage: Display: Finished SavePackage ../../../../../Users/Waifs/OneDrive/Documents/Unreal Projects/GAM303/Content/ThirdPersonBP/Maps/ThirdPersonExampleMap.umap
[2022.09.20-03.55.58:064][910]LogFileHelpers: Saving map 'ThirdPersonExampleMap' took 0.952
[2022.09.20-03.55.58:077][910]Cmd: MAP LOAD FILE="../../../../../Users/Waifs/OneDrive/Documents/Unreal Projects/GAM303/Content/Levels/Module3.umap" TEMPLATE=0 SHOWPROGRESS=1 FEATURELEVEL=3
[2022.09.20-03.55.58:078][910]LightingResults: New page: Lighting Build
[2022.09.20-03.55.58:085][910]LoadErrors: New page: Loading map: Module3.umap
[2022.09.20-03.55.58:096][910]MapCheck: New page: Map Check
[2022.09.20-03.55.58:096][910]LightingResults: New page: Lighting Build
[2022.09.20-03.55.58:493][910]LogEditorServer: Finished looking for orphan Actors (0.000 secs)
[2022.09.20-03.55.58:583][910]Cmd: MAP CHECKDEP NOCLEARLOG
[2022.09.20-03.55.58:707][910]MapCheck: Map check complete: 0 Error(s), 0 Warning(s), took 120.364ms to complete.
[2022.09.20-03.55.58:710][910]LogFileHelpers: Loading map 'Module3' took 0.645
[2022.09.20-03.56.12:689][503]LogEditorViewport: Clicking on Actor (LMB): Bp_Meteor_C (Bp_Meteor)
[2022.09.20-03.56.30:006][336]LogEditorViewport: Clicking on Actor (context menu): Landscape (Landscape)
[2022.09.20-03.56.30:878][346]LogEditorViewport: Clicking on Actor (LMB): Landscape (Landscape)
[2022.09.20-03.56.41:472][903]LogEditorViewport: Clicking on Actor (context menu): Landscape (Landscape)
[2022.09.20-03.57.02:051][890]LogEditorViewport: Clicking on Actor (LMB): Landscape (Landscape)
[2022.09.20-03.58.28:295][950]LogEditorViewport: Clicking on Actor (LMB): Bp_Meteor_C (Bp_Meteor)
[2022.09.20-03.58.57:632][430]LogEditorViewport: Clicking on Actor (LMB): Bp_Meteor_C (Bp_Meteor)
[2022.09.20-03.58.58:487][475]LogEditorViewport: Clicking on Actor (LMB): Bp_Meteor_C (Bp_Meteor)
[2022.09.20-03.59.07:335][948]LogEditorViewport: Clicking on Actor (LMB): Landscape (Landscape)
[2022.09.20-03.59.08:359][990]LogEditorViewport: Clicking on Actor (LMB): Landscape (Landscape)
[2022.09.20-03.59.09:043][ 24]LogEditorViewport: Clicking on Actor (LMB): Bp_Meteor_C (Bp_Meteor)
[2022.09.20-03.59.10:441][ 98]LogEditorViewport: Clicking on Actor (LMB): Landscape (Landscape)
[2022.09.20-03.59.11:349][146]LogEditorViewport: Clicking on Actor (LMB): Bp_Meteor_C (Bp_Meteor)
[2022.09.20-03.59.22:109][728]LogEditorViewport: Clicking on Actor (LMB): Landscape (Landscape)
[2022.09.20-03.59.23:021][774]LogEditorViewport: Clicking on Actor (LMB): Landscape (Landscape)
[2022.09.20-03.59.24:304][841]LogEditorViewport: Clicking on Actor (LMB): Bp_Meteor_C (Bp_Meteor)
[2022.09.20-03.59.28:724][ 70]LogEditorViewport: Clicking on Actor (LMB): Bp_Meteor_C (Bp_Meteor)
[2022.09.20-03.59.31:009][188]LogEditorViewport: Clicking on Actor (LMB): Bp_Meteor_C (Bp_Meteor)
[2022.09.20-03.59.51:679][261]LogEditorViewport: Clicking on Actor (LMB): Landscape (Landscape)
[2022.09.20-03.59.52:243][287]LogEditorViewport: Clicking on Actor (LMB): Bp_Meteor_C (Bp_Meteor)
[2022.09.20-04.00.00:320][715]LogEditorViewport: Clicking on Actor (LMB): Landscape (Landscape)
[2022.09.20-04.00.01:239][754]LogEditorViewport: Clicking on Actor (LMB): Bp_Meteor_C (Bp_Meteor)
[2022.09.20-04.00.08:849][136]LogEditorViewport: Clicking on Actor (LMB): Bp_Meteor_C (Bp_Meteor)
[2022.09.20-04.00.14:782][457]LogTemp: Repeating last play command: Selected Viewport
[2022.09.20-04.00.15:037][457]LogPlayLevel: PlayLevel: No blueprints needed recompiling
[2022.09.20-04.00.15:047][457]PIE: New page: PIE session: Module3 (Sep 19, 2022, 6:00:15 PM)
[2022.09.20-04.00.15:050][457]LogPlayLevel: Creating play world package: /Game/Levels/UEDPIE_0_Module3
[2022.09.20-04.00.15:180][457]LogPlayLevel: PIE: StaticDuplicateObject took: (0.130315s)
[2022.09.20-04.00.15:205][457]LogAIModule: Creating AISystem for world Module3
[2022.09.20-04.00.15:215][457]LogPlayLevel: PIE: World Init took: (0.034494s)
[2022.09.20-04.00.15:216][457]LogPlayLevel: PIE: Created PIE world by copying editor world from /Game/Levels/Module3.Module3 to /Game/Levels/UEDPIE_0_Module3.Module3 (0.167407s)
[2022.09.20-04.00.15:562][457]LogInit: XAudio2 using 'Speakers (Realtek(R) Audio)' : 2 channels at 48 kHz using 32 bits per sample (channel mask 0x3)
[2022.09.20-04.00.15:654][457]LogInit: FAudioDevice initialized.
[2022.09.20-04.00.15:726][457]LogLoad: Game class is 'ThirdPersonGameMode_C'
[2022.09.20-04.00.15:751][457]LogWorld: Bringing World /Game/Levels/UEDPIE_0_Module3.Module3 up for play (max tick rate 60) at 2022.09.19-23.00.15
[2022.09.20-04.00.15:757][457]LogWorld: Bringing up level for play took: 0.021832
[2022.09.20-04.00.15:834][457]PIE: Play in editor start time for /Game/Levels/UEDPIE_0_Module3 1.616
[2022.09.20-04.00.20:453][652]LogEditorViewport: Clicking on Actor (LMB): Bp_Meteor_C (Bp_Meteor)
[2022.09.20-04.00.30:783][122]LogTemp: Repeating last play command: Selected Viewport
[2022.09.20-04.00.30:806][122]LogPlayLevel: PlayLevel: No blueprints needed recompiling
[2022.09.20-04.00.30:807][122]PIE: New page: PIE session: Module3 (Sep 19, 2022, 6:00:30 PM)
[2022.09.20-04.00.30:807][122]LogPlayLevel: Creating play world package: /Game/Levels/UEDPIE_0_Module3
[2022.09.20-04.00.30:831][122]LogPlayLevel: PIE: StaticDuplicateObject took: (0.023809s)
[2022.09.20-04.00.30:834][122]LogAIModule: Creating AISystem for world Module3
[2022.09.20-04.00.30:835][122]LogPlayLevel: PIE: World Init took: (0.003040s)
[2022.09.20-04.00.30:835][122]LogPlayLevel: PIE: Created PIE world by copying editor world from /Game/Levels/Module3.Module3 to /Game/Levels/UEDPIE_0_Module3.Module3 (0.027799s)
[2022.09.20-04.00.30:876][122]LogInit: XAudio2 using 'Speakers (Realtek(R) Audio)' : 2 channels at 48 kHz using 32 bits per sample (channel mask 0x3)
[2022.09.20-04.00.30:918][122]LogInit: FAudioDevice initialized.
[2022.09.20-04.00.30:966][122]LogLoad: Game class is 'ThirdPersonGameMode_C'
[2022.09.20-04.00.30:972][122]LogWorld: Bringing World /Game/Levels/UEDPIE_0_Module3.Module3 up for play (max tick rate 60) at 2022.09.19-23.00.30
[2022.09.20-04.00.30:973][122]LogWorld: Bringing up level for play took: 0.005668
[2022.09.20-04.00.30:978][122]PIE: Play in editor start time for /Game/Levels/UEDPIE_0_Module3 0.761
[2022.09.20-04.00.45:991][830]LogEditorViewport: Clicking on Actor (LMB): Bp_Meteor_C (Bp_Meteor)
[2022.09.20-04.00.47:705][904]LogEditorViewport: Clicking on Actor (LMB): Landscape (Landscape)
[2022.09.20-04.00.48:479][931]LogEditorViewport: Clicking on Actor (LMB): Landscape (Landscape)
[2022.09.20-04.00.48:975][953]LogEditorViewport: Clicking on Actor (LMB): Bp_Meteor_C (Bp_Meteor)
[2022.09.20-04.00.56:297][307]LogTemp: Repeating last play command: Selected Viewport
[2022.09.20-04.00.56:316][307]LogPlayLevel: PlayLevel: No blueprints needed recompiling
[2022.09.20-04.00.56:317][307]PIE: New page: PIE session: Module3 (Sep 19, 2022, 6:00:56 PM)
[2022.09.20-04.00.56:317][307]LogPlayLevel: Creating play world package: /Game/Levels/UEDPIE_0_Module3
[2022.09.20-04.00.56:335][307]LogPlayLevel: PIE: StaticDuplicateObject took: (0.018475s)
[2022.09.20-04.00.56:337][307]LogAIModule: Creating AISystem for world Module3
[2022.09.20-04.00.56:338][307]LogPlayLevel: PIE: World Init took: (0.002361s)
[2022.09.20-04.00.56:339][307]LogPlayLevel: PIE: Created PIE world by copying editor world from /Game/Levels/Module3.Module3 to /Game/Levels/UEDPIE_0_Module3.Module3 (0.022014s)
[2022.09.20-04.00.56:376][307]LogInit: XAudio2 using 'Speakers (Realtek(R) Audio)' : 2 channels at 48 kHz using 32 bits per sample (channel mask 0x3)
[2022.09.20-04.00.56:422][307]LogInit: FAudioDevice initialized.
[2022.09.20-04.00.56:466][307]LogLoad: Game class is 'ThirdPersonGameMode_C'
[2022.09.20-04.00.56:472][307]LogWorld: Bringing World /Game/Levels/UEDPIE_0_Module3.Module3 up for play (max tick rate 60) at 2022.09.19-23.00.56
[2022.09.20-04.00.56:473][307]LogWorld: Bringing up level for play took: 0.004600
[2022.09.20-04.00.56:478][307]PIE: Play in editor start time for /Game/Levels/UEDPIE_0_Module3 0.261
[2022.09.20-04.01.16:684][285]Cmd: OBJ SAVEPACKAGE PACKAGE="/Game/Levels/Module3" FILE="../../../../../Users/Waifs/OneDrive/Documents/Unreal Projects/GAM303/Content/Levels/Module3.umap" SILENT=true AUTOSAVING=false KEEPDIRTY=false
[2022.09.20-04.01.17:129][285]LogSavePackage: Save=367.19ms
[2022.09.20-04.01.17:129][285]LogSavePackage: Moving '../../../../../Users/Waifs/OneDrive/Documents/Unreal Projects/GAM303/Saved/Module3BD3FD6C943E19BA19669DAB5BDF18463.tmp' to '../../../../../Users/Waifs/OneDrive/Documents/Unreal Projects/GAM303/Content/Levels/Module3.umap'
[2022.09.20-04.01.17:146][285]LogSavePackage: Display: Finished SavePackage ../../../../../Users/Waifs/OneDrive/Documents/Unreal Projects/GAM303/Content/Levels/Module3.umap
[2022.09.20-04.01.17:188][285]Cmd: OBJ SAVEPACKAGE PACKAGE="/Game/Levels/Module3_BuiltData" FILE="../../../../../Users/Waifs/OneDrive/Documents/Unreal Projects/GAM303/Content/Levels/Module3_BuiltData.uasset" SILENT=true
[2022.09.20-04.01.17:628][285]LogSavePackage: Save=412.71ms
[2022.09.20-04.01.17:628][285]LogSavePackage: Moving '../../../../../Users/Waifs/OneDrive/Documents/Unreal Projects/GAM303/Saved/Module3_BuiltDataFA793EDA47F50778FD60B29E071F5CE3.tmp' to '../../../../../Users/Waifs/OneDrive/Documents/Unreal Projects/GAM303/Content/Levels/Module3_BuiltData.uasset'
[2022.09.20-04.01.17:632][285]LogSavePackage: Display: Finished SavePackage ../../../../../Users/Waifs/OneDrive/Documents/Unreal Projects/GAM303/Content/Levels/Module3_BuiltData.uasset
[2022.09.20-04.01.23:486][596]LogEditorViewport: Clicking on Actor (LMB): Bp_Meteor_C (Bp_Meteor)
[2022.09.20-04.01.36:656][251]LogEditorViewport: Clicking on Actor (LMB): Landscape (Landscape)
[2022.09.20-04.01.38:209][329]LogEditorViewport: Clicking on Actor (LMB): Bp_Meteor_C (Bp_Meteor)
[2022.09.20-04.01.46:354][750]LogTemp: Repeating last play command: Selected Viewport
[2022.09.20-04.01.46:370][750]LogPlayLevel: PlayLevel: No blueprints needed recompiling
[2022.09.20-04.01.46:371][750]PIE: New page: PIE session: Module3 (Sep 19, 2022, 6:01:46 PM)
[2022.09.20-04.01.46:371][750]LogPlayLevel: Creating play world package: /Game/Levels/UEDPIE_0_Module3
[2022.09.20-04.01.46:389][750]LogPlayLevel: PIE: StaticDuplicateObject took: (0.018923s)
[2022.09.20-04.01.46:390][750]LogAIModule: Creating AISystem for world Module3
[2022.09.20-04.01.46:391][750]LogPlayLevel: PIE: World Init took: (0.001419s)
[2022.09.20-04.01.46:391][750]LogPlayLevel: PIE: Created PIE world by copying editor world from /Game/Levels/Module3.Module3 to /Game/Levels/UEDPIE_0_Module3.Module3 (0.020730s)
[2022.09.20-04.01.46:416][750]LogInit: XAudio2 using 'Speakers (Realtek(R) Audio)' : 2 channels at 48 kHz using 32 bits per sample (channel mask 0x3)
[2022.09.20-04.01.46:450][750]LogInit: FAudioDevice initialized.
[2022.09.20-04.01.46:491][750]LogLoad: Game class is 'ThirdPersonGameMode_C'
[2022.09.20-04.01.46:497][750]LogWorld: Bringing World /Game/Levels/UEDPIE_0_Module3.Module3 up for play (max tick rate 60) at 2022.09.19-23.01.46
[2022.09.20-04.01.46:498][750]LogWorld: Bringing up level for play took: 0.006493
[2022.09.20-04.01.46:501][750]PIE: Play in editor start time for /Game/Levels/UEDPIE_0_Module3 0.285
[2022.09.20-04.01.57:571][241]Cmd: OBJ SAVEPACKAGE PACKAGE="/Game/Levels/Module3" FILE="../../../../../Users/Waifs/OneDrive/Documents/Unreal Projects/GAM303/Content/Levels/Module3.umap" SILENT=true AUTOSAVING=false KEEPDIRTY=false
[2022.09.20-04.01.57:778][241]LogSavePackage: Save=161.35ms
[2022.09.20-04.01.57:778][241]LogSavePackage: Moving '../../../../../Users/Waifs/OneDrive/Documents/Unreal Projects/GAM303/Saved/Module34C2BDA6E4E631B3867C124B6A2BE0ACF.tmp' to '../../../../../Users/Waifs/OneDrive/Documents/Unreal Projects/GAM303/Content/Levels/Module3.umap'
[2022.09.20-04.01.57:796][241]LogSavePackage: Display: Finished SavePackage ../../../../../Users/Waifs/OneDrive/Documents/Unreal Projects/GAM303/Content/Levels/Module3.umap
[2022.09.20-04.01.57:818][241]Cmd: OBJ SAVEPACKAGE PACKAGE="/Game/Levels/Module3_BuiltData" FILE="../../../../../Users/Waifs/OneDrive/Documents/Unreal Projects/GAM303/Content/Levels/Module3_BuiltData.uasset" SILENT=true
[2022.09.20-04.01.58:097][241]LogSavePackage: Save=272.31ms
[2022.09.20-04.01.58:098][241]LogSavePackage: Moving '../../../../../Users/Waifs/OneDrive/Documents/Unreal Projects/GAM303/Saved/Module3_BuiltData2C5950914F7180CF449490A167944ED8.tmp' to '../../../../../Users/Waifs/OneDrive/Documents/Unreal Projects/GAM303/Content/Levels/Module3_BuiltData.uasset'
[2022.09.20-04.01.58:100][241]LogSavePackage: Display: Finished SavePackage ../../../../../Users/Waifs/OneDrive/Documents/Unreal Projects/GAM303/Content/Levels/Module3_BuiltData.uasset
