Log file open, 09/30/22 19:03:19
LogWindows: Failed to load 'aqProf.dll' (GetLastError=126)
LogWindows: File 'aqProf.dll' does not exist
LogWindows: Failed to load 'VSPerf140.dll' (GetLastError=126)
LogWindows: File 'VSPerf140.dll' does not exist
LogWindows: Failed to load 'VtuneApi.dll' (GetLastError=126)
LogWindows: File 'VtuneApi.dll' does not exist
LogWindows: Failed to load 'VtuneApi32e.dll' (GetLastError=126)
LogWindows: File 'VtuneApi32e.dll' does not exist
LogInit: Display: Running engine for game: GAM303
LogPlatformFile: Not using cached read wrapper
LogInit: Display: RandInit(1688009313) SRandInit(1688009313).
LogInit: Read version file with build ID '3709383'
LogInit: Overriding engine version to CL 3832480, compatible CL 3709383
LogInit: Registered custom module enumerator with build ID '3709383'
LogTaskGraph: Started task graph with 5 named threads and 8 total threads with 3 sets of task threads.
LogStats: Stats thread started at 0.614694
LogD3D11RHI: Aftermath initialized
LogModuleManager: Display: Found up-to-date module file ../../../Engine/Plugins/2D/Paper2D/Binaries/Win64/UE4Editor-Paper2D.dll (API version 3709383).
LogModuleManager: Display: Found up-to-date module file ../../../Engine/Plugins/2D/Paper2D/Binaries/Win64/UE4Editor-Paper2DEditor.dll (API version 3709383).
LogModuleManager: Display: Found up-to-date module file ../../../Engine/Plugins/2D/Paper2D/Binaries/Win64/UE4Editor-PaperSpriteSheetImporter.dll (API version 3709383).
LogModuleManager: Display: Found up-to-date module file ../../../Engine/Plugins/2D/Paper2D/Binaries/Win64/UE4Editor-PaperTiledImporter.dll (API version 3709383).
LogModuleManager: Display: Found up-to-date module file ../../../Engine/Plugins/2D/Paper2D/Binaries/Win64/UE4Editor-SmartSnapping.dll (API version 3709383).
LogModuleManager: Display: Found up-to-date module file ../../../Engine/Plugins/Blendables/LightPropagationVolume/Binaries/Win64/UE4Editor-LightPropagationVolumeRuntime.dll (API version 3709383).
LogModuleManager: Display: Found up-to-date module file ../../../Engine/Plugins/Blendables/LightPropagationVolume/Binaries/Win64/UE4Editor-LightPropagationVolumeEditor.dll (API version 3709383).
LogModuleManager: Display: Found up-to-date module file ../../../Engine/Plugins/Developer/GitSourceControl/Binaries/Win64/UE4Editor-GitSourceControl.dll (API version 3709383).
LogModuleManager: Display: Found up-to-date module file ../../../Engine/Plugins/Developer/PerforceSourceControl/Binaries/Win64/UE4Editor-PerforceSourceControl.dll (API version 3709383).
LogModuleManager: Display: Found up-to-date module file ../../../Engine/Plugins/Developer/SubversionSourceControl/Binaries/Win64/UE4Editor-SubversionSourceControl.dll (API version 3709383).
LogModuleManager: Display: Found up-to-date module file ../../../Engine/Plugins/Developer/UObjectPlugin/Binaries/Win64/UE4Editor-UObjectPlugin.dll (API version 3709383).
LogModuleManager: Display: Found up-to-date module file ../../../Engine/Plugins/Developer/VisualStudioCodeSourceCodeAccess/Binaries/Win64/UE4Editor-VisualStudioCodeSourceCodeAccess.dll (API version 3709383).
LogModuleManager: Display: Found up-to-date module file ../../../Engine/Plugins/Developer/VisualStudioSourceCodeAccess/Binaries/Win64/UE4Editor-VisualStudioSourceCodeAccess.dll (API version 3709383).
LogModuleManager: Display: Found up-to-date module file ../../../Engine/Plugins/Editor/AssetManagerEditor/Binaries/Win64/UE4Editor-AssetManagerEditor.dll (API version 3709383).
LogModuleManager: Display: Found up-to-date module file ../../../Engine/Plugins/Editor/AudioCapture/Binaries/Win64/UE4Editor-AudioCapture.dll (API version 3709383).
LogModuleManager: Display: Found up-to-date module file ../../../Engine/Plugins/Editor/FacialAnimation/Binaries/Win64/UE4Editor-FacialAnimation.dll (API version 3709383).
LogModuleManager: Display: Found up-to-date module file ../../../Engine/Plugins/Editor/FacialAnimation/Binaries/Win64/UE4Editor-FacialAnimationEditor.dll (API version 3709383).
LogModuleManager: Display: Found up-to-date module file ../../../Engine/Plugins/Editor/GameplayTagsEditor/Binaries/Win64/UE4Editor-GameplayTagsEditor.dll (API version 3709383).
LogModuleManager: Display: Found up-to-date module file ../../../Engine/Plugins/Editor/MobileLauncherProfileWizard/Binaries/Win64/UE4Editor-MobileLauncherProfileWizard.dll (API version 3709383).
LogModuleManager: Display: Found up-to-date module file ../../../Engine/Plugins/Editor/PluginBrowser/Binaries/Win64/UE4Editor-PluginBrowser.dll (API version 3709383).
LogModuleManager: Display: Found up-to-date module file ../../../Engine/Plugins/Editor/SpeedTreeImporter/Binaries/Win64/UE4Editor-SpeedTreeImporter.dll (API version 3709383).
LogModuleManager: Display: Found up-to-date module file ../../../Engine/Plugins/Experimental/AlembicImporter/Binaries/Win64/UE4Editor-AlembicImporter.dll (API version 3709383).
LogModuleManager: Display: Found up-to-date module file ../../../Engine/Plugins/Experimental/AlembicImporter/Binaries/Win64/UE4Editor-AlembicLibrary.dll (API version 3709383).
LogModuleManager: Display: Found up-to-date module file ../../../Engine/Plugins/Experimental/CharacterAI/Binaries/Win64/UE4Editor-CharacterAI.dll (API version 3709383).
LogModuleManager: Display: Found up-to-date module file ../../../Engine/Plugins/Experimental/HTML5Networking/Binaries/Win64/UE4Editor-HTML5Networking.dll (API version 3709383).
LogModuleManager: Display: Found up-to-date module file ../../../Engine/Plugins/Media/AndroidMedia/Binaries/Win64/UE4Editor-AndroidMediaEditor.dll (API version 3709383).
LogModuleManager: Display: Found up-to-date module file ../../../Engine/Plugins/Media/AndroidMedia/Binaries/Win64/UE4Editor-AndroidMediaFactory.dll (API version 3709383).
LogModuleManager: Display: Found up-to-date module file ../../../Engine/Plugins/Media/AvfMedia/Binaries/Win64/UE4Editor-AvfMediaEditor.dll (API version 3709383).
LogModuleManager: Display: Found up-to-date module file ../../../Engine/Plugins/Media/AvfMedia/Binaries/Win64/UE4Editor-AvfMediaFactory.dll (API version 3709383).
LogModuleManager: Display: Found up-to-date module file ../../../Engine/Plugins/Media/AvfMedia/Binaries/Win64/UE4Editor-AvfMediaFactory.dll (API version 3709383).
LogModuleManager: Display: Found up-to-date module file ../../../Engine/Plugins/Media/ImgMedia/Binaries/Win64/UE4Editor-ImgMedia.dll (API version 3709383).
LogModuleManager: Display: Found up-to-date module file ../../../Engine/Plugins/Media/ImgMedia/Binaries/Win64/UE4Editor-ImgMediaEditor.dll (API version 3709383).
LogModuleManager: Display: Found up-to-date module file ../../../Engine/Plugins/Media/ImgMedia/Binaries/Win64/UE4Editor-ImgMediaFactory.dll (API version 3709383).
LogModuleManager: Display: Found up-to-date module file ../../../Engine/Plugins/Media/ImgMedia/Binaries/Win64/UE4Editor-ImgMediaFactory.dll (API version 3709383).
LogModuleManager: Display: Found up-to-date module file ../../../Engine/Plugins/Media/ImgMedia/Binaries/Win64/UE4Editor-OpenExrWrapper.dll (API version 3709383).
LogModuleManager: Display: Found up-to-date module file ../../../Engine/Plugins/Media/MediaCompositing/Binaries/Win64/UE4Editor-MediaCompositing.dll (API version 3709383).
LogModuleManager: Display: Found up-to-date module file ../../../Engine/Plugins/Media/MediaCompositing/Binaries/Win64/UE4Editor-MediaCompositingEditor.dll (API version 3709383).
LogModuleManager: Display: Found up-to-date module file ../../../Engine/Plugins/Media/MediaPlayerEditor/Binaries/Win64/UE4Editor-MediaPlayerEditor.dll (API version 3709383).
LogModuleManager: Display: Found up-to-date module file ../../../Engine/Plugins/Media/WmfMedia/Binaries/Win64/UE4Editor-WmfMedia.dll (API version 3709383).
LogModuleManager: Display: Found up-to-date module file ../../../Engine/Plugins/Media/WmfMedia/Binaries/Win64/UE4Editor-WmfMediaEditor.dll (API version 3709383).
LogModuleManager: Display: Found up-to-date module file ../../../Engine/Plugins/Media/WmfMedia/Binaries/Win64/UE4Editor-WmfMediaFactory.dll (API version 3709383).
LogModuleManager: Display: Found up-to-date module file ../../../Engine/Plugins/Media/WmfMedia/Binaries/Win64/UE4Editor-WmfMediaFactory.dll (API version 3709383).
LogModuleManager: Display: Found up-to-date module file ../../../Engine/Plugins/Messaging/TcpMessaging/Binaries/Win64/UE4Editor-TcpMessaging.dll (API version 3709383).
LogModuleManager: Display: Found up-to-date module file ../../../Engine/Plugins/Messaging/UdpMessaging/Binaries/Win64/UE4Editor-UdpMessaging.dll (API version 3709383).
LogModuleManager: Display: Found up-to-date module file ../../../Engine/Plugins/MovieScene/ActorSequence/Binaries/Win64/UE4Editor-ActorSequence.dll (API version 3709383).
LogModuleManager: Display: Found up-to-date module file ../../../Engine/Plugins/MovieScene/LevelSequenceEditor/Binaries/Win64/UE4Editor-LevelSequenceEditor.dll (API version 3709383).
LogModuleManager: Display: Found up-to-date module file ../../../Engine/Plugins/MovieScene/MatineeToLevelSequence/Binaries/Win64/UE4Editor-MatineeToLevelSequence.dll (API version 3709383).
LogModuleManager: Display: Found up-to-date module file ../../../Engine/Plugins/Online/OnlineSubsystem/Binaries/Win64/UE4Editor-OnlineSubsystem.dll (API version 3709383).
LogModuleManager: Display: Found up-to-date module file ../../../Engine/Plugins/Runtime/AndroidPermission/Binaries/Win64/UE4Editor-AndroidPermission.dll (API version 3709383).
LogModuleManager: Display: Found up-to-date module file ../../../Engine/Plugins/Online/OnlineSubsystemNull/Binaries/Win64/UE4Editor-OnlineSubsystemNull.dll (API version 3709383).
LogModuleManager: Display: Found up-to-date module file ../../../Engine/Plugins/Online/OnlineSubsystemUtils/Binaries/Win64/UE4Editor-OnlineSubsystemUtils.dll (API version 3709383).
LogModuleManager: Display: Found up-to-date module file ../../../Engine/Plugins/Online/OnlineSubsystemUtils/Binaries/Win64/UE4Editor-OnlineBlueprintSupport.dll (API version 3709383).
LogModuleManager: Display: Found up-to-date module file ../../../Engine/Plugins/Runtime/AndroidDeviceProfileSelector/Binaries/Win64/UE4Editor-AndroidDeviceProfileSelector.dll (API version 3709383).
LogModuleManager: Display: Found up-to-date module file ../../../Engine/Plugins/Runtime/AppleARKit/Binaries/Win64/UE4Editor-AppleARKit.dll (API version 3709383).
LogModuleManager: Display: Found up-to-date module file ../../../Engine/Plugins/Runtime/ArchVisCharacter/Binaries/Win64/UE4Editor-ArchVisCharacter.dll (API version 3709383).
LogModuleManager: Display: Found up-to-date module file ../../../Engine/Plugins/Runtime/CableComponent/Binaries/Win64/UE4Editor-CableComponent.dll (API version 3709383).
LogModuleManager: Display: Found up-to-date module file ../../../Engine/Plugins/Runtime/CustomMeshComponent/Binaries/Win64/UE4Editor-CustomMeshComponent.dll (API version 3709383).
LogModuleManager: Display: Found up-to-date module file ../../../Engine/Plugins/Runtime/ExampleDeviceProfileSelector/Binaries/Win64/UE4Editor-ExampleDeviceProfileSelector.dll (API version 3709383).
LogModuleManager: Display: Found up-to-date module file ../../../Engine/Plugins/Runtime/ImmediatePhysics/Binaries/Win64/UE4Editor-ImmediatePhysics.dll (API version 3709383).
LogModuleManager: Display: Found up-to-date module file ../../../Engine/Plugins/Runtime/ImmediatePhysics/Binaries/Win64/UE4Editor-ImmediatePhysicsEditor.dll (API version 3709383).
LogModuleManager: Display: Found up-to-date module file ../../../Engine/Plugins/Runtime/LocationServicesBPLibrary/Binaries/Win64/UE4Editor-LocationServicesBPLibrary.dll (API version 3709383).
LogModuleManager: Display: Found up-to-date module file ../../../Engine/Plugins/Runtime/MobilePatchingUtils/Binaries/Win64/UE4Editor-MobilePatchingUtils.dll (API version 3709383).
LogModuleManager: Display: Found up-to-date module file ../../../Engine/Plugins/Runtime/Oculus/OculusVR/Binaries/Win64/UE4Editor-OculusHMD.dll (API version 3709383).
LogModuleManager: Display: Found up-to-date module file ../../../Engine/Plugins/Runtime/Oculus/OculusVR/Binaries/Win64/UE4Editor-OculusInput.dll (API version 3709383).
LogModuleManager: Display: Found up-to-date module file ../../../Engine/Plugins/Runtime/Oculus/OculusVR/Binaries/Win64/UE4Editor-OculusEditor.dll (API version 3709383).
LogModuleManager: Display: Found up-to-date module file ../../../Engine/Plugins/Runtime/PhysXVehicles/Binaries/Win64/UE4Editor-PhysXVehicles.dll (API version 3709383).
LogModuleManager: Display: Found up-to-date module file ../../../Engine/Plugins/Runtime/PhysXVehicles/Binaries/Win64/UE4Editor-PhysXVehiclesEditor.dll (API version 3709383).
LogModuleManager: Display: Found up-to-date module file ../../../Engine/Plugins/Runtime/ProceduralMeshComponent/Binaries/Win64/UE4Editor-ProceduralMeshComponent.dll (API version 3709383).
LogModuleManager: Display: Found up-to-date module file ../../../Engine/Plugins/Runtime/ProceduralMeshComponent/Binaries/Win64/UE4Editor-ProceduralMeshComponentEditor.dll (API version 3709383).
LogModuleManager: Display: Found up-to-date module file ../../../Engine/Plugins/Runtime/RuntimePhysXCooking/Binaries/Win64/UE4Editor-RuntimePhysXCooking.dll (API version 3709383).
LogModuleManager: Display: Found up-to-date module file ../../../Engine/Plugins/Runtime/Steam/SteamVR/Binaries/Win64/UE4Editor-SteamVR.dll (API version 3709383).
LogModuleManager: Display: Found up-to-date module file ../../../Engine/Plugins/Runtime/Steam/SteamVR/Binaries/Win64/UE4Editor-SteamVRController.dll (API version 3709383).
LogModuleManager: Display: Found up-to-date module file ../../../Engine/Plugins/Runtime/WindowsMoviePlayer/Binaries/Win64/UE4Editor-WindowsMoviePlayer.dll (API version 3709383).
LogPluginManager: Mounting plugin Paper2D
LogPluginManager: Mounting plugin LightPropagationVolume
LogPluginManager: Mounting plugin CodeLiteSourceCodeAccess
LogPluginManager: Mounting plugin GitSourceControl
LogPluginManager: Mounting plugin KDevelopSourceCodeAccess
LogPluginManager: Mounting plugin NullSourceCodeAccess
LogPluginManager: Mounting plugin PerforceSourceControl
LogPluginManager: Mounting plugin SubversionSourceControl
LogPluginManager: Mounting plugin UObjectPlugin
LogPluginManager: Mounting plugin VisualStudioCodeSourceCodeAccess
LogPluginManager: Mounting plugin VisualStudioSourceCodeAccess
LogPluginManager: Mounting plugin XCodeSourceCodeAccess
LogPluginManager: Mounting plugin AssetManagerEditor
LogPluginManager: Mounting plugin AudioCapture
LogPluginManager: Mounting plugin FacialAnimation
LogPluginManager: Mounting plugin GameplayTagsEditor
LogPluginManager: Mounting plugin MobileLauncherProfileWizard
LogPluginManager: Mounting plugin PluginBrowser
LogPluginManager: Mounting plugin SpeedTreeImporter
LogPluginManager: Mounting plugin AlembicImporter
LogPluginManager: Mounting plugin CharacterAI
LogPluginManager: Mounting plugin HTML5Networking
LogPluginManager: Mounting plugin AndroidMedia
LogPluginManager: Mounting plugin AvfMedia
LogPluginManager: Mounting plugin ImgMedia
LogPluginManager: Mounting plugin MediaCompositing
LogPluginManager: Mounting plugin MediaPlayerEditor
LogPluginManager: Mounting plugin WmfMedia
LogPluginManager: Mounting plugin TcpMessaging
LogPluginManager: Mounting plugin UdpMessaging
LogPluginManager: Mounting plugin ActorSequence
LogPluginManager: Mounting plugin LevelSequenceEditor
LogPluginManager: Mounting plugin MatineeToLevelSequence
LogPluginManager: Mounting plugin OnlineSubsystemGooglePlay
LogPluginManager: Mounting plugin OnlineSubsystemIOS
LogPluginManager: Mounting plugin OnlineSubsystem
LogPluginManager: Mounting plugin OnlineSubsystemNull
LogPluginManager: Mounting plugin OnlineSubsystemUtils
LogPluginManager: Mounting plugin AndroidDeviceProfileSelector
LogPluginManager: Mounting plugin AndroidMoviePlayer
LogPluginManager: Mounting plugin AndroidPermission
LogPluginManager: Mounting plugin AppleARKit
LogPluginManager: Mounting plugin AppleMoviePlayer
LogPluginManager: Mounting plugin ArchVisCharacter
LogPluginManager: Mounting plugin CableComponent
LogPluginManager: Mounting plugin CustomMeshComponent
LogPluginManager: Mounting plugin ExampleDeviceProfileSelector
LogPluginManager: Mounting plugin GoogleCloudMessaging
LogPluginManager: Mounting plugin ImmediatePhysics
LogPluginManager: Mounting plugin IOSDeviceProfileSelector
LogPluginManager: Mounting plugin LinuxDeviceProfileSelector
LogPluginManager: Mounting plugin LocationServicesBPLibrary
LogPluginManager: Mounting plugin MobilePatchingUtils
LogPluginManager: Mounting plugin OculusVR
LogPluginManager: Plugin shader directory ../../../Engine/Plugins/Runtime/Oculus/OculusVR/Shaders found
LogPluginManager: Mapping shader source directory ../../../Engine/Plugins/Runtime/Oculus/OculusVR/Shaders to virtual directory /Plugin/OculusVR
LogPluginManager: Mounting plugin PhysXVehicles
LogPluginManager: Mounting plugin ProceduralMeshComponent
LogPluginManager: Mounting plugin RuntimePhysXCooking
LogPluginManager: Mounting plugin SteamVR
LogPluginManager: Mounting plugin WindowsMoviePlayer
LogInit: Using libcurl 7.47.1
LogInit:  - built for x86_64-pc-win32
LogInit:  - supports SSL with OpenSSL/1.0.2g
LogInit:  - supports HTTP deflate (compression) using libz 1.2.8
LogInit:  - other features:
LogInit:      CURL_VERSION_SSL
LogInit:      CURL_VERSION_LIBZ
LogInit:      CURL_VERSION_IPV6
LogInit:      CURL_VERSION_ASYNCHDNS
LogInit:      CURL_VERSION_LARGEFILE
LogInit:      CURL_VERSION_IDN
LogInit:  CurlRequestOptions (configurable via config and command line):
LogInit:  - bVerifyPeer = false  - Libcurl will NOT verify peer certificate
LogInit:  - bUseHttpProxy = false  - Libcurl will NOT use HTTP proxy
LogInit:  - bDontReuseConnections = false  - Libcurl will reuse connections
LogInit:  - CertBundlePath = nullptr  - Libcurl will use whatever was configured at build time.
LogInit: Build: ++UE4+Release-4.18-CL-3832480
LogInit: Engine Version: 4.18.3-3832480+++UE4+Release-4.18
LogInit: Compatible Engine Version: 4.18.0-3709383+++UE4+Release-4.18
LogInit: Net CL: 3709383
LogDevObjectVersion: Number of dev versions registered: 16
LogDevObjectVersion:   Dev-Blueprints (B0D832E4-1F89-4F0D-ACCF-7EB736FD4AA2): 10
LogDevObjectVersion:   Dev-Build (E1C64328-A22C-4D53-A36C-8E866417BD8C): 0
LogDevObjectVersion:   Dev-Core (375EC13C-06E4-48FB-B500-84F0262A717E): 2
LogDevObjectVersion:   Dev-Editor (E4B068ED-F494-42E9-A231-DA0B2E46BB41): 20
LogDevObjectVersion:   Dev-Framework (CFFC743F-43B0-4480-9391-14DF171D2073): 30
LogDevObjectVersion:   Dev-Mobile (B02B49B5-BB20-44E9-A304-32B752E40360): 0
LogDevObjectVersion:   Dev-Networking (A4E4105C-59A1-49B5-A7C5-40C4547EDFEE): 0
LogDevObjectVersion:   Dev-Online (39C831C9-5AE6-47DC-9A44-9C173E1C8E7C): 0
LogDevObjectVersion:   Dev-Physics (78F01B33-EBEA-4F98-B9B4-84EACCB95AA2): 0
LogDevObjectVersion:   Dev-Platform (6631380F-2D4D-43E0-8009-CF276956A95A): 0
LogDevObjectVersion:   Dev-Rendering (12F88B9F-8875-4AFC-A67C-D90C383ABD29): 20
LogDevObjectVersion:   Dev-Sequencer (7B5AE74C-D270-4C10-A958-57980B212A5A): 4
LogDevObjectVersion:   Dev-VR (D7296918-1DD6-4BDD-9DE2-64A83CC13884): 0
LogDevObjectVersion:   Dev-LoadTimes (C2A15278-BFE7-4AFE-6C17-90FF531DF755): 1
LogDevObjectVersion:   Private-Geometry (6EACA3D4-40EC-4CC1-B786-8BED09428FC5): 1
LogDevObjectVersion:   Dev-AnimPhys (29E575DD-E0A3-4627-9D10-D276232CDCEA): 12
LogInit: Compiled (64-bit): Jan 12 2018 02:04:55
LogInit: Compiled with Visual C++: 19.00.24215.01
LogInit: Build Configuration: Development
LogInit: Branch Name: ++UE4+Release-4.18
LogInit: Command line:  
LogInit: Base directory: C:/Program Files (x86)/UE_4.18/Engine/Binaries/Win64/
LogInit: Installed Engine Build: 1
LogInit: Presizing for max 8388607 objects, including 0 objects not considered by GC, pre-allocating 0 bytes for permanent pool.
LogInit: Object subsystem initialized
[2022.10.01-00.03.20:870][  0]LogInit: Selected Device Profile: [Windows]
[2022.10.01-00.03.20:870][  0]LogInit: Applying CVar settings loaded from the selected device profile: [Windows]
[2022.10.01-00.03.20:884][  0]LogInit: Computer: LAPTOP-K1GI59O1
[2022.10.01-00.03.20:884][  0]LogInit: User: Waifs
[2022.10.01-00.03.20:884][  0]LogInit: CPU Page size=4096, Cores=2
[2022.10.01-00.03.20:884][  0]LogInit: High frequency timer resolution =10.000000 MHz
[2022.10.01-00.03.20:884][  0]LogMemory: Memory total: Physical=3.8GB (4GB approx)
[2022.10.01-00.03.20:884][  0]LogMemory: Platform Memory Stats for Windows
[2022.10.01-00.03.20:884][  0]LogMemory: Process Physical Memory: 272.47 MB used, 272.47 MB peak
[2022.10.01-00.03.20:884][  0]LogMemory: Process Virtual Memory: 269.33 MB used, 269.33 MB peak
[2022.10.01-00.03.20:884][  0]LogMemory: Physical Memory: 3064.55 MB used,  830.76 MB free, 3895.30 MB total
[2022.10.01-00.03.20:884][  0]LogMemory: Virtual Memory: 4765.82 MB used,  830.76 MB free, 134217728.00 MB total
[2022.10.01-00.03.21:037][  0]LogInit: Using OS detected language (en-US).
[2022.10.01-00.03.21:037][  0]LogInit: Using OS detected locale (en-US).
[2022.10.01-00.03.21:043][  0]LogTextLocalizationManager: No specific localization for 'en-US' exists, so the 'en' localization will be used.
[2022.10.01-00.03.21:435][  0]LogInit: Setting process to per monitor DPI aware
[2022.10.01-00.03.21:757][  0]LogD3D11RHI: D3D11 adapters:
[2022.10.01-00.03.21:853][  0]LogD3D11RHI:    0. 'Intel(R) UHD Graphics' (Feature Level 11_0)
[2022.10.01-00.03.21:853][  0]LogD3D11RHI:       128/0/1947 MB DedicatedVideo/DedicatedSystem/SharedSystem, Outputs:1, VendorId:0x8086
[2022.10.01-00.03.21:854][  0]LogD3D11RHI:    1. 'Microsoft Basic Render Driver' (Feature Level 11_0)
[2022.10.01-00.03.21:854][  0]LogD3D11RHI:       0/0/1947 MB DedicatedVideo/DedicatedSystem/SharedSystem, Outputs:0, VendorId:0x1414
[2022.10.01-00.03.21:854][  0]LogD3D11RHI: Chosen D3D11 Adapter: 0
[2022.10.01-00.03.21:860][  0]LogD3D11RHI: Creating new Direct3DDevice
[2022.10.01-00.03.21:861][  0]LogD3D11RHI:     GPU DeviceId: 0x9a78 (for the marketing name, search the web for "GPU Device Id")
[2022.10.01-00.03.21:861][  0]LogWindows: EnumDisplayDevices:
[2022.10.01-00.03.21:861][  0]LogWindows:    0. 'Intel(R) UHD Graphics' (P:1 D:1)
[2022.10.01-00.03.21:861][  0]LogWindows:    1. 'Intel(R) UHD Graphics' (P:0 D:0)
[2022.10.01-00.03.21:861][  0]LogWindows:    2. 'Intel(R) UHD Graphics' (P:0 D:0)
[2022.10.01-00.03.21:861][  0]LogWindows:    3. 'Intel(R) UHD Graphics' (P:0 D:0)
[2022.10.01-00.03.21:861][  0]LogWindows: DebugString: GetVideoDriverDetailsInvalid PrimaryIsNotTheChoosenAdapter GetVideoDriverDetailsInvalid PrimaryIsNotTheChoosenAdapter GetVideoDriverDetailsInvalid PrimaryIsNotTheChoosenAdapter GetVideoDriverDetailsInvalid PrimaryIsNotTheChoosenAdapter FoundDriverCount:0 
[2022.10.01-00.03.21:861][  0]LogD3D11RHI:     Adapter Name: Intel(R) UHD Graphics
[2022.10.01-00.03.21:861][  0]LogD3D11RHI:   Driver Version: Unknown (internal:Unknown, unified:Unknown)
[2022.10.01-00.03.21:861][  0]LogD3D11RHI:      Driver Date: Unknown
[2022.10.01-00.03.21:861][  0]LogRHI: Texture pool is 771 MB (70% of 1101 MB)
[2022.10.01-00.03.21:934][  0]LogD3D11RHI: Async texture creation enabled
[2022.10.01-00.03.21:955][  0]LogD3D11RHI: GPU Timing Frequency: 19.200000 (Debug: 2 0)
[2022.10.01-00.03.21:959][  0]LogShaderCompilers: Guid format shader working directory is -22 characters bigger than the processId version (../../../../../Users/Waifs/OneDrive/Documents/Unreal Projects/GAM303/Intermediate/Shaders/WorkingDirectory/2080/).
[2022.10.01-00.03.21:959][  0]LogShaderCompilers: Cleaned the shader compiler working directory 'C:/Users/Waifs/AppData/Local/Temp/UnrealShaderWorkingDir/BE14CFDE4C98B9CC5CBF7D8ECBE39610/'.
[2022.10.01-00.03.21:959][  0]LogShaderCompilers: Display: Using Local Shader Compiler.
[2022.10.01-00.03.22:793][  0]LogTemp: Display: Loaded TP AllDesktopTargetPlatform
[2022.10.01-00.03.22:832][  0]LogTemp: Display: Loaded TP MacClientTargetPlatform
[2022.10.01-00.03.22:871][  0]LogTemp: Display: Loaded TP MacNoEditorTargetPlatform
[2022.10.01-00.03.22:914][  0]LogTemp: Display: Loaded TP MacServerTargetPlatform
[2022.10.01-00.03.22:952][  0]LogTemp: Display: Loaded TP MacTargetPlatform
[2022.10.01-00.03.22:991][  0]LogTemp: Display: Loaded TP WindowsClientTargetPlatform
[2022.10.01-00.03.23:029][  0]LogTemp: Display: Loaded TP WindowsNoEditorTargetPlatform
[2022.10.01-00.03.23:067][  0]LogTemp: Display: Loaded TP WindowsServerTargetPlatform
[2022.10.01-00.03.23:100][  0]LogTemp: Display: Loaded TP WindowsTargetPlatform
[2022.10.01-00.03.23:138][  0]LogTemp: Display: Loaded TP Android_ASTCTargetPlatform
[2022.10.01-00.03.23:178][  0]LogTemp: Display: Loaded TP Android_ATCTargetPlatform
[2022.10.01-00.03.23:214][  0]LogTemp: Display: Loaded TP Android_DXTTargetPlatform
[2022.10.01-00.03.23:256][  0]LogTemp: Display: Loaded TP Android_ETC1TargetPlatform
[2022.10.01-00.03.23:295][  0]LogTemp: Display: Loaded TP Android_ETC2TargetPlatform
[2022.10.01-00.03.23:367][  0]LogTemp: Display: Loaded TP Android_MultiTargetPlatform
[2022.10.01-00.03.23:367][  0]LogTemp: Display: Loaded TP Android_PVRTCTargetPlatform
[2022.10.01-00.03.23:409][  0]LogTemp: Display: Loaded TP AndroidTargetPlatform
[2022.10.01-00.03.23:442][  0]LogTemp: Display: Loaded TP HTML5TargetPlatform
[2022.10.01-00.03.23:524][  0]LogTemp: Display: Loaded TP IOSTargetPlatform
[2022.10.01-00.03.23:545][  0]LogTemp: Display: Loaded TP TVOSTargetPlatform
[2022.10.01-00.03.23:584][  0]LogTemp: Display: Loaded TP LinuxClientTargetPlatform
[2022.10.01-00.03.23:623][  0]LogTemp: Display: Loaded TP LinuxNoEditorTargetPlatform
[2022.10.01-00.03.23:658][  0]LogTemp: Display: Loaded TP LinuxServerTargetPlatform
[2022.10.01-00.03.23:698][  0]LogTemp: Display: Loaded TP LinuxTargetPlatform
[2022.10.01-00.03.23:698][  0]LogTargetPlatformManager: Display: Building Assets For Windows
[2022.10.01-00.03.24:120][  0]LogDerivedDataCache: Display: Max Cache Size: 512 MB
[2022.10.01-00.03.24:299][  0]LogDerivedDataCache: Loaded boot cache 0.18s 78MB C:/Users/Waifs/AppData/Local/UnrealEngine/4.18/DerivedDataCache/Boot.ddc.
[2022.10.01-00.03.24:299][  0]LogDerivedDataCache: Display: Loaded Boot cache: C:/Users/Waifs/AppData/Local/UnrealEngine/4.18/DerivedDataCache/Boot.ddc
[2022.10.01-00.03.24:299][  0]LogDerivedDataCache: FDerivedDataBackendGraph:  Pak pak cache file ../../../../../Users/Waifs/OneDrive/Documents/Unreal Projects/GAM303/DerivedDataCache/DDC.ddp not found, will not use a pak cache.
[2022.10.01-00.03.24:299][  0]LogDerivedDataCache: Unable to find inner node Pak for hierarchical cache Hierarchy.
[2022.10.01-00.03.24:299][  0]LogDerivedDataCache: FDerivedDataBackendGraph:  CompressedPak pak cache file ../../../../../Users/Waifs/OneDrive/Documents/Unreal Projects/GAM303/DerivedDataCache/Compressed.ddp not found, will not use a pak cache.
[2022.10.01-00.03.24:299][  0]LogDerivedDataCache: Unable to find inner node CompressedPak for hierarchical cache Hierarchy.
[2022.10.01-00.03.24:313][  0]LogDerivedDataCache: Display: Pak cache opened for reading ../../../Engine/DerivedDataCache/Compressed.ddp.
[2022.10.01-00.03.24:325][  0]LogDerivedDataCache: Using Local data cache path C:/Users/Waifs/AppData/Local/UnrealEngine/Common/DerivedDataCache: Writable
[2022.10.01-00.03.24:341][  0]LogMaterial: Verifying Global Shaders for PCD3D_SM5
[2022.10.01-00.03.24:346][  0]LogSlate: Using Freetype 2.6.0
[2022.10.01-00.03.24:348][  0]LogSlate: SlateFontCache - WITH_FREETYPE: 1, WITH_HARFBUZZ: 1
[2022.10.01-00.03.24:348][  0]LogSlate: SlateFontCache - WITH_FREETYPE: 1, WITH_HARFBUZZ: 1
[2022.10.01-00.03.24:924][  0]LogInit: Selected Device Profile: [Windows]
[2022.10.01-00.03.25:277][  0]LogSimplygon: Simplygon DLL not present - disabling.
[2022.10.01-00.03.25:311][  0]LogMeshReduction: Using SimplygonSwarm for distributed automatic mesh merging
[2022.10.01-00.03.25:312][  0]LogMeshReduction: Using QuadricMeshReduction for automatic static mesh reduction
[2022.10.01-00.03.25:312][  0]LogMeshReduction: No automatic skeletal mesh reduction module available
[2022.10.01-00.03.25:312][  0]LogMeshReduction: No automatic mesh merging module available
[2022.10.01-00.03.25:312][  0]LogMeshMerging: No automatic mesh merging module available
[2022.10.01-00.03.25:356][  0]LogNetVersion: GAM303 , NetCL: 3709383, EngineNetVer: 2, GameNetVer: 0 (Checksum: 4079393575)
[2022.10.01-00.03.25:559][  0]LogAssetRegistry: FAssetRegistry took 0.0295 seconds to start up
[2022.10.01-00.03.26:273][  0]LogPackageLocalizationCache: Processed 7 localized package path(s) for 2 prioritized culture(s) in 0.073642 seconds
[2022.10.01-00.03.26:316][  0]LogUObjectArray: 35870 objects as part of root set at end of initial load.
[2022.10.01-00.03.26:316][  0]LogUObjectAllocator: 7363696 out of 0 bytes used by permanent object pool.
[2022.10.01-00.03.26:316][  0]LogUObjectArray: CloseDisregardForGC: 0/0 objects in disregard for GC pool
[2022.10.01-00.03.26:364][  0]LogInit: WinSock: version 1.1 (2.2), MaxSocks=32767, MaxUdp=65467
[2022.10.01-00.03.29:367][  0]LogTcpMessaging: Initializing TcpMessaging bridge
[2022.10.01-00.03.29:403][  0]LogUdpMessaging: Initializing bridge on interface 0.0.0.0:0 to multicast group 230.0.0.1:6666.
[2022.10.01-00.03.29:998][  0]LogMaterial: Uniform references updated for custom material expression Custom.
[2022.10.01-00.03.30:356][  0]SourceControl: Source control is disabled
[2022.10.01-00.03.30:357][  0]SourceControl: Source control is disabled
[2022.10.01-00.03.30:405][  0]SourceControl: Source control is disabled
[2022.10.01-00.03.30:447][  0]SourceControl: Source control is disabled
[2022.10.01-00.03.31:144][  0]LogAndroidPermission: UAndroidPermissionCallbackProxy::GetInstance
[2022.10.01-00.03.31:351][  0]LogOcInput: OculusInput pre-init called
[2022.10.01-00.03.31:616][  0]LogEngine: Initializing Engine...
[2022.10.01-00.03.31:626][  0]LogHMD: Failed to initialize OpenVR with code 110
[2022.10.01-00.03.31:971][  0]LogStats: UGameplayTagsManager::ConstructGameplayTagTree: Construct from data asset -  0.000 s
[2022.10.01-00.03.32:036][  0]LogStats: UGameplayTagsManager::ConstructGameplayTagTree: GameplayTagTreeChangedEvent.Broadcast -  0.022 s
[2022.10.01-00.03.32:853][  0]LogAIModule: Creating AISystem for world Untitled
[2022.10.01-00.03.32:880][  0]LogInit: XAudio2 using 'Speakers (Realtek(R) Audio)' : 2 channels at 48 kHz using 32 bits per sample (channel mask 0x3)
[2022.10.01-00.03.33:109][  0]LogInit: FAudioDevice initialized.
[2022.10.01-00.03.33:237][  0]LogDerivedDataCache: Saved boot cache 0.13s 78MB C:/Users/Waifs/AppData/Local/UnrealEngine/4.18/DerivedDataCache/Boot.ddc.
[2022.10.01-00.03.33:260][  0]LogInit: Texture streaming: Enabled
[2022.10.01-00.03.34:297][  0]LogEngineSessionManager: EngineSessionManager initialized
[2022.10.01-00.03.34:300][  0]LogEngineSessionManager: EngineSessionManager sent abnormal shutdown report. Type=AbnormalShutdown, SessionId={AC41EF62-4312-F900-94EB-C9A16ACB3342}
[2022.10.01-00.03.34:300][  0]LogEngineSessionManager: EngineSessionManager sent abnormal shutdown report. Type=Crashed, SessionId={E5D8A7C0-4FA3-09CC-C6A1-A88F678981A7}
[2022.10.01-00.03.34:515][  0]LogInit: Transaction tracking system initialized
[2022.10.01-00.03.34:769][  0]BlueprintLog: New page: Editor Load
[2022.10.01-00.03.35:539][  0]LocalizationService: Localization service is disabled
[2022.10.01-00.03.36:159][  0]LogConsoleResponse: Display: 
[2022.10.01-00.03.36:383][  0]LogCook: Display: Max memory allowance for cook 16384mb min free memory 0mb
[2022.10.01-00.03.36:383][  0]LogCook: Display: Mobile HDR setting 1
[2022.10.01-00.03.36:384][  0]LogGameplayTags: Display: UGameplayTagsManager::DoneAddingNativeTags. DelegateIsBound: 0
[2022.10.01-00.03.36:614][  0]LogFileCache: Scanning file cache for directory 'C:/Users/Waifs/OneDrive/Documents/Unreal Projects/GAM303/Content/' took 0.02s
[2022.10.01-00.03.37:398][  0]SourceControl: Source control is disabled
[2022.10.01-00.03.37:399][  0]Cmd: MAP LOAD FILE="../../../../../Users/Waifs/OneDrive/Documents/Unreal Projects/GAM303/Content/ThirdPersonBP/Maps/ThirdPersonExampleMap.umap" TEMPLATE=0 SHOWPROGRESS=1 FEATURELEVEL=3
[2022.10.01-00.03.37:401][  0]LightingResults: New page: Lighting Build
[2022.10.01-00.03.37:440][  0]MapCheck: New page: Map Check
[2022.10.01-00.03.37:440][  0]LightingResults: New page: Lighting Build
[2022.10.01-00.03.37:890][  0]LogAIModule: Creating AISystem for world ThirdPersonExampleMap
[2022.10.01-00.03.37:981][  0]LogEditorServer: Finished looking for orphan Actors (0.000 secs)
[2022.10.01-00.03.38:002][  0]Cmd: MAP CHECKDEP NOCLEARLOG
[2022.10.01-00.03.38:043][  0]MapCheck: Map check complete: 0 Error(s), 0 Warning(s), took 39.928ms to complete.
[2022.10.01-00.03.38:043][  0]LogFileHelpers: Loading map 'ThirdPersonExampleMap' took 0.644
[2022.10.01-00.03.38:302][  0]LogCollectionManager: Loaded 0 collections in 0.002445 seconds
[2022.10.01-00.03.38:390][  0]LogFileCache: Scanning file cache for directory 'C:/Users/Waifs/OneDrive/Documents/Unreal Projects/GAM303/Saved/Collections/' took 0.01s
[2022.10.01-00.03.38:390][  0]LogFileCache: Scanning file cache for directory 'C:/Users/Waifs/OneDrive/Documents/Unreal Projects/GAM303/Content/Developers/Waifs/Collections/' took 0.01s
[2022.10.01-00.03.38:390][  0]LogFileCache: Scanning file cache for directory 'C:/Users/Waifs/OneDrive/Documents/Unreal Projects/GAM303/Content/Collections/' took 0.01s
[2022.10.01-00.03.38:390][  0]LogCollectionManager: Rebuilt the GUID cache for 0 collections in 0.000001 seconds
[2022.10.01-00.03.38:400][  0]LogContentBrowser: Native class hierarchy populated in 0.0075 seconds. Added 2363 classes and 519 folders.
[2022.10.01-00.03.38:457][  0]LogContentBrowser: Native class hierarchy updated for 'WidgetCarousel' in 0.0003 seconds. Added 0 classes and 0 folders.
[2022.10.01-00.03.38:555][  0]LogContentBrowser: Native class hierarchy updated for 'AddContentDialog' in 0.0002 seconds. Added 0 classes and 0 folders.
[2022.10.01-00.03.38:595][  0]LogContentBrowser: Native class hierarchy updated for 'SceneOutliner' in 0.0006 seconds. Added 1 classes and 2 folders.
[2022.10.01-00.03.38:709][  0]LogDirectoryWatcher: Warning: Failed to begin reading directory changes for ../../../../../Users/Waifs/OneDrive/Documents/Unreal Projects/GAM303/Plugins/. Error: The system cannot find the file specified. (0x00000002)
[2022.10.01-00.03.38:723][  0]LogSlate: Took 0.001040 seconds to synchronously load lazily loaded font '../../../Engine/Content/Slate/Fonts/Roboto-Regular.ttf' (155K)
[2022.10.01-00.03.38:733][  0]LogSlate: Took 0.004454 seconds to synchronously load lazily loaded font '../../../Engine/Content/Slate/Fonts/Roboto-Bold.ttf' (160K)
[2022.10.01-00.03.38:744][  0]LogSlate: Took 0.001436 seconds to synchronously load lazily loaded font '../../../Engine/Content/Editor/Slate/Fonts/FontAwesome.ttf' (139K)
[2022.10.01-00.03.38:871][  0]LogRenderer: Reallocating scene render targets to support 844x432 Format 10 NumSamples 1 (Frame:1).
[2022.10.01-00.03.39:445][  0]LogContentBrowser: Native class hierarchy updated for 'HierarchicalLODOutliner' in 0.0004 seconds. Added 1 classes and 2 folders.
[2022.10.01-00.03.39:445][  0]LogLoad: (Engine Initialization) Total time: 21.99 seconds
[2022.10.01-00.03.39:445][  0]LogLoad: (Engine Initialization) Total Blueprint compile time: 0.00 seconds
[2022.10.01-00.03.39:447][  0]LogExternalProfiler: No external profilers were discovered.  External profiling features will not be available.
[2022.10.01-00.03.39:696][  0]LogContentStreaming: Texture pool size now 1000 MB
[2022.10.01-00.03.40:216][  0]LogSlate: Took 0.002005 seconds to synchronously load lazily loaded font '../../../Engine/Content/Slate/Fonts/Roboto-Light.ttf' (159K)
[2022.10.01-00.03.40:246][  1]LogAssetRegistry: Asset discovery search completed in 14.7094 seconds
[2022.10.01-00.03.40:248][  1]LogCollectionManager: Rebuilt the object cache for 0 collections in 0.000001 seconds (found 0 objects)
[2022.10.01-00.03.40:248][  1]LogCollectionManager: Fixed up redirectors for 0 collections in 0.000414 seconds (updated 0 objects)
[2022.10.01-00.03.40:581][  4]LogSlate: Took 0.001281 seconds to synchronously load lazily loaded font '../../../Engine/Content/Slate/Fonts/Roboto-Light.ttf' (159K)
[2022.10.01-00.03.50:666][421]LogDirectoryWatcher: A directory notification for '../../../Engine/Plugins/' was aborted.
[2022.10.01-00.04.11:092][355]LogEditorViewport: Clicking on Actor (LMB): LightmassImportanceVolume (LightmassImportanceVolume)
[2022.10.01-00.04.11:774][382]LogEditorViewport: Clicking on Actor (LMB): Landscape (Landscape)
[2022.10.01-00.04.20:992][793]LogEditorViewport: Clicking on Actor (LMB): Landscape (Landscape)
[2022.10.01-00.04.22:344][847]Cmd: DELETE
[2022.10.01-00.04.22:344][847]Cmd: ACTOR DELETE
[2022.10.01-00.04.22:377][847]LogEditorActor: Deleted Actor: StaticMeshActor
[2022.10.01-00.04.22:400][847]LogEditorActor: Deleted 1 Actors (0.045 secs)
[2022.10.01-00.04.31:490][242]Cmd: POLY SELECT MATCHING BRUSH
[2022.10.01-00.04.32:283][277]LogEditorViewport: Clicking on Actor (LMB): BP_Sky_Sphere_C (SkySphereBlueprint)
[2022.10.01-00.04.41:945][711]LogEditorActor: Deleted Actor: StaticMeshActor
[2022.10.01-00.04.41:972][711]LogEditorActor: Deleted 1 Actors (0.036 secs)
[2022.10.01-00.05.10:073][902]LogSlate: Took 0.000936 seconds to synchronously load lazily loaded font '../../../Engine/Content/Slate/Fonts/Roboto-Light.ttf' (159K)
[2022.10.01-00.05.10:476][902]LogSavePackage: Save=338.80ms
[2022.10.01-00.05.10:476][902]LogSavePackage: Moving '../../../../../Users/Waifs/OneDrive/Documents/Unreal Projects/GAM303/Saved/ThirdPersonExampleMapC900CFC74DB442E6A51BA090AF3A8ED2.tmp' to '../../../../../Users/Waifs/OneDrive/Documents/Unreal Projects/GAM303/Content/ThirdPersonBP/Maps/ThirdPersonExampleMap.umap'
[2022.10.01-00.05.10:488][902]LogSavePackage: Display: Finished SavePackage ../../../../../Users/Waifs/OneDrive/Documents/Unreal Projects/GAM303/Content/ThirdPersonBP/Maps/ThirdPersonExampleMap.umap
[2022.10.01-00.05.10:850][902]LogSavePackage: Save=313.52ms
[2022.10.01-00.05.10:850][902]LogSavePackage: Moving '../../../../../Users/Waifs/OneDrive/Documents/Unreal Projects/GAM303/Saved/ThirdPersonExampleMap_BuiltDataCB40B11D4A8582EABA9027B23A483A44.tmp' to '../../../../../Users/Waifs/OneDrive/Documents/Unreal Projects/GAM303/Content/ThirdPersonBP/Maps/ThirdPersonExampleMap_BuiltData.uasset'
[2022.10.01-00.05.10:853][902]LogSavePackage: Display: Finished SavePackage ../../../../../Users/Waifs/OneDrive/Documents/Unreal Projects/GAM303/Content/ThirdPersonBP/Maps/ThirdPersonExampleMap_BuiltData.uasset
[2022.10.01-00.05.16:247][142]LogEditorViewport: Clicking on Actor (LMB): Landscape (Landscape)
[2022.10.01-00.05.18:413][229]Cmd: EDCALLBACK SURFPROPS
[2022.10.01-00.05.19:155][259]Cmd: EDCALLBACK SURFPROPS
[2022.10.01-00.05.20:050][303]Cmd: POLY SELECT MATCHING BRUSH
[2022.10.01-00.05.21:797][383]Cmd: POLY SELECT MATCHING BRUSH
[2022.10.01-00.05.23:399][442]LogActorFactory: Actor Factory created StaticMesh
[2022.10.01-00.05.23:990][468]LogActorFactory: Actor Factory created StaticMesh
[2022.10.01-00.05.47:746][676]LogEditorViewport: Clicking on Actor (LMB): StaticMeshActor (StaticMesh)
[2022.10.01-00.05.49:771][768]LogEditorViewport: Clicking on Actor (LMB): StaticMeshActor (StaticMesh)
[2022.10.01-00.05.50:202][786]Cmd: DELETE
[2022.10.01-00.05.50:202][786]Cmd: ACTOR DELETE
[2022.10.01-00.05.50:208][786]LogEditorActor: Deleted Actor: StaticMeshActor
[2022.10.01-00.05.50:232][786]LogEditorActor: Deleted 1 Actors (0.029 secs)
[2022.10.01-00.05.52:248][881]Cmd: POLY SELECT MATCHING BRUSH
[2022.10.01-00.05.55:800][922]Cmd: QUIT_EDITOR
[2022.10.01-00.05.55:851][922]LogWindowsTextInputMethodSystem: Display: IME system now deactivated.
[2022.10.01-00.05.55:862][922]LogExit: Preparing to exit.
[2022.10.01-00.05.56:793][922]LogDirectoryWatcher: A directory notification for 'C:/Users/Waifs/OneDrive/Documents/Unreal Projects/GAM303/Content/' was aborted.
[2022.10.01-00.05.56:907][922]LogExit: Editor shut down
[2022.10.01-00.05.56:963][922]LogExit: Transaction tracking system shut down
[2022.10.01-00.05.57:166][922]LogDirectoryWatcher: A directory notification for '../../../Engine/Content/' was aborted.
[2022.10.01-00.05.57:166][922]LogDirectoryWatcher: A directory notification for '../../../../../Users/Waifs/OneDrive/Documents/Unreal Projects/GAM303/Content/' was aborted.
[2022.10.01-00.05.57:166][922]LogDirectoryWatcher: A directory notification for '../../../Engine/Plugins/2D/Paper2D/Content/' was aborted.
[2022.10.01-00.05.57:166][922]LogDirectoryWatcher: A directory notification for '../../../Engine/Plugins/Media/MediaCompositing/Content/' was aborted.
[2022.10.01-00.05.57:167][922]LogDirectoryWatcher: A directory notification for '../../../Engine/Plugins/Runtime/AppleARKit/Content/' was aborted.
[2022.10.01-00.05.57:167][922]LogDirectoryWatcher: A directory notification for '../../../Engine/Plugins/Runtime/Oculus/OculusVR/Content/' was aborted.
[2022.10.01-00.05.57:168][922]LogDirectoryWatcher: A directory notification for '../../../Engine/Plugins/Runtime/Steam/SteamVR/Content/' was aborted.
[2022.10.01-00.05.57:329][922]LogExit: Object subsystem successfully closed.
[2022.10.01-00.05.57:381][922]LogD3D11RHI: Shutdown
[2022.10.01-00.05.57:381][922]LogD3D11RHI: CleanupD3DDevice
[2022.10.01-00.05.57:411][922]LogD3D11RHI: ~FD3D11DynamicRHI
[2022.10.01-00.05.57:520][922]LogModuleManager: Shutting down and abandoning module HierarchicalLODOutliner (548)
[2022.10.01-00.05.57:520][922]LogModuleManager: Shutting down and abandoning module SceneOutliner (546)
[2022.10.01-00.05.57:520][922]LogModuleManager: Shutting down and abandoning module AddContentDialog (544)
[2022.10.01-00.05.57:523][922]LogDirectoryWatcher: A directory notification for 'C:/Program Files (x86)/UE_4.18/FeaturePacks/' was aborted.
[2022.10.01-00.05.57:554][922]LogModuleManager: Shutting down and abandoning module WidgetCarousel (543)
[2022.10.01-00.05.57:554][922]LogModuleManager: Shutting down and abandoning module EditorWidgets (540)
[2022.10.01-00.05.57:554][922]LogModuleManager: Shutting down and abandoning module CollectionManager (538)
[2022.10.01-00.05.57:554][922]LogDirectoryWatcher: A directory notification for 'C:/Users/Waifs/OneDrive/Documents/Unreal Projects/GAM303/Content/Collections/' was aborted.
[2022.10.01-00.05.57:555][922]LogDirectoryWatcher: A directory notification for 'C:/Users/Waifs/OneDrive/Documents/Unreal Projects/GAM303/Content/Developers/Waifs/Collections/' was aborted.
[2022.10.01-00.05.57:556][922]LogDirectoryWatcher: A directory notification for 'C:/Users/Waifs/OneDrive/Documents/Unreal Projects/GAM303/Saved/Collections/' was aborted.
[2022.10.01-00.05.57:556][922]LogModuleManager: Shutting down and abandoning module StatsViewer (536)
[2022.10.01-00.05.57:556][922]LogModuleManager: Shutting down and abandoning module FoliageEdit (534)
[2022.10.01-00.05.57:556][922]LogModuleManager: Shutting down and abandoning module LandscapeEditor (532)
[2022.10.01-00.05.57:560][922]LogModuleManager: Shutting down and abandoning module MeshPaintMode (530)
[2022.10.01-00.05.57:560][922]LogModuleManager: Shutting down and abandoning module SceneDepthPickerMode (528)
[2022.10.01-00.05.57:560][922]LogModuleManager: Shutting down and abandoning module ActorPickerMode (526)
[2022.10.01-00.05.57:560][922]LogModuleManager: Shutting down and abandoning module GeometryMode (524)
[2022.10.01-00.05.57:560][922]LogModuleManager: Shutting down and abandoning module TextureAlignMode (522)
[2022.10.01-00.05.57:560][922]LogModuleManager: Shutting down and abandoning module BspMode (520)
[2022.10.01-00.05.57:561][922]LogModuleManager: Shutting down and abandoning module PIEPreviewDeviceProfileSelector (518)
[2022.10.01-00.05.57:561][922]LogModuleManager: Shutting down and abandoning module HardwareSurvey (516)
[2022.10.01-00.05.57:561][922]LogModuleManager: Shutting down and abandoning module SequenceRecorderSections (514)
[2022.10.01-00.05.57:561][922]LogModuleManager: Shutting down and abandoning module AutomationWorker (512)
[2022.10.01-00.05.57:562][922]LogModuleManager: Shutting down and abandoning module MatineeToLevelSequence (510)
[2022.10.01-00.05.57:562][922]LogModuleManager: Shutting down and abandoning module LevelSequenceEditor (508)
[2022.10.01-00.05.57:566][922]LogModuleManager: Shutting down and abandoning module PlacementMode (507)
[2022.10.01-00.05.57:566][922]LogModuleManager: Shutting down and abandoning module WmfMediaFactory (504)
[2022.10.01-00.05.57:566][922]LogModuleManager: Shutting down and abandoning module WmfMediaEditor (502)
[2022.10.01-00.05.57:566][922]LogModuleManager: Shutting down and abandoning module OpenExrWrapper (500)
[2022.10.01-00.05.57:566][922]LogModuleManager: Shutting down and abandoning module ImgMediaFactory (498)
[2022.10.01-00.05.57:566][922]LogModuleManager: Shutting down and abandoning module ImgMediaEditor (496)
[2022.10.01-00.05.57:566][922]LogModuleManager: Shutting down and abandoning module AvfMediaFactory (494)
[2022.10.01-00.05.57:566][922]LogModuleManager: Shutting down and abandoning module AvfMediaEditor (492)
[2022.10.01-00.05.57:566][922]LogModuleManager: Shutting down and abandoning module AndroidMediaFactory (490)
[2022.10.01-00.05.57:566][922]LogModuleManager: Shutting down and abandoning module AndroidMediaEditor (488)
[2022.10.01-00.05.57:566][922]LogModuleManager: Shutting down and abandoning module CharacterAI (486)
[2022.10.01-00.05.57:566][922]LogModuleManager: Shutting down and abandoning module AudioCapture (484)
[2022.10.01-00.05.57:567][922]LogModuleManager: Shutting down and abandoning module SequenceRecorder (483)
[2022.10.01-00.05.57:567][922]LogModuleManager: Shutting down and abandoning module SmartSnapping (480)
[2022.10.01-00.05.57:567][922]LogModuleManager: Shutting down and abandoning module SessionServices (478)
[2022.10.01-00.05.57:567][922]LogModuleManager: Shutting down and abandoning module ViewportSnapping (476)
[2022.10.01-00.05.57:567][922]LogModuleManager: Shutting down and abandoning module ViewportInteraction (474)
[2022.10.01-00.05.57:567][922]LogModuleManager: Shutting down and abandoning module ClothPainter (472)
[2022.10.01-00.05.57:569][922]LogModuleManager: Shutting down and abandoning module SkeletalMeshEditor (471)
[2022.10.01-00.05.57:570][922]LogModuleManager: Shutting down and abandoning module LogVisualizer (468)
[2022.10.01-00.05.57:572][922]LogModuleManager: Shutting down and abandoning module IntroTutorials (466)
[2022.10.01-00.05.57:573][922]LogModuleManager: Shutting down and abandoning module GameProjectGeneration (465)
[2022.10.01-00.05.57:574][922]LogModuleManager: Shutting down and abandoning module IOSPlatformEditor (462)
[2022.10.01-00.05.57:574][922]LogModuleManager: Shutting down and abandoning module HTML5PlatformEditor (460)
[2022.10.01-00.05.57:574][922]LogModuleManager: Shutting down and abandoning module AndroidPlatformEditor (458)
[2022.10.01-00.05.57:574][922]LogModuleManager: Shutting down and abandoning module AndroidDeviceDetection (457)
[2022.10.01-00.05.57:946][922]LogModuleManager: Shutting down and abandoning module WindowsPlatformEditor (454)
[2022.10.01-00.05.57:947][922]LogModuleManager: Shutting down and abandoning module IOSRuntimeSettings (452)
[2022.10.01-00.05.57:947][922]LogModuleManager: Shutting down and abandoning module AndroidRuntimeSettings (450)
[2022.10.01-00.05.57:947][922]LogModuleManager: Shutting down and abandoning module InputBindingEditor (448)
[2022.10.01-00.05.57:947][922]LogModuleManager: Shutting down and abandoning module MergeActors (446)
[2022.10.01-00.05.57:948][922]LogModuleManager: Shutting down and abandoning module SizeMap (444)
[2022.10.01-00.05.57:949][922]LogModuleManager: Shutting down and abandoning module TreeMap (442)
[2022.10.01-00.05.57:950][922]LogModuleManager: Shutting down and abandoning module ReferenceViewer (440)
[2022.10.01-00.05.57:950][922]LogModuleManager: Shutting down and abandoning module LocalizationDashboard (438)
[2022.10.01-00.05.57:951][922]LogModuleManager: Shutting down and abandoning module LocalizationService (437)
[2022.10.01-00.05.57:951][922]LogModuleManager: Shutting down and abandoning module HardwareTargeting (434)
[2022.10.01-00.05.57:951][922]LogModuleManager: Shutting down and abandoning module DeviceProfileEditor (432)
[2022.10.01-00.05.57:952][922]LogModuleManager: Shutting down and abandoning module UndoHistory (430)
[2022.10.01-00.05.57:952][922]LogModuleManager: Shutting down and abandoning module XmlParser (428)
[2022.10.01-00.05.57:952][922]LogModuleManager: Shutting down and abandoning module Blutility (426)
[2022.10.01-00.05.57:952][922]LogModuleManager: Shutting down and abandoning module ProjectSettingsViewer (424)
[2022.10.01-00.05.57:953][922]LogModuleManager: Shutting down and abandoning module ProjectTargetPlatformEditor (423)
[2022.10.01-00.05.57:957][922]LogModuleManager: Shutting down and abandoning module EditorSettingsViewer (420)
[2022.10.01-00.05.57:957][922]LogModuleManager: Shutting down and abandoning module SettingsEditor (418)
[2022.10.01-00.05.57:958][922]LogModuleManager: Shutting down and abandoning module ProjectLauncher (416)
[2022.10.01-00.05.57:959][922]LogModuleManager: Shutting down and abandoning module SessionFrontend (414)
[2022.10.01-00.05.57:959][922]LogModuleManager: Shutting down and abandoning module ProfilerClient (412)
[2022.10.01-00.05.57:961][922]LogModuleManager: Shutting down and abandoning module DeviceManager (410)
[2022.10.01-00.05.57:963][922]LogModuleManager: Shutting down and abandoning module TargetDeviceServices (409)
[2022.10.01-00.05.58:011][922]LogModuleManager: Shutting down and abandoning module AutomationController (406)
[2022.10.01-00.05.58:012][922]LogModuleManager: Shutting down and abandoning module AutomationWindow (404)
[2022.10.01-00.05.58:013][922]LogModuleManager: Shutting down and abandoning module Layers (402)
[2022.10.01-00.05.58:016][922]LogModuleManager: Shutting down and abandoning module ComponentVisualizers (400)
[2022.10.01-00.05.58:016][922]LogModuleManager: Shutting down and abandoning module DetailCustomizations (398)
[2022.10.01-00.05.58:017][922]LogModuleManager: Shutting down and abandoning module PackagesDialog (396)
[2022.10.01-00.05.58:017][922]LogModuleManager: Shutting down and abandoning module Persona (394)
[2022.10.01-00.05.58:019][922]LogModuleManager: Shutting down and abandoning module AdvancedPreviewScene (393)
[2022.10.01-00.05.58:019][922]LogModuleManager: Shutting down and abandoning module AnimGraph (391)
[2022.10.01-00.05.58:019][922]LogModuleManager: Shutting down and abandoning module Kismet (388)
[2022.10.01-00.05.58:020][922]LogModuleManager: Shutting down and abandoning module ClassViewer (386)
[2022.10.01-00.05.58:021][922]LogModuleManager: Shutting down and abandoning module Toolbox (384)
[2022.10.01-00.05.58:021][922]LogModuleManager: Shutting down and abandoning module ModuleUI (382)
[2022.10.01-00.05.58:021][922]LogModuleManager: Shutting down and abandoning module MovieSceneTools (380)
[2022.10.01-00.05.58:022][922]LogModuleManager: Shutting down and abandoning module OutputLog (378)
[2022.10.01-00.05.58:025][922]LogModuleManager: Shutting down and abandoning module GammaUI (376)
[2022.10.01-00.05.58:025][922]LogModuleManager: Shutting down and abandoning module Documentation (374)
[2022.10.01-00.05.58:025][922]LogModuleManager: Shutting down and abandoning module MovieSceneTracks (372)
[2022.10.01-00.05.58:028][922]LogModuleManager: Shutting down and abandoning module MovieScene (370)
[2022.10.01-00.05.58:028][922]LogModuleManager: Shutting down and abandoning module StreamingPauseRendering (368)
[2022.10.01-00.05.58:099][922]LogModuleManager: Shutting down and abandoning module LauncherPlatform (366)
[2022.10.01-00.05.58:099][922]LogModuleManager: Shutting down and abandoning module AnalyticsET (364)
[2022.10.01-00.05.58:110][922]LogModuleManager: Shutting down and abandoning module PortalServices (362)
[2022.10.01-00.05.58:110][922]LogModuleManager: Shutting down and abandoning module PortalRpc (360)
[2022.10.01-00.05.58:110][922]LogModuleManager: Shutting down and abandoning module MessagingRpc (358)
[2022.10.01-00.05.58:110][922]LogModuleManager: Shutting down and abandoning module AIModule (356)
[2022.10.01-00.05.58:177][922]LogModuleManager: Shutting down and abandoning module GameplayDebugger (355)
[2022.10.01-00.05.58:186][922]LogModuleManager: Shutting down and abandoning module AITestSuite (353)
[2022.10.01-00.05.58:186][922]LogModuleManager: Shutting down and abandoning module DesktopPlatform (350)
[2022.10.01-00.05.58:187][922]LogModuleManager: Shutting down and abandoning module ProfilerService (348)
[2022.10.01-00.05.58:216][922]LogModuleManager: Shutting down and abandoning module TaskGraph (346)
[2022.10.01-00.05.58:217][922]LogModuleManager: Shutting down and abandoning module SteamVRController (344)
[2022.10.01-00.05.58:217][922]LogModuleManager: Shutting down and abandoning module ProceduralMeshComponentEditor (342)
[2022.10.01-00.05.58:217][922]LogModuleManager: Shutting down and abandoning module ProceduralMeshComponent (340)
[2022.10.01-00.05.58:217][922]LogModuleManager: Shutting down and abandoning module OculusInput (338)
[2022.10.01-00.05.58:218][922]LogModuleManager: Shutting down and abandoning module MobilePatchingUtils (336)
[2022.10.01-00.05.58:218][922]LogModuleManager: Shutting down and abandoning module CustomMeshComponent (334)
[2022.10.01-00.05.58:218][922]LogModuleManager: Shutting down and abandoning module CableComponent (332)
[2022.10.01-00.05.58:218][922]LogModuleManager: Shutting down and abandoning module ArchVisCharacter (330)
[2022.10.01-00.05.58:218][922]LogModuleManager: Shutting down and abandoning module AndroidPermission (328)
[2022.10.01-00.05.58:218][922]LogModuleManager: Shutting down and abandoning module ActorSequence (324)
[2022.10.01-00.05.58:218][922]LogModuleManager: Shutting down and abandoning module MediaPlayerEditor (322)
[2022.10.01-00.05.58:220][922]LogModuleManager: Shutting down and abandoning module MediaCompositingEditor (320)
[2022.10.01-00.05.58:220][922]LogModuleManager: Shutting down and abandoning module MediaCompositing (318)
[2022.10.01-00.05.58:220][922]LogModuleManager: Shutting down and abandoning module HTML5Networking (316)
[2022.10.01-00.05.58:220][922]LogModuleManager: Shutting down and abandoning module AlembicImporter (314)
[2022.10.01-00.05.58:221][922]LogModuleManager: Shutting down and abandoning module AlembicLibrary (313)
[2022.10.01-00.05.58:221][922]LogModuleManager: Shutting down and abandoning module GeometryCache (312)
[2022.10.01-00.05.58:221][922]LogModuleManager: Shutting down and abandoning module GeometryCacheEd (311)
[2022.10.01-00.05.58:221][922]LogModuleManager: Shutting down and abandoning module SpeedTreeImporter (306)
[2022.10.01-00.05.58:221][922]LogModuleManager: Shutting down and abandoning module PluginBrowser (304)
[2022.10.01-00.05.58:221][922]LogModuleManager: Shutting down and abandoning module MobileLauncherProfileWizard (302)
[2022.10.01-00.05.58:222][922]LogModuleManager: Shutting down and abandoning module VisualStudioSourceCodeAccess (300)
[2022.10.01-00.05.58:222][922]LogModuleManager: Shutting down and abandoning module VisualStudioCodeSourceCodeAccess (298)
[2022.10.01-00.05.58:223][922]LogModuleManager: Shutting down and abandoning module UObjectPlugin (296)
[2022.10.01-00.05.58:223][922]LogModuleManager: Shutting down and abandoning module SubversionSourceControl (294)
[2022.10.01-00.05.58:223][922]LogModuleManager: Shutting down and abandoning module PerforceSourceControl (292)
[2022.10.01-00.05.58:225][922]LogModuleManager: Shutting down and abandoning module GitSourceControl (290)
[2022.10.01-00.05.58:226][922]LogModuleManager: Shutting down and abandoning module SourceControl (289)
[2022.10.01-00.05.58:226][922]LogModuleManager: Shutting down and abandoning module LightPropagationVolumeEditor (286)
[2022.10.01-00.05.58:226][922]LogModuleManager: Shutting down and abandoning module PaperTiledImporter (284)
[2022.10.01-00.05.58:226][922]LogModuleManager: Shutting down and abandoning module PaperSpriteSheetImporter (282)
[2022.10.01-00.05.58:226][922]LogModuleManager: Shutting down and abandoning module Paper2DEditor (280)
[2022.10.01-00.05.58:227][922]LogModuleManager: Shutting down and abandoning module MeshPaint (279)
[2022.10.01-00.05.58:228][922]LogModuleManager: Shutting down and abandoning module LevelEditor (277)
[2022.10.01-00.05.58:236][922]LogModuleManager: Shutting down and abandoning module PixelInspectorModule (276)
[2022.10.01-00.05.58:236][922]LogModuleManager: Shutting down and abandoning module MainFrame (274)
[2022.10.01-00.05.58:236][922]LogModuleManager: Shutting down and abandoning module HotReload (273)
[2022.10.01-00.05.58:238][922]LogModuleManager: Shutting down and abandoning module RuntimePhysXCooking (268)
[2022.10.01-00.05.58:239][922]LogModuleManager: Shutting down and abandoning module PhysXVehiclesEditor (266)
[2022.10.01-00.05.58:239][922]LogModuleManager: Shutting down and abandoning module PhysXVehicles (264)
[2022.10.01-00.05.58:239][922]LogModuleManager: Shutting down and abandoning module OculusEditor (262)
[2022.10.01-00.05.58:239][922]LogModuleManager: Shutting down and abandoning module LocationServicesBPLibrary (260)
[2022.10.01-00.05.58:239][922]LogModuleManager: Shutting down and abandoning module ImmediatePhysicsEditor (258)
[2022.10.01-00.05.58:239][922]LogModuleManager: Shutting down and abandoning module ImmediatePhysics (256)
[2022.10.01-00.05.58:239][922]LogModuleManager: Shutting down and abandoning module UdpMessaging (254)
[2022.10.01-00.05.58:343][922]LogModuleManager: Shutting down and abandoning module TcpMessaging (252)
[2022.10.01-00.05.58:453][922]LogModuleManager: Shutting down and abandoning module GameplayTagsEditor (250)
[2022.10.01-00.05.58:454][922]LogModuleManager: Shutting down and abandoning module FacialAnimationEditor (248)
[2022.10.01-00.05.58:455][922]LogModuleManager: Shutting down and abandoning module FacialAnimation (246)
[2022.10.01-00.05.58:455][922]LogModuleManager: Shutting down and abandoning module AssetManagerEditor (244)
[2022.10.01-00.05.58:455][922]LogModuleManager: Shutting down and abandoning module GraphEditor (243)
[2022.10.01-00.05.58:457][922]LogModuleManager: Shutting down and abandoning module ContentBrowser (241)
[2022.10.01-00.05.58:465][922]LogModuleManager: Shutting down and abandoning module LightPropagationVolumeRuntime (238)
[2022.10.01-00.05.58:465][922]LogModuleManager: Shutting down and abandoning module Paper2D (236)
[2022.10.01-00.05.58:465][922]LogModuleManager: Shutting down and abandoning module WindowsMoviePlayer (234)
[2022.10.01-00.05.58:466][922]LogModuleManager: Shutting down and abandoning module WmfMedia (232)
[2022.10.01-00.05.58:470][922]LogModuleManager: Shutting down and abandoning module ImgMedia (230)
[2022.10.01-00.05.58:471][922]LogModuleManager: Shutting down and abandoning module PacketHandler (228)
[2022.10.01-00.05.58:471][922]LogModuleManager: Shutting down and abandoning module ClothingSystemEditor (226)
[2022.10.01-00.05.58:471][922]LogModuleManager: Shutting down and abandoning module ClothingSystemRuntime (224)
[2022.10.01-00.05.58:472][922]LogModuleManager: Shutting down and abandoning module MediaAssets (222)
[2022.10.01-00.05.58:472][922]LogModuleManager: Shutting down and abandoning module Media (221)
[2022.10.01-00.05.58:479][922]LogModuleManager: Shutting down and abandoning module Overlay (218)
[2022.10.01-00.05.58:479][922]LogModuleManager: Shutting down and abandoning module OverlayEditor (217)
[2022.10.01-00.05.58:479][922]LogModuleManager: Shutting down and abandoning module VREditor (214)
[2022.10.01-00.05.58:480][922]LogModuleManager: Shutting down and abandoning module StringTableEditor (212)
[2022.10.01-00.05.58:481][922]LogModuleManager: Shutting down and abandoning module GameplayTasksEditor (210)
[2022.10.01-00.05.58:481][922]LogModuleManager: Shutting down and abandoning module BehaviorTreeEditor (208)
[2022.10.01-00.05.58:482][922]LogModuleManager: Shutting down and abandoning module FunctionalTesting (206)
[2022.10.01-00.05.58:483][922]LogModuleManager: Shutting down and abandoning module CollisionAnalyzer (204)
[2022.10.01-00.05.58:484][922]LogModuleManager: Shutting down and abandoning module WorkspaceMenuStructure (203)
[2022.10.01-00.05.58:485][922]LogModuleManager: Shutting down and abandoning module UMG (200)
[2022.10.01-00.05.58:486][922]LogModuleManager: Shutting down and abandoning module UMGEditor (199)
[2022.10.01-00.05.58:488][922]LogModuleManager: Shutting down and abandoning module Sequencer (198)
[2022.10.01-00.05.58:490][922]LogModuleManager: Shutting down and abandoning module MessageLog (195)
[2022.10.01-00.05.58:490][922]LogModuleManager: Shutting down and abandoning module SlateReflector (190)
[2022.10.01-00.05.58:492][922]LogModuleManager: Shutting down and abandoning module Slate (188)
[2022.10.01-00.05.58:492][922]LogModuleManager: Shutting down and abandoning module EditorStyle (186)
[2022.10.01-00.05.58:499][922]LogModuleManager: Shutting down and abandoning module MRMesh (184)
[2022.10.01-00.05.58:499][922]LogModuleManager: Shutting down and abandoning module SourceCodeAccess (182)
[2022.10.01-00.05.58:499][922]LogModuleManager: Shutting down and abandoning module HeadMountedDisplay (180)
[2022.10.01-00.05.58:499][922]LogModuleManager: Shutting down and abandoning module XAudio2 (178)
[2022.10.01-00.05.58:499][922]LogModuleManager: Shutting down and abandoning module Networking (176)
[2022.10.01-00.05.58:499][922]LogModuleManager: Shutting down and abandoning module Core (172)
[2022.10.01-00.05.58:499][922]LogModuleManager: Shutting down and abandoning module LevelSequence (168)
[2022.10.01-00.05.58:500][922]LogModuleManager: Shutting down and abandoning module DirectoryWatcher (166)
[2022.10.01-00.05.58:514][922]LogModuleManager: Shutting down and abandoning module KismetCompiler (164)
[2022.10.01-00.05.58:514][922]LogModuleManager: Shutting down and abandoning module MeshUtilities (162)
[2022.10.01-00.05.58:515][922]LogModuleManager: Shutting down and abandoning module MeshMergeUtilities (161)
[2022.10.01-00.05.58:515][922]LogModuleManager: Shutting down and abandoning module MeshReductionInterface (160)
[2022.10.01-00.05.58:515][922]LogModuleManager: Shutting down and abandoning module SimplygonSwarm (159)
[2022.10.01-00.05.58:516][922]LogModuleManager: Shutting down and abandoning module SimplygonMeshReduction (157)
[2022.10.01-00.05.58:516][922]LogModuleManager: Shutting down and abandoning module QuadricMeshReduction (155)
[2022.10.01-00.05.58:516][922]LogModuleManager: Shutting down and abandoning module MaterialBaking (151)
[2022.10.01-00.05.58:517][922]LogModuleManager: Shutting down and abandoning module DerivedDataCache (148)
[2022.10.01-00.05.58:593][922]LogDerivedDataCache: Shutdown
[2022.10.01-00.05.58:593][922]LogModuleManager: Shutting down and abandoning module TargetPlatform (146)
[2022.10.01-00.05.58:593][922]LogModuleManager: Shutting down and abandoning module VulkanShaderFormat (145)
[2022.10.01-00.05.58:593][922]LogModuleManager: Shutting down and abandoning module ShaderFormatVectorVM (143)
[2022.10.01-00.05.58:594][922]LogModuleManager: Shutting down and abandoning module ShaderFormatOpenGL (141)
[2022.10.01-00.05.58:595][922]LogModuleManager: Shutting down and abandoning module ShaderFormatD3D (139)
[2022.10.01-00.05.58:595][922]LogModuleManager: Shutting down and abandoning module MetalShaderFormat (137)
[2022.10.01-00.05.58:596][922]LogModuleManager: Shutting down and abandoning module TextureFormatUncompressed (135)
[2022.10.01-00.05.58:596][922]LogModuleManager: Shutting down and abandoning module TextureFormatPVR (133)
[2022.10.01-00.05.58:596][922]LogModuleManager: Shutting down and abandoning module TextureFormatDXT (131)
[2022.10.01-00.05.58:596][922]LogModuleManager: Shutting down and abandoning module TextureFormatIntelISPCTexComp (129)
[2022.10.01-00.05.58:596][922]LogModuleManager: Shutting down and abandoning module TextureFormatASTC (127)
[2022.10.01-00.05.58:596][922]LogModuleManager: Shutting down and abandoning module ImageWrapper (126)
[2022.10.01-00.05.58:596][922]LogModuleManager: Shutting down and abandoning module TextureFormatAndroid (123)
[2022.10.01-00.05.58:596][922]LogModuleManager: Shutting down and abandoning module AudioFormatOpus (121)
[2022.10.01-00.05.58:597][922]LogModuleManager: Shutting down and abandoning module AudioFormatOgg (119)
[2022.10.01-00.05.58:597][922]LogModuleManager: Shutting down and abandoning module AudioFormatADPCM (117)
[2022.10.01-00.05.58:597][922]LogModuleManager: Shutting down and abandoning module LinuxTargetPlatform (115)
[2022.10.01-00.05.58:597][922]LogModuleManager: Shutting down and abandoning module LinuxServerTargetPlatform (113)
[2022.10.01-00.05.58:597][922]LogModuleManager: Shutting down and abandoning module LinuxNoEditorTargetPlatform (111)
[2022.10.01-00.05.58:597][922]LogModuleManager: Shutting down and abandoning module LinuxClientTargetPlatform (109)
[2022.10.01-00.05.58:597][922]LogModuleManager: Shutting down and abandoning module TVOSTargetPlatform (107)
[2022.10.01-00.05.58:599][922]LogModuleManager: Shutting down and abandoning module Messaging (105)
[2022.10.01-00.05.58:599][922]LogModuleManager: Shutting down and abandoning module IOSTargetPlatform (103)
[2022.10.01-00.05.58:599][922]LogModuleManager: Shutting down and abandoning module HTML5TargetPlatform (101)
[2022.10.01-00.05.58:599][922]LogModuleManager: Shutting down and abandoning module AndroidTargetPlatform (99)
[2022.10.01-00.05.58:599][922]LogModuleManager: Shutting down and abandoning module Android_PVRTCTargetPlatform (97)
[2022.10.01-00.05.58:599][922]LogModuleManager: Shutting down and abandoning module Android_MultiTargetPlatform (95)
[2022.10.01-00.05.58:599][922]LogModuleManager: Shutting down and abandoning module Android_ETC2TargetPlatform (93)
[2022.10.01-00.05.58:599][922]LogModuleManager: Shutting down and abandoning module Android_ETC1TargetPlatform (91)
[2022.10.01-00.05.58:599][922]LogModuleManager: Shutting down and abandoning module Android_DXTTargetPlatform (89)
[2022.10.01-00.05.58:599][922]LogModuleManager: Shutting down and abandoning module Android_ATCTargetPlatform (87)
[2022.10.01-00.05.58:599][922]LogModuleManager: Shutting down and abandoning module Android_ASTCTargetPlatform (85)
[2022.10.01-00.05.58:599][922]LogModuleManager: Shutting down and abandoning module WindowsTargetPlatform (83)
[2022.10.01-00.05.58:600][922]LogModuleManager: Shutting down and abandoning module WindowsServerTargetPlatform (81)
[2022.10.01-00.05.58:600][922]LogModuleManager: Shutting down and abandoning module WindowsNoEditorTargetPlatform (79)
[2022.10.01-00.05.58:600][922]LogModuleManager: Shutting down and abandoning module WindowsClientTargetPlatform (77)
[2022.10.01-00.05.58:600][922]LogModuleManager: Shutting down and abandoning module MacTargetPlatform (75)
[2022.10.01-00.05.58:600][922]LogModuleManager: Shutting down and abandoning module MacServerTargetPlatform (73)
[2022.10.01-00.05.58:600][922]LogModuleManager: Shutting down and abandoning module MacNoEditorTargetPlatform (71)
[2022.10.01-00.05.58:601][922]LogModuleManager: Shutting down and abandoning module MacClientTargetPlatform (69)
[2022.10.01-00.05.58:601][922]LogModuleManager: Shutting down and abandoning module AllDesktopTargetPlatform (67)
[2022.10.01-00.05.58:601][922]LogModuleManager: Shutting down and abandoning module InputCore (64)
[2022.10.01-00.05.58:601][922]LogModuleManager: Shutting down and abandoning module Settings (62)
[2022.10.01-00.05.58:601][922]LogModuleManager: Shutting down and abandoning module PhysXCooking (60)
[2022.10.01-00.05.58:601][922]LogModuleManager: Shutting down and abandoning module SteamVR (58)
[2022.10.01-00.05.58:601][922]LogModuleManager: Shutting down and abandoning module OculusHMD (56)
[2022.10.01-00.05.58:601][922]LogModuleManager: Shutting down and abandoning module ExampleDeviceProfileSelector (54)
[2022.10.01-00.05.58:601][922]LogModuleManager: Shutting down and abandoning module AppleARKit (52)
[2022.10.01-00.05.58:601][922]LogModuleManager: Shutting down and abandoning module AugmentedReality (51)
[2022.10.01-00.05.58:601][922]LogModuleManager: Shutting down and abandoning module OnlineBlueprintSupport (48)
[2022.10.01-00.05.58:601][922]LogModuleManager: Shutting down and abandoning module OnlineSubsystem (44)
[2022.10.01-00.05.58:603][922]LogModuleManager: Shutting down and abandoning module XMPP (43)
[2022.10.01-00.05.58:604][922]LogModuleManager: Shutting down and abandoning module HTTP (41)
[2022.10.01-00.05.58:604][922]LogHttp: Display: Http module shutting down, but needs to wait on 1 outstanding Http requests:
[2022.10.01-00.05.58:604][922]LogHttp: Display: 	verb=[POST] url=[https://datarouter.ol.epicgames.com/datarouter/api/v1/public/data?SessionID=%7B1386A490-4714-A836-C43D-F0B0ADCD2CDC%7D&AppID=UEEditor.Rocket.Release&AppVersion=4.18.3-3832480%2B%2B%2BUE4%2BRelease-4.18&UserID=76252f694fe144d0adc2e99f3dca7d71%7Cc702a0d7ff0f4d2a8f1e9c7d2ecfce96%7Cccfeb08f-b8d4-4120-ae51-75b2a10723a0&AppEnvironment=datacollector-binary&UploadType=eteventstream] status=Processing
[2022.10.01-00.05.58:637][922]LogModuleManager: Shutting down and abandoning module SSL (40)
[2022.10.01-00.05.58:644][922]LogModuleManager: Shutting down and abandoning module AnimationModifiers (36)
[2022.10.01-00.05.58:645][922]LogModuleManager: Shutting down and abandoning module PropertyEditor (35)
[2022.10.01-00.05.58:648][922]LogModuleManager: Shutting down and abandoning module AudioEditor (32)
[2022.10.01-00.05.58:649][922]LogModuleManager: Shutting down and abandoning module TextureCompressor (30)
[2022.10.01-00.05.58:653][922]LogModuleManager: Shutting down and abandoning module ShaderCore (28)
[2022.10.01-00.05.58:653][922]LogModuleManager: Shutting down and abandoning module Landscape (26)
[2022.10.01-00.05.58:653][922]LogModuleManager: Shutting down and abandoning module SlateRHIRenderer (24)
[2022.10.01-00.05.58:661][922]LogModuleManager: Shutting down and abandoning module OpenGLDrv (22)
[2022.10.01-00.05.58:662][922]LogModuleManager: Shutting down and abandoning module D3D11RHI (20)
[2022.10.01-00.05.58:662][922]LogModuleManager: Shutting down and abandoning module AnimGraphRuntime (18)
[2022.10.01-00.05.58:662][922]LogModuleManager: Shutting down and abandoning module Renderer (16)
[2022.10.01-00.05.58:662][922]LogModuleManager: Shutting down and abandoning module Engine (14)
[2022.10.01-00.05.58:662][922]LogModuleManager: Shutting down and abandoning module CoreUObject (12)
[2022.10.01-00.05.58:662][922]LogModuleManager: Shutting down and abandoning module NetworkFile (10)
[2022.10.01-00.05.58:663][922]LogModuleManager: Shutting down and abandoning module CookedIterativeFile (8)
[2022.10.01-00.05.58:663][922]LogModuleManager: Shutting down and abandoning module StreamingFile (6)
[2022.10.01-00.05.58:663][922]LogModuleManager: Shutting down and abandoning module SandboxFile (4)
[2022.10.01-00.05.58:663][922]LogModuleManager: Shutting down and abandoning module PakFile (2)
[2022.10.01-00.05.58:665][922]LogExit: Exiting.
[2022.10.01-00.05.58:687][922]Log file closed, 09/30/22 19:05:58
