Log file open, 09/30/22 16:05:36
LogWindows: Failed to load 'aqProf.dll' (GetLastError=126)
LogWindows: File 'aqProf.dll' does not exist
LogWindows: Failed to load 'VSPerf140.dll' (GetLastError=126)
LogWindows: File 'VSPerf140.dll' does not exist
LogWindows: Failed to load 'VtuneApi.dll' (GetLastError=126)
LogWindows: File 'VtuneApi.dll' does not exist
LogWindows: Failed to load 'VtuneApi32e.dll' (GetLastError=126)
LogWindows: File 'VtuneApi32e.dll' does not exist
LogInit: Display: Running engine for game: GAM303
LogPlatformFile: Not using cached read wrapper
LogInit: Display: RandInit(-1507531217) SRandInit(-1507531217).
LogInit: Read version file with build ID '3709383'
LogInit: Overriding engine version to CL 3832480, compatible CL 3709383
LogInit: Registered custom module enumerator with build ID '3709383'
LogTaskGraph: Started task graph with 5 named threads and 8 total threads with 3 sets of task threads.
LogStats: Stats thread started at 0.510894
LogD3D11RHI: Aftermath initialized
LogModuleManager: Display: Found up-to-date module file ../../../Engine/Plugins/Runtime/ApexDestruction/Binaries/Win64/UE4Editor-ApexDestruction.dll (API version 3709383).
LogModuleManager: Display: Found up-to-date module file ../../../Engine/Plugins/Runtime/ApexDestruction/Binaries/Win64/UE4Editor-ApexDestructionEditor.dll (API version 3709383).
LogModuleManager: Display: Found up-to-date module file ../../../Engine/Plugins/2D/Paper2D/Binaries/Win64/UE4Editor-Paper2D.dll (API version 3709383).
LogModuleManager: Display: Found up-to-date module file ../../../Engine/Plugins/2D/Paper2D/Binaries/Win64/UE4Editor-Paper2DEditor.dll (API version 3709383).
LogModuleManager: Display: Found up-to-date module file ../../../Engine/Plugins/2D/Paper2D/Binaries/Win64/UE4Editor-PaperSpriteSheetImporter.dll (API version 3709383).
LogModuleManager: Display: Found up-to-date module file ../../../Engine/Plugins/2D/Paper2D/Binaries/Win64/UE4Editor-PaperTiledImporter.dll (API version 3709383).
LogModuleManager: Display: Found up-to-date module file ../../../Engine/Plugins/2D/Paper2D/Binaries/Win64/UE4Editor-SmartSnapping.dll (API version 3709383).
LogModuleManager: Display: Found up-to-date module file ../../../Engine/Plugins/Blendables/LightPropagationVolume/Binaries/Win64/UE4Editor-LightPropagationVolumeRuntime.dll (API version 3709383).
LogModuleManager: Display: Found up-to-date module file ../../../Engine/Plugins/Blendables/LightPropagationVolume/Binaries/Win64/UE4Editor-LightPropagationVolumeEditor.dll (API version 3709383).
LogModuleManager: Display: Found up-to-date module file ../../../Engine/Plugins/Developer/GitSourceControl/Binaries/Win64/UE4Editor-GitSourceControl.dll (API version 3709383).
LogModuleManager: Display: Found up-to-date module file ../../../Engine/Plugins/Developer/PerforceSourceControl/Binaries/Win64/UE4Editor-PerforceSourceControl.dll (API version 3709383).
LogModuleManager: Display: Found up-to-date module file ../../../Engine/Plugins/Developer/SubversionSourceControl/Binaries/Win64/UE4Editor-SubversionSourceControl.dll (API version 3709383).
LogModuleManager: Display: Found up-to-date module file ../../../Engine/Plugins/Developer/UObjectPlugin/Binaries/Win64/UE4Editor-UObjectPlugin.dll (API version 3709383).
LogModuleManager: Display: Found up-to-date module file ../../../Engine/Plugins/Developer/VisualStudioCodeSourceCodeAccess/Binaries/Win64/UE4Editor-VisualStudioCodeSourceCodeAccess.dll (API version 3709383).
LogModuleManager: Display: Found up-to-date module file ../../../Engine/Plugins/Developer/VisualStudioSourceCodeAccess/Binaries/Win64/UE4Editor-VisualStudioSourceCodeAccess.dll (API version 3709383).
LogModuleManager: Display: Found up-to-date module file ../../../Engine/Plugins/Editor/AssetManagerEditor/Binaries/Win64/UE4Editor-AssetManagerEditor.dll (API version 3709383).
LogModuleManager: Display: Found up-to-date module file ../../../Engine/Plugins/Editor/AudioCapture/Binaries/Win64/UE4Editor-AudioCapture.dll (API version 3709383).
LogModuleManager: Display: Found up-to-date module file ../../../Engine/Plugins/Editor/FacialAnimation/Binaries/Win64/UE4Editor-FacialAnimation.dll (API version 3709383).
LogModuleManager: Display: Found up-to-date module file ../../../Engine/Plugins/Editor/FacialAnimation/Binaries/Win64/UE4Editor-FacialAnimationEditor.dll (API version 3709383).
LogModuleManager: Display: Found up-to-date module file ../../../Engine/Plugins/Editor/GameplayTagsEditor/Binaries/Win64/UE4Editor-GameplayTagsEditor.dll (API version 3709383).
LogModuleManager: Display: Found up-to-date module file ../../../Engine/Plugins/Editor/MobileLauncherProfileWizard/Binaries/Win64/UE4Editor-MobileLauncherProfileWizard.dll (API version 3709383).
LogModuleManager: Display: Found up-to-date module file ../../../Engine/Plugins/Editor/PluginBrowser/Binaries/Win64/UE4Editor-PluginBrowser.dll (API version 3709383).
LogModuleManager: Display: Found up-to-date module file ../../../Engine/Plugins/Editor/SpeedTreeImporter/Binaries/Win64/UE4Editor-SpeedTreeImporter.dll (API version 3709383).
LogModuleManager: Display: Found up-to-date module file ../../../Engine/Plugins/Experimental/AlembicImporter/Binaries/Win64/UE4Editor-AlembicImporter.dll (API version 3709383).
LogModuleManager: Display: Found up-to-date module file ../../../Engine/Plugins/Experimental/AlembicImporter/Binaries/Win64/UE4Editor-AlembicLibrary.dll (API version 3709383).
LogModuleManager: Display: Found up-to-date module file ../../../Engine/Plugins/Experimental/CharacterAI/Binaries/Win64/UE4Editor-CharacterAI.dll (API version 3709383).
LogModuleManager: Display: Found up-to-date module file ../../../Engine/Plugins/Experimental/HTML5Networking/Binaries/Win64/UE4Editor-HTML5Networking.dll (API version 3709383).
LogModuleManager: Display: Found up-to-date module file ../../../Engine/Plugins/Media/AndroidMedia/Binaries/Win64/UE4Editor-AndroidMediaEditor.dll (API version 3709383).
LogModuleManager: Display: Found up-to-date module file ../../../Engine/Plugins/Media/AndroidMedia/Binaries/Win64/UE4Editor-AndroidMediaFactory.dll (API version 3709383).
LogModuleManager: Display: Found up-to-date module file ../../../Engine/Plugins/Media/AvfMedia/Binaries/Win64/UE4Editor-AvfMediaEditor.dll (API version 3709383).
LogModuleManager: Display: Found up-to-date module file ../../../Engine/Plugins/Media/AvfMedia/Binaries/Win64/UE4Editor-AvfMediaFactory.dll (API version 3709383).
LogModuleManager: Display: Found up-to-date module file ../../../Engine/Plugins/Media/AvfMedia/Binaries/Win64/UE4Editor-AvfMediaFactory.dll (API version 3709383).
LogModuleManager: Display: Found up-to-date module file ../../../Engine/Plugins/Media/ImgMedia/Binaries/Win64/UE4Editor-ImgMedia.dll (API version 3709383).
LogModuleManager: Display: Found up-to-date module file ../../../Engine/Plugins/Media/ImgMedia/Binaries/Win64/UE4Editor-ImgMediaEditor.dll (API version 3709383).
LogModuleManager: Display: Found up-to-date module file ../../../Engine/Plugins/Media/ImgMedia/Binaries/Win64/UE4Editor-ImgMediaFactory.dll (API version 3709383).
LogModuleManager: Display: Found up-to-date module file ../../../Engine/Plugins/Media/ImgMedia/Binaries/Win64/UE4Editor-ImgMediaFactory.dll (API version 3709383).
LogModuleManager: Display: Found up-to-date module file ../../../Engine/Plugins/Media/ImgMedia/Binaries/Win64/UE4Editor-OpenExrWrapper.dll (API version 3709383).
LogModuleManager: Display: Found up-to-date module file ../../../Engine/Plugins/Media/MediaCompositing/Binaries/Win64/UE4Editor-MediaCompositing.dll (API version 3709383).
LogModuleManager: Display: Found up-to-date module file ../../../Engine/Plugins/Media/MediaCompositing/Binaries/Win64/UE4Editor-MediaCompositingEditor.dll (API version 3709383).
LogModuleManager: Display: Found up-to-date module file ../../../Engine/Plugins/Media/MediaPlayerEditor/Binaries/Win64/UE4Editor-MediaPlayerEditor.dll (API version 3709383).
LogModuleManager: Display: Found up-to-date module file ../../../Engine/Plugins/Media/WmfMedia/Binaries/Win64/UE4Editor-WmfMedia.dll (API version 3709383).
LogModuleManager: Display: Found up-to-date module file ../../../Engine/Plugins/Media/WmfMedia/Binaries/Win64/UE4Editor-WmfMediaEditor.dll (API version 3709383).
LogModuleManager: Display: Found up-to-date module file ../../../Engine/Plugins/Media/WmfMedia/Binaries/Win64/UE4Editor-WmfMediaFactory.dll (API version 3709383).
LogModuleManager: Display: Found up-to-date module file ../../../Engine/Plugins/Media/WmfMedia/Binaries/Win64/UE4Editor-WmfMediaFactory.dll (API version 3709383).
LogModuleManager: Display: Found up-to-date module file ../../../Engine/Plugins/Messaging/TcpMessaging/Binaries/Win64/UE4Editor-TcpMessaging.dll (API version 3709383).
LogModuleManager: Display: Found up-to-date module file ../../../Engine/Plugins/Messaging/UdpMessaging/Binaries/Win64/UE4Editor-UdpMessaging.dll (API version 3709383).
LogModuleManager: Display: Found up-to-date module file ../../../Engine/Plugins/MovieScene/ActorSequence/Binaries/Win64/UE4Editor-ActorSequence.dll (API version 3709383).
LogModuleManager: Display: Found up-to-date module file ../../../Engine/Plugins/MovieScene/LevelSequenceEditor/Binaries/Win64/UE4Editor-LevelSequenceEditor.dll (API version 3709383).
LogModuleManager: Display: Found up-to-date module file ../../../Engine/Plugins/MovieScene/MatineeToLevelSequence/Binaries/Win64/UE4Editor-MatineeToLevelSequence.dll (API version 3709383).
LogModuleManager: Display: Found up-to-date module file ../../../Engine/Plugins/Online/OnlineSubsystem/Binaries/Win64/UE4Editor-OnlineSubsystem.dll (API version 3709383).
LogModuleManager: Display: Found up-to-date module file ../../../Engine/Plugins/Runtime/AndroidPermission/Binaries/Win64/UE4Editor-AndroidPermission.dll (API version 3709383).
LogModuleManager: Display: Found up-to-date module file ../../../Engine/Plugins/Online/OnlineSubsystemNull/Binaries/Win64/UE4Editor-OnlineSubsystemNull.dll (API version 3709383).
LogModuleManager: Display: Found up-to-date module file ../../../Engine/Plugins/Online/OnlineSubsystemUtils/Binaries/Win64/UE4Editor-OnlineSubsystemUtils.dll (API version 3709383).
LogModuleManager: Display: Found up-to-date module file ../../../Engine/Plugins/Online/OnlineSubsystemUtils/Binaries/Win64/UE4Editor-OnlineBlueprintSupport.dll (API version 3709383).
LogModuleManager: Display: Found up-to-date module file ../../../Engine/Plugins/Runtime/AndroidDeviceProfileSelector/Binaries/Win64/UE4Editor-AndroidDeviceProfileSelector.dll (API version 3709383).
LogModuleManager: Display: Found up-to-date module file ../../../Engine/Plugins/Runtime/AppleARKit/Binaries/Win64/UE4Editor-AppleARKit.dll (API version 3709383).
LogModuleManager: Display: Found up-to-date module file ../../../Engine/Plugins/Runtime/ArchVisCharacter/Binaries/Win64/UE4Editor-ArchVisCharacter.dll (API version 3709383).
LogModuleManager: Display: Found up-to-date module file ../../../Engine/Plugins/Runtime/CableComponent/Binaries/Win64/UE4Editor-CableComponent.dll (API version 3709383).
LogModuleManager: Display: Found up-to-date module file ../../../Engine/Plugins/Runtime/CustomMeshComponent/Binaries/Win64/UE4Editor-CustomMeshComponent.dll (API version 3709383).
LogModuleManager: Display: Found up-to-date module file ../../../Engine/Plugins/Runtime/ExampleDeviceProfileSelector/Binaries/Win64/UE4Editor-ExampleDeviceProfileSelector.dll (API version 3709383).
LogModuleManager: Display: Found up-to-date module file ../../../Engine/Plugins/Runtime/ImmediatePhysics/Binaries/Win64/UE4Editor-ImmediatePhysics.dll (API version 3709383).
LogModuleManager: Display: Found up-to-date module file ../../../Engine/Plugins/Runtime/ImmediatePhysics/Binaries/Win64/UE4Editor-ImmediatePhysicsEditor.dll (API version 3709383).
LogModuleManager: Display: Found up-to-date module file ../../../Engine/Plugins/Runtime/LocationServicesBPLibrary/Binaries/Win64/UE4Editor-LocationServicesBPLibrary.dll (API version 3709383).
LogModuleManager: Display: Found up-to-date module file ../../../Engine/Plugins/Runtime/MobilePatchingUtils/Binaries/Win64/UE4Editor-MobilePatchingUtils.dll (API version 3709383).
LogModuleManager: Display: Found up-to-date module file ../../../Engine/Plugins/Runtime/Oculus/OculusVR/Binaries/Win64/UE4Editor-OculusHMD.dll (API version 3709383).
LogModuleManager: Display: Found up-to-date module file ../../../Engine/Plugins/Runtime/Oculus/OculusVR/Binaries/Win64/UE4Editor-OculusInput.dll (API version 3709383).
LogModuleManager: Display: Found up-to-date module file ../../../Engine/Plugins/Runtime/Oculus/OculusVR/Binaries/Win64/UE4Editor-OculusEditor.dll (API version 3709383).
LogModuleManager: Display: Found up-to-date module file ../../../Engine/Plugins/Runtime/PhysXVehicles/Binaries/Win64/UE4Editor-PhysXVehicles.dll (API version 3709383).
LogModuleManager: Display: Found up-to-date module file ../../../Engine/Plugins/Runtime/PhysXVehicles/Binaries/Win64/UE4Editor-PhysXVehiclesEditor.dll (API version 3709383).
LogModuleManager: Display: Found up-to-date module file ../../../Engine/Plugins/Runtime/ProceduralMeshComponent/Binaries/Win64/UE4Editor-ProceduralMeshComponent.dll (API version 3709383).
LogModuleManager: Display: Found up-to-date module file ../../../Engine/Plugins/Runtime/ProceduralMeshComponent/Binaries/Win64/UE4Editor-ProceduralMeshComponentEditor.dll (API version 3709383).
LogModuleManager: Display: Found up-to-date module file ../../../Engine/Plugins/Runtime/RuntimePhysXCooking/Binaries/Win64/UE4Editor-RuntimePhysXCooking.dll (API version 3709383).
LogModuleManager: Display: Found up-to-date module file ../../../Engine/Plugins/Runtime/Steam/SteamVR/Binaries/Win64/UE4Editor-SteamVR.dll (API version 3709383).
LogModuleManager: Display: Found up-to-date module file ../../../Engine/Plugins/Runtime/Steam/SteamVR/Binaries/Win64/UE4Editor-SteamVRController.dll (API version 3709383).
LogModuleManager: Display: Found up-to-date module file ../../../Engine/Plugins/Runtime/WindowsMoviePlayer/Binaries/Win64/UE4Editor-WindowsMoviePlayer.dll (API version 3709383).
LogPluginManager: Mounting plugin Paper2D
LogPluginManager: Mounting plugin LightPropagationVolume
LogPluginManager: Mounting plugin CodeLiteSourceCodeAccess
LogPluginManager: Mounting plugin GitSourceControl
LogPluginManager: Mounting plugin KDevelopSourceCodeAccess
LogPluginManager: Mounting plugin NullSourceCodeAccess
LogPluginManager: Mounting plugin PerforceSourceControl
LogPluginManager: Mounting plugin SubversionSourceControl
LogPluginManager: Mounting plugin UObjectPlugin
LogPluginManager: Mounting plugin VisualStudioCodeSourceCodeAccess
LogPluginManager: Mounting plugin VisualStudioSourceCodeAccess
LogPluginManager: Mounting plugin XCodeSourceCodeAccess
LogPluginManager: Mounting plugin AssetManagerEditor
LogPluginManager: Mounting plugin AudioCapture
LogPluginManager: Mounting plugin FacialAnimation
LogPluginManager: Mounting plugin GameplayTagsEditor
LogPluginManager: Mounting plugin MobileLauncherProfileWizard
LogPluginManager: Mounting plugin PluginBrowser
LogPluginManager: Mounting plugin SpeedTreeImporter
LogPluginManager: Mounting plugin AlembicImporter
LogPluginManager: Mounting plugin CharacterAI
LogPluginManager: Mounting plugin HTML5Networking
LogPluginManager: Mounting plugin AndroidMedia
LogPluginManager: Mounting plugin AvfMedia
LogPluginManager: Mounting plugin ImgMedia
LogPluginManager: Mounting plugin MediaCompositing
LogPluginManager: Mounting plugin MediaPlayerEditor
LogPluginManager: Mounting plugin WmfMedia
LogPluginManager: Mounting plugin TcpMessaging
LogPluginManager: Mounting plugin UdpMessaging
LogPluginManager: Mounting plugin ActorSequence
LogPluginManager: Mounting plugin LevelSequenceEditor
LogPluginManager: Mounting plugin MatineeToLevelSequence
LogPluginManager: Mounting plugin OnlineSubsystemGooglePlay
LogPluginManager: Mounting plugin OnlineSubsystemIOS
LogPluginManager: Mounting plugin OnlineSubsystem
LogPluginManager: Mounting plugin OnlineSubsystemNull
LogPluginManager: Mounting plugin OnlineSubsystemUtils
LogPluginManager: Mounting plugin AndroidDeviceProfileSelector
LogPluginManager: Mounting plugin AndroidMoviePlayer
LogPluginManager: Mounting plugin AndroidPermission
LogPluginManager: Mounting plugin ApexDestruction
LogPluginManager: Mounting plugin AppleARKit
LogPluginManager: Mounting plugin AppleMoviePlayer
LogPluginManager: Mounting plugin ArchVisCharacter
LogPluginManager: Mounting plugin CableComponent
LogPluginManager: Mounting plugin CustomMeshComponent
LogPluginManager: Mounting plugin ExampleDeviceProfileSelector
LogPluginManager: Mounting plugin GoogleCloudMessaging
LogPluginManager: Mounting plugin ImmediatePhysics
LogPluginManager: Mounting plugin IOSDeviceProfileSelector
LogPluginManager: Mounting plugin LinuxDeviceProfileSelector
LogPluginManager: Mounting plugin LocationServicesBPLibrary
LogPluginManager: Mounting plugin MobilePatchingUtils
LogPluginManager: Mounting plugin OculusVR
LogPluginManager: Plugin shader directory ../../../Engine/Plugins/Runtime/Oculus/OculusVR/Shaders found
LogPluginManager: Mapping shader source directory ../../../Engine/Plugins/Runtime/Oculus/OculusVR/Shaders to virtual directory /Plugin/OculusVR
LogPluginManager: Mounting plugin PhysXVehicles
LogPluginManager: Mounting plugin ProceduralMeshComponent
LogPluginManager: Mounting plugin RuntimePhysXCooking
LogPluginManager: Mounting plugin SteamVR
LogPluginManager: Mounting plugin WindowsMoviePlayer
LogInit: Using libcurl 7.47.1
LogInit:  - built for x86_64-pc-win32
LogInit:  - supports SSL with OpenSSL/1.0.2g
LogInit:  - supports HTTP deflate (compression) using libz 1.2.8
LogInit:  - other features:
LogInit:      CURL_VERSION_SSL
LogInit:      CURL_VERSION_LIBZ
LogInit:      CURL_VERSION_IPV6
LogInit:      CURL_VERSION_ASYNCHDNS
LogInit:      CURL_VERSION_LARGEFILE
LogInit:      CURL_VERSION_IDN
LogInit:  CurlRequestOptions (configurable via config and command line):
LogInit:  - bVerifyPeer = false  - Libcurl will NOT verify peer certificate
LogInit:  - bUseHttpProxy = false  - Libcurl will NOT use HTTP proxy
LogInit:  - bDontReuseConnections = false  - Libcurl will reuse connections
LogInit:  - CertBundlePath = nullptr  - Libcurl will use whatever was configured at build time.
LogInit: Build: ++UE4+Release-4.18-CL-3832480
LogInit: Engine Version: 4.18.3-3832480+++UE4+Release-4.18
LogInit: Compatible Engine Version: 4.18.0-3709383+++UE4+Release-4.18
LogInit: Net CL: 3709383
LogDevObjectVersion: Number of dev versions registered: 16
LogDevObjectVersion:   Dev-Blueprints (B0D832E4-1F89-4F0D-ACCF-7EB736FD4AA2): 10
LogDevObjectVersion:   Dev-Build (E1C64328-A22C-4D53-A36C-8E866417BD8C): 0
LogDevObjectVersion:   Dev-Core (375EC13C-06E4-48FB-B500-84F0262A717E): 2
LogDevObjectVersion:   Dev-Editor (E4B068ED-F494-42E9-A231-DA0B2E46BB41): 20
LogDevObjectVersion:   Dev-Framework (CFFC743F-43B0-4480-9391-14DF171D2073): 30
LogDevObjectVersion:   Dev-Mobile (B02B49B5-BB20-44E9-A304-32B752E40360): 0
LogDevObjectVersion:   Dev-Networking (A4E4105C-59A1-49B5-A7C5-40C4547EDFEE): 0
LogDevObjectVersion:   Dev-Online (39C831C9-5AE6-47DC-9A44-9C173E1C8E7C): 0
LogDevObjectVersion:   Dev-Physics (78F01B33-EBEA-4F98-B9B4-84EACCB95AA2): 0
LogDevObjectVersion:   Dev-Platform (6631380F-2D4D-43E0-8009-CF276956A95A): 0
LogDevObjectVersion:   Dev-Rendering (12F88B9F-8875-4AFC-A67C-D90C383ABD29): 20
LogDevObjectVersion:   Dev-Sequencer (7B5AE74C-D270-4C10-A958-57980B212A5A): 4
LogDevObjectVersion:   Dev-VR (D7296918-1DD6-4BDD-9DE2-64A83CC13884): 0
LogDevObjectVersion:   Dev-LoadTimes (C2A15278-BFE7-4AFE-6C17-90FF531DF755): 1
LogDevObjectVersion:   Private-Geometry (6EACA3D4-40EC-4CC1-B786-8BED09428FC5): 1
LogDevObjectVersion:   Dev-AnimPhys (29E575DD-E0A3-4627-9D10-D276232CDCEA): 12
LogInit: Compiled (64-bit): Jan 12 2018 02:04:55
LogInit: Compiled with Visual C++: 19.00.24215.01
LogInit: Build Configuration: Development
LogInit: Branch Name: ++UE4+Release-4.18
LogInit: Command line:  
LogInit: Base directory: C:/Program Files (x86)/UE_4.18/Engine/Binaries/Win64/
LogInit: Installed Engine Build: 1
LogInit: Presizing for max 8388607 objects, including 0 objects not considered by GC, pre-allocating 0 bytes for permanent pool.
LogInit: Object subsystem initialized
[2022.09.30-21.05.40:624][  0]LogInit: Selected Device Profile: [Windows]
[2022.09.30-21.05.40:624][  0]LogInit: Applying CVar settings loaded from the selected device profile: [Windows]
[2022.09.30-21.05.40:637][  0]LogInit: Computer: LAPTOP-K1GI59O1
[2022.09.30-21.05.40:637][  0]LogInit: User: Waifs
[2022.09.30-21.05.40:637][  0]LogInit: CPU Page size=4096, Cores=2
[2022.09.30-21.05.40:637][  0]LogInit: High frequency timer resolution =10.000000 MHz
[2022.09.30-21.05.40:637][  0]LogMemory: Memory total: Physical=3.8GB (4GB approx)
[2022.09.30-21.05.40:637][  0]LogMemory: Platform Memory Stats for Windows
[2022.09.30-21.05.40:637][  0]LogMemory: Process Physical Memory: 272.31 MB used, 272.31 MB peak
[2022.09.30-21.05.40:637][  0]LogMemory: Process Virtual Memory: 269.34 MB used, 269.34 MB peak
[2022.09.30-21.05.40:637][  0]LogMemory: Physical Memory: 2856.04 MB used,  1039.27 MB free, 3895.30 MB total
[2022.09.30-21.05.40:637][  0]LogMemory: Virtual Memory: 4765.82 MB used,  1039.27 MB free, 134217728.00 MB total
[2022.09.30-21.05.40:935][  0]LogInit: Using OS detected language (en-US).
[2022.09.30-21.05.40:935][  0]LogInit: Using OS detected locale (en-US).
[2022.09.30-21.05.41:015][  0]LogTextLocalizationManager: No specific localization for 'en-US' exists, so the 'en' localization will be used.
[2022.09.30-21.05.41:490][  0]LogInit: Setting process to per monitor DPI aware
[2022.09.30-21.05.45:323][  0]LogD3D11RHI: D3D11 adapters:
[2022.09.30-21.05.45:452][  0]LogD3D11RHI:    0. 'Intel(R) UHD Graphics' (Feature Level 11_0)
[2022.09.30-21.05.45:452][  0]LogD3D11RHI:       128/0/1947 MB DedicatedVideo/DedicatedSystem/SharedSystem, Outputs:1, VendorId:0x8086
[2022.09.30-21.05.45:465][  0]LogD3D11RHI:    1. 'Microsoft Basic Render Driver' (Feature Level 11_0)
[2022.09.30-21.05.45:466][  0]LogD3D11RHI:       0/0/1947 MB DedicatedVideo/DedicatedSystem/SharedSystem, Outputs:0, VendorId:0x1414
[2022.09.30-21.05.45:466][  0]LogD3D11RHI: Chosen D3D11 Adapter: 0
[2022.09.30-21.05.45:474][  0]LogD3D11RHI: Creating new Direct3DDevice
[2022.09.30-21.05.45:474][  0]LogD3D11RHI:     GPU DeviceId: 0x9a78 (for the marketing name, search the web for "GPU Device Id")
[2022.09.30-21.05.45:474][  0]LogWindows: EnumDisplayDevices:
[2022.09.30-21.05.45:475][  0]LogWindows:    0. 'Intel(R) UHD Graphics' (P:1 D:1)
[2022.09.30-21.05.45:475][  0]LogWindows:    1. 'Intel(R) UHD Graphics' (P:0 D:0)
[2022.09.30-21.05.45:475][  0]LogWindows:    2. 'Intel(R) UHD Graphics' (P:0 D:0)
[2022.09.30-21.05.45:475][  0]LogWindows:    3. 'Intel(R) UHD Graphics' (P:0 D:0)
[2022.09.30-21.05.45:475][  0]LogWindows: DebugString: GetVideoDriverDetailsInvalid PrimaryIsNotTheChoosenAdapter GetVideoDriverDetailsInvalid PrimaryIsNotTheChoosenAdapter GetVideoDriverDetailsInvalid PrimaryIsNotTheChoosenAdapter GetVideoDriverDetailsInvalid PrimaryIsNotTheChoosenAdapter FoundDriverCount:0 
[2022.09.30-21.05.45:475][  0]LogD3D11RHI:     Adapter Name: Intel(R) UHD Graphics
[2022.09.30-21.05.45:475][  0]LogD3D11RHI:   Driver Version: Unknown (internal:Unknown, unified:Unknown)
[2022.09.30-21.05.45:475][  0]LogD3D11RHI:      Driver Date: Unknown
[2022.09.30-21.05.45:475][  0]LogRHI: Texture pool is 771 MB (70% of 1101 MB)
[2022.09.30-21.05.45:536][  0]LogD3D11RHI: Async texture creation enabled
[2022.09.30-21.05.45:562][  0]LogD3D11RHI: GPU Timing Frequency: 19.200000 (Debug: 2 0)
[2022.09.30-21.05.45:565][  0]LogShaderCompilers: Guid format shader working directory is -23 characters bigger than the processId version (../../../../../Users/Waifs/OneDrive/Documents/Unreal Projects/GAM303/Intermediate/Shaders/WorkingDirectory/13848/).
[2022.09.30-21.05.45:565][  0]LogShaderCompilers: Cleaned the shader compiler working directory 'C:/Users/Waifs/AppData/Local/Temp/UnrealShaderWorkingDir/15D813304FAE22032619BC9419FAB749/'.
[2022.09.30-21.05.45:565][  0]LogShaderCompilers: Display: Using Local Shader Compiler.
[2022.09.30-21.05.50:175][  0]LogTemp: Display: Loaded TP AllDesktopTargetPlatform
[2022.09.30-21.05.50:254][  0]LogTemp: Display: Loaded TP MacClientTargetPlatform
[2022.09.30-21.05.50:327][  0]LogTemp: Display: Loaded TP MacNoEditorTargetPlatform
[2022.09.30-21.05.50:402][  0]LogTemp: Display: Loaded TP MacServerTargetPlatform
[2022.09.30-21.05.50:480][  0]LogTemp: Display: Loaded TP MacTargetPlatform
[2022.09.30-21.05.50:557][  0]LogTemp: Display: Loaded TP WindowsClientTargetPlatform
[2022.09.30-21.05.50:631][  0]LogTemp: Display: Loaded TP WindowsNoEditorTargetPlatform
[2022.09.30-21.05.50:708][  0]LogTemp: Display: Loaded TP WindowsServerTargetPlatform
[2022.09.30-21.05.50:778][  0]LogTemp: Display: Loaded TP WindowsTargetPlatform
[2022.09.30-21.05.50:861][  0]LogTemp: Display: Loaded TP Android_ASTCTargetPlatform
[2022.09.30-21.05.50:935][  0]LogTemp: Display: Loaded TP Android_ATCTargetPlatform
[2022.09.30-21.05.51:023][  0]LogTemp: Display: Loaded TP Android_DXTTargetPlatform
[2022.09.30-21.05.51:097][  0]LogTemp: Display: Loaded TP Android_ETC1TargetPlatform
[2022.09.30-21.05.51:182][  0]LogTemp: Display: Loaded TP Android_ETC2TargetPlatform
[2022.09.30-21.05.51:361][  0]LogTemp: Display: Loaded TP Android_MultiTargetPlatform
[2022.09.30-21.05.51:361][  0]LogTemp: Display: Loaded TP Android_PVRTCTargetPlatform
[2022.09.30-21.05.51:463][  0]LogTemp: Display: Loaded TP AndroidTargetPlatform
[2022.09.30-21.05.51:525][  0]LogTemp: Display: Loaded TP HTML5TargetPlatform
[2022.09.30-21.05.51:711][  0]LogTemp: Display: Loaded TP IOSTargetPlatform
[2022.09.30-21.05.51:755][  0]LogTemp: Display: Loaded TP TVOSTargetPlatform
[2022.09.30-21.05.51:825][  0]LogTemp: Display: Loaded TP LinuxClientTargetPlatform
[2022.09.30-21.05.51:901][  0]LogTemp: Display: Loaded TP LinuxNoEditorTargetPlatform
[2022.09.30-21.05.51:979][  0]LogTemp: Display: Loaded TP LinuxServerTargetPlatform
[2022.09.30-21.05.52:061][  0]LogTemp: Display: Loaded TP LinuxTargetPlatform
[2022.09.30-21.05.52:061][  0]LogTargetPlatformManager: Display: Building Assets For Windows
[2022.09.30-21.05.53:398][  0]LogDerivedDataCache: Display: Max Cache Size: 512 MB
[2022.09.30-21.05.53:643][  0]LogDerivedDataCache: Loaded boot cache 0.24s 78MB C:/Users/Waifs/AppData/Local/UnrealEngine/4.18/DerivedDataCache/Boot.ddc.
[2022.09.30-21.05.53:643][  0]LogDerivedDataCache: Display: Loaded Boot cache: C:/Users/Waifs/AppData/Local/UnrealEngine/4.18/DerivedDataCache/Boot.ddc
[2022.09.30-21.05.53:643][  0]LogDerivedDataCache: FDerivedDataBackendGraph:  Pak pak cache file ../../../../../Users/Waifs/OneDrive/Documents/Unreal Projects/GAM303/DerivedDataCache/DDC.ddp not found, will not use a pak cache.
[2022.09.30-21.05.53:643][  0]LogDerivedDataCache: Unable to find inner node Pak for hierarchical cache Hierarchy.
[2022.09.30-21.05.53:643][  0]LogDerivedDataCache: FDerivedDataBackendGraph:  CompressedPak pak cache file ../../../../../Users/Waifs/OneDrive/Documents/Unreal Projects/GAM303/DerivedDataCache/Compressed.ddp not found, will not use a pak cache.
[2022.09.30-21.05.53:643][  0]LogDerivedDataCache: Unable to find inner node CompressedPak for hierarchical cache Hierarchy.
[2022.09.30-21.05.53:683][  0]LogDerivedDataCache: Display: Pak cache opened for reading ../../../Engine/DerivedDataCache/Compressed.ddp.
[2022.09.30-21.05.53:709][  0]LogDerivedDataCache: Using Local data cache path C:/Users/Waifs/AppData/Local/UnrealEngine/Common/DerivedDataCache: Writable
[2022.09.30-21.05.53:731][  0]LogMaterial: Verifying Global Shaders for PCD3D_SM5
[2022.09.30-21.05.53:736][  0]LogSlate: Using Freetype 2.6.0
[2022.09.30-21.05.53:761][  0]LogSlate: SlateFontCache - WITH_FREETYPE: 1, WITH_HARFBUZZ: 1
[2022.09.30-21.05.53:761][  0]LogSlate: SlateFontCache - WITH_FREETYPE: 1, WITH_HARFBUZZ: 1
[2022.09.30-21.06.00:046][  0]LogInit: Selected Device Profile: [Windows]
[2022.09.30-21.06.00:855][  0]LogSimplygon: Simplygon DLL not present - disabling.
[2022.09.30-21.06.00:920][  0]LogMeshReduction: Using SimplygonSwarm for distributed automatic mesh merging
[2022.09.30-21.06.00:920][  0]LogMeshReduction: Using QuadricMeshReduction for automatic static mesh reduction
[2022.09.30-21.06.00:920][  0]LogMeshReduction: No automatic skeletal mesh reduction module available
[2022.09.30-21.06.00:920][  0]LogMeshReduction: No automatic mesh merging module available
[2022.09.30-21.06.00:920][  0]LogMeshMerging: No automatic mesh merging module available
[2022.09.30-21.06.01:022][  0]LogNetVersion: GAM303 , NetCL: 3709383, EngineNetVer: 2, GameNetVer: 0 (Checksum: 4079393575)
[2022.09.30-21.06.01:588][  0]LogAssetRegistry: FAssetRegistry took 0.0389 seconds to start up
[2022.09.30-21.06.04:015][  0]LogPackageLocalizationCache: Processed 7 localized package path(s) for 2 prioritized culture(s) in 0.366372 seconds
[2022.09.30-21.06.04:033][  0]LogUObjectArray: 35870 objects as part of root set at end of initial load.
[2022.09.30-21.06.04:034][  0]LogUObjectAllocator: 7363704 out of 0 bytes used by permanent object pool.
[2022.09.30-21.06.04:034][  0]LogUObjectArray: CloseDisregardForGC: 0/0 objects in disregard for GC pool
[2022.09.30-21.06.04:161][  0]LogInit: WinSock: version 1.1 (2.2), MaxSocks=32767, MaxUdp=65467
[2022.09.30-21.06.14:671][  0]LogTcpMessaging: Initializing TcpMessaging bridge
[2022.09.30-21.06.14:780][  0]LogUdpMessaging: Initializing bridge on interface 0.0.0.0:0 to multicast group 230.0.0.1:6666.
[2022.09.30-21.06.17:233][  0]LogMaterial: Uniform references updated for custom material expression Custom.
[2022.09.30-21.06.18:560][  0]SourceControl: Source control is disabled
[2022.09.30-21.06.18:564][  0]SourceControl: Source control is disabled
[2022.09.30-21.06.18:740][  0]SourceControl: Source control is disabled
[2022.09.30-21.06.18:903][  0]SourceControl: Source control is disabled
[2022.09.30-21.06.21:402][  0]LogAndroidPermission: UAndroidPermissionCallbackProxy::GetInstance
[2022.09.30-21.06.21:866][  0]LogOcInput: OculusInput pre-init called
[2022.09.30-21.06.22:725][  0]LogEngine: Initializing Engine...
[2022.09.30-21.06.22:740][  0]LogHMD: Failed to initialize OpenVR with code 110
[2022.09.30-21.06.23:362][  0]LogStats: UGameplayTagsManager::ConstructGameplayTagTree: Construct from data asset -  0.000 s
[2022.09.30-21.06.23:363][  0]LogStats: UGameplayTagsManager::ConstructGameplayTagTree: GameplayTagTreeChangedEvent.Broadcast -  0.000 s
[2022.09.30-21.06.23:722][  0]LogAIModule: Creating AISystem for world Untitled
[2022.09.30-21.06.23:761][  0]LogInit: XAudio2 using 'Speakers (Realtek(R) Audio)' : 2 channels at 48 kHz using 32 bits per sample (channel mask 0x3)
[2022.09.30-21.06.24:367][  0]LogInit: FAudioDevice initialized.
[2022.09.30-21.06.24:597][  0]LogDerivedDataCache: Saved boot cache 0.22s 78MB C:/Users/Waifs/AppData/Local/UnrealEngine/4.18/DerivedDataCache/Boot.ddc.
[2022.09.30-21.06.25:049][  0]LogInit: Texture streaming: Enabled
[2022.09.30-21.06.25:244][  0]LogEngineSessionManager: EngineSessionManager initialized
[2022.09.30-21.06.25:458][  0]LogInit: Transaction tracking system initialized
[2022.09.30-21.06.25:966][  0]BlueprintLog: New page: Editor Load
[2022.09.30-21.06.27:366][  0]LocalizationService: Localization service is disabled
[2022.09.30-21.06.29:019][  0]LogConsoleResponse: Display: 
[2022.09.30-21.06.29:955][  0]LogCook: Display: Max memory allowance for cook 16384mb min free memory 0mb
[2022.09.30-21.06.29:957][  0]LogFileCache: Scanning file cache for directory 'C:/Users/Waifs/OneDrive/Documents/Unreal Projects/GAM303/Content/' took 0.02s
[2022.09.30-21.06.29:957][  0]LogCook: Display: Mobile HDR setting 1
[2022.09.30-21.06.29:958][  0]LogGameplayTags: Display: UGameplayTagsManager::DoneAddingNativeTags. DelegateIsBound: 0
[2022.09.30-21.06.32:260][  0]SourceControl: Source control is disabled
[2022.09.30-21.06.32:263][  0]Cmd: MAP LOAD FILE="../../../../../Users/Waifs/OneDrive/Documents/Unreal Projects/GAM303/Content/ThirdPersonBP/Maps/ThirdPersonExampleMap.umap" TEMPLATE=0 SHOWPROGRESS=1 FEATURELEVEL=3
[2022.09.30-21.06.32:265][  0]LightingResults: New page: Lighting Build
[2022.09.30-21.06.32:352][  0]MapCheck: New page: Map Check
[2022.09.30-21.06.32:353][  0]LightingResults: New page: Lighting Build
[2022.09.30-21.06.33:711][  0]LogAIModule: Creating AISystem for world ThirdPersonExampleMap
[2022.09.30-21.06.34:972][  0]LogEditorServer: Finished looking for orphan Actors (0.000 secs)
[2022.09.30-21.06.35:019][  0]Cmd: MAP CHECKDEP NOCLEARLOG
[2022.09.30-21.06.35:104][  0]MapCheck: Map check complete: 0 Error(s), 0 Warning(s), took 84.747ms to complete.
[2022.09.30-21.06.35:104][  0]LogFileHelpers: Loading map 'ThirdPersonExampleMap' took 2.843
[2022.09.30-21.06.35:465][  0]LogCollectionManager: Loaded 0 collections in 0.003743 seconds
[2022.09.30-21.06.35:638][  0]LogFileCache: Scanning file cache for directory 'C:/Users/Waifs/OneDrive/Documents/Unreal Projects/GAM303/Saved/Collections/' took 0.01s
[2022.09.30-21.06.35:638][  0]LogFileCache: Scanning file cache for directory 'C:/Users/Waifs/OneDrive/Documents/Unreal Projects/GAM303/Content/Developers/Waifs/Collections/' took 0.01s
[2022.09.30-21.06.35:638][  0]LogFileCache: Scanning file cache for directory 'C:/Users/Waifs/OneDrive/Documents/Unreal Projects/GAM303/Content/Collections/' took 0.01s
[2022.09.30-21.06.35:638][  0]LogCollectionManager: Rebuilt the GUID cache for 0 collections in 0.000001 seconds
[2022.09.30-21.06.35:677][  0]LogContentBrowser: Native class hierarchy populated in 0.0370 seconds. Added 2372 classes and 524 folders.
[2022.09.30-21.06.35:769][  0]LogContentBrowser: Native class hierarchy updated for 'WidgetCarousel' in 0.0004 seconds. Added 0 classes and 0 folders.
[2022.09.30-21.06.36:286][  0]LogContentBrowser: Native class hierarchy updated for 'AddContentDialog' in 0.0003 seconds. Added 0 classes and 0 folders.
[2022.09.30-21.06.36:537][  0]LogContentBrowser: Native class hierarchy updated for 'SceneOutliner' in 0.0003 seconds. Added 1 classes and 2 folders.
[2022.09.30-21.06.36:689][  0]LogDirectoryWatcher: Warning: Failed to begin reading directory changes for ../../../../../Users/Waifs/OneDrive/Documents/Unreal Projects/GAM303/Plugins/. Error: The system cannot find the file specified. (0x00000002)
[2022.09.30-21.06.36:738][  0]LogSlate: Took 0.020384 seconds to synchronously load lazily loaded font '../../../Engine/Content/Slate/Fonts/Roboto-Regular.ttf' (155K)
[2022.09.30-21.06.36:750][  0]LogSlate: Took 0.007182 seconds to synchronously load lazily loaded font '../../../Engine/Content/Slate/Fonts/Roboto-Bold.ttf' (160K)
[2022.09.30-21.06.36:773][  0]LogSlate: Took 0.011139 seconds to synchronously load lazily loaded font '../../../Engine/Content/Editor/Slate/Fonts/FontAwesome.ttf' (139K)
[2022.09.30-21.06.37:035][  0]LogRenderer: Reallocating scene render targets to support 844x432 Format 10 NumSamples 1 (Frame:1).
[2022.09.30-21.06.37:627][  0]LogContentBrowser: Native class hierarchy updated for 'HierarchicalLODOutliner' in 0.0004 seconds. Added 1 classes and 2 folders.
[2022.09.30-21.06.37:627][  0]LogLoad: (Engine Initialization) Total time: 64.11 seconds
[2022.09.30-21.06.37:627][  0]LogLoad: (Engine Initialization) Total Blueprint compile time: 0.00 seconds
[2022.09.30-21.06.37:629][  0]LogExternalProfiler: No external profilers were discovered.  External profiling features will not be available.
[2022.09.30-21.06.37:694][  0]LogContentStreaming: Texture pool size now 1000 MB
[2022.09.30-21.06.37:774][  0]LogSlate: Took 0.039685 seconds to synchronously load lazily loaded font '../../../Engine/Content/Slate/Fonts/Roboto-Light.ttf' (159K)
[2022.09.30-21.06.38:252][  3]LogAssetRegistry: Asset discovery search completed in 36.6943 seconds
[2022.09.30-21.06.38:257][  3]LogCollectionManager: Rebuilt the object cache for 0 collections in 0.000001 seconds (found 0 objects)
[2022.09.30-21.06.38:258][  3]LogCollectionManager: Fixed up redirectors for 0 collections in 0.000379 seconds (updated 0 objects)
[2022.09.30-21.06.46:819][364]LogDirectoryWatcher: A directory notification for '../../../Engine/Plugins/' was aborted.
[2022.09.30-21.06.51:992][620]LogEditorViewport: Clicking on Actor (LMB): Landscape (Landscape)
[2022.09.30-21.07.00:915][962]LogSlate: Took 0.000258 seconds to synchronously load lazily loaded font '../../../Engine/Content/Slate/Fonts/Roboto-Light.ttf' (159K)
[2022.09.30-21.07.01:925][962]LogAIModule: Creating AISystem for world Module3
[2022.09.30-21.07.02:060][962]Cmd: MAP LOAD FILE="../../../../../Users/Waifs/OneDrive/Documents/Unreal Projects/GAM303/Content/Levels/Module3.umap" TEMPLATE=0 SHOWPROGRESS=1 FEATURELEVEL=3
[2022.09.30-21.07.02:061][962]LightingResults: New page: Lighting Build
[2022.09.30-21.07.02:062][962]LoadErrors: New page: Loading map: Module3.umap
[2022.09.30-21.07.02:067][962]MapCheck: New page: Map Check
[2022.09.30-21.07.02:067][962]LightingResults: New page: Lighting Build
[2022.09.30-21.07.03:260][962]LogEditorServer: Finished looking for orphan Actors (0.000 secs)
[2022.09.30-21.07.03:306][962]Cmd: MAP CHECKDEP NOCLEARLOG
[2022.09.30-21.07.03:580][962]MapCheck: Map check complete: 0 Error(s), 0 Warning(s), took 273.643ms to complete.
[2022.09.30-21.07.03:582][962]LogSlate: Took 0.000796 seconds to synchronously load lazily loaded font '../../../Engine/Content/Slate/Fonts/Roboto-Regular.ttf' (155K)
[2022.09.30-21.07.03:596][962]LogFileHelpers: Loading map 'Module3' took 1.540
[2022.09.30-21.07.17:872][415]LogAIModule: Creating AISystem for world Module2
[2022.09.30-21.07.17:935][415]Cmd: MAP LOAD FILE="../../../../../Users/Waifs/OneDrive/Documents/Unreal Projects/GAM303/Content/Levels/Module2.umap" TEMPLATE=0 SHOWPROGRESS=1 FEATURELEVEL=3
[2022.09.30-21.07.17:935][415]LightingResults: New page: Lighting Build
[2022.09.30-21.07.17:936][415]LoadErrors: New page: Loading map: Module2.umap
[2022.09.30-21.07.17:937][415]MapCheck: New page: Map Check
[2022.09.30-21.07.17:937][415]LightingResults: New page: Lighting Build
[2022.09.30-21.07.18:997][415]LogEditorServer: Finished looking for orphan Actors (0.000 secs)
[2022.09.30-21.07.19:045][415]Cmd: MAP CHECKDEP NOCLEARLOG
[2022.09.30-21.07.19:403][415]MapCheck: Map check complete: 0 Error(s), 0 Warning(s), took 357.019ms to complete.
[2022.09.30-21.07.19:442][415]LogFileHelpers: Loading map 'Module2' took 1.509
[2022.09.30-21.07.30:837][878]LogActorFactory: Actor Factory created Cube
[2022.09.30-21.07.31:521][891]LogActorFactory: Actor Factory created Cube
[2022.09.30-21.07.57:898][ 15]LogEditorViewport: Clicking on Actor (LMB): Landscape (Landscape)
[2022.09.30-21.07.58:581][ 39]LogEditorViewport: Clicking on Actor (LMB): StaticMeshActor (Cube)
[2022.09.30-21.08.22:552][104]Cmd: POLY SELECT MATCHING BRUSH
[2022.09.30-21.08.56:341][268]LogEditorViewport: Clicking on Actor (LMB): StaticMeshActor (Cube)
[2022.09.30-21.09.36:572][182]LogEditorViewport: Clicking on Actor (LMB): StaticMeshActor (Cube)
[2022.09.30-21.09.59:609][197]Cmd: POLY SELECT MATCHING BRUSH
[2022.09.30-21.10.35:073][649]Cmd: DELETE
[2022.09.30-21.10.35:073][649]Cmd: ACTOR DELETE
[2022.09.30-21.10.35:148][649]LogEditorActor: Deleted Actor: StaticMeshActor
[2022.09.30-21.10.35:246][649]LogEditorActor: Deleted 1 Actors (0.135 secs)
[2022.09.30-21.10.38:290][798]Cmd: BRUSH ADD SELECTNEWBRUSH
[2022.09.30-21.11.37:535][447]LogStaticMesh: Building static mesh Box_MESH...
[2022.09.30-21.11.37:542][447]LogStaticMesh: Built static mesh [0.01s] /Game/BluePrints/Destruction/Box_MESH.Box_MESH
[2022.09.30-21.11.37:547][447]LogActorFactory: Actor Factory created Box_MESH
[2022.09.30-21.11.37:601][447]LogEditor: Error: Actor 'Brush /Game/Levels/Module2.Module2:PersistentLevel.BoxBrush' is marked pending kill and cannot be converted
[2022.09.30-21.11.37:603][447]EditorErrors: New page: Actor Reattachment
[2022.09.30-21.11.59:998][360]LogRenderer: Reallocating scene render targets to support 1144x700 Format 10 NumSamples 1 (Frame:1).
[2022.09.30-21.12.37:340][153]Cmd: OBJ SAVEPACKAGE PACKAGE="/Game/BluePrints/Destruction/Box_MESH" FILE="../../../../../Users/Waifs/OneDrive/Documents/Unreal Projects/GAM303/Content/BluePrints/Destruction/Box_MESH.uasset" SILENT=true
[2022.09.30-21.12.37:375][153]LogSavePackage: Save=30.18ms
[2022.09.30-21.12.37:375][153]LogSavePackage: Moving '../../../../../Users/Waifs/OneDrive/Documents/Unreal Projects/GAM303/Saved/Box_MESH390BB2614CC970F8852791AC09B742CD.tmp' to '../../../../../Users/Waifs/OneDrive/Documents/Unreal Projects/GAM303/Content/BluePrints/Destruction/Box_MESH.uasset'
[2022.09.30-21.12.37:380][153]LogSavePackage: Display: Finished SavePackage ../../../../../Users/Waifs/OneDrive/Documents/Unreal Projects/GAM303/Content/BluePrints/Destruction/Box_MESH.uasset
[2022.09.30-21.12.39:432][204]LogEditorViewport: Clicking on Actor (context menu): StaticMeshActor (Box_MESH)
[2022.09.30-21.12.58:635][334]LogDestructible: Warning: MainMesh Tris: 12
[2022.09.30-21.12.58:648][334]LogApexDestructibleAssetImport: Warning: Using default materials for material slot
[2022.09.30-21.12.58:649][334]LogApexDestructibleAssetImport: Warning: Bones digested - 2  Depth of hierarchy - 2
[2022.09.30-21.12.58:659][334]LogSkeletalMesh: Section 0: 24 vertices, 1 active bones
[2022.09.30-21.12.58:664][334]LogSkeletalMesh: Section 0: Material=0, 12 triangles
[2022.09.30-21.13.16:210][882]LogDestructible: Warning: MainMesh Tris: 12
[2022.09.30-21.13.16:345][882]LogApexDestructibleAssetImport: Warning: Using default materials for material slot
[2022.09.30-21.13.16:346][882]LogApexDestructibleAssetImport: Warning: Bones digested - 102  Depth of hierarchy - 2
[2022.09.30-21.13.16:390][882]LogSkeletalMesh: Section 0: 716 vertices, 72 active bones
[2022.09.30-21.13.16:391][882]LogSkeletalMesh: Section 1: 5458 vertices, 100 active bones
[2022.09.30-21.13.16:397][882]LogSkeletalMesh: Section 0: Material=0, 464 triangles
[2022.09.30-21.13.16:397][882]LogSkeletalMesh: Section 1: Material=1, 3270 triangles
[2022.09.30-21.13.50:038][941]LogSavePackage: Save=65.42ms
[2022.09.30-21.13.50:038][941]LogSavePackage: Moving '../../../../../Users/Waifs/OneDrive/Documents/Unreal Projects/GAM303/Saved/Box_MESH_DMB63934734266B6AC6B1FB18BF6F18BDD.tmp' to '../../../../../Users/Waifs/OneDrive/Documents/Unreal Projects/GAM303/Content/BluePrints/Destruction/Box_MESH_DM.uasset'
[2022.09.30-21.13.50:040][941]LogSavePackage: Display: Finished SavePackage ../../../../../Users/Waifs/OneDrive/Documents/Unreal Projects/GAM303/Content/BluePrints/Destruction/Box_MESH_DM.uasset
[2022.09.30-21.14.05:960][441]LogSavePackage: Save=69.38ms
[2022.09.30-21.14.05:960][441]LogSavePackage: Moving '../../../../../Users/Waifs/OneDrive/Documents/Unreal Projects/GAM303/Saved/Box_MESH_DMAFBBEC8D4183703F6F99108E8BD28088.tmp' to '../../../../../Users/Waifs/OneDrive/Documents/Unreal Projects/GAM303/Content/BluePrints/Destruction/Box_MESH_DM.uasset'
[2022.09.30-21.14.05:962][441]LogSavePackage: Display: Finished SavePackage ../../../../../Users/Waifs/OneDrive/Documents/Unreal Projects/GAM303/Content/BluePrints/Destruction/Box_MESH_DM.uasset
[2022.09.30-21.14.43:896][179]LogContentBrowser: Native class hierarchy updated for 'BlueprintGraph' in 0.0057 seconds. Added 116 classes and 0 folders.
[2022.09.30-21.15.11:340][ 52]BlueprintLog: New page: Compile Destruction_BP
[2022.09.30-21.15.39:771][881]LogSlate: Took 0.012815 seconds to synchronously load lazily loaded font '../../../Engine/Content/Editor/Slate/Fonts/Roboto-Italic.ttf' (157K)
[2022.09.30-21.16.59:321][189]LogSlate: Took 0.026665 seconds to synchronously load lazily loaded font '../../../Engine/Content/Editor/Slate/Fonts/Roboto-BoldCondensed.ttf' (158K)
[2022.09.30-21.18.34:471][371]BlueprintLog: New page: Compile Destruction_BP
[2022.09.30-21.18.35:288][386]LogSavePackage: Save=38.71ms
[2022.09.30-21.18.35:288][386]LogSavePackage: Moving '../../../../../Users/Waifs/OneDrive/Documents/Unreal Projects/GAM303/Saved/Destruction_BP98EF0B414CD5D6B90221019C014C5262.tmp' to '../../../../../Users/Waifs/OneDrive/Documents/Unreal Projects/GAM303/Content/BluePrints/Destruction/Destruction_BP.uasset'
[2022.09.30-21.18.35:293][386]LogSavePackage: Display: Finished SavePackage ../../../../../Users/Waifs/OneDrive/Documents/Unreal Projects/GAM303/Content/BluePrints/Destruction/Destruction_BP.uasset
[2022.09.30-21.18.51:114][479]LogSlate: Took 0.001608 seconds to synchronously load lazily loaded font '../../../Engine/Content/Slate/Fonts/Roboto-Light.ttf' (159K)
[2022.09.30-21.19.00:992][506]LogSavePackage: Save=691.57ms
[2022.09.30-21.19.00:992][506]LogSavePackage: Moving '../../../../../Users/Waifs/OneDrive/Documents/Unreal Projects/GAM303/Saved/Module2_Auto117C31AA24A7FF48D6202159587955549.tmp' to '../../../../../Users/Waifs/OneDrive/Documents/Unreal Projects/GAM303/Saved/Autosaves/Game/Levels/Module2_Auto1.umap'
[2022.09.30-21.19.00:996][506]LogSavePackage: Display: Finished SavePackage ../../../../../Users/Waifs/OneDrive/Documents/Unreal Projects/GAM303/Saved/Autosaves/Game/Levels/Module2_Auto1.umap
[2022.09.30-21.19.01:011][506]LogFileHelpers: Editor autosave (incl. sublevels) for '/Game/Levels/Module2' took 0.775
[2022.09.30-21.19.01:011][506]LogFileHelpers: Editor autosave (incl. sublevels) for all levels took 0.775
[2022.09.30-21.22.14:933][210]LogSavePackage: Save=35.71ms
[2022.09.30-21.22.14:934][210]LogSavePackage: Moving '../../../../../Users/Waifs/OneDrive/Documents/Unreal Projects/GAM303/Saved/Destruction_BPB2621BC14D3F774B543A0A9A5F8A4769.tmp' to '../../../../../Users/Waifs/OneDrive/Documents/Unreal Projects/GAM303/Content/BluePrints/Destruction/Destruction_BP.uasset'
[2022.09.30-21.22.14:935][210]LogSavePackage: Display: Finished SavePackage ../../../../../Users/Waifs/OneDrive/Documents/Unreal Projects/GAM303/Content/BluePrints/Destruction/Destruction_BP.uasset
[2022.09.30-21.22.18:495][315]Cmd: OBJ SAVEPACKAGE PACKAGE="/Game/Levels/Module2" FILE="../../../../../Users/Waifs/OneDrive/Documents/Unreal Projects/GAM303/Content/Levels/Module2.umap" SILENT=true AUTOSAVING=false KEEPDIRTY=false
[2022.09.30-21.22.19:203][315]LogSavePackage: Save=678.09ms
[2022.09.30-21.22.19:204][315]LogSavePackage: Moving '../../../../../Users/Waifs/OneDrive/Documents/Unreal Projects/GAM303/Saved/Module23392D5E44C7AB2A79477AD8D5BF02978.tmp' to '../../../../../Users/Waifs/OneDrive/Documents/Unreal Projects/GAM303/Content/Levels/Module2.umap'
[2022.09.30-21.22.19:207][315]LogSavePackage: Display: Finished SavePackage ../../../../../Users/Waifs/OneDrive/Documents/Unreal Projects/GAM303/Content/Levels/Module2.umap
[2022.09.30-21.22.19:261][315]LogFileHelpers: Saving map 'Module2' took 1.104
[2022.09.30-21.22.23:583][432]LogTemp: Repeating last play command: Selected Viewport
[2022.09.30-21.22.23:973][432]LogPlayLevel: PlayLevel: No blueprints needed recompiling
[2022.09.30-21.22.23:988][432]PIE: New page: PIE session: Module2 (Sep 30, 2022, 11:22:23 AM)
[2022.09.30-21.22.23:995][432]LogPlayLevel: Creating play world package: /Game/Levels/UEDPIE_0_Module2
[2022.09.30-21.22.24:077][432]LogPlayLevel: PIE: StaticDuplicateObject took: (0.081112s)
[2022.09.30-21.22.24:109][432]LogAIModule: Creating AISystem for world Module2
[2022.09.30-21.22.24:118][432]LogPlayLevel: PIE: World Init took: (0.041711s)
[2022.09.30-21.22.24:119][432]LogPlayLevel: PIE: Created PIE world by copying editor world from /Game/Levels/Module2.Module2 to /Game/Levels/UEDPIE_0_Module2.Module2 (0.125452s)
[2022.09.30-21.22.24:208][432]LogInit: XAudio2 using 'Speakers (Realtek(R) Audio)' : 2 channels at 48 kHz using 32 bits per sample (channel mask 0x3)
[2022.09.30-21.22.24:235][432]LogInit: FAudioDevice initialized.
[2022.09.30-21.22.24:366][432]LogLoad: Game class is 'ThirdPersonGameMode_C'
[2022.09.30-21.22.24:388][432]LogWorld: Bringing World /Game/Levels/UEDPIE_0_Module2.Module2 up for play (max tick rate 60) at 2022.09.30-16.22.24
[2022.09.30-21.22.24:393][432]LogWorld: Bringing up level for play took: 0.016199
[2022.09.30-21.22.24:590][432]LogContentBrowser: Native class hierarchy updated for 'MovieSceneCapture' in 0.0062 seconds. Added 11 classes and 0 folders.
[2022.09.30-21.22.24:629][432]PIE: Play in editor start time for /Game/Levels/UEDPIE_0_Module2 0.402
[2022.09.30-21.22.54:025][699]Cmd: OBJ SAVEPACKAGE PACKAGE="/Game/Levels/Module2" FILE="../../../../../Users/Waifs/OneDrive/Documents/Unreal Projects/GAM303/Content/Levels/Module2.umap" SILENT=true AUTOSAVING=false KEEPDIRTY=false
[2022.09.30-21.22.54:636][699]LogSavePackage: Save=530.18ms
[2022.09.30-21.22.54:636][699]LogSavePackage: Moving '../../../../../Users/Waifs/OneDrive/Documents/Unreal Projects/GAM303/Saved/Module2B62F685F4694620AC3B4179ACC8C824B.tmp' to '../../../../../Users/Waifs/OneDrive/Documents/Unreal Projects/GAM303/Content/Levels/Module2.umap'
[2022.09.30-21.22.54:638][699]LogSavePackage: Display: Finished SavePackage ../../../../../Users/Waifs/OneDrive/Documents/Unreal Projects/GAM303/Content/Levels/Module2.umap
[2022.09.30-21.22.54:662][699]Cmd: OBJ SAVEPACKAGE PACKAGE="/Game/Levels/Module2_BuiltData" FILE="../../../../../Users/Waifs/OneDrive/Documents/Unreal Projects/GAM303/Content/Levels/Module2_BuiltData.uasset" SILENT=true
[2022.09.30-21.22.57:562][699]LogSavePackage: Save=2842.86ms
[2022.09.30-21.22.57:562][699]LogSavePackage: Moving '../../../../../Users/Waifs/OneDrive/Documents/Unreal Projects/GAM303/Saved/Module2_BuiltDataECD46ED44A8F4DF8D38950878E5C6733.tmp' to '../../../../../Users/Waifs/OneDrive/Documents/Unreal Projects/GAM303/Content/Levels/Module2_BuiltData.uasset'
[2022.09.30-21.22.57:693][699]LogSavePackage: Display: Finished SavePackage ../../../../../Users/Waifs/OneDrive/Documents/Unreal Projects/GAM303/Content/Levels/Module2_BuiltData.uasset
[2022.09.30-21.24.55:387][188]LogSavePackage: Save=74.38ms
[2022.09.30-21.24.55:387][188]LogSavePackage: Moving '../../../../../Users/Waifs/OneDrive/Documents/Unreal Projects/GAM303/Saved/Box_MESH_DMA68717E44C7CA36BFF9587AD3D209B30.tmp' to '../../../../../Users/Waifs/OneDrive/Documents/Unreal Projects/GAM303/Content/BluePrints/Destruction/Box_MESH_DM.uasset'
[2022.09.30-21.24.55:395][188]LogSavePackage: Display: Finished SavePackage ../../../../../Users/Waifs/OneDrive/Documents/Unreal Projects/GAM303/Content/BluePrints/Destruction/Box_MESH_DM.uasset
[2022.09.30-21.26.38:365][  7]BlueprintLog: New page: Compile Destruction_BP
[2022.09.30-21.26.39:303][ 11]LogSavePackage: Save=44.83ms
[2022.09.30-21.26.39:303][ 11]LogSavePackage: Moving '../../../../../Users/Waifs/OneDrive/Documents/Unreal Projects/GAM303/Saved/Destruction_BPB77BE2B24A9DB019BF52E49557C4C8DF.tmp' to '../../../../../Users/Waifs/OneDrive/Documents/Unreal Projects/GAM303/Content/BluePrints/Destruction/Destruction_BP.uasset'
[2022.09.30-21.26.39:308][ 11]LogSavePackage: Display: Finished SavePackage ../../../../../Users/Waifs/OneDrive/Documents/Unreal Projects/GAM303/Content/BluePrints/Destruction/Destruction_BP.uasset
[2022.09.30-21.26.49:622][227]LogSavePackage: Save=45.07ms
[2022.09.30-21.26.49:622][227]LogSavePackage: Moving '../../../../../Users/Waifs/OneDrive/Documents/Unreal Projects/GAM303/Saved/Destruction_BPDDF4B6C342847A3FFE3FB9BC58BFF067.tmp' to '../../../../../Users/Waifs/OneDrive/Documents/Unreal Projects/GAM303/Content/BluePrints/Destruction/Destruction_BP.uasset'
[2022.09.30-21.26.49:624][227]LogSavePackage: Display: Finished SavePackage ../../../../../Users/Waifs/OneDrive/Documents/Unreal Projects/GAM303/Content/BluePrints/Destruction/Destruction_BP.uasset
[2022.09.30-21.26.52:862][312]LogTemp: Repeating last play command: Selected Viewport
[2022.09.30-21.26.52:923][312]LogPlayLevel: PlayLevel: No blueprints needed recompiling
[2022.09.30-21.26.52:923][312]PIE: New page: PIE session: Module2 (Sep 30, 2022, 11:26:52 AM)
[2022.09.30-21.26.52:923][312]LogPlayLevel: Creating play world package: /Game/Levels/UEDPIE_0_Module2
[2022.09.30-21.26.52:960][312]LogPlayLevel: PIE: StaticDuplicateObject took: (0.036581s)
[2022.09.30-21.26.52:967][312]LogAIModule: Creating AISystem for world Module2
[2022.09.30-21.26.52:967][312]LogPlayLevel: PIE: World Init took: (0.007098s)
[2022.09.30-21.26.52:967][312]LogPlayLevel: PIE: Created PIE world by copying editor world from /Game/Levels/Module2.Module2 to /Game/Levels/UEDPIE_0_Module2.Module2 (0.044294s)
[2022.09.30-21.26.53:004][312]LogInit: XAudio2 using 'Speakers (Realtek(R) Audio)' : 2 channels at 48 kHz using 32 bits per sample (channel mask 0x3)
[2022.09.30-21.26.53:095][312]LogInit: FAudioDevice initialized.
[2022.09.30-21.26.53:137][312]LogLoad: Game class is 'ThirdPersonGameMode_C'
[2022.09.30-21.26.53:142][312]LogWorld: Bringing World /Game/Levels/UEDPIE_0_Module2.Module2 up for play (max tick rate 60) at 2022.09.30-16.26.53
[2022.09.30-21.26.53:143][312]LogWorld: Bringing up level for play took: 0.004830
[2022.09.30-21.26.53:150][312]PIE: Play in editor start time for /Game/Levels/UEDPIE_0_Module2 0.924
[2022.09.30-21.27.03:727][710]LogEditorViewport: Clicking on Actor (LMB): StaticMeshActor (Box_MESH)
[2022.09.30-21.27.08:146][851]LogEditorViewport: Clicking on Actor (LMB): StaticMeshActor (Plane)
[2022.09.30-21.27.08:999][871]LogEditorViewport: Clicking on Actor (LMB): StaticMeshActor (Plane)
[2022.09.30-21.27.09:509][888]LogEditorViewport: Clicking on Actor (LMB): Landscape (Landscape)
[2022.09.30-21.27.31:534][663]LogTemp: Repeating last play command: Selected Viewport
[2022.09.30-21.27.31:578][663]LogPlayLevel: PlayLevel: No blueprints needed recompiling
[2022.09.30-21.27.31:580][663]PIE: New page: PIE session: Module2 (Sep 30, 2022, 11:27:31 AM)
[2022.09.30-21.27.31:583][663]LogPlayLevel: Creating play world package: /Game/Levels/UEDPIE_0_Module2
[2022.09.30-21.27.31:621][663]LogPlayLevel: PIE: StaticDuplicateObject took: (0.038442s)
[2022.09.30-21.27.31:636][663]LogAIModule: Creating AISystem for world Module2
[2022.09.30-21.27.31:640][663]LogPlayLevel: PIE: World Init took: (0.018651s)
[2022.09.30-21.27.31:641][663]LogPlayLevel: PIE: Created PIE world by copying editor world from /Game/Levels/Module2.Module2 to /Game/Levels/UEDPIE_0_Module2.Module2 (0.059558s)
[2022.09.30-21.27.31:671][663]LogInit: XAudio2 using 'Speakers (Realtek(R) Audio)' : 2 channels at 48 kHz using 32 bits per sample (channel mask 0x3)
[2022.09.30-21.27.31:712][663]LogInit: FAudioDevice initialized.
[2022.09.30-21.27.31:764][663]LogLoad: Game class is 'ThirdPersonGameMode_C'
[2022.09.30-21.27.31:774][663]LogWorld: Bringing World /Game/Levels/UEDPIE_0_Module2.Module2 up for play (max tick rate 60) at 2022.09.30-16.27.31
[2022.09.30-21.27.31:774][663]LogWorld: Bringing up level for play took: 0.009997
[2022.09.30-21.27.31:789][663]PIE: Play in editor start time for /Game/Levels/UEDPIE_0_Module2 -0.437
[2022.09.30-21.27.44:824][168]LogEditorViewport: Clicking on Actor (LMB): StaticMeshActor (Box_MESH)
[2022.09.30-21.27.45:687][168]LogEditorViewport: Clicking on Component (LMB): StaticMeshComponent (StaticMeshComponent0)
[2022.09.30-21.27.51:306][289]LogEditorViewport: Clicking on Actor (LMB): Landscape (Landscape)
[2022.09.30-21.27.52:031][309]LogEditorViewport: Clicking on Actor (LMB): StaticMeshActor (Box_MESH)
[2022.09.30-21.28.02:432][654]Cmd: OBJ SAVEPACKAGE PACKAGE="/Game/Levels/Module2" FILE="../../../../../Users/Waifs/OneDrive/Documents/Unreal Projects/GAM303/Content/Levels/Module2.umap" SILENT=true AUTOSAVING=false KEEPDIRTY=false
[2022.09.30-21.28.03:271][654]LogSavePackage: Save=675.39ms
[2022.09.30-21.28.03:271][654]LogSavePackage: Moving '../../../../../Users/Waifs/OneDrive/Documents/Unreal Projects/GAM303/Saved/Module2881FE2034C06D76238459C9598FB1DA9.tmp' to '../../../../../Users/Waifs/OneDrive/Documents/Unreal Projects/GAM303/Content/Levels/Module2.umap'
[2022.09.30-21.28.03:288][654]LogSavePackage: Display: Finished SavePackage ../../../../../Users/Waifs/OneDrive/Documents/Unreal Projects/GAM303/Content/Levels/Module2.umap
[2022.09.30-21.28.03:330][654]Cmd: OBJ SAVEPACKAGE PACKAGE="/Game/Levels/Module2_BuiltData" FILE="../../../../../Users/Waifs/OneDrive/Documents/Unreal Projects/GAM303/Content/Levels/Module2_BuiltData.uasset" SILENT=true
[2022.09.30-21.28.05:394][654]LogSavePackage: Save=1959.42ms
[2022.09.30-21.28.05:394][654]LogSavePackage: Moving '../../../../../Users/Waifs/OneDrive/Documents/Unreal Projects/GAM303/Saved/Module2_BuiltData22B70AF6439106261822E8B93D1F696C.tmp' to '../../../../../Users/Waifs/OneDrive/Documents/Unreal Projects/GAM303/Content/Levels/Module2_BuiltData.uasset'
[2022.09.30-21.28.05:408][654]LogSavePackage: Display: Finished SavePackage ../../../../../Users/Waifs/OneDrive/Documents/Unreal Projects/GAM303/Content/Levels/Module2_BuiltData.uasset
[2022.09.30-21.28.14:683][903]LogTemp: Repeating last play command: Selected Viewport
[2022.09.30-21.28.14:717][903]LogPlayLevel: PlayLevel: No blueprints needed recompiling
[2022.09.30-21.28.14:717][903]PIE: New page: PIE session: Module2 (Sep 30, 2022, 11:28:14 AM)
[2022.09.30-21.28.14:719][903]LogPlayLevel: Creating play world package: /Game/Levels/UEDPIE_0_Module2
[2022.09.30-21.28.14:768][903]LogPlayLevel: PIE: StaticDuplicateObject took: (0.050238s)
[2022.09.30-21.28.14:782][903]LogAIModule: Creating AISystem for world Module2
[2022.09.30-21.28.14:784][903]LogPlayLevel: PIE: World Init took: (0.015583s)
[2022.09.30-21.28.14:784][903]LogPlayLevel: PIE: Created PIE world by copying editor world from /Game/Levels/Module2.Module2 to /Game/Levels/UEDPIE_0_Module2.Module2 (0.066353s)
[2022.09.30-21.28.14:828][903]LogInit: XAudio2 using 'Speakers (Realtek(R) Audio)' : 2 channels at 48 kHz using 32 bits per sample (channel mask 0x3)
[2022.09.30-21.28.15:008][903]LogInit: FAudioDevice initialized.
[2022.09.30-21.28.15:056][903]LogLoad: Game class is 'ThirdPersonGameMode_C'
[2022.09.30-21.28.15:063][903]LogWorld: Bringing World /Game/Levels/UEDPIE_0_Module2.Module2 up for play (max tick rate 60) at 2022.09.30-16.28.15
[2022.09.30-21.28.15:065][903]LogWorld: Bringing up level for play took: 0.007710
[2022.09.30-21.28.15:081][903]PIE: Play in editor start time for /Game/Levels/UEDPIE_0_Module2 0.856
[2022.09.30-21.28.38:098][807]LogEditorViewport: Clicking on Actor (LMB): StaticMeshActor (Box_MESH)
[2022.09.30-21.29.51:460][537]Cmd: OBJ SAVEPACKAGE PACKAGE="/Game/Levels/Module2" FILE="../../../../../Users/Waifs/OneDrive/Documents/Unreal Projects/GAM303/Content/Levels/Module2.umap" SILENT=true AUTOSAVING=false KEEPDIRTY=false
[2022.09.30-21.29.52:052][537]LogSavePackage: Save=519.86ms
[2022.09.30-21.29.52:052][537]LogSavePackage: Moving '../../../../../Users/Waifs/OneDrive/Documents/Unreal Projects/GAM303/Saved/Module26EC77D4A4601DA97D2B0A0BDFAE9500A.tmp' to '../../../../../Users/Waifs/OneDrive/Documents/Unreal Projects/GAM303/Content/Levels/Module2.umap'
[2022.09.30-21.29.52:066][537]LogSavePackage: Display: Finished SavePackage ../../../../../Users/Waifs/OneDrive/Documents/Unreal Projects/GAM303/Content/Levels/Module2.umap
[2022.09.30-21.29.52:094][537]Cmd: OBJ SAVEPACKAGE PACKAGE="/Game/Levels/Module2_BuiltData" FILE="../../../../../Users/Waifs/OneDrive/Documents/Unreal Projects/GAM303/Content/Levels/Module2_BuiltData.uasset" SILENT=true
[2022.09.30-21.29.53:647][537]LogSavePackage: Save=1546.19ms
[2022.09.30-21.29.53:647][537]LogSavePackage: Moving '../../../../../Users/Waifs/OneDrive/Documents/Unreal Projects/GAM303/Saved/Module2_BuiltData8FD0F245475ECB5CDD26D9BFA88271D8.tmp' to '../../../../../Users/Waifs/OneDrive/Documents/Unreal Projects/GAM303/Content/Levels/Module2_BuiltData.uasset'
[2022.09.30-21.29.53:653][537]LogSavePackage: Display: Finished SavePackage ../../../../../Users/Waifs/OneDrive/Documents/Unreal Projects/GAM303/Content/Levels/Module2_BuiltData.uasset
[2022.09.30-21.29.54:847][560]BlueprintLog: New page: Compile Destruction_BP
[2022.09.30-21.29.56:270][573]LogSavePackage: Save=40.21ms
[2022.09.30-21.29.56:270][573]LogSavePackage: Moving '../../../../../Users/Waifs/OneDrive/Documents/Unreal Projects/GAM303/Saved/Destruction_BP438B0D6F4DE524737AF88BA939E8B9C2.tmp' to '../../../../../Users/Waifs/OneDrive/Documents/Unreal Projects/GAM303/Content/BluePrints/Destruction/Destruction_BP.uasset'
[2022.09.30-21.29.56:275][573]LogSavePackage: Display: Finished SavePackage ../../../../../Users/Waifs/OneDrive/Documents/Unreal Projects/GAM303/Content/BluePrints/Destruction/Destruction_BP.uasset
[2022.09.30-21.29.58:928][625]LogTemp: Repeating last play command: Selected Viewport
[2022.09.30-21.29.59:011][625]LogPlayLevel: PlayLevel: No blueprints needed recompiling
[2022.09.30-21.29.59:014][625]PIE: New page: PIE session: Module2 (Sep 30, 2022, 11:29:59 AM)
[2022.09.30-21.29.59:015][625]LogPlayLevel: Creating play world package: /Game/Levels/UEDPIE_0_Module2
[2022.09.30-21.29.59:078][625]LogPlayLevel: PIE: StaticDuplicateObject took: (0.062435s)
[2022.09.30-21.29.59:083][625]LogAIModule: Creating AISystem for world Module2
[2022.09.30-21.29.59:084][625]LogPlayLevel: PIE: World Init took: (0.005863s)
[2022.09.30-21.29.59:084][625]LogPlayLevel: PIE: Created PIE world by copying editor world from /Game/Levels/Module2.Module2 to /Game/Levels/UEDPIE_0_Module2.Module2 (0.069355s)
[2022.09.30-21.29.59:124][625]LogInit: XAudio2 using 'Speakers (Realtek(R) Audio)' : 2 channels at 48 kHz using 32 bits per sample (channel mask 0x3)
[2022.09.30-21.29.59:215][625]LogInit: FAudioDevice initialized.
[2022.09.30-21.29.59:255][625]LogLoad: Game class is 'ThirdPersonGameMode_C'
[2022.09.30-21.29.59:261][625]LogWorld: Bringing World /Game/Levels/UEDPIE_0_Module2.Module2 up for play (max tick rate 60) at 2022.09.30-16.29.59
[2022.09.30-21.29.59:261][625]LogWorld: Bringing up level for play took: 0.005010
[2022.09.30-21.29.59:269][625]PIE: Play in editor start time for /Game/Levels/UEDPIE_0_Module2 1.044
[2022.09.30-21.32.57:348][ 19]BlueprintLog: New page: Compile Destruction_BP
[2022.09.30-21.32.58:374][ 29]LogSavePackage: Save=30.72ms
[2022.09.30-21.32.58:374][ 29]LogSavePackage: Moving '../../../../../Users/Waifs/OneDrive/Documents/Unreal Projects/GAM303/Saved/Destruction_BP86479685472960263367EF929C47DE1C.tmp' to '../../../../../Users/Waifs/OneDrive/Documents/Unreal Projects/GAM303/Content/BluePrints/Destruction/Destruction_BP.uasset'
[2022.09.30-21.32.58:383][ 29]LogSavePackage: Display: Finished SavePackage ../../../../../Users/Waifs/OneDrive/Documents/Unreal Projects/GAM303/Content/BluePrints/Destruction/Destruction_BP.uasset
[2022.09.30-21.33.03:499][102]LogTemp: Repeating last play command: Selected Viewport
[2022.09.30-21.33.03:553][102]LogPlayLevel: PlayLevel: No blueprints needed recompiling
[2022.09.30-21.33.03:554][102]PIE: New page: PIE session: Module2 (Sep 30, 2022, 11:33:03 AM)
[2022.09.30-21.33.03:554][102]LogPlayLevel: Creating play world package: /Game/Levels/UEDPIE_0_Module2
[2022.09.30-21.33.03:616][102]LogPlayLevel: PIE: StaticDuplicateObject took: (0.061453s)
[2022.09.30-21.33.03:618][102]LogAIModule: Creating AISystem for world Module2
[2022.09.30-21.33.03:619][102]LogPlayLevel: PIE: World Init took: (0.002563s)
[2022.09.30-21.33.03:619][102]LogPlayLevel: PIE: Created PIE world by copying editor world from /Game/Levels/Module2.Module2 to /Game/Levels/UEDPIE_0_Module2.Module2 (0.064939s)
[2022.09.30-21.33.03:663][102]LogInit: XAudio2 using 'Speakers (Realtek(R) Audio)' : 2 channels at 48 kHz using 32 bits per sample (channel mask 0x3)
[2022.09.30-21.33.03:732][102]LogInit: FAudioDevice initialized.
[2022.09.30-21.33.03:776][102]LogLoad: Game class is 'ThirdPersonGameMode_C'
[2022.09.30-21.33.03:781][102]LogWorld: Bringing World /Game/Levels/UEDPIE_0_Module2.Module2 up for play (max tick rate 60) at 2022.09.30-16.33.03
[2022.09.30-21.33.03:782][102]LogWorld: Bringing up level for play took: 0.004625
[2022.09.30-21.33.03:786][102]PIE: Play in editor start time for /Game/Levels/UEDPIE_0_Module2 -0.44
[2022.09.30-21.33.17:140][551]LogEditorViewport: Clicking on Actor (LMB): StaticMeshActor (Box_MESH)
[2022.09.30-21.33.18:071][564]LogEditorViewport: Clicking on Actor (LMB): StaticMeshActor (Box_MESH)
[2022.09.30-21.33.18:265][565]Cmd: DELETE
[2022.09.30-21.33.18:265][565]Cmd: ACTOR DELETE
[2022.09.30-21.33.18:308][565]LogEditorActor: Deleted Actor: StaticMeshActor
[2022.09.30-21.33.18:338][565]LogEditorActor: Deleted 1 Actors (0.044 secs)
[2022.09.30-21.33.19:362][583]LogEditorViewport: Clicking on Actor (LMB): Landscape (Landscape)
[2022.09.30-21.33.19:994][590]LogEditorViewport: Clicking on Actor (LMB): Destruction_BP_C (Destruction_BP)
[2022.09.30-21.33.20:694][600]Cmd: DELETE
[2022.09.30-21.33.20:694][600]Cmd: ACTOR DELETE
[2022.09.30-21.33.20:705][600]LogEditorActor: Deleted Actor: Destruction_BP_C
[2022.09.30-21.33.20:771][600]LogEditorActor: Deleted 1 Actors (0.075 secs)
[2022.09.30-21.33.24:571][639]LogActorFactory: Actor Factory created Box_MESH
[2022.09.30-21.33.26:024][663]LogActorFactory: Actor Factory created Box_MESH
[2022.09.30-21.34.27:495][675]BlueprintLog: New page: Compile Destruction_BP
[2022.09.30-21.34.28:324][681]LogSavePackage: Save=27.90ms
[2022.09.30-21.34.28:324][681]LogSavePackage: Moving '../../../../../Users/Waifs/OneDrive/Documents/Unreal Projects/GAM303/Saved/Destruction_BP45F856D942A1988D16ECB4BE78572924.tmp' to '../../../../../Users/Waifs/OneDrive/Documents/Unreal Projects/GAM303/Content/BluePrints/Destruction/Destruction_BP.uasset'
[2022.09.30-21.34.28:328][681]LogSavePackage: Display: Finished SavePackage ../../../../../Users/Waifs/OneDrive/Documents/Unreal Projects/GAM303/Content/BluePrints/Destruction/Destruction_BP.uasset
[2022.09.30-21.34.35:611][811]LogTemp: Repeating last play command: Selected Viewport
[2022.09.30-21.34.35:659][811]LogPlayLevel: PlayLevel: No blueprints needed recompiling
[2022.09.30-21.34.35:660][811]PIE: New page: PIE session: Module2 (Sep 30, 2022, 11:34:35 AM)
[2022.09.30-21.34.35:660][811]LogPlayLevel: Creating play world package: /Game/Levels/UEDPIE_0_Module2
[2022.09.30-21.34.35:719][811]LogPlayLevel: PIE: StaticDuplicateObject took: (0.058833s)
[2022.09.30-21.34.35:729][811]LogAIModule: Creating AISystem for world Module2
[2022.09.30-21.34.35:730][811]LogPlayLevel: PIE: World Init took: (0.011029s)
[2022.09.30-21.34.35:730][811]LogPlayLevel: PIE: Created PIE world by copying editor world from /Game/Levels/Module2.Module2 to /Game/Levels/UEDPIE_0_Module2.Module2 (0.071018s)
[2022.09.30-21.34.35:763][811]LogInit: XAudio2 using 'Speakers (Realtek(R) Audio)' : 2 channels at 48 kHz using 32 bits per sample (channel mask 0x3)
[2022.09.30-21.34.35:790][811]LogInit: FAudioDevice initialized.
[2022.09.30-21.34.35:821][811]LogLoad: Game class is 'ThirdPersonGameMode_C'
[2022.09.30-21.34.35:826][811]LogWorld: Bringing World /Game/Levels/UEDPIE_0_Module2.Module2 up for play (max tick rate 60) at 2022.09.30-16.34.35
[2022.09.30-21.34.35:826][811]LogWorld: Bringing up level for play took: 0.004666
[2022.09.30-21.34.35:831][811]PIE: Play in editor start time for /Game/Levels/UEDPIE_0_Module2 -0.394
[2022.09.30-21.35.37:382][672]LogEditorViewport: Clicking on Actor (LMB): StaticMeshActor (Box_MESH)
[2022.09.30-21.35.42:496][771]Cmd: OBJ SAVEPACKAGE PACKAGE="/Game/Levels/Module2" FILE="../../../../../Users/Waifs/OneDrive/Documents/Unreal Projects/GAM303/Content/Levels/Module2.umap" SILENT=true AUTOSAVING=false KEEPDIRTY=false
[2022.09.30-21.35.43:114][771]LogSavePackage: Save=544.13ms
[2022.09.30-21.35.43:114][771]LogSavePackage: Moving '../../../../../Users/Waifs/OneDrive/Documents/Unreal Projects/GAM303/Saved/Module2D73D91D748D614AE1A42D09408FB5FDE.tmp' to '../../../../../Users/Waifs/OneDrive/Documents/Unreal Projects/GAM303/Content/Levels/Module2.umap'
[2022.09.30-21.35.43:118][771]LogSavePackage: Display: Finished SavePackage ../../../../../Users/Waifs/OneDrive/Documents/Unreal Projects/GAM303/Content/Levels/Module2.umap
[2022.09.30-21.35.43:142][771]Cmd: OBJ SAVEPACKAGE PACKAGE="/Game/Levels/Module2_BuiltData" FILE="../../../../../Users/Waifs/OneDrive/Documents/Unreal Projects/GAM303/Content/Levels/Module2_BuiltData.uasset" SILENT=true
[2022.09.30-21.35.45:215][771]LogSavePackage: Save=1978.09ms
[2022.09.30-21.35.45:215][771]LogSavePackage: Moving '../../../../../Users/Waifs/OneDrive/Documents/Unreal Projects/GAM303/Saved/Module2_BuiltDataEAB102F44E91112936EB9B96CF0A6421.tmp' to '../../../../../Users/Waifs/OneDrive/Documents/Unreal Projects/GAM303/Content/Levels/Module2_BuiltData.uasset'
[2022.09.30-21.35.45:223][771]LogSavePackage: Display: Finished SavePackage ../../../../../Users/Waifs/OneDrive/Documents/Unreal Projects/GAM303/Content/Levels/Module2_BuiltData.uasset
[2022.09.30-21.35.47:281][812]LogTemp: Repeating last play command: Selected Viewport
[2022.09.30-21.35.47:311][812]LogPlayLevel: PlayLevel: No blueprints needed recompiling
[2022.09.30-21.35.47:312][812]PIE: New page: PIE session: Module2 (Sep 30, 2022, 11:35:47 AM)
[2022.09.30-21.35.47:312][812]LogPlayLevel: Creating play world package: /Game/Levels/UEDPIE_0_Module2
[2022.09.30-21.35.47:395][812]LogPlayLevel: PIE: StaticDuplicateObject took: (0.081980s)
[2022.09.30-21.35.47:398][812]LogAIModule: Creating AISystem for world Module2
[2022.09.30-21.35.47:399][812]LogPlayLevel: PIE: World Init took: (0.003408s)
[2022.09.30-21.35.47:400][812]LogPlayLevel: PIE: Created PIE world by copying editor world from /Game/Levels/Module2.Module2 to /Game/Levels/UEDPIE_0_Module2.Module2 (0.087261s)
[2022.09.30-21.35.47:451][812]LogInit: XAudio2 using 'Speakers (Realtek(R) Audio)' : 2 channels at 48 kHz using 32 bits per sample (channel mask 0x3)
[2022.09.30-21.35.47:499][812]LogInit: FAudioDevice initialized.
[2022.09.30-21.35.47:539][812]LogLoad: Game class is 'ThirdPersonGameMode_C'
[2022.09.30-21.35.47:547][812]LogWorld: Bringing World /Game/Levels/UEDPIE_0_Module2.Module2 up for play (max tick rate 60) at 2022.09.30-16.35.47
[2022.09.30-21.35.47:547][812]LogWorld: Bringing up level for play took: 0.005512
[2022.09.30-21.35.47:552][812]PIE: Play in editor start time for /Game/Levels/UEDPIE_0_Module2 -0.674
