Log file open, 09/30/22 18:19:49
LogWindows: Failed to load 'aqProf.dll' (GetLastError=126)
LogWindows: File 'aqProf.dll' does not exist
LogWindows: Failed to load 'VSPerf140.dll' (GetLastError=126)
LogWindows: File 'VSPerf140.dll' does not exist
LogWindows: Failed to load 'VtuneApi.dll' (GetLastError=126)
LogWindows: File 'VtuneApi.dll' does not exist
LogWindows: Failed to load 'VtuneApi32e.dll' (GetLastError=126)
LogWindows: File 'VtuneApi32e.dll' does not exist
LogInit: Display: Running engine for game: GAM303
LogPlatformFile: Not using cached read wrapper
LogInit: Display: RandInit(1331724654) SRandInit(1331724654).
LogInit: Read version file with build ID '3709383'
LogInit: Overriding engine version to CL 3832480, compatible CL 3709383
LogInit: Registered custom module enumerator with build ID '3709383'
LogTaskGraph: Started task graph with 5 named threads and 8 total threads with 3 sets of task threads.
LogStats: Stats thread started at 0.518564
LogD3D11RHI: Aftermath initialized
LogModuleManager: Display: Found up-to-date module file ../../../Engine/Plugins/2D/Paper2D/Binaries/Win64/UE4Editor-Paper2D.dll (API version 3709383).
LogModuleManager: Display: Found up-to-date module file ../../../Engine/Plugins/2D/Paper2D/Binaries/Win64/UE4Editor-Paper2DEditor.dll (API version 3709383).
LogModuleManager: Display: Found up-to-date module file ../../../Engine/Plugins/2D/Paper2D/Binaries/Win64/UE4Editor-PaperSpriteSheetImporter.dll (API version 3709383).
LogModuleManager: Display: Found up-to-date module file ../../../Engine/Plugins/2D/Paper2D/Binaries/Win64/UE4Editor-PaperTiledImporter.dll (API version 3709383).
LogModuleManager: Display: Found up-to-date module file ../../../Engine/Plugins/2D/Paper2D/Binaries/Win64/UE4Editor-SmartSnapping.dll (API version 3709383).
LogModuleManager: Display: Found up-to-date module file ../../../Engine/Plugins/Blendables/LightPropagationVolume/Binaries/Win64/UE4Editor-LightPropagationVolumeRuntime.dll (API version 3709383).
LogModuleManager: Display: Found up-to-date module file ../../../Engine/Plugins/Blendables/LightPropagationVolume/Binaries/Win64/UE4Editor-LightPropagationVolumeEditor.dll (API version 3709383).
LogModuleManager: Display: Found up-to-date module file ../../../Engine/Plugins/Developer/GitSourceControl/Binaries/Win64/UE4Editor-GitSourceControl.dll (API version 3709383).
LogModuleManager: Display: Found up-to-date module file ../../../Engine/Plugins/Developer/PerforceSourceControl/Binaries/Win64/UE4Editor-PerforceSourceControl.dll (API version 3709383).
LogModuleManager: Display: Found up-to-date module file ../../../Engine/Plugins/Developer/SubversionSourceControl/Binaries/Win64/UE4Editor-SubversionSourceControl.dll (API version 3709383).
LogModuleManager: Display: Found up-to-date module file ../../../Engine/Plugins/Developer/UObjectPlugin/Binaries/Win64/UE4Editor-UObjectPlugin.dll (API version 3709383).
LogModuleManager: Display: Found up-to-date module file ../../../Engine/Plugins/Developer/VisualStudioCodeSourceCodeAccess/Binaries/Win64/UE4Editor-VisualStudioCodeSourceCodeAccess.dll (API version 3709383).
LogModuleManager: Display: Found up-to-date module file ../../../Engine/Plugins/Developer/VisualStudioSourceCodeAccess/Binaries/Win64/UE4Editor-VisualStudioSourceCodeAccess.dll (API version 3709383).
LogModuleManager: Display: Found up-to-date module file ../../../Engine/Plugins/Editor/AssetManagerEditor/Binaries/Win64/UE4Editor-AssetManagerEditor.dll (API version 3709383).
LogModuleManager: Display: Found up-to-date module file ../../../Engine/Plugins/Editor/AudioCapture/Binaries/Win64/UE4Editor-AudioCapture.dll (API version 3709383).
LogModuleManager: Display: Found up-to-date module file ../../../Engine/Plugins/Editor/FacialAnimation/Binaries/Win64/UE4Editor-FacialAnimation.dll (API version 3709383).
LogModuleManager: Display: Found up-to-date module file ../../../Engine/Plugins/Editor/FacialAnimation/Binaries/Win64/UE4Editor-FacialAnimationEditor.dll (API version 3709383).
LogModuleManager: Display: Found up-to-date module file ../../../Engine/Plugins/Editor/GameplayTagsEditor/Binaries/Win64/UE4Editor-GameplayTagsEditor.dll (API version 3709383).
LogModuleManager: Display: Found up-to-date module file ../../../Engine/Plugins/Editor/MobileLauncherProfileWizard/Binaries/Win64/UE4Editor-MobileLauncherProfileWizard.dll (API version 3709383).
LogModuleManager: Display: Found up-to-date module file ../../../Engine/Plugins/Editor/PluginBrowser/Binaries/Win64/UE4Editor-PluginBrowser.dll (API version 3709383).
LogModuleManager: Display: Found up-to-date module file ../../../Engine/Plugins/Editor/SpeedTreeImporter/Binaries/Win64/UE4Editor-SpeedTreeImporter.dll (API version 3709383).
LogModuleManager: Display: Found up-to-date module file ../../../Engine/Plugins/Experimental/AlembicImporter/Binaries/Win64/UE4Editor-AlembicImporter.dll (API version 3709383).
LogModuleManager: Display: Found up-to-date module file ../../../Engine/Plugins/Experimental/AlembicImporter/Binaries/Win64/UE4Editor-AlembicLibrary.dll (API version 3709383).
LogModuleManager: Display: Found up-to-date module file ../../../Engine/Plugins/Experimental/CharacterAI/Binaries/Win64/UE4Editor-CharacterAI.dll (API version 3709383).
LogModuleManager: Display: Found up-to-date module file ../../../Engine/Plugins/Experimental/HTML5Networking/Binaries/Win64/UE4Editor-HTML5Networking.dll (API version 3709383).
LogModuleManager: Display: Found up-to-date module file ../../../Engine/Plugins/Media/AndroidMedia/Binaries/Win64/UE4Editor-AndroidMediaEditor.dll (API version 3709383).
LogModuleManager: Display: Found up-to-date module file ../../../Engine/Plugins/Media/AndroidMedia/Binaries/Win64/UE4Editor-AndroidMediaFactory.dll (API version 3709383).
LogModuleManager: Display: Found up-to-date module file ../../../Engine/Plugins/Media/AvfMedia/Binaries/Win64/UE4Editor-AvfMediaEditor.dll (API version 3709383).
LogModuleManager: Display: Found up-to-date module file ../../../Engine/Plugins/Media/AvfMedia/Binaries/Win64/UE4Editor-AvfMediaFactory.dll (API version 3709383).
LogModuleManager: Display: Found up-to-date module file ../../../Engine/Plugins/Media/AvfMedia/Binaries/Win64/UE4Editor-AvfMediaFactory.dll (API version 3709383).
LogModuleManager: Display: Found up-to-date module file ../../../Engine/Plugins/Media/ImgMedia/Binaries/Win64/UE4Editor-ImgMedia.dll (API version 3709383).
LogModuleManager: Display: Found up-to-date module file ../../../Engine/Plugins/Media/ImgMedia/Binaries/Win64/UE4Editor-ImgMediaEditor.dll (API version 3709383).
LogModuleManager: Display: Found up-to-date module file ../../../Engine/Plugins/Media/ImgMedia/Binaries/Win64/UE4Editor-ImgMediaFactory.dll (API version 3709383).
LogModuleManager: Display: Found up-to-date module file ../../../Engine/Plugins/Media/ImgMedia/Binaries/Win64/UE4Editor-ImgMediaFactory.dll (API version 3709383).
LogModuleManager: Display: Found up-to-date module file ../../../Engine/Plugins/Media/ImgMedia/Binaries/Win64/UE4Editor-OpenExrWrapper.dll (API version 3709383).
LogModuleManager: Display: Found up-to-date module file ../../../Engine/Plugins/Media/MediaCompositing/Binaries/Win64/UE4Editor-MediaCompositing.dll (API version 3709383).
LogModuleManager: Display: Found up-to-date module file ../../../Engine/Plugins/Media/MediaCompositing/Binaries/Win64/UE4Editor-MediaCompositingEditor.dll (API version 3709383).
LogModuleManager: Display: Found up-to-date module file ../../../Engine/Plugins/Media/MediaPlayerEditor/Binaries/Win64/UE4Editor-MediaPlayerEditor.dll (API version 3709383).
LogModuleManager: Display: Found up-to-date module file ../../../Engine/Plugins/Media/WmfMedia/Binaries/Win64/UE4Editor-WmfMedia.dll (API version 3709383).
LogModuleManager: Display: Found up-to-date module file ../../../Engine/Plugins/Media/WmfMedia/Binaries/Win64/UE4Editor-WmfMediaEditor.dll (API version 3709383).
LogModuleManager: Display: Found up-to-date module file ../../../Engine/Plugins/Media/WmfMedia/Binaries/Win64/UE4Editor-WmfMediaFactory.dll (API version 3709383).
LogModuleManager: Display: Found up-to-date module file ../../../Engine/Plugins/Media/WmfMedia/Binaries/Win64/UE4Editor-WmfMediaFactory.dll (API version 3709383).
LogModuleManager: Display: Found up-to-date module file ../../../Engine/Plugins/Messaging/TcpMessaging/Binaries/Win64/UE4Editor-TcpMessaging.dll (API version 3709383).
LogModuleManager: Display: Found up-to-date module file ../../../Engine/Plugins/Messaging/UdpMessaging/Binaries/Win64/UE4Editor-UdpMessaging.dll (API version 3709383).
LogModuleManager: Display: Found up-to-date module file ../../../Engine/Plugins/MovieScene/ActorSequence/Binaries/Win64/UE4Editor-ActorSequence.dll (API version 3709383).
LogModuleManager: Display: Found up-to-date module file ../../../Engine/Plugins/MovieScene/LevelSequenceEditor/Binaries/Win64/UE4Editor-LevelSequenceEditor.dll (API version 3709383).
LogModuleManager: Display: Found up-to-date module file ../../../Engine/Plugins/MovieScene/MatineeToLevelSequence/Binaries/Win64/UE4Editor-MatineeToLevelSequence.dll (API version 3709383).
LogModuleManager: Display: Found up-to-date module file ../../../Engine/Plugins/Online/OnlineSubsystem/Binaries/Win64/UE4Editor-OnlineSubsystem.dll (API version 3709383).
LogModuleManager: Display: Found up-to-date module file ../../../Engine/Plugins/Runtime/AndroidPermission/Binaries/Win64/UE4Editor-AndroidPermission.dll (API version 3709383).
LogModuleManager: Display: Found up-to-date module file ../../../Engine/Plugins/Online/OnlineSubsystemNull/Binaries/Win64/UE4Editor-OnlineSubsystemNull.dll (API version 3709383).
LogModuleManager: Display: Found up-to-date module file ../../../Engine/Plugins/Online/OnlineSubsystemUtils/Binaries/Win64/UE4Editor-OnlineSubsystemUtils.dll (API version 3709383).
LogModuleManager: Display: Found up-to-date module file ../../../Engine/Plugins/Online/OnlineSubsystemUtils/Binaries/Win64/UE4Editor-OnlineBlueprintSupport.dll (API version 3709383).
LogModuleManager: Display: Found up-to-date module file ../../../Engine/Plugins/Runtime/AndroidDeviceProfileSelector/Binaries/Win64/UE4Editor-AndroidDeviceProfileSelector.dll (API version 3709383).
LogModuleManager: Display: Found up-to-date module file ../../../Engine/Plugins/Runtime/AppleARKit/Binaries/Win64/UE4Editor-AppleARKit.dll (API version 3709383).
LogModuleManager: Display: Found up-to-date module file ../../../Engine/Plugins/Runtime/ArchVisCharacter/Binaries/Win64/UE4Editor-ArchVisCharacter.dll (API version 3709383).
LogModuleManager: Display: Found up-to-date module file ../../../Engine/Plugins/Runtime/CableComponent/Binaries/Win64/UE4Editor-CableComponent.dll (API version 3709383).
LogModuleManager: Display: Found up-to-date module file ../../../Engine/Plugins/Runtime/CustomMeshComponent/Binaries/Win64/UE4Editor-CustomMeshComponent.dll (API version 3709383).
LogModuleManager: Display: Found up-to-date module file ../../../Engine/Plugins/Runtime/ExampleDeviceProfileSelector/Binaries/Win64/UE4Editor-ExampleDeviceProfileSelector.dll (API version 3709383).
LogModuleManager: Display: Found up-to-date module file ../../../Engine/Plugins/Runtime/ImmediatePhysics/Binaries/Win64/UE4Editor-ImmediatePhysics.dll (API version 3709383).
LogModuleManager: Display: Found up-to-date module file ../../../Engine/Plugins/Runtime/ImmediatePhysics/Binaries/Win64/UE4Editor-ImmediatePhysicsEditor.dll (API version 3709383).
LogModuleManager: Display: Found up-to-date module file ../../../Engine/Plugins/Runtime/LocationServicesBPLibrary/Binaries/Win64/UE4Editor-LocationServicesBPLibrary.dll (API version 3709383).
LogModuleManager: Display: Found up-to-date module file ../../../Engine/Plugins/Runtime/MobilePatchingUtils/Binaries/Win64/UE4Editor-MobilePatchingUtils.dll (API version 3709383).
LogModuleManager: Display: Found up-to-date module file ../../../Engine/Plugins/Runtime/Oculus/OculusVR/Binaries/Win64/UE4Editor-OculusHMD.dll (API version 3709383).
LogModuleManager: Display: Found up-to-date module file ../../../Engine/Plugins/Runtime/Oculus/OculusVR/Binaries/Win64/UE4Editor-OculusInput.dll (API version 3709383).
LogModuleManager: Display: Found up-to-date module file ../../../Engine/Plugins/Runtime/Oculus/OculusVR/Binaries/Win64/UE4Editor-OculusEditor.dll (API version 3709383).
LogModuleManager: Display: Found up-to-date module file ../../../Engine/Plugins/Runtime/PhysXVehicles/Binaries/Win64/UE4Editor-PhysXVehicles.dll (API version 3709383).
LogModuleManager: Display: Found up-to-date module file ../../../Engine/Plugins/Runtime/PhysXVehicles/Binaries/Win64/UE4Editor-PhysXVehiclesEditor.dll (API version 3709383).
LogModuleManager: Display: Found up-to-date module file ../../../Engine/Plugins/Runtime/ProceduralMeshComponent/Binaries/Win64/UE4Editor-ProceduralMeshComponent.dll (API version 3709383).
LogModuleManager: Display: Found up-to-date module file ../../../Engine/Plugins/Runtime/ProceduralMeshComponent/Binaries/Win64/UE4Editor-ProceduralMeshComponentEditor.dll (API version 3709383).
LogModuleManager: Display: Found up-to-date module file ../../../Engine/Plugins/Runtime/RuntimePhysXCooking/Binaries/Win64/UE4Editor-RuntimePhysXCooking.dll (API version 3709383).
LogModuleManager: Display: Found up-to-date module file ../../../Engine/Plugins/Runtime/Steam/SteamVR/Binaries/Win64/UE4Editor-SteamVR.dll (API version 3709383).
LogModuleManager: Display: Found up-to-date module file ../../../Engine/Plugins/Runtime/Steam/SteamVR/Binaries/Win64/UE4Editor-SteamVRController.dll (API version 3709383).
LogModuleManager: Display: Found up-to-date module file ../../../Engine/Plugins/Runtime/WindowsMoviePlayer/Binaries/Win64/UE4Editor-WindowsMoviePlayer.dll (API version 3709383).
LogPluginManager: Mounting plugin Paper2D
LogPluginManager: Mounting plugin LightPropagationVolume
LogPluginManager: Mounting plugin CodeLiteSourceCodeAccess
LogPluginManager: Mounting plugin GitSourceControl
LogPluginManager: Mounting plugin KDevelopSourceCodeAccess
LogPluginManager: Mounting plugin NullSourceCodeAccess
LogPluginManager: Mounting plugin PerforceSourceControl
LogPluginManager: Mounting plugin SubversionSourceControl
LogPluginManager: Mounting plugin UObjectPlugin
LogPluginManager: Mounting plugin VisualStudioCodeSourceCodeAccess
LogPluginManager: Mounting plugin VisualStudioSourceCodeAccess
LogPluginManager: Mounting plugin XCodeSourceCodeAccess
LogPluginManager: Mounting plugin AssetManagerEditor
LogPluginManager: Mounting plugin AudioCapture
LogPluginManager: Mounting plugin FacialAnimation
LogPluginManager: Mounting plugin GameplayTagsEditor
LogPluginManager: Mounting plugin MobileLauncherProfileWizard
LogPluginManager: Mounting plugin PluginBrowser
LogPluginManager: Mounting plugin SpeedTreeImporter
LogPluginManager: Mounting plugin AlembicImporter
LogPluginManager: Mounting plugin CharacterAI
LogPluginManager: Mounting plugin HTML5Networking
LogPluginManager: Mounting plugin AndroidMedia
LogPluginManager: Mounting plugin AvfMedia
LogPluginManager: Mounting plugin ImgMedia
LogPluginManager: Mounting plugin MediaCompositing
LogPluginManager: Mounting plugin MediaPlayerEditor
LogPluginManager: Mounting plugin WmfMedia
LogPluginManager: Mounting plugin TcpMessaging
LogPluginManager: Mounting plugin UdpMessaging
LogPluginManager: Mounting plugin ActorSequence
LogPluginManager: Mounting plugin LevelSequenceEditor
LogPluginManager: Mounting plugin MatineeToLevelSequence
LogPluginManager: Mounting plugin OnlineSubsystemGooglePlay
LogPluginManager: Mounting plugin OnlineSubsystemIOS
LogPluginManager: Mounting plugin OnlineSubsystem
LogPluginManager: Mounting plugin OnlineSubsystemNull
LogPluginManager: Mounting plugin OnlineSubsystemUtils
LogPluginManager: Mounting plugin AndroidDeviceProfileSelector
LogPluginManager: Mounting plugin AndroidMoviePlayer
LogPluginManager: Mounting plugin AndroidPermission
LogPluginManager: Mounting plugin AppleARKit
LogPluginManager: Mounting plugin AppleMoviePlayer
LogPluginManager: Mounting plugin ArchVisCharacter
LogPluginManager: Mounting plugin CableComponent
LogPluginManager: Mounting plugin CustomMeshComponent
LogPluginManager: Mounting plugin ExampleDeviceProfileSelector
LogPluginManager: Mounting plugin GoogleCloudMessaging
LogPluginManager: Mounting plugin ImmediatePhysics
LogPluginManager: Mounting plugin IOSDeviceProfileSelector
LogPluginManager: Mounting plugin LinuxDeviceProfileSelector
LogPluginManager: Mounting plugin LocationServicesBPLibrary
LogPluginManager: Mounting plugin MobilePatchingUtils
LogPluginManager: Mounting plugin OculusVR
LogPluginManager: Plugin shader directory ../../../Engine/Plugins/Runtime/Oculus/OculusVR/Shaders found
LogPluginManager: Mapping shader source directory ../../../Engine/Plugins/Runtime/Oculus/OculusVR/Shaders to virtual directory /Plugin/OculusVR
LogPluginManager: Mounting plugin PhysXVehicles
LogPluginManager: Mounting plugin ProceduralMeshComponent
LogPluginManager: Mounting plugin RuntimePhysXCooking
LogPluginManager: Mounting plugin SteamVR
LogPluginManager: Mounting plugin WindowsMoviePlayer
LogInit: Using libcurl 7.47.1
LogInit:  - built for x86_64-pc-win32
LogInit:  - supports SSL with OpenSSL/1.0.2g
LogInit:  - supports HTTP deflate (compression) using libz 1.2.8
LogInit:  - other features:
LogInit:      CURL_VERSION_SSL
LogInit:      CURL_VERSION_LIBZ
LogInit:      CURL_VERSION_IPV6
LogInit:      CURL_VERSION_ASYNCHDNS
LogInit:      CURL_VERSION_LARGEFILE
LogInit:      CURL_VERSION_IDN
LogInit:  CurlRequestOptions (configurable via config and command line):
LogInit:  - bVerifyPeer = false  - Libcurl will NOT verify peer certificate
LogInit:  - bUseHttpProxy = false  - Libcurl will NOT use HTTP proxy
LogInit:  - bDontReuseConnections = false  - Libcurl will reuse connections
LogInit:  - CertBundlePath = nullptr  - Libcurl will use whatever was configured at build time.
LogInit: Build: ++UE4+Release-4.18-CL-3832480
LogInit: Engine Version: 4.18.3-3832480+++UE4+Release-4.18
LogInit: Compatible Engine Version: 4.18.0-3709383+++UE4+Release-4.18
LogInit: Net CL: 3709383
LogDevObjectVersion: Number of dev versions registered: 16
LogDevObjectVersion:   Dev-Blueprints (B0D832E4-1F89-4F0D-ACCF-7EB736FD4AA2): 10
LogDevObjectVersion:   Dev-Build (E1C64328-A22C-4D53-A36C-8E866417BD8C): 0
LogDevObjectVersion:   Dev-Core (375EC13C-06E4-48FB-B500-84F0262A717E): 2
LogDevObjectVersion:   Dev-Editor (E4B068ED-F494-42E9-A231-DA0B2E46BB41): 20
LogDevObjectVersion:   Dev-Framework (CFFC743F-43B0-4480-9391-14DF171D2073): 30
LogDevObjectVersion:   Dev-Mobile (B02B49B5-BB20-44E9-A304-32B752E40360): 0
LogDevObjectVersion:   Dev-Networking (A4E4105C-59A1-49B5-A7C5-40C4547EDFEE): 0
LogDevObjectVersion:   Dev-Online (39C831C9-5AE6-47DC-9A44-9C173E1C8E7C): 0
LogDevObjectVersion:   Dev-Physics (78F01B33-EBEA-4F98-B9B4-84EACCB95AA2): 0
LogDevObjectVersion:   Dev-Platform (6631380F-2D4D-43E0-8009-CF276956A95A): 0
LogDevObjectVersion:   Dev-Rendering (12F88B9F-8875-4AFC-A67C-D90C383ABD29): 20
LogDevObjectVersion:   Dev-Sequencer (7B5AE74C-D270-4C10-A958-57980B212A5A): 4
LogDevObjectVersion:   Dev-VR (D7296918-1DD6-4BDD-9DE2-64A83CC13884): 0
LogDevObjectVersion:   Dev-LoadTimes (C2A15278-BFE7-4AFE-6C17-90FF531DF755): 1
LogDevObjectVersion:   Private-Geometry (6EACA3D4-40EC-4CC1-B786-8BED09428FC5): 1
LogDevObjectVersion:   Dev-AnimPhys (29E575DD-E0A3-4627-9D10-D276232CDCEA): 12
LogInit: Compiled (64-bit): Jan 12 2018 02:04:55
LogInit: Compiled with Visual C++: 19.00.24215.01
LogInit: Build Configuration: Development
LogInit: Branch Name: ++UE4+Release-4.18
LogInit: Command line:  
LogInit: Base directory: C:/Program Files (x86)/UE_4.18/Engine/Binaries/Win64/
LogInit: Installed Engine Build: 1
LogInit: Presizing for max 8388607 objects, including 0 objects not considered by GC, pre-allocating 0 bytes for permanent pool.
LogInit: Object subsystem initialized
[2022.09.30-23.19.55:211][  0]LogInit: Selected Device Profile: [Windows]
[2022.09.30-23.19.55:211][  0]LogInit: Applying CVar settings loaded from the selected device profile: [Windows]
[2022.09.30-23.19.55:252][  0]LogInit: Computer: LAPTOP-K1GI59O1
[2022.09.30-23.19.55:252][  0]LogInit: User: Waifs
[2022.09.30-23.19.55:252][  0]LogInit: CPU Page size=4096, Cores=2
[2022.09.30-23.19.55:253][  0]LogInit: High frequency timer resolution =10.000000 MHz
[2022.09.30-23.19.55:256][  0]LogMemory: Memory total: Physical=3.8GB (4GB approx)
[2022.09.30-23.19.55:256][  0]LogMemory: Platform Memory Stats for Windows
[2022.09.30-23.19.55:256][  0]LogMemory: Process Physical Memory: 256.42 MB used, 260.68 MB peak
[2022.09.30-23.19.55:256][  0]LogMemory: Process Virtual Memory: 269.27 MB used, 269.27 MB peak
[2022.09.30-23.19.55:256][  0]LogMemory: Physical Memory: 3676.29 MB used,  219.02 MB free, 3895.30 MB total
[2022.09.30-23.19.55:256][  0]LogMemory: Virtual Memory: 4770.63 MB used,  219.02 MB free, 134217728.00 MB total
[2022.09.30-23.19.56:447][  0]LogInit: Using OS detected language (en-US).
[2022.09.30-23.19.56:447][  0]LogInit: Using OS detected locale (en-US).
[2022.09.30-23.19.56:556][  0]LogTextLocalizationManager: No specific localization for 'en-US' exists, so the 'en' localization will be used.
[2022.09.30-23.19.57:230][  0]LogInit: Setting process to per monitor DPI aware
[2022.09.30-23.20.00:283][  0]LogD3D11RHI: D3D11 adapters:
[2022.09.30-23.20.00:420][  0]LogD3D11RHI:    0. 'Intel(R) UHD Graphics' (Feature Level 11_0)
[2022.09.30-23.20.00:420][  0]LogD3D11RHI:       128/0/1947 MB DedicatedVideo/DedicatedSystem/SharedSystem, Outputs:1, VendorId:0x8086
[2022.09.30-23.20.00:426][  0]LogD3D11RHI:    1. 'Microsoft Basic Render Driver' (Feature Level 11_0)
[2022.09.30-23.20.00:426][  0]LogD3D11RHI:       0/0/1947 MB DedicatedVideo/DedicatedSystem/SharedSystem, Outputs:0, VendorId:0x1414
[2022.09.30-23.20.00:426][  0]LogD3D11RHI: Chosen D3D11 Adapter: 0
[2022.09.30-23.20.00:433][  0]LogD3D11RHI: Creating new Direct3DDevice
[2022.09.30-23.20.00:433][  0]LogD3D11RHI:     GPU DeviceId: 0x9a78 (for the marketing name, search the web for "GPU Device Id")
[2022.09.30-23.20.00:433][  0]LogWindows: EnumDisplayDevices:
[2022.09.30-23.20.00:433][  0]LogWindows:    0. 'Intel(R) UHD Graphics' (P:1 D:1)
[2022.09.30-23.20.00:434][  0]LogWindows:    1. 'Intel(R) UHD Graphics' (P:0 D:0)
[2022.09.30-23.20.00:434][  0]LogWindows:    2. 'Intel(R) UHD Graphics' (P:0 D:0)
[2022.09.30-23.20.00:434][  0]LogWindows:    3. 'Intel(R) UHD Graphics' (P:0 D:0)
[2022.09.30-23.20.00:434][  0]LogWindows: DebugString: GetVideoDriverDetailsInvalid PrimaryIsNotTheChoosenAdapter GetVideoDriverDetailsInvalid PrimaryIsNotTheChoosenAdapter GetVideoDriverDetailsInvalid PrimaryIsNotTheChoosenAdapter GetVideoDriverDetailsInvalid PrimaryIsNotTheChoosenAdapter FoundDriverCount:0 
[2022.09.30-23.20.00:434][  0]LogD3D11RHI:     Adapter Name: Intel(R) UHD Graphics
[2022.09.30-23.20.00:434][  0]LogD3D11RHI:   Driver Version: Unknown (internal:Unknown, unified:Unknown)
[2022.09.30-23.20.00:434][  0]LogD3D11RHI:      Driver Date: Unknown
[2022.09.30-23.20.00:434][  0]LogRHI: Texture pool is 771 MB (70% of 1101 MB)
[2022.09.30-23.20.00:527][  0]LogD3D11RHI: Async texture creation enabled
[2022.09.30-23.20.00:564][  0]LogD3D11RHI: GPU Timing Frequency: 19.200000 (Debug: 2 0)
[2022.09.30-23.20.00:569][  0]LogShaderCompilers: Guid format shader working directory is -23 characters bigger than the processId version (../../../../../Users/Waifs/OneDrive/Documents/Unreal Projects/GAM303/Intermediate/Shaders/WorkingDirectory/12220/).
[2022.09.30-23.20.00:569][  0]LogShaderCompilers: Cleaned the shader compiler working directory 'C:/Users/Waifs/AppData/Local/Temp/UnrealShaderWorkingDir/1D23DD2248734FA98C08999F54739F04/'.
[2022.09.30-23.20.00:569][  0]LogShaderCompilers: Display: Using Local Shader Compiler.
[2022.09.30-23.20.04:041][  0]LogTemp: Display: Loaded TP AllDesktopTargetPlatform
[2022.09.30-23.20.04:102][  0]LogTemp: Display: Loaded TP MacClientTargetPlatform
[2022.09.30-23.20.04:162][  0]LogTemp: Display: Loaded TP MacNoEditorTargetPlatform
[2022.09.30-23.20.04:222][  0]LogTemp: Display: Loaded TP MacServerTargetPlatform
[2022.09.30-23.20.04:285][  0]LogTemp: Display: Loaded TP MacTargetPlatform
[2022.09.30-23.20.04:340][  0]LogTemp: Display: Loaded TP WindowsClientTargetPlatform
[2022.09.30-23.20.04:394][  0]LogTemp: Display: Loaded TP WindowsNoEditorTargetPlatform
[2022.09.30-23.20.04:451][  0]LogTemp: Display: Loaded TP WindowsServerTargetPlatform
[2022.09.30-23.20.04:509][  0]LogTemp: Display: Loaded TP WindowsTargetPlatform
[2022.09.30-23.20.04:567][  0]LogTemp: Display: Loaded TP Android_ASTCTargetPlatform
[2022.09.30-23.20.04:622][  0]LogTemp: Display: Loaded TP Android_ATCTargetPlatform
[2022.09.30-23.20.04:675][  0]LogTemp: Display: Loaded TP Android_DXTTargetPlatform
[2022.09.30-23.20.04:735][  0]LogTemp: Display: Loaded TP Android_ETC1TargetPlatform
[2022.09.30-23.20.04:789][  0]LogTemp: Display: Loaded TP Android_ETC2TargetPlatform
[2022.09.30-23.20.04:895][  0]LogTemp: Display: Loaded TP Android_MultiTargetPlatform
[2022.09.30-23.20.04:895][  0]LogTemp: Display: Loaded TP Android_PVRTCTargetPlatform
[2022.09.30-23.20.04:951][  0]LogTemp: Display: Loaded TP AndroidTargetPlatform
[2022.09.30-23.20.04:991][  0]LogTemp: Display: Loaded TP HTML5TargetPlatform
[2022.09.30-23.20.05:126][  0]LogTemp: Display: Loaded TP IOSTargetPlatform
[2022.09.30-23.20.05:157][  0]LogTemp: Display: Loaded TP TVOSTargetPlatform
[2022.09.30-23.20.05:213][  0]LogTemp: Display: Loaded TP LinuxClientTargetPlatform
[2022.09.30-23.20.05:267][  0]LogTemp: Display: Loaded TP LinuxNoEditorTargetPlatform
[2022.09.30-23.20.05:340][  0]LogTemp: Display: Loaded TP LinuxServerTargetPlatform
[2022.09.30-23.20.05:407][  0]LogTemp: Display: Loaded TP LinuxTargetPlatform
[2022.09.30-23.20.05:408][  0]LogTargetPlatformManager: Display: Building Assets For Windows
[2022.09.30-23.20.06:314][  0]LogDerivedDataCache: Display: Max Cache Size: 512 MB
[2022.09.30-23.20.07:062][  0]LogDerivedDataCache: Loaded boot cache 0.75s 78MB C:/Users/Waifs/AppData/Local/UnrealEngine/4.18/DerivedDataCache/Boot.ddc.
[2022.09.30-23.20.07:062][  0]LogDerivedDataCache: Display: Loaded Boot cache: C:/Users/Waifs/AppData/Local/UnrealEngine/4.18/DerivedDataCache/Boot.ddc
[2022.09.30-23.20.07:062][  0]LogDerivedDataCache: FDerivedDataBackendGraph:  Pak pak cache file ../../../../../Users/Waifs/OneDrive/Documents/Unreal Projects/GAM303/DerivedDataCache/DDC.ddp not found, will not use a pak cache.
[2022.09.30-23.20.07:062][  0]LogDerivedDataCache: Unable to find inner node Pak for hierarchical cache Hierarchy.
[2022.09.30-23.20.07:062][  0]LogDerivedDataCache: FDerivedDataBackendGraph:  CompressedPak pak cache file ../../../../../Users/Waifs/OneDrive/Documents/Unreal Projects/GAM303/DerivedDataCache/Compressed.ddp not found, will not use a pak cache.
[2022.09.30-23.20.07:062][  0]LogDerivedDataCache: Unable to find inner node CompressedPak for hierarchical cache Hierarchy.
[2022.09.30-23.20.07:091][  0]LogDerivedDataCache: Display: Pak cache opened for reading ../../../Engine/DerivedDataCache/Compressed.ddp.
[2022.09.30-23.20.07:105][  0]LogDerivedDataCache: Using Local data cache path C:/Users/Waifs/AppData/Local/UnrealEngine/Common/DerivedDataCache: Writable
[2022.09.30-23.20.07:122][  0]LogMaterial: Verifying Global Shaders for PCD3D_SM5
[2022.09.30-23.20.07:128][  0]LogSlate: Using Freetype 2.6.0
[2022.09.30-23.20.07:145][  0]LogSlate: SlateFontCache - WITH_FREETYPE: 1, WITH_HARFBUZZ: 1
[2022.09.30-23.20.07:145][  0]LogSlate: SlateFontCache - WITH_FREETYPE: 1, WITH_HARFBUZZ: 1
[2022.09.30-23.20.11:296][  0]LogInit: Selected Device Profile: [Windows]
[2022.09.30-23.20.12:097][  0]LogSimplygon: Simplygon DLL not present - disabling.
[2022.09.30-23.20.12:137][  0]LogMeshReduction: Using SimplygonSwarm for distributed automatic mesh merging
[2022.09.30-23.20.12:137][  0]LogMeshReduction: Using QuadricMeshReduction for automatic static mesh reduction
[2022.09.30-23.20.12:137][  0]LogMeshReduction: No automatic skeletal mesh reduction module available
[2022.09.30-23.20.12:137][  0]LogMeshReduction: No automatic mesh merging module available
[2022.09.30-23.20.12:137][  0]LogMeshMerging: No automatic mesh merging module available
[2022.09.30-23.20.12:228][  0]LogNetVersion: GAM303 , NetCL: 3709383, EngineNetVer: 2, GameNetVer: 0 (Checksum: 4079393575)
[2022.09.30-23.20.12:768][  0]LogAssetRegistry: FAssetRegistry took 0.0377 seconds to start up
[2022.09.30-23.20.14:521][  0]LogPackageLocalizationCache: Processed 7 localized package path(s) for 2 prioritized culture(s) in 0.094893 seconds
[2022.09.30-23.20.14:530][  0]LogUObjectArray: 35870 objects as part of root set at end of initial load.
[2022.09.30-23.20.14:530][  0]LogUObjectAllocator: 7363696 out of 0 bytes used by permanent object pool.
[2022.09.30-23.20.14:530][  0]LogUObjectArray: CloseDisregardForGC: 0/0 objects in disregard for GC pool
[2022.09.30-23.20.14:606][  0]LogInit: WinSock: version 1.1 (2.2), MaxSocks=32767, MaxUdp=65467
[2022.09.30-23.20.20:192][  0]LogTcpMessaging: Initializing TcpMessaging bridge
[2022.09.30-23.20.20:239][  0]LogUdpMessaging: Initializing bridge on interface 0.0.0.0:0 to multicast group 230.0.0.1:6666.
[2022.09.30-23.20.21:039][  0]LogMaterial: Uniform references updated for custom material expression Custom.
[2022.09.30-23.20.21:628][  0]SourceControl: Source control is disabled
[2022.09.30-23.20.21:630][  0]SourceControl: Source control is disabled
[2022.09.30-23.20.21:686][  0]SourceControl: Source control is disabled
[2022.09.30-23.20.21:738][  0]SourceControl: Source control is disabled
[2022.09.30-23.20.22:649][  0]LogAndroidPermission: UAndroidPermissionCallbackProxy::GetInstance
[2022.09.30-23.20.22:925][  0]LogOcInput: OculusInput pre-init called
[2022.09.30-23.20.23:306][  0]LogEngine: Initializing Engine...
[2022.09.30-23.20.23:317][  0]LogHMD: Failed to initialize OpenVR with code 110
[2022.09.30-23.20.23:823][  0]LogStats: UGameplayTagsManager::ConstructGameplayTagTree: Construct from data asset -  0.000 s
[2022.09.30-23.20.23:824][  0]LogStats: UGameplayTagsManager::ConstructGameplayTagTree: GameplayTagTreeChangedEvent.Broadcast -  0.000 s
[2022.09.30-23.20.24:124][  0]LogAIModule: Creating AISystem for world Untitled
[2022.09.30-23.20.24:906][  0]LogInit: XAudio2 using 'Speakers (Realtek(R) Audio)' : 2 channels at 48 kHz using 32 bits per sample (channel mask 0x3)
[2022.09.30-23.20.25:159][  0]LogInit: FAudioDevice initialized.
[2022.09.30-23.20.25:496][  0]LogDerivedDataCache: Saved boot cache 0.33s 78MB C:/Users/Waifs/AppData/Local/UnrealEngine/4.18/DerivedDataCache/Boot.ddc.
[2022.09.30-23.20.25:617][  0]LogInit: Texture streaming: Enabled
[2022.09.30-23.20.25:758][  0]LogEngineSessionManager: EngineSessionManager initialized
[2022.09.30-23.20.25:759][  0]LogEngineSessionManager: EngineSessionManager sent abnormal shutdown report. Type=Crashed, SessionId={7E03CAE4-4EBA-A7AC-6D7F-5F8E6CBF492D}
[2022.09.30-23.20.25:879][  0]LogInit: Transaction tracking system initialized
[2022.09.30-23.20.26:158][  0]BlueprintLog: New page: Editor Load
[2022.09.30-23.20.26:995][  0]LocalizationService: Localization service is disabled
[2022.09.30-23.20.27:746][  0]LogConsoleResponse: Display: 
[2022.09.30-23.20.28:369][  0]LogCook: Display: Max memory allowance for cook 16384mb min free memory 0mb
[2022.09.30-23.20.28:369][  0]LogCook: Display: Mobile HDR setting 1
[2022.09.30-23.20.28:370][  0]LogGameplayTags: Display: UGameplayTagsManager::DoneAddingNativeTags. DelegateIsBound: 0
[2022.09.30-23.20.28:611][  0]LogFileCache: Scanning file cache for directory 'C:/Users/Waifs/OneDrive/Documents/Unreal Projects/GAM303/Content/' took 0.02s
[2022.09.30-23.20.29:574][  0]SourceControl: Source control is disabled
[2022.09.30-23.20.29:713][  0]LogSlate: Took 0.006245 seconds to synchronously load lazily loaded font '../../../Engine/Content/Slate/Fonts/Roboto-Regular.ttf' (155K)
[2022.09.30-23.21.55:768][  0]Cmd: MAP LOAD FILE="../../../../../Users/Waifs/OneDrive/Documents/Unreal Projects/GAM303/Content/ThirdPersonBP/Maps/ThirdPersonExampleMap.umap" TEMPLATE=0 SHOWPROGRESS=1 FEATURELEVEL=3
[2022.09.30-23.21.55:773][  0]LightingResults: New page: Lighting Build
[2022.09.30-23.21.55:883][  0]MapCheck: New page: Map Check
[2022.09.30-23.21.55:884][  0]LightingResults: New page: Lighting Build
[2022.09.30-23.21.56:556][  0]LogAIModule: Creating AISystem for world ThirdPersonExampleMap
[2022.09.30-23.21.57:245][  0]LogEditorServer: Finished looking for orphan Actors (0.000 secs)
[2022.09.30-23.21.57:270][  0]Cmd: MAP CHECKDEP NOCLEARLOG
[2022.09.30-23.21.57:332][  0]MapCheck: Map check complete: 0 Error(s), 0 Warning(s), took 60.843ms to complete.
[2022.09.30-23.21.57:332][  0]LogFileHelpers: Loading map 'ThirdPersonExampleMap' took 1.565
[2022.09.30-23.21.57:513][  0]LogStats: Warning: MetaData mismatch. Did you assign a stat to two groups? New //STATGROUP_Threads//SplashScreenThread///Thread_57c_0///####STATCAT_Advanced#### old //STATGROUP_Threads//SplashScreenThread///Thread_2200_0///####STATCAT_Advanced####
[2022.09.30-23.21.57:513][  0]LogCollectionManager: Loaded 0 collections in 0.001998 seconds
[2022.09.30-23.21.57:601][  0]LogFileCache: Scanning file cache for directory 'C:/Users/Waifs/OneDrive/Documents/Unreal Projects/GAM303/Saved/Collections/' took 0.01s
[2022.09.30-23.21.57:601][  0]LogFileCache: Scanning file cache for directory 'C:/Users/Waifs/OneDrive/Documents/Unreal Projects/GAM303/Content/Developers/Waifs/Collections/' took 0.01s
[2022.09.30-23.21.57:601][  0]LogFileCache: Scanning file cache for directory 'C:/Users/Waifs/OneDrive/Documents/Unreal Projects/GAM303/Content/Collections/' took 0.01s
[2022.09.30-23.21.57:601][  0]LogCollectionManager: Rebuilt the GUID cache for 0 collections in 0.000000 seconds
[2022.09.30-23.21.57:622][  0]LogContentBrowser: Native class hierarchy populated in 0.0187 seconds. Added 2363 classes and 519 folders.
[2022.09.30-23.21.57:671][  0]LogContentBrowser: Native class hierarchy updated for 'WidgetCarousel' in 0.0002 seconds. Added 0 classes and 0 folders.
[2022.09.30-23.21.57:969][  0]LogContentBrowser: Native class hierarchy updated for 'AddContentDialog' in 0.0003 seconds. Added 0 classes and 0 folders.
[2022.09.30-23.21.58:016][  0]LogContentBrowser: Native class hierarchy updated for 'SceneOutliner' in 0.0002 seconds. Added 1 classes and 2 folders.
[2022.09.30-23.21.58:100][  0]LogDirectoryWatcher: Warning: Failed to begin reading directory changes for ../../../../../Users/Waifs/OneDrive/Documents/Unreal Projects/GAM303/Plugins/. Error: The system cannot find the file specified. (0x00000002)
[2022.09.30-23.21.58:118][  0]LogSlate: Took 0.006019 seconds to synchronously load lazily loaded font '../../../Engine/Content/Slate/Fonts/Roboto-Bold.ttf' (160K)
[2022.09.30-23.21.58:135][  0]LogSlate: Took 0.006078 seconds to synchronously load lazily loaded font '../../../Engine/Content/Editor/Slate/Fonts/FontAwesome.ttf' (139K)
[2022.09.30-23.21.58:309][  0]LogRenderer: Reallocating scene render targets to support 844x432 Format 10 NumSamples 1 (Frame:1).
[2022.09.30-23.21.58:742][  0]LogContentBrowser: Native class hierarchy updated for 'HierarchicalLODOutliner' in 0.0003 seconds. Added 1 classes and 2 folders.
[2022.09.30-23.21.58:743][  0]LogLoad: (Engine Initialization) Total time: 133.79 seconds
[2022.09.30-23.21.58:743][  0]LogLoad: (Engine Initialization) Total Blueprint compile time: 0.00 seconds
[2022.09.30-23.21.58:744][  0]LogExternalProfiler: No external profilers were discovered.  External profiling features will not be available.
[2022.09.30-23.21.58:794][  0]LogContentStreaming: Texture pool size now 1000 MB
[2022.09.30-23.21.58:817][  0]LogSlate: Took 0.006010 seconds to synchronously load lazily loaded font '../../../Engine/Content/Slate/Fonts/Roboto-Light.ttf' (159K)
[2022.09.30-23.21.58:845][  1]LogAssetRegistry: Asset discovery search completed in 106.1004 seconds
[2022.09.30-23.21.58:848][  1]LogCollectionManager: Rebuilt the object cache for 0 collections in 0.000001 seconds (found 0 objects)
[2022.09.30-23.21.58:848][  1]LogCollectionManager: Fixed up redirectors for 0 collections in 0.000253 seconds (updated 0 objects)
[2022.09.30-23.21.59:837][ 31]LogSlate: Took 0.000265 seconds to synchronously load lazily loaded font '../../../Engine/Content/Slate/Fonts/Roboto-Light.ttf' (159K)
[2022.09.30-23.22.04:418][247]LogLinker: Warning: Can't find file '/Script/ApexDestruction'
[2022.09.30-23.22.04:418][247]LogLinker: Warning: Can't find file for asset '/Script/ApexDestruction' while loading ../../../../../Users/Waifs/OneDrive/Documents/Unreal Projects/GAM303/Content/BluePrints/Destruction/MESH_Chest_DM.uasset.
[2022.09.30-23.22.04:418][247]LoadErrors: Error: /Game/BluePrints/Destruction/MESH_Chest_DM : Can't find file for asset. /Script/ApexDestruction
[2022.09.30-23.22.04:418][247]LogLinker: Warning: Can't find file '/Script/ApexDestruction'
[2022.09.30-23.22.04:418][247]LogLinker: Warning: Can't find file for asset '/Script/ApexDestruction' while loading ../../../../../Users/Waifs/OneDrive/Documents/Unreal Projects/GAM303/Content/BluePrints/Destruction/MESH_Chest_DM.uasset.
[2022.09.30-23.22.04:442][247]LogLinker: Warning: Can't find file '/Script/ApexDestruction'
[2022.09.30-23.22.04:442][247]LogLinker: Warning: Can't find file for asset '/Script/ApexDestruction' while loading ../../../../../Users/Waifs/OneDrive/Documents/Unreal Projects/GAM303/Content/BluePrints/Destruction/MESH_Chest_DM.uasset.
[2022.09.30-23.22.04:442][247]LogLinker: Warning: Can't find file '/Script/ApexDestruction'
[2022.09.30-23.22.04:442][247]LogLinker: Warning: Can't find file for asset '/Script/ApexDestruction' while loading NULL.
[2022.09.30-23.22.04:442][247]LogLinker: Warning: Can't find file '/Script/ApexDestruction'
[2022.09.30-23.22.04:442][247]LogLinker: Warning: Can't find file for asset '/Script/ApexDestruction' while loading NULL.
[2022.09.30-23.22.04:443][247]LogLinker: Warning: Can't find file '/Script/ApexDestruction'
[2022.09.30-23.22.04:443][247]LogLinker: Warning: Can't find file for asset '/Script/ApexDestruction' while loading NULL.
[2022.09.30-23.22.04:443][247]LogLinker: Warning: Can't find file '/Script/ApexDestruction'
[2022.09.30-23.22.04:443][247]LogLinker: Warning: Can't find file for asset '/Script/ApexDestruction' while loading NULL.
[2022.09.30-23.22.04:443][247]LogLinker: Warning: Can't find file '/Script/ApexDestruction'
[2022.09.30-23.22.04:443][247]LogLinker: Warning: Can't find file for asset '/Script/ApexDestruction' while loading NULL.
[2022.09.30-23.22.04:443][247]LogLinker: Warning: Can't find file '/Script/ApexDestruction'
[2022.09.30-23.22.04:443][247]LogLinker: Warning: Can't find file for asset '/Script/ApexDestruction' while loading NULL.
[2022.09.30-23.22.04:497][247]LoadErrors: Warning: CreateExport: Failed to load Outer for resource 'AssetImportData': DestructibleMesh /Game/BluePrints/Destruction/MESH_Chest_DM.MESH_Chest_DM
[2022.09.30-23.22.37:591][802]LogDirectoryWatcher: A directory notification for '../../../Engine/Plugins/' was aborted.
[2022.09.30-23.22.38:821][850]LogSlate: Took 0.000952 seconds to synchronously load lazily loaded font '../../../Engine/Content/Slate/Fonts/Roboto-Light.ttf' (159K)
[2022.09.30-23.22.39:186][850]LogLinker: Warning: Can't find file '/Script/ApexDestruction'
[2022.09.30-23.22.39:187][850]LogLinker: Warning: Can't find file for asset '/Script/ApexDestruction' while loading ../../../../../Users/Waifs/OneDrive/Documents/Unreal Projects/GAM303/Content/BluePrints/Destruction/BP_Destruction.uasset.
[2022.09.30-23.22.39:188][850]LoadErrors: Error: /Game/BluePrints/Destruction/BP_Destruction : Can't find file for asset. /Script/ApexDestruction
[2022.09.30-23.22.39:201][850]LogLinker: Warning: Can't find file '/Script/ApexDestruction'
[2022.09.30-23.22.39:201][850]LogLinker: Warning: Can't find file for asset '/Script/ApexDestruction' while loading ../../../../../Users/Waifs/OneDrive/Documents/Unreal Projects/GAM303/Content/BluePrints/Destruction/BP_Destruction.uasset.
[2022.09.30-23.22.39:202][850]LogLinker: Warning: Can't find file '/Script/ApexDestruction'
[2022.09.30-23.22.39:202][850]LogLinker: Warning: Can't find file for asset '/Script/ApexDestruction' while loading ../../../../../Users/Waifs/OneDrive/Documents/Unreal Projects/GAM303/Content/Levels/Module2.umap.
[2022.09.30-23.22.39:202][850]LoadErrors: Error: /Game/Levels/Module2 : Can't find file for asset. /Script/ApexDestruction
[2022.09.30-23.22.39:202][850]LogLinker: Warning: Can't find file '/Script/ApexDestruction'
[2022.09.30-23.22.39:202][850]LogLinker: Warning: Can't find file for asset '/Script/ApexDestruction' while loading ../../../../../Users/Waifs/OneDrive/Documents/Unreal Projects/GAM303/Content/Levels/Module2.umap.
[2022.09.30-23.22.39:202][850]LogLinker: Warning: Can't find file '/Script/ApexDestruction'
[2022.09.30-23.22.39:202][850]LogLinker: Warning: Can't find file for asset '/Script/ApexDestruction' while loading ../../../../../Users/Waifs/OneDrive/Documents/Unreal Projects/GAM303/Content/Levels/Module2.umap.
[2022.09.30-23.22.39:202][850]LogLinker: Warning: Can't find file '/Script/ApexDestruction'
[2022.09.30-23.22.39:202][850]LogLinker: Warning: Can't find file for asset '/Script/ApexDestruction' while loading ../../../../../Users/Waifs/OneDrive/Documents/Unreal Projects/GAM303/Content/Levels/Module2.umap.
[2022.09.30-23.22.39:202][850]LogLinker: Warning: Can't find file '/Script/ApexDestruction'
[2022.09.30-23.22.39:202][850]LogLinker: Warning: Can't find file for asset '/Script/ApexDestruction' while loading ../../../../../Users/Waifs/OneDrive/Documents/Unreal Projects/GAM303/Content/Levels/Module2.umap.
[2022.09.30-23.22.39:203][850]LogLinker: Warning: Can't find file '/Script/ApexDestruction'
[2022.09.30-23.22.39:205][850]LoadErrors: Failed to load /Script/ApexDestruction.DestructibleComponent Referenced by K2Node_VariableGet_119
[2022.09.30-23.22.39:205][850]LogLinker: Warning: Can't find file for asset '/Script/ApexDestruction' while loading ../../../../../Users/Waifs/OneDrive/Documents/Unreal Projects/GAM303/Content/Levels/Module2.umap.
[2022.09.30-23.22.39:205][850]LogLinker: Warning: Can't find file '/Script/ApexDestruction'
[2022.09.30-23.22.39:205][850]LoadErrors: Failed to load /Script/ApexDestruction.DestructibleComponent Referenced by K2Node_CallFunction_1
[2022.09.30-23.22.39:205][850]LogLinker: Warning: Can't find file for asset '/Script/ApexDestruction' while loading ../../../../../Users/Waifs/OneDrive/Documents/Unreal Projects/GAM303/Content/Levels/Module2.umap.
[2022.09.30-23.22.39:205][850]LogLinker: Warning: Can't find file '/Script/ApexDestruction'
[2022.09.30-23.22.39:205][850]LogLinker: Warning: Can't find file for asset '/Script/ApexDestruction' while loading ../../../../../Users/Waifs/OneDrive/Documents/Unreal Projects/GAM303/Content/Levels/Module2.umap.
[2022.09.30-23.22.39:207][850]LogLinker: Warning: Can't find file '/Script/ApexDestruction'
[2022.09.30-23.22.39:207][850]LoadErrors: Failed to load /Script/ApexDestruction.DestructibleComponent Referenced by SCS_Node_1
[2022.09.30-23.22.39:207][850]LogLinker: Warning: Can't find file for asset '/Script/ApexDestruction' while loading ../../../../../Users/Waifs/OneDrive/Documents/Unreal Projects/GAM303/Content/Levels/Module2.umap.
[2022.09.30-23.22.39:208][850]LogLinker: Warning: Can't find file '/Script/ApexDestruction'
[2022.09.30-23.22.39:208][850]LogLinker: Warning: Can't find file for asset '/Script/ApexDestruction' while loading ../../../../../Users/Waifs/OneDrive/Documents/Unreal Projects/GAM303/Content/Levels/Module2.umap.
[2022.09.30-23.22.39:208][850]LogLinker: Warning: Can't find file '/Script/ApexDestruction'
[2022.09.30-23.22.39:208][850]LogLinker: Warning: Can't find file for asset '/Script/ApexDestruction' while loading ../../../../../Users/Waifs/OneDrive/Documents/Unreal Projects/GAM303/Content/Levels/Module2.umap.
[2022.09.30-23.22.39:208][850]LogLinker: Warning: Can't find file '/Script/ApexDestruction'
[2022.09.30-23.22.39:208][850]LoadErrors: Failed to load /Script/ApexDestruction.DestructibleComponent Referenced by SCS_Node_5
[2022.09.30-23.22.39:208][850]LogLinker: Warning: Can't find file for asset '/Script/ApexDestruction' while loading ../../../../../Users/Waifs/OneDrive/Documents/Unreal Projects/GAM303/Content/Levels/Module2.umap.
[2022.09.30-23.22.39:208][850]LogLinker: Warning: Can't find file '/Script/ApexDestruction'
[2022.09.30-23.22.39:208][850]LogLinker: Warning: Can't find file for asset '/Script/ApexDestruction' while loading ../../../../../Users/Waifs/OneDrive/Documents/Unreal Projects/GAM303/Content/Levels/Module2.umap.
[2022.09.30-23.22.39:208][850]LogLinker: Warning: Can't find file '/Script/ApexDestruction'
[2022.09.30-23.22.39:208][850]LogLinker: Warning: Can't find file for asset '/Script/ApexDestruction' while loading ../../../../../Users/Waifs/OneDrive/Documents/Unreal Projects/GAM303/Content/Levels/Module2.umap.
[2022.09.30-23.22.39:208][850]LogLinker: Warning: Can't find file '/Script/ApexDestruction'
[2022.09.30-23.22.39:208][850]LoadErrors: Failed to load /Script/ApexDestruction.DestructibleComponent Referenced by SCS_Node_6
[2022.09.30-23.22.39:208][850]LogLinker: Warning: Can't find file for asset '/Script/ApexDestruction' while loading ../../../../../Users/Waifs/OneDrive/Documents/Unreal Projects/GAM303/Content/Levels/Module2.umap.
[2022.09.30-23.22.39:209][850]LogLinker: Warning: Can't find file '/Script/ApexDestruction'
[2022.09.30-23.22.39:209][850]LogLinker: Warning: Can't find file for asset '/Script/ApexDestruction' while loading ../../../../../Users/Waifs/OneDrive/Documents/Unreal Projects/GAM303/Content/Levels/Module2.umap.
[2022.09.30-23.22.39:209][850]LogLinker: Warning: Can't find file '/Script/ApexDestruction'
[2022.09.30-23.22.39:209][850]LogLinker: Warning: Can't find file for asset '/Script/ApexDestruction' while loading ../../../../../Users/Waifs/OneDrive/Documents/Unreal Projects/GAM303/Content/Levels/Module2.umap.
[2022.09.30-23.22.39:209][850]LogBlueprint: Warning: [Compiler BP_Destruction] Component class is not set for 'MESH_Chest_DM' - this component will not be instanced, and additional warnings or errors may occur when compiling Blueprint 'BP_Destruction'.
[2022.09.30-23.22.39:210][850]LogBlueprint: Warning: [Compiler BP_Destruction] Component class is not set for 'Destructible' - this component will not be instanced, and additional warnings or errors may occur when compiling Blueprint 'BP_Destruction'.
[2022.09.30-23.22.39:210][850]LogBlueprint: Warning: [Compiler BP_Destruction] Component class is not set for 'Destructible1' - this component will not be instanced, and additional warnings or errors may occur when compiling Blueprint 'BP_Destruction'.
[2022.09.30-23.22.39:212][850]LogBlueprint: Warning: [Compiler BP_Destruction] Get : 'MESH_Chest_DM' variable not found. Base class was probably changed. /Game/BluePrints/Destruction/BP_Destruction.BP_Destruction
[2022.09.30-23.22.39:220][850]LogBlueprint: Warning: [Compiler BP_Destruction] [0174.26] Compile of BP_Destruction successful, but with 4 Warning(s) [in 9 ms] (/Game/BluePrints/Destruction/BP_Destruction.BP_Destruction)
[2022.09.30-23.22.39:220][850]LogLinker: Warning: Can't find file '/Script/ApexDestruction'
[2022.09.30-23.22.39:220][850]LogLinker: Warning: Can't find file for asset '/Script/ApexDestruction' while loading ../../../../../Users/Waifs/OneDrive/Documents/Unreal Projects/GAM303/Content/Levels/Module2.umap.
[2022.09.30-23.22.39:220][850]LogLinker: Warning: Can't find file '/Script/ApexDestruction'
[2022.09.30-23.22.39:220][850]LogLinker: Warning: Can't find file for asset '/Script/ApexDestruction' while loading ../../../../../Users/Waifs/OneDrive/Documents/Unreal Projects/GAM303/Content/Levels/Module2.umap.
[2022.09.30-23.22.39:220][850]LogLinker: Warning: Can't find file '/Script/ApexDestruction'
[2022.09.30-23.22.39:220][850]LogLinker: Warning: Can't find file for asset '/Script/ApexDestruction' while loading ../../../../../Users/Waifs/OneDrive/Documents/Unreal Projects/GAM303/Content/Levels/Module2.umap.
[2022.09.30-23.22.39:220][850]LogLinker: Warning: Can't find file '/Script/ApexDestruction'
[2022.09.30-23.22.39:220][850]LogLinker: Warning: Can't find file for asset '/Script/ApexDestruction' while loading ../../../../../Users/Waifs/OneDrive/Documents/Unreal Projects/GAM303/Content/Levels/Module2.umap.
[2022.09.30-23.22.39:220][850]LogLinker: Warning: Can't find file '/Script/ApexDestruction'
[2022.09.30-23.22.39:220][850]LogLinker: Warning: Can't find file for asset '/Script/ApexDestruction' while loading ../../../../../Users/Waifs/OneDrive/Documents/Unreal Projects/GAM303/Content/Levels/Module2.umap.
[2022.09.30-23.22.39:220][850]LogLinker: Warning: Can't find file '/Script/ApexDestruction'
[2022.09.30-23.22.39:220][850]LogLinker: Warning: Can't find file for asset '/Script/ApexDestruction' while loading ../../../../../Users/Waifs/OneDrive/Documents/Unreal Projects/GAM303/Content/Levels/Module2.umap.
[2022.09.30-23.22.39:220][850]LogLinker: Warning: Can't find file '/Script/ApexDestruction'
[2022.09.30-23.22.39:220][850]LogLinker: Warning: Can't find file for asset '/Script/ApexDestruction' while loading ../../../../../Users/Waifs/OneDrive/Documents/Unreal Projects/GAM303/Content/Levels/Module2.umap.
[2022.09.30-23.22.39:295][850]LogLinker: Warning: Can't find file '/Script/ApexDestruction'
[2022.09.30-23.22.39:295][850]LogLinker: Warning: Can't find file for asset '/Script/ApexDestruction' while loading ../../../../../Users/Waifs/OneDrive/Documents/Unreal Projects/GAM303/Content/Levels/Module2.umap.
[2022.09.30-23.22.39:307][850]LogLinker: Warning: Can't find file '/Script/ApexDestruction'
[2022.09.30-23.22.39:307][850]LogLinker: Warning: Can't find file for asset '/Script/ApexDestruction' while loading NULL.
[2022.09.30-23.22.39:307][850]LogLinker: Warning: Can't find file '/Script/ApexDestruction'
[2022.09.30-23.22.39:307][850]LogLinker: Warning: Can't find file for asset '/Script/ApexDestruction' while loading NULL.
[2022.09.30-23.22.39:307][850]LogLinker: Warning: Can't find file '/Script/ApexDestruction'
[2022.09.30-23.22.39:307][850]LogLinker: Warning: Can't find file for asset '/Script/ApexDestruction' while loading NULL.
[2022.09.30-23.22.39:307][850]LogLinker: Warning: Can't find file '/Script/ApexDestruction'
[2022.09.30-23.22.39:307][850]LogLinker: Warning: Can't find file for asset '/Script/ApexDestruction' while loading NULL.
[2022.09.30-23.22.39:325][850]LogLinker: Warning: Can't find file '/Script/ApexDestruction'
[2022.09.30-23.22.39:325][850]LogLinker: Warning: Can't find file for asset '/Script/ApexDestruction' while loading NULL.
[2022.09.30-23.22.39:325][850]LogLinker: Warning: Can't find file '/Script/ApexDestruction'
[2022.09.30-23.22.39:325][850]LoadErrors: Failed to load /Script/ApexDestruction.DestructibleComponent Referenced by BP_Destruction_104
[2022.09.30-23.22.39:325][850]LogLinker: Warning: Can't find file for asset '/Script/ApexDestruction' while loading NULL.
[2022.09.30-23.22.39:325][850]LogLinker: Warning: Can't find file '/Script/ApexDestruction'
[2022.09.30-23.22.39:325][850]LogLinker: Warning: Can't find file for asset '/Script/ApexDestruction' while loading NULL.
[2022.09.30-23.22.39:325][850]LogLinker: Warning: Can't find file '/Script/ApexDestruction'
[2022.09.30-23.22.39:325][850]LogLinker: Warning: Can't find file for asset '/Script/ApexDestruction' while loading NULL.
[2022.09.30-23.22.39:578][850]LogMaterial: Missing cached shader map for material M_Metal_Gold, compiling. 
[2022.09.30-23.22.40:416][850]LogSlate: Took 0.034582 seconds to synchronously load lazily loaded font '../../../Engine/Content/Slate/Fonts/Roboto-Regular.ttf' (155K)
[2022.09.30-23.22.40:788][850]LogAIModule: Creating AISystem for world Module2
[2022.09.30-23.22.40:960][850]Cmd: MAP LOAD FILE="../../../../../Users/Waifs/OneDrive/Documents/Unreal Projects/GAM303/Content/Levels/Module2.umap" TEMPLATE=0 SHOWPROGRESS=1 FEATURELEVEL=3
[2022.09.30-23.22.40:961][850]LightingResults: New page: Lighting Build
[2022.09.30-23.22.40:969][850]LoadErrors: New page: Loading map: Module2.umap
[2022.09.30-23.22.40:987][850]MapCheck: New page: Map Check
[2022.09.30-23.22.40:987][850]LightingResults: New page: Lighting Build
[2022.09.30-23.22.42:117][850]LogEditorServer: Finished looking for orphan Actors (0.000 secs)
[2022.09.30-23.22.42:189][850]Cmd: MAP CHECKDEP NOCLEARLOG
[2022.09.30-23.22.42:627][850]MapCheck: Map check complete: 0 Error(s), 0 Warning(s), took 436.608ms to complete.
[2022.09.30-23.22.42:652][850]LogFileHelpers: Loading map 'Module2' took 1.707
[2022.09.30-23.22.49:400][100]LogTemp: Repeating last play command: Selected Viewport
[2022.09.30-23.22.49:855][100]LogPlayLevel: PlayLevel: No blueprints needed recompiling
[2022.09.30-23.22.49:862][100]PIE: New page: PIE session: Module2 (Sep 30, 2022, 1:22:49 PM)
[2022.09.30-23.22.49:864][100]LogPlayLevel: Creating play world package: /Game/Levels/UEDPIE_0_Module2
[2022.09.30-23.22.50:035][100]LogPlayLevel: PIE: StaticDuplicateObject took: (0.171839s)
[2022.09.30-23.22.50:049][100]LogAIModule: Creating AISystem for world Module2
[2022.09.30-23.22.50:051][100]LogPlayLevel: PIE: World Init took: (0.015708s)
[2022.09.30-23.22.50:053][100]LogPlayLevel: PIE: Created PIE world by copying editor world from /Game/Levels/Module2.Module2 to /Game/Levels/UEDPIE_0_Module2.Module2 (0.189667s)
[2022.09.30-23.22.50:088][100]LogInit: XAudio2 using 'Speakers (Realtek(R) Audio)' : 2 channels at 48 kHz using 32 bits per sample (channel mask 0x3)
[2022.09.30-23.22.50:160][100]LogInit: FAudioDevice initialized.
[2022.09.30-23.22.50:248][100]LogLoad: Game class is 'ThirdPersonGameMode_C'
[2022.09.30-23.22.50:262][100]LogWorld: Bringing World /Game/Levels/UEDPIE_0_Module2.Module2 up for play (max tick rate 60) at 2022.09.30-18.22.50
[2022.09.30-23.22.50:266][100]LogWorld: Bringing up level for play took: 0.008911
[2022.09.30-23.22.50:421][100]LogContentBrowser: Native class hierarchy updated for 'MovieSceneCapture' in 0.0055 seconds. Added 11 classes and 0 folders.
[2022.09.30-23.22.50:457][100]PIE: Play in editor start time for /Game/Levels/UEDPIE_0_Module2 0.232
[2022.09.30-23.23.20:514][  9]LogContentBrowser: Native class hierarchy updated for 'BlueprintGraph' in 0.0046 seconds. Added 116 classes and 0 folders.
[2022.09.30-23.23.22:368][  9]LogSlate: Took 0.006715 seconds to synchronously load lazily loaded font '../../../Engine/Content/Editor/Slate/Fonts/Roboto-BoldCondensed.ttf' (158K)
[2022.09.30-23.23.23:003][ 10]LogSlate: Took 0.007810 seconds to synchronously load lazily loaded font '../../../Engine/Content/Editor/Slate/Fonts/Roboto-Italic.ttf' (157K)
[2022.09.30-23.23.25:569][ 68]LogRenderer: Reallocating scene render targets to support 844x532 Format 10 NumSamples 1 (Frame:1).
[2022.09.30-23.23.26:915][ 84]BlueprintLog: New page: Compile BP_Destruction
[2022.09.30-23.24.28:184][336]LogEditorActor: Deleted Actor: BP_Destruction_C
[2022.09.30-23.24.28:507][336]LogEditorActor: Deleted 1 Actors (0.429 secs)
[2022.09.30-23.24.32:355][488]LogEditorActor: Deleted Actor: BP_Destruction_C
[2022.09.30-23.24.32:410][488]LogEditorActor: Deleted 1 Actors (0.065 secs)
[2022.09.30-23.24.57:441][501]LogEditorViewport: Clicking on Actor (LMB): BP_Destruction_C (BP_Destruction)
[2022.09.30-23.24.57:536][502]LogEditorViewport: Clicking on Component (LMB): SceneComponent (DefaultSceneRoot)
[2022.09.30-23.24.59:753][587]LogEditorViewport: Clicking on Component (LMB): SceneComponent (DefaultSceneRoot)
[2022.09.30-23.24.59:847][589]LogEditorViewport: Clicking on Actor (double click): BP_Destruction_C (BP_Destruction)
[2022.09.30-23.25.00:822][627]LogEditorViewport: Clicking on Actor (LMB): BP_Destruction_C (BP_Destruction)
[2022.09.30-23.25.00:903][628]LogEditorViewport: Clicking on Component (LMB): SceneComponent (DefaultSceneRoot)
[2022.09.30-23.25.01:805][662]LogEditorViewport: Clicking on Component (LMB): SceneComponent (DefaultSceneRoot)
[2022.09.30-23.25.01:875][663]LogEditorViewport: Clicking on Actor (double click): BP_Destruction_C (BP_Destruction)
[2022.09.30-23.25.02:145][672]LogEditorViewport: Clicking on Actor (LMB): BP_Destruction_C (BP_Destruction)
[2022.09.30-23.25.11:790][891]LogUObjectGlobals: Warning: Failed to find object 'Object /Game/BluePrints/Destruction/MESH_Chest_DM.MESH_Chest_DM'
[2022.09.30-23.25.56:178][486]LogStats: FPlatformStackWalk::StackWalkAndDump - 21.295 s
[2022.09.30-23.25.56:200][486]LogOutputDevice: Error: === Handled ensure: ===
[2022.09.30-23.25.56:204][486]LogOutputDevice: Error: 
[2022.09.30-23.25.56:204][486]LogOutputDevice: Error: Ensure condition failed: AssetObj != NULL [File:D:\Build\++UE4+Release-4.18+Compile\Sync\Engine\Source\Editor\UnrealEd\Private\LevelEditorViewport.cpp] [Line: 1182]
[2022.09.30-23.25.56:204][486]LogOutputDevice: Error: AssetObj was null (DestructibleMesh /Game/BluePrints/Destruction/MESH_Chest_DM.MESH_Chest_DM)
[2022.09.30-23.25.56:205][486]LogOutputDevice: Error: Stack: 
[2022.09.30-23.25.56:205][486]LogOutputDevice: Error: [Callstack] 0x0000000023ED2786 UE4Editor-Core.dll!FWindowsPlatformStackWalk::StackWalkAndDump() []
[2022.09.30-23.25.56:205][486]LogOutputDevice: Error: [Callstack] 0x0000000023C7123A UE4Editor-Core.dll!FTextStringHelper::WriteToString() []
[2022.09.30-23.25.56:205][486]LogOutputDevice: Error: [Callstack] 0x0000000023C8B906 UE4Editor-Core.dll!TFunction<TOptional<FExpressionError> __cdecl(FExpressionTokenConsumer & __ptr64)>::TFunction<TOptional<FExpressionError> __cdecl(FExpressionTokenConsumer & __ptr64)>() []
[2022.09.30-23.25.56:207][486]LogOutputDevice: Error: [Callstack] 0x00000000221A3897 UE4Editor-UnrealEd.dll!UnknownFunction []
[2022.09.30-23.25.56:207][486]LogOutputDevice: Error: [Callstack] 0x00000000187C3E0B UE4Editor-LevelEditor.dll!UnknownFunction []
[2022.09.30-23.25.56:207][486]LogOutputDevice: Error: [Callstack] 0x00000000187E10C5 UE4Editor-LevelEditor.dll!UnknownFunction []
[2022.09.30-23.25.56:207][486]LogOutputDevice: Error: [Callstack] 0x0000000023457B93 UE4Editor-Slate.dll!UnknownFunction []
[2022.09.30-23.25.56:207][486]LogOutputDevice: Error: [Callstack] 0x0000000023426A0B UE4Editor-Slate.dll!UnknownFunction []
[2022.09.30-23.25.56:207][486]LogOutputDevice: Error: [Callstack] 0x00000000234C1CCD UE4Editor-Slate.dll!UnknownFunction []
[2022.09.30-23.25.56:207][486]LogOutputDevice: Error: [Callstack] 0x00000000234ABA28 UE4Editor-Slate.dll!UnknownFunction []
[2022.09.30-23.25.56:208][486]LogOutputDevice: Error: [Callstack] 0x000000002349D6B7 UE4Editor-Slate.dll!UnknownFunction []
[2022.09.30-23.25.56:208][486]LogOutputDevice: Error: [Callstack] 0x000000004824E39E UE4Editor-ApplicationCore.dll!UnknownFunction []
[2022.09.30-23.25.56:208][486]LogOutputDevice: Error: [Callstack] 0x0000000048241A48 UE4Editor-ApplicationCore.dll!UnknownFunction []
[2022.09.30-23.25.56:208][486]LogOutputDevice: Error: [Callstack] 0x00000000482503EC UE4Editor-ApplicationCore.dll!UnknownFunction []
[2022.09.30-23.25.56:208][486]LogOutputDevice: Error: [Callstack] 0x000000004823D5A9 UE4Editor-ApplicationCore.dll!UnknownFunction []
[2022.09.30-23.25.56:208][486]LogOutputDevice: Error: [Callstack] 0x00000000A0341C4C USER32.dll!UnknownFunction []
[2022.09.30-23.25.56:208][486]LogOutputDevice: Error: [Callstack] 0x00000000A0340EA6 USER32.dll!UnknownFunction []
[2022.09.30-23.25.56:208][486]LogOutputDevice: Error: [Callstack] 0x0000000048251516 UE4Editor-ApplicationCore.dll!UnknownFunction []
[2022.09.30-23.25.56:208][486]LogOutputDevice: Error: [Callstack] 0x000000009C1250C8 UE4Editor.exe!UnknownFunction []
[2022.09.30-23.25.56:208][486]LogOutputDevice: Error: [Callstack] 0x000000009C135430 UE4Editor.exe!UnknownFunction []
[2022.09.30-23.25.56:208][486]LogOutputDevice: Error: [Callstack] 0x000000009C1354AA UE4Editor.exe!UnknownFunction []
[2022.09.30-23.25.56:208][486]LogOutputDevice: Error: [Callstack] 0x000000009C142379 UE4Editor.exe!UnknownFunction []
[2022.09.30-23.25.56:208][486]LogOutputDevice: Error: [Callstack] 0x000000009C143D57 UE4Editor.exe!UnknownFunction []
[2022.09.30-23.25.56:208][486]LogOutputDevice: Error: [Callstack] 0x00000000A0C254E0 KERNEL32.DLL!UnknownFunction []
[2022.09.30-23.25.56:208][486]LogOutputDevice: Error: [Callstack] 0x00000000A144485B ntdll.dll!UnknownFunction []
[2022.09.30-23.25.56:208][486]LogOutputDevice: Error: 
[2022.09.30-23.25.56:221][486]LogStats:                SubmitErrorReport -  0.001 s
[2022.09.30-23.25.56:297][486]LogWindows: Warning: CreateProc failed: Insufficient system resources exist to complete the requested service. (0x000005aa)
[2022.09.30-23.25.56:299][486]LogWindows: Warning: URL: ../../../Engine/Binaries/Win64/CrashReportClient.exe "C:/Users/Waifs/OneDrive/Documents/Unreal Projects/GAM303/Saved/Crashes/UE4CC-Windows-8861543149BD74FFAC82F88FA9D84E6D_0000" -Unattended -AppName=UE4-GAM303 -CrashGUID=UE4CC-Windows-8861543149BD74FFAC82F88FA9D84E6D_0000 -DebugSymbols=..\..\..\Engine\Intermediate\Symbols
[2022.09.30-23.25.56:299][486]LogStats:                    SendNewReport -  0.078 s
[2022.09.30-23.25.56:299][486]LogStats:             FDebug::EnsureFailed - 21.421 s
[2022.09.30-23.25.56:629][486]LogEditorViewport: Clicking on Actor (context menu): Landscape (Landscape)
