Log file open, 09/30/22 18:29:16
LogWindows: Failed to load 'aqProf.dll' (GetLastError=126)
LogWindows: File 'aqProf.dll' does not exist
LogWindows: Failed to load 'VSPerf140.dll' (GetLastError=126)
LogWindows: File 'VSPerf140.dll' does not exist
LogWindows: Failed to load 'VtuneApi.dll' (GetLastError=126)
LogWindows: File 'VtuneApi.dll' does not exist
LogWindows: Failed to load 'VtuneApi32e.dll' (GetLastError=126)
LogWindows: File 'VtuneApi32e.dll' does not exist
LogInit: Display: Running engine for game: GAM303
LogPlatformFile: Not using cached read wrapper
LogInit: Display: RandInit(-1567487160) SRandInit(-1567487160).
LogInit: Read version file with build ID '3709383'
LogInit: Overriding engine version to CL 3832480, compatible CL 3709383
LogInit: Registered custom module enumerator with build ID '3709383'
LogTaskGraph: Started task graph with 5 named threads and 8 total threads with 3 sets of task threads.
LogStats: Stats thread started at 0.436829
LogD3D11RHI: Aftermath initialized
LogModuleManager: Display: Found up-to-date module file ../../../Engine/Plugins/2D/Paper2D/Binaries/Win64/UE4Editor-Paper2D.dll (API version 3709383).
LogModuleManager: Display: Found up-to-date module file ../../../Engine/Plugins/2D/Paper2D/Binaries/Win64/UE4Editor-Paper2DEditor.dll (API version 3709383).
LogModuleManager: Display: Found up-to-date module file ../../../Engine/Plugins/2D/Paper2D/Binaries/Win64/UE4Editor-PaperSpriteSheetImporter.dll (API version 3709383).
LogModuleManager: Display: Found up-to-date module file ../../../Engine/Plugins/2D/Paper2D/Binaries/Win64/UE4Editor-PaperTiledImporter.dll (API version 3709383).
LogModuleManager: Display: Found up-to-date module file ../../../Engine/Plugins/2D/Paper2D/Binaries/Win64/UE4Editor-SmartSnapping.dll (API version 3709383).
LogModuleManager: Display: Found up-to-date module file ../../../Engine/Plugins/Blendables/LightPropagationVolume/Binaries/Win64/UE4Editor-LightPropagationVolumeRuntime.dll (API version 3709383).
LogModuleManager: Display: Found up-to-date module file ../../../Engine/Plugins/Blendables/LightPropagationVolume/Binaries/Win64/UE4Editor-LightPropagationVolumeEditor.dll (API version 3709383).
LogModuleManager: Display: Found up-to-date module file ../../../Engine/Plugins/Developer/GitSourceControl/Binaries/Win64/UE4Editor-GitSourceControl.dll (API version 3709383).
LogModuleManager: Display: Found up-to-date module file ../../../Engine/Plugins/Developer/PerforceSourceControl/Binaries/Win64/UE4Editor-PerforceSourceControl.dll (API version 3709383).
LogModuleManager: Display: Found up-to-date module file ../../../Engine/Plugins/Developer/SubversionSourceControl/Binaries/Win64/UE4Editor-SubversionSourceControl.dll (API version 3709383).
LogModuleManager: Display: Found up-to-date module file ../../../Engine/Plugins/Developer/UObjectPlugin/Binaries/Win64/UE4Editor-UObjectPlugin.dll (API version 3709383).
LogModuleManager: Display: Found up-to-date module file ../../../Engine/Plugins/Developer/VisualStudioCodeSourceCodeAccess/Binaries/Win64/UE4Editor-VisualStudioCodeSourceCodeAccess.dll (API version 3709383).
LogModuleManager: Display: Found up-to-date module file ../../../Engine/Plugins/Developer/VisualStudioSourceCodeAccess/Binaries/Win64/UE4Editor-VisualStudioSourceCodeAccess.dll (API version 3709383).
LogModuleManager: Display: Found up-to-date module file ../../../Engine/Plugins/Editor/AssetManagerEditor/Binaries/Win64/UE4Editor-AssetManagerEditor.dll (API version 3709383).
LogModuleManager: Display: Found up-to-date module file ../../../Engine/Plugins/Editor/AudioCapture/Binaries/Win64/UE4Editor-AudioCapture.dll (API version 3709383).
LogModuleManager: Display: Found up-to-date module file ../../../Engine/Plugins/Editor/FacialAnimation/Binaries/Win64/UE4Editor-FacialAnimation.dll (API version 3709383).
LogModuleManager: Display: Found up-to-date module file ../../../Engine/Plugins/Editor/FacialAnimation/Binaries/Win64/UE4Editor-FacialAnimationEditor.dll (API version 3709383).
LogModuleManager: Display: Found up-to-date module file ../../../Engine/Plugins/Editor/GameplayTagsEditor/Binaries/Win64/UE4Editor-GameplayTagsEditor.dll (API version 3709383).
LogModuleManager: Display: Found up-to-date module file ../../../Engine/Plugins/Editor/MobileLauncherProfileWizard/Binaries/Win64/UE4Editor-MobileLauncherProfileWizard.dll (API version 3709383).
LogModuleManager: Display: Found up-to-date module file ../../../Engine/Plugins/Editor/PluginBrowser/Binaries/Win64/UE4Editor-PluginBrowser.dll (API version 3709383).
LogModuleManager: Display: Found up-to-date module file ../../../Engine/Plugins/Editor/SpeedTreeImporter/Binaries/Win64/UE4Editor-SpeedTreeImporter.dll (API version 3709383).
LogModuleManager: Display: Found up-to-date module file ../../../Engine/Plugins/Experimental/AlembicImporter/Binaries/Win64/UE4Editor-AlembicImporter.dll (API version 3709383).
LogModuleManager: Display: Found up-to-date module file ../../../Engine/Plugins/Experimental/AlembicImporter/Binaries/Win64/UE4Editor-AlembicLibrary.dll (API version 3709383).
LogModuleManager: Display: Found up-to-date module file ../../../Engine/Plugins/Experimental/CharacterAI/Binaries/Win64/UE4Editor-CharacterAI.dll (API version 3709383).
LogModuleManager: Display: Found up-to-date module file ../../../Engine/Plugins/Experimental/HTML5Networking/Binaries/Win64/UE4Editor-HTML5Networking.dll (API version 3709383).
LogModuleManager: Display: Found up-to-date module file ../../../Engine/Plugins/Media/AndroidMedia/Binaries/Win64/UE4Editor-AndroidMediaEditor.dll (API version 3709383).
LogModuleManager: Display: Found up-to-date module file ../../../Engine/Plugins/Media/AndroidMedia/Binaries/Win64/UE4Editor-AndroidMediaFactory.dll (API version 3709383).
LogModuleManager: Display: Found up-to-date module file ../../../Engine/Plugins/Media/AvfMedia/Binaries/Win64/UE4Editor-AvfMediaEditor.dll (API version 3709383).
LogModuleManager: Display: Found up-to-date module file ../../../Engine/Plugins/Media/AvfMedia/Binaries/Win64/UE4Editor-AvfMediaFactory.dll (API version 3709383).
LogModuleManager: Display: Found up-to-date module file ../../../Engine/Plugins/Media/AvfMedia/Binaries/Win64/UE4Editor-AvfMediaFactory.dll (API version 3709383).
LogModuleManager: Display: Found up-to-date module file ../../../Engine/Plugins/Media/ImgMedia/Binaries/Win64/UE4Editor-ImgMedia.dll (API version 3709383).
LogModuleManager: Display: Found up-to-date module file ../../../Engine/Plugins/Media/ImgMedia/Binaries/Win64/UE4Editor-ImgMediaEditor.dll (API version 3709383).
LogModuleManager: Display: Found up-to-date module file ../../../Engine/Plugins/Media/ImgMedia/Binaries/Win64/UE4Editor-ImgMediaFactory.dll (API version 3709383).
LogModuleManager: Display: Found up-to-date module file ../../../Engine/Plugins/Media/ImgMedia/Binaries/Win64/UE4Editor-ImgMediaFactory.dll (API version 3709383).
LogModuleManager: Display: Found up-to-date module file ../../../Engine/Plugins/Media/ImgMedia/Binaries/Win64/UE4Editor-OpenExrWrapper.dll (API version 3709383).
LogModuleManager: Display: Found up-to-date module file ../../../Engine/Plugins/Media/MediaCompositing/Binaries/Win64/UE4Editor-MediaCompositing.dll (API version 3709383).
LogModuleManager: Display: Found up-to-date module file ../../../Engine/Plugins/Media/MediaCompositing/Binaries/Win64/UE4Editor-MediaCompositingEditor.dll (API version 3709383).
LogModuleManager: Display: Found up-to-date module file ../../../Engine/Plugins/Media/MediaPlayerEditor/Binaries/Win64/UE4Editor-MediaPlayerEditor.dll (API version 3709383).
LogModuleManager: Display: Found up-to-date module file ../../../Engine/Plugins/Media/WmfMedia/Binaries/Win64/UE4Editor-WmfMedia.dll (API version 3709383).
LogModuleManager: Display: Found up-to-date module file ../../../Engine/Plugins/Media/WmfMedia/Binaries/Win64/UE4Editor-WmfMediaEditor.dll (API version 3709383).
LogModuleManager: Display: Found up-to-date module file ../../../Engine/Plugins/Media/WmfMedia/Binaries/Win64/UE4Editor-WmfMediaFactory.dll (API version 3709383).
LogModuleManager: Display: Found up-to-date module file ../../../Engine/Plugins/Media/WmfMedia/Binaries/Win64/UE4Editor-WmfMediaFactory.dll (API version 3709383).
LogModuleManager: Display: Found up-to-date module file ../../../Engine/Plugins/Messaging/TcpMessaging/Binaries/Win64/UE4Editor-TcpMessaging.dll (API version 3709383).
LogModuleManager: Display: Found up-to-date module file ../../../Engine/Plugins/Messaging/UdpMessaging/Binaries/Win64/UE4Editor-UdpMessaging.dll (API version 3709383).
LogModuleManager: Display: Found up-to-date module file ../../../Engine/Plugins/MovieScene/ActorSequence/Binaries/Win64/UE4Editor-ActorSequence.dll (API version 3709383).
LogModuleManager: Display: Found up-to-date module file ../../../Engine/Plugins/MovieScene/LevelSequenceEditor/Binaries/Win64/UE4Editor-LevelSequenceEditor.dll (API version 3709383).
LogModuleManager: Display: Found up-to-date module file ../../../Engine/Plugins/MovieScene/MatineeToLevelSequence/Binaries/Win64/UE4Editor-MatineeToLevelSequence.dll (API version 3709383).
LogModuleManager: Display: Found up-to-date module file ../../../Engine/Plugins/Online/OnlineSubsystem/Binaries/Win64/UE4Editor-OnlineSubsystem.dll (API version 3709383).
LogModuleManager: Display: Found up-to-date module file ../../../Engine/Plugins/Runtime/AndroidPermission/Binaries/Win64/UE4Editor-AndroidPermission.dll (API version 3709383).
LogModuleManager: Display: Found up-to-date module file ../../../Engine/Plugins/Online/OnlineSubsystemNull/Binaries/Win64/UE4Editor-OnlineSubsystemNull.dll (API version 3709383).
LogModuleManager: Display: Found up-to-date module file ../../../Engine/Plugins/Online/OnlineSubsystemUtils/Binaries/Win64/UE4Editor-OnlineSubsystemUtils.dll (API version 3709383).
LogModuleManager: Display: Found up-to-date module file ../../../Engine/Plugins/Online/OnlineSubsystemUtils/Binaries/Win64/UE4Editor-OnlineBlueprintSupport.dll (API version 3709383).
LogModuleManager: Display: Found up-to-date module file ../../../Engine/Plugins/Runtime/AndroidDeviceProfileSelector/Binaries/Win64/UE4Editor-AndroidDeviceProfileSelector.dll (API version 3709383).
LogModuleManager: Display: Found up-to-date module file ../../../Engine/Plugins/Runtime/AppleARKit/Binaries/Win64/UE4Editor-AppleARKit.dll (API version 3709383).
LogModuleManager: Display: Found up-to-date module file ../../../Engine/Plugins/Runtime/ArchVisCharacter/Binaries/Win64/UE4Editor-ArchVisCharacter.dll (API version 3709383).
LogModuleManager: Display: Found up-to-date module file ../../../Engine/Plugins/Runtime/CableComponent/Binaries/Win64/UE4Editor-CableComponent.dll (API version 3709383).
LogModuleManager: Display: Found up-to-date module file ../../../Engine/Plugins/Runtime/CustomMeshComponent/Binaries/Win64/UE4Editor-CustomMeshComponent.dll (API version 3709383).
LogModuleManager: Display: Found up-to-date module file ../../../Engine/Plugins/Runtime/ExampleDeviceProfileSelector/Binaries/Win64/UE4Editor-ExampleDeviceProfileSelector.dll (API version 3709383).
LogModuleManager: Display: Found up-to-date module file ../../../Engine/Plugins/Runtime/ImmediatePhysics/Binaries/Win64/UE4Editor-ImmediatePhysics.dll (API version 3709383).
LogModuleManager: Display: Found up-to-date module file ../../../Engine/Plugins/Runtime/ImmediatePhysics/Binaries/Win64/UE4Editor-ImmediatePhysicsEditor.dll (API version 3709383).
LogModuleManager: Display: Found up-to-date module file ../../../Engine/Plugins/Runtime/LocationServicesBPLibrary/Binaries/Win64/UE4Editor-LocationServicesBPLibrary.dll (API version 3709383).
LogModuleManager: Display: Found up-to-date module file ../../../Engine/Plugins/Runtime/MobilePatchingUtils/Binaries/Win64/UE4Editor-MobilePatchingUtils.dll (API version 3709383).
LogModuleManager: Display: Found up-to-date module file ../../../Engine/Plugins/Runtime/Oculus/OculusVR/Binaries/Win64/UE4Editor-OculusHMD.dll (API version 3709383).
LogModuleManager: Display: Found up-to-date module file ../../../Engine/Plugins/Runtime/Oculus/OculusVR/Binaries/Win64/UE4Editor-OculusInput.dll (API version 3709383).
LogModuleManager: Display: Found up-to-date module file ../../../Engine/Plugins/Runtime/Oculus/OculusVR/Binaries/Win64/UE4Editor-OculusEditor.dll (API version 3709383).
LogModuleManager: Display: Found up-to-date module file ../../../Engine/Plugins/Runtime/PhysXVehicles/Binaries/Win64/UE4Editor-PhysXVehicles.dll (API version 3709383).
LogModuleManager: Display: Found up-to-date module file ../../../Engine/Plugins/Runtime/PhysXVehicles/Binaries/Win64/UE4Editor-PhysXVehiclesEditor.dll (API version 3709383).
LogModuleManager: Display: Found up-to-date module file ../../../Engine/Plugins/Runtime/ProceduralMeshComponent/Binaries/Win64/UE4Editor-ProceduralMeshComponent.dll (API version 3709383).
LogModuleManager: Display: Found up-to-date module file ../../../Engine/Plugins/Runtime/ProceduralMeshComponent/Binaries/Win64/UE4Editor-ProceduralMeshComponentEditor.dll (API version 3709383).
LogModuleManager: Display: Found up-to-date module file ../../../Engine/Plugins/Runtime/RuntimePhysXCooking/Binaries/Win64/UE4Editor-RuntimePhysXCooking.dll (API version 3709383).
LogModuleManager: Display: Found up-to-date module file ../../../Engine/Plugins/Runtime/Steam/SteamVR/Binaries/Win64/UE4Editor-SteamVR.dll (API version 3709383).
LogModuleManager: Display: Found up-to-date module file ../../../Engine/Plugins/Runtime/Steam/SteamVR/Binaries/Win64/UE4Editor-SteamVRController.dll (API version 3709383).
LogModuleManager: Display: Found up-to-date module file ../../../Engine/Plugins/Runtime/WindowsMoviePlayer/Binaries/Win64/UE4Editor-WindowsMoviePlayer.dll (API version 3709383).
LogPluginManager: Mounting plugin Paper2D
LogPluginManager: Mounting plugin LightPropagationVolume
LogPluginManager: Mounting plugin CodeLiteSourceCodeAccess
LogPluginManager: Mounting plugin GitSourceControl
LogPluginManager: Mounting plugin KDevelopSourceCodeAccess
LogPluginManager: Mounting plugin NullSourceCodeAccess
LogPluginManager: Mounting plugin PerforceSourceControl
LogPluginManager: Mounting plugin SubversionSourceControl
LogPluginManager: Mounting plugin UObjectPlugin
LogPluginManager: Mounting plugin VisualStudioCodeSourceCodeAccess
LogPluginManager: Mounting plugin VisualStudioSourceCodeAccess
LogPluginManager: Mounting plugin XCodeSourceCodeAccess
LogPluginManager: Mounting plugin AssetManagerEditor
LogPluginManager: Mounting plugin AudioCapture
LogPluginManager: Mounting plugin FacialAnimation
LogPluginManager: Mounting plugin GameplayTagsEditor
LogPluginManager: Mounting plugin MobileLauncherProfileWizard
LogPluginManager: Mounting plugin PluginBrowser
LogPluginManager: Mounting plugin SpeedTreeImporter
LogPluginManager: Mounting plugin AlembicImporter
LogPluginManager: Mounting plugin CharacterAI
LogPluginManager: Mounting plugin HTML5Networking
LogPluginManager: Mounting plugin AndroidMedia
LogPluginManager: Mounting plugin AvfMedia
LogPluginManager: Mounting plugin ImgMedia
LogPluginManager: Mounting plugin MediaCompositing
LogPluginManager: Mounting plugin MediaPlayerEditor
LogPluginManager: Mounting plugin WmfMedia
LogPluginManager: Mounting plugin TcpMessaging
LogPluginManager: Mounting plugin UdpMessaging
LogPluginManager: Mounting plugin ActorSequence
LogPluginManager: Mounting plugin LevelSequenceEditor
LogPluginManager: Mounting plugin MatineeToLevelSequence
LogPluginManager: Mounting plugin OnlineSubsystemGooglePlay
LogPluginManager: Mounting plugin OnlineSubsystemIOS
LogPluginManager: Mounting plugin OnlineSubsystem
LogPluginManager: Mounting plugin OnlineSubsystemNull
LogPluginManager: Mounting plugin OnlineSubsystemUtils
LogPluginManager: Mounting plugin AndroidDeviceProfileSelector
LogPluginManager: Mounting plugin AndroidMoviePlayer
LogPluginManager: Mounting plugin AndroidPermission
LogPluginManager: Mounting plugin AppleARKit
LogPluginManager: Mounting plugin AppleMoviePlayer
LogPluginManager: Mounting plugin ArchVisCharacter
LogPluginManager: Mounting plugin CableComponent
LogPluginManager: Mounting plugin CustomMeshComponent
LogPluginManager: Mounting plugin ExampleDeviceProfileSelector
LogPluginManager: Mounting plugin GoogleCloudMessaging
LogPluginManager: Mounting plugin ImmediatePhysics
LogPluginManager: Mounting plugin IOSDeviceProfileSelector
LogPluginManager: Mounting plugin LinuxDeviceProfileSelector
LogPluginManager: Mounting plugin LocationServicesBPLibrary
LogPluginManager: Mounting plugin MobilePatchingUtils
LogPluginManager: Mounting plugin OculusVR
LogPluginManager: Plugin shader directory ../../../Engine/Plugins/Runtime/Oculus/OculusVR/Shaders found
LogPluginManager: Mapping shader source directory ../../../Engine/Plugins/Runtime/Oculus/OculusVR/Shaders to virtual directory /Plugin/OculusVR
LogPluginManager: Mounting plugin PhysXVehicles
LogPluginManager: Mounting plugin ProceduralMeshComponent
LogPluginManager: Mounting plugin RuntimePhysXCooking
LogPluginManager: Mounting plugin SteamVR
LogPluginManager: Mounting plugin WindowsMoviePlayer
LogInit: Using libcurl 7.47.1
LogInit:  - built for x86_64-pc-win32
LogInit:  - supports SSL with OpenSSL/1.0.2g
LogInit:  - supports HTTP deflate (compression) using libz 1.2.8
LogInit:  - other features:
LogInit:      CURL_VERSION_SSL
LogInit:      CURL_VERSION_LIBZ
LogInit:      CURL_VERSION_IPV6
LogInit:      CURL_VERSION_ASYNCHDNS
LogInit:      CURL_VERSION_LARGEFILE
LogInit:      CURL_VERSION_IDN
LogInit:  CurlRequestOptions (configurable via config and command line):
LogInit:  - bVerifyPeer = false  - Libcurl will NOT verify peer certificate
LogInit:  - bUseHttpProxy = false  - Libcurl will NOT use HTTP proxy
LogInit:  - bDontReuseConnections = false  - Libcurl will reuse connections
LogInit:  - CertBundlePath = nullptr  - Libcurl will use whatever was configured at build time.
LogInit: Build: ++UE4+Release-4.18-CL-3832480
LogInit: Engine Version: 4.18.3-3832480+++UE4+Release-4.18
LogInit: Compatible Engine Version: 4.18.0-3709383+++UE4+Release-4.18
LogInit: Net CL: 3709383
LogDevObjectVersion: Number of dev versions registered: 16
LogDevObjectVersion:   Dev-Blueprints (B0D832E4-1F89-4F0D-ACCF-7EB736FD4AA2): 10
LogDevObjectVersion:   Dev-Build (E1C64328-A22C-4D53-A36C-8E866417BD8C): 0
LogDevObjectVersion:   Dev-Core (375EC13C-06E4-48FB-B500-84F0262A717E): 2
LogDevObjectVersion:   Dev-Editor (E4B068ED-F494-42E9-A231-DA0B2E46BB41): 20
LogDevObjectVersion:   Dev-Framework (CFFC743F-43B0-4480-9391-14DF171D2073): 30
LogDevObjectVersion:   Dev-Mobile (B02B49B5-BB20-44E9-A304-32B752E40360): 0
LogDevObjectVersion:   Dev-Networking (A4E4105C-59A1-49B5-A7C5-40C4547EDFEE): 0
LogDevObjectVersion:   Dev-Online (39C831C9-5AE6-47DC-9A44-9C173E1C8E7C): 0
LogDevObjectVersion:   Dev-Physics (78F01B33-EBEA-4F98-B9B4-84EACCB95AA2): 0
LogDevObjectVersion:   Dev-Platform (6631380F-2D4D-43E0-8009-CF276956A95A): 0
LogDevObjectVersion:   Dev-Rendering (12F88B9F-8875-4AFC-A67C-D90C383ABD29): 20
LogDevObjectVersion:   Dev-Sequencer (7B5AE74C-D270-4C10-A958-57980B212A5A): 4
LogDevObjectVersion:   Dev-VR (D7296918-1DD6-4BDD-9DE2-64A83CC13884): 0
LogDevObjectVersion:   Dev-LoadTimes (C2A15278-BFE7-4AFE-6C17-90FF531DF755): 1
LogDevObjectVersion:   Private-Geometry (6EACA3D4-40EC-4CC1-B786-8BED09428FC5): 1
LogDevObjectVersion:   Dev-AnimPhys (29E575DD-E0A3-4627-9D10-D276232CDCEA): 12
LogInit: Compiled (64-bit): Jan 12 2018 02:04:55
LogInit: Compiled with Visual C++: 19.00.24215.01
LogInit: Build Configuration: Development
LogInit: Branch Name: ++UE4+Release-4.18
LogInit: Command line:  
LogInit: Base directory: C:/Program Files (x86)/UE_4.18/Engine/Binaries/Win64/
LogInit: Installed Engine Build: 1
LogInit: Presizing for max 8388607 objects, including 0 objects not considered by GC, pre-allocating 0 bytes for permanent pool.
LogInit: Object subsystem initialized
[2022.09.30-23.29.17:461][  0]LogInit: Selected Device Profile: [Windows]
[2022.09.30-23.29.17:461][  0]LogInit: Applying CVar settings loaded from the selected device profile: [Windows]
[2022.09.30-23.29.17:473][  0]LogInit: Computer: LAPTOP-K1GI59O1
[2022.09.30-23.29.17:473][  0]LogInit: User: Waifs
[2022.09.30-23.29.17:473][  0]LogInit: CPU Page size=4096, Cores=2
[2022.09.30-23.29.17:473][  0]LogInit: High frequency timer resolution =10.000000 MHz
[2022.09.30-23.29.17:474][  0]LogMemory: Memory total: Physical=3.8GB (4GB approx)
[2022.09.30-23.29.17:474][  0]LogMemory: Platform Memory Stats for Windows
[2022.09.30-23.29.17:474][  0]LogMemory: Process Physical Memory: 272.81 MB used, 272.81 MB peak
[2022.09.30-23.29.17:474][  0]LogMemory: Process Virtual Memory: 269.24 MB used, 269.24 MB peak
[2022.09.30-23.29.17:474][  0]LogMemory: Physical Memory: 3316.75 MB used,  578.55 MB free, 3895.30 MB total
[2022.09.30-23.29.17:474][  0]LogMemory: Virtual Memory: 4765.82 MB used,  578.55 MB free, 134217728.00 MB total
[2022.09.30-23.29.17:648][  0]LogInit: Using OS detected language (en-US).
[2022.09.30-23.29.17:648][  0]LogInit: Using OS detected locale (en-US).
[2022.09.30-23.29.17:655][  0]LogTextLocalizationManager: No specific localization for 'en-US' exists, so the 'en' localization will be used.
[2022.09.30-23.29.18:106][  0]LogInit: Setting process to per monitor DPI aware
[2022.09.30-23.29.18:554][  0]LogD3D11RHI: D3D11 adapters:
[2022.09.30-23.29.18:661][  0]LogD3D11RHI:    0. 'Intel(R) UHD Graphics' (Feature Level 11_0)
[2022.09.30-23.29.18:661][  0]LogD3D11RHI:       128/0/1947 MB DedicatedVideo/DedicatedSystem/SharedSystem, Outputs:1, VendorId:0x8086
[2022.09.30-23.29.18:663][  0]LogD3D11RHI:    1. 'Microsoft Basic Render Driver' (Feature Level 11_0)
[2022.09.30-23.29.18:663][  0]LogD3D11RHI:       0/0/1947 MB DedicatedVideo/DedicatedSystem/SharedSystem, Outputs:0, VendorId:0x1414
[2022.09.30-23.29.18:663][  0]LogD3D11RHI: Chosen D3D11 Adapter: 0
[2022.09.30-23.29.18:670][  0]LogD3D11RHI: Creating new Direct3DDevice
[2022.09.30-23.29.18:670][  0]LogD3D11RHI:     GPU DeviceId: 0x9a78 (for the marketing name, search the web for "GPU Device Id")
[2022.09.30-23.29.18:670][  0]LogWindows: EnumDisplayDevices:
[2022.09.30-23.29.18:670][  0]LogWindows:    0. 'Intel(R) UHD Graphics' (P:1 D:1)
[2022.09.30-23.29.18:671][  0]LogWindows:    1. 'Intel(R) UHD Graphics' (P:0 D:0)
[2022.09.30-23.29.18:671][  0]LogWindows:    2. 'Intel(R) UHD Graphics' (P:0 D:0)
[2022.09.30-23.29.18:671][  0]LogWindows:    3. 'Intel(R) UHD Graphics' (P:0 D:0)
[2022.09.30-23.29.18:671][  0]LogWindows: DebugString: GetVideoDriverDetailsInvalid PrimaryIsNotTheChoosenAdapter GetVideoDriverDetailsInvalid PrimaryIsNotTheChoosenAdapter GetVideoDriverDetailsInvalid PrimaryIsNotTheChoosenAdapter GetVideoDriverDetailsInvalid PrimaryIsNotTheChoosenAdapter FoundDriverCount:0 
[2022.09.30-23.29.18:671][  0]LogD3D11RHI:     Adapter Name: Intel(R) UHD Graphics
[2022.09.30-23.29.18:671][  0]LogD3D11RHI:   Driver Version: Unknown (internal:Unknown, unified:Unknown)
[2022.09.30-23.29.18:671][  0]LogD3D11RHI:      Driver Date: Unknown
[2022.09.30-23.29.18:671][  0]LogRHI: Texture pool is 771 MB (70% of 1101 MB)
[2022.09.30-23.29.18:743][  0]LogD3D11RHI: Async texture creation enabled
[2022.09.30-23.29.18:772][  0]LogD3D11RHI: GPU Timing Frequency: 19.200000 (Debug: 2 0)
[2022.09.30-23.29.18:777][  0]LogShaderCompilers: Guid format shader working directory is -23 characters bigger than the processId version (../../../../../Users/Waifs/OneDrive/Documents/Unreal Projects/GAM303/Intermediate/Shaders/WorkingDirectory/13104/).
[2022.09.30-23.29.18:777][  0]LogShaderCompilers: Cleaned the shader compiler working directory 'C:/Users/Waifs/AppData/Local/Temp/UnrealShaderWorkingDir/BE8663BF4D762C977773ADB9E33EA7BE/'.
[2022.09.30-23.29.18:777][  0]LogShaderCompilers: Display: Using Local Shader Compiler.
[2022.09.30-23.29.20:848][  0]LogTemp: Display: Loaded TP AllDesktopTargetPlatform
[2022.09.30-23.29.20:914][  0]LogTemp: Display: Loaded TP MacClientTargetPlatform
[2022.09.30-23.29.20:985][  0]LogTemp: Display: Loaded TP MacNoEditorTargetPlatform
[2022.09.30-23.29.21:059][  0]LogTemp: Display: Loaded TP MacServerTargetPlatform
[2022.09.30-23.29.21:114][  0]LogTemp: Display: Loaded TP MacTargetPlatform
[2022.09.30-23.29.21:152][  0]LogTemp: Display: Loaded TP WindowsClientTargetPlatform
[2022.09.30-23.29.21:190][  0]LogTemp: Display: Loaded TP WindowsNoEditorTargetPlatform
[2022.09.30-23.29.21:240][  0]LogTemp: Display: Loaded TP WindowsServerTargetPlatform
[2022.09.30-23.29.21:281][  0]LogTemp: Display: Loaded TP WindowsTargetPlatform
[2022.09.30-23.29.21:326][  0]LogTemp: Display: Loaded TP Android_ASTCTargetPlatform
[2022.09.30-23.29.21:383][  0]LogTemp: Display: Loaded TP Android_ATCTargetPlatform
[2022.09.30-23.29.21:433][  0]LogTemp: Display: Loaded TP Android_DXTTargetPlatform
[2022.09.30-23.29.21:478][  0]LogTemp: Display: Loaded TP Android_ETC1TargetPlatform
[2022.09.30-23.29.21:522][  0]LogTemp: Display: Loaded TP Android_ETC2TargetPlatform
[2022.09.30-23.29.21:617][  0]LogTemp: Display: Loaded TP Android_MultiTargetPlatform
[2022.09.30-23.29.21:617][  0]LogTemp: Display: Loaded TP Android_PVRTCTargetPlatform
[2022.09.30-23.29.21:658][  0]LogTemp: Display: Loaded TP AndroidTargetPlatform
[2022.09.30-23.29.21:692][  0]LogTemp: Display: Loaded TP HTML5TargetPlatform
[2022.09.30-23.29.21:780][  0]LogTemp: Display: Loaded TP IOSTargetPlatform
[2022.09.30-23.29.21:803][  0]LogTemp: Display: Loaded TP TVOSTargetPlatform
[2022.09.30-23.29.21:846][  0]LogTemp: Display: Loaded TP LinuxClientTargetPlatform
[2022.09.30-23.29.21:887][  0]LogTemp: Display: Loaded TP LinuxNoEditorTargetPlatform
[2022.09.30-23.29.21:945][  0]LogTemp: Display: Loaded TP LinuxServerTargetPlatform
[2022.09.30-23.29.21:986][  0]LogTemp: Display: Loaded TP LinuxTargetPlatform
[2022.09.30-23.29.21:986][  0]LogTargetPlatformManager: Display: Building Assets For Windows
[2022.09.30-23.29.22:428][  0]LogDerivedDataCache: Display: Max Cache Size: 512 MB
[2022.09.30-23.29.22:963][  0]LogDerivedDataCache: Loaded boot cache 0.53s 78MB C:/Users/Waifs/AppData/Local/UnrealEngine/4.18/DerivedDataCache/Boot.ddc.
[2022.09.30-23.29.22:963][  0]LogDerivedDataCache: Display: Loaded Boot cache: C:/Users/Waifs/AppData/Local/UnrealEngine/4.18/DerivedDataCache/Boot.ddc
[2022.09.30-23.29.22:964][  0]LogDerivedDataCache: FDerivedDataBackendGraph:  Pak pak cache file ../../../../../Users/Waifs/OneDrive/Documents/Unreal Projects/GAM303/DerivedDataCache/DDC.ddp not found, will not use a pak cache.
[2022.09.30-23.29.22:964][  0]LogDerivedDataCache: Unable to find inner node Pak for hierarchical cache Hierarchy.
[2022.09.30-23.29.22:964][  0]LogDerivedDataCache: FDerivedDataBackendGraph:  CompressedPak pak cache file ../../../../../Users/Waifs/OneDrive/Documents/Unreal Projects/GAM303/DerivedDataCache/Compressed.ddp not found, will not use a pak cache.
[2022.09.30-23.29.22:964][  0]LogDerivedDataCache: Unable to find inner node CompressedPak for hierarchical cache Hierarchy.
[2022.09.30-23.29.22:978][  0]LogDerivedDataCache: Display: Pak cache opened for reading ../../../Engine/DerivedDataCache/Compressed.ddp.
[2022.09.30-23.29.22:991][  0]LogDerivedDataCache: Using Local data cache path C:/Users/Waifs/AppData/Local/UnrealEngine/Common/DerivedDataCache: Writable
[2022.09.30-23.29.23:008][  0]LogMaterial: Verifying Global Shaders for PCD3D_SM5
[2022.09.30-23.29.23:013][  0]LogSlate: Using Freetype 2.6.0
[2022.09.30-23.29.23:016][  0]LogSlate: SlateFontCache - WITH_FREETYPE: 1, WITH_HARFBUZZ: 1
[2022.09.30-23.29.23:016][  0]LogSlate: SlateFontCache - WITH_FREETYPE: 1, WITH_HARFBUZZ: 1
[2022.09.30-23.29.23:632][  0]LogInit: Selected Device Profile: [Windows]
[2022.09.30-23.29.24:028][  0]LogSimplygon: Simplygon DLL not present - disabling.
[2022.09.30-23.29.24:076][  0]LogMeshReduction: Using SimplygonSwarm for distributed automatic mesh merging
[2022.09.30-23.29.24:077][  0]LogMeshReduction: Using QuadricMeshReduction for automatic static mesh reduction
[2022.09.30-23.29.24:077][  0]LogMeshReduction: No automatic skeletal mesh reduction module available
[2022.09.30-23.29.24:077][  0]LogMeshReduction: No automatic mesh merging module available
[2022.09.30-23.29.24:077][  0]LogMeshMerging: No automatic mesh merging module available
[2022.09.30-23.29.24:128][  0]LogNetVersion: GAM303 , NetCL: 3709383, EngineNetVer: 2, GameNetVer: 0 (Checksum: 4079393575)
[2022.09.30-23.29.24:532][  0]LogAssetRegistry: FAssetRegistry took 0.0270 seconds to start up
[2022.09.30-23.29.26:116][  0]LogPackageLocalizationCache: Processed 7 localized package path(s) for 2 prioritized culture(s) in 0.056586 seconds
[2022.09.30-23.29.26:123][  0]LogUObjectArray: 35870 objects as part of root set at end of initial load.
[2022.09.30-23.29.26:123][  0]LogUObjectAllocator: 7363696 out of 0 bytes used by permanent object pool.
[2022.09.30-23.29.26:123][  0]LogUObjectArray: CloseDisregardForGC: 0/0 objects in disregard for GC pool
[2022.09.30-23.29.26:167][  0]LogInit: WinSock: version 1.1 (2.2), MaxSocks=32767, MaxUdp=65467
[2022.09.30-23.29.30:920][  0]LogTcpMessaging: Initializing TcpMessaging bridge
[2022.09.30-23.29.30:979][  0]LogUdpMessaging: Initializing bridge on interface 0.0.0.0:0 to multicast group 230.0.0.1:6666.
[2022.09.30-23.29.31:632][  0]LogMaterial: Uniform references updated for custom material expression Custom.
[2022.09.30-23.29.32:013][  0]SourceControl: Source control is disabled
[2022.09.30-23.29.32:013][  0]SourceControl: Source control is disabled
[2022.09.30-23.29.32:062][  0]SourceControl: Source control is disabled
[2022.09.30-23.29.32:107][  0]SourceControl: Source control is disabled
[2022.09.30-23.29.32:860][  0]LogAndroidPermission: UAndroidPermissionCallbackProxy::GetInstance
[2022.09.30-23.29.33:135][  0]LogOcInput: OculusInput pre-init called
[2022.09.30-23.29.33:421][  0]LogEngine: Initializing Engine...
[2022.09.30-23.29.33:429][  0]LogHMD: Failed to initialize OpenVR with code 110
[2022.09.30-23.29.33:724][  0]LogStats: UGameplayTagsManager::ConstructGameplayTagTree: Construct from data asset -  0.000 s
[2022.09.30-23.29.33:725][  0]LogStats: UGameplayTagsManager::ConstructGameplayTagTree: GameplayTagTreeChangedEvent.Broadcast -  0.000 s
[2022.09.30-23.29.34:015][  0]LogAIModule: Creating AISystem for world Untitled
[2022.09.30-23.29.34:039][  0]LogInit: XAudio2 using 'Speakers (Realtek(R) Audio)' : 2 channels at 48 kHz using 32 bits per sample (channel mask 0x3)
[2022.09.30-23.29.34:316][  0]LogInit: FAudioDevice initialized.
[2022.09.30-23.29.34:445][  0]LogDerivedDataCache: Saved boot cache 0.13s 78MB C:/Users/Waifs/AppData/Local/UnrealEngine/4.18/DerivedDataCache/Boot.ddc.
[2022.09.30-23.29.34:462][  0]LogInit: Texture streaming: Enabled
[2022.09.30-23.29.34:562][  0]LogEngineSessionManager: EngineSessionManager initialized
[2022.09.30-23.29.34:562][  0]LogEngineSessionManager: EngineSessionManager sent abnormal shutdown report. Type=AbnormalShutdown, SessionId={A818C9CF-4B3D-2FC6-33A3-CC95664D7E0D}
[2022.09.30-23.29.34:672][  0]LogInit: Transaction tracking system initialized
[2022.09.30-23.29.35:129][  0]BlueprintLog: New page: Editor Load
[2022.09.30-23.29.36:051][  0]LocalizationService: Localization service is disabled
[2022.09.30-23.29.36:694][  0]LogConsoleResponse: Display: 
[2022.09.30-23.29.36:929][  0]LogCook: Display: Max memory allowance for cook 16384mb min free memory 0mb
[2022.09.30-23.29.36:929][  0]LogCook: Display: Mobile HDR setting 1
[2022.09.30-23.29.36:930][  0]LogGameplayTags: Display: UGameplayTagsManager::DoneAddingNativeTags. DelegateIsBound: 0
[2022.09.30-23.29.37:308][  0]LogFileCache: Scanning file cache for directory 'C:/Users/Waifs/OneDrive/Documents/Unreal Projects/GAM303/Content/' took 0.03s
[2022.09.30-23.29.37:935][  0]SourceControl: Source control is disabled
[2022.09.30-23.29.37:936][  0]Cmd: MAP LOAD FILE="../../../../../Users/Waifs/OneDrive/Documents/Unreal Projects/GAM303/Content/ThirdPersonBP/Maps/ThirdPersonExampleMap.umap" TEMPLATE=0 SHOWPROGRESS=1 FEATURELEVEL=3
[2022.09.30-23.29.37:939][  0]LightingResults: New page: Lighting Build
[2022.09.30-23.29.37:976][  0]MapCheck: New page: Map Check
[2022.09.30-23.29.37:977][  0]LightingResults: New page: Lighting Build
[2022.09.30-23.29.38:447][  0]LogAIModule: Creating AISystem for world ThirdPersonExampleMap
[2022.09.30-23.29.38:576][  0]LogEditorServer: Finished looking for orphan Actors (0.000 secs)
[2022.09.30-23.29.38:595][  0]Cmd: MAP CHECKDEP NOCLEARLOG
[2022.09.30-23.29.38:635][  0]MapCheck: Map check complete: 0 Error(s), 0 Warning(s), took 40.838ms to complete.
[2022.09.30-23.29.38:636][  0]LogFileHelpers: Loading map 'ThirdPersonExampleMap' took 0.701
[2022.09.30-23.29.38:865][  0]LogCollectionManager: Loaded 0 collections in 0.003088 seconds
[2022.09.30-23.29.38:953][  0]LogFileCache: Scanning file cache for directory 'C:/Users/Waifs/OneDrive/Documents/Unreal Projects/GAM303/Saved/Collections/' took 0.01s
[2022.09.30-23.29.38:953][  0]LogFileCache: Scanning file cache for directory 'C:/Users/Waifs/OneDrive/Documents/Unreal Projects/GAM303/Content/Developers/Waifs/Collections/' took 0.01s
[2022.09.30-23.29.38:953][  0]LogFileCache: Scanning file cache for directory 'C:/Users/Waifs/OneDrive/Documents/Unreal Projects/GAM303/Content/Collections/' took 0.01s
[2022.09.30-23.29.38:953][  0]LogCollectionManager: Rebuilt the GUID cache for 0 collections in 0.000001 seconds
[2022.09.30-23.29.38:961][  0]LogContentBrowser: Native class hierarchy populated in 0.0075 seconds. Added 2363 classes and 519 folders.
[2022.09.30-23.29.39:018][  0]LogContentBrowser: Native class hierarchy updated for 'WidgetCarousel' in 0.0002 seconds. Added 0 classes and 0 folders.
[2022.09.30-23.29.39:340][  0]LogContentBrowser: Native class hierarchy updated for 'AddContentDialog' in 0.0002 seconds. Added 0 classes and 0 folders.
[2022.09.30-23.29.39:376][  0]LogContentBrowser: Native class hierarchy updated for 'SceneOutliner' in 0.0002 seconds. Added 1 classes and 2 folders.
[2022.09.30-23.29.39:441][  0]LogDirectoryWatcher: Warning: Failed to begin reading directory changes for ../../../../../Users/Waifs/OneDrive/Documents/Unreal Projects/GAM303/Plugins/. Error: The system cannot find the file specified. (0x00000002)
[2022.09.30-23.29.39:460][  0]LogSlate: Took 0.000732 seconds to synchronously load lazily loaded font '../../../Engine/Content/Slate/Fonts/Roboto-Regular.ttf' (155K)
[2022.09.30-23.29.39:466][  0]LogSlate: Took 0.003331 seconds to synchronously load lazily loaded font '../../../Engine/Content/Slate/Fonts/Roboto-Bold.ttf' (160K)
[2022.09.30-23.29.39:476][  0]LogSlate: Took 0.001274 seconds to synchronously load lazily loaded font '../../../Engine/Content/Editor/Slate/Fonts/FontAwesome.ttf' (139K)
[2022.09.30-23.29.39:623][  0]LogRenderer: Reallocating scene render targets to support 844x432 Format 10 NumSamples 1 (Frame:1).
[2022.09.30-23.29.40:434][  0]LogContentBrowser: Native class hierarchy updated for 'HierarchicalLODOutliner' in 0.0004 seconds. Added 1 classes and 2 folders.
[2022.09.30-23.29.40:434][  0]LogLoad: (Engine Initialization) Total time: 26.33 seconds
[2022.09.30-23.29.40:434][  0]LogLoad: (Engine Initialization) Total Blueprint compile time: 0.00 seconds
[2022.09.30-23.29.40:442][  0]LogExternalProfiler: No external profilers were discovered.  External profiling features will not be available.
[2022.09.30-23.29.40:493][  0]LogContentStreaming: Texture pool size now 1000 MB
[2022.09.30-23.29.40:518][  0]LogSlate: Took 0.000922 seconds to synchronously load lazily loaded font '../../../Engine/Content/Slate/Fonts/Roboto-Light.ttf' (159K)
[2022.09.30-23.29.40:543][  1]LogAssetRegistry: Asset discovery search completed in 16.0326 seconds
[2022.09.30-23.29.40:544][  1]LogCollectionManager: Rebuilt the object cache for 0 collections in 0.000001 seconds (found 0 objects)
[2022.09.30-23.29.40:544][  1]LogCollectionManager: Fixed up redirectors for 0 collections in 0.000269 seconds (updated 0 objects)
[2022.09.30-23.29.43:355][108]LogDirectoryWatcher: A directory notification for '../../../Engine/Plugins/' was aborted.
[2022.09.30-23.29.46:140][230]LogSlate: Took 0.000261 seconds to synchronously load lazily loaded font '../../../Engine/Content/Slate/Fonts/Roboto-Light.ttf' (159K)
[2022.09.30-23.29.46:277][230]LogLinker: Warning: Can't find file '/Script/ApexDestruction'
[2022.09.30-23.29.46:278][230]LogLinker: Warning: Can't find file for asset '/Script/ApexDestruction' while loading ../../../../../Users/Waifs/OneDrive/Documents/Unreal Projects/GAM303/Content/BluePrints/Destruction/BP_Destruction.uasset.
[2022.09.30-23.29.46:278][230]LoadErrors: Error: /Game/BluePrints/Destruction/BP_Destruction : Can't find file for asset. /Script/ApexDestruction
[2022.09.30-23.29.46:285][230]LogLinker: Warning: Can't find file '/Script/ApexDestruction'
[2022.09.30-23.29.46:285][230]LogLinker: Warning: Can't find file for asset '/Script/ApexDestruction' while loading ../../../../../Users/Waifs/OneDrive/Documents/Unreal Projects/GAM303/Content/BluePrints/Destruction/MESH_Chest_DM.uasset.
[2022.09.30-23.29.46:285][230]LoadErrors: Error: /Game/BluePrints/Destruction/MESH_Chest_DM : Can't find file for asset. /Script/ApexDestruction
[2022.09.30-23.29.46:285][230]LogLinker: Warning: Can't find file '/Script/ApexDestruction'
[2022.09.30-23.29.46:285][230]LogLinker: Warning: Can't find file for asset '/Script/ApexDestruction' while loading ../../../../../Users/Waifs/OneDrive/Documents/Unreal Projects/GAM303/Content/BluePrints/Destruction/MESH_Chest_DM.uasset.
[2022.09.30-23.29.46:310][230]LogLinker: Warning: Can't find file '/Script/ApexDestruction'
[2022.09.30-23.29.46:310][230]LogLinker: Warning: Can't find file for asset '/Script/ApexDestruction' while loading ../../../../../Users/Waifs/OneDrive/Documents/Unreal Projects/GAM303/Content/BluePrints/Destruction/MESH_Chest_DM.uasset.
[2022.09.30-23.29.46:310][230]LogLinker: Warning: Can't find file '/Script/ApexDestruction'
[2022.09.30-23.29.46:310][230]LogLinker: Warning: Can't find file for asset '/Script/ApexDestruction' while loading ../../../../../Users/Waifs/OneDrive/Documents/Unreal Projects/GAM303/Content/BluePrints/Destruction/BP_Destruction.uasset.
[2022.09.30-23.29.46:310][230]LogLinker: Warning: Can't find file '/Script/ApexDestruction'
[2022.09.30-23.29.46:310][230]LogLinker: Warning: Can't find file for asset '/Script/ApexDestruction' while loading ../../../../../Users/Waifs/OneDrive/Documents/Unreal Projects/GAM303/Content/BluePrints/Destruction/BP_Destruction.uasset.
[2022.09.30-23.29.46:311][230]LogLinker: Warning: Can't find file '/Script/ApexDestruction'
[2022.09.30-23.29.46:312][230]LogLinker: Warning: Can't find file for asset '/Script/ApexDestruction' while loading ../../../../../Users/Waifs/OneDrive/Documents/Unreal Projects/GAM303/Content/BluePrints/Destruction/BP_Destruction.uasset.
[2022.09.30-23.29.46:312][230]LogLinker: Warning: Can't find file '/Script/ApexDestruction'
[2022.09.30-23.29.46:312][230]LogLinker: Warning: Can't find file for asset '/Script/ApexDestruction' while loading ../../../../../Users/Waifs/OneDrive/Documents/Unreal Projects/GAM303/Content/BluePrints/Destruction/BP_Destruction.uasset.
[2022.09.30-23.29.46:312][230]LogLinker: Warning: Can't find file '/Script/ApexDestruction'
[2022.09.30-23.29.46:312][230]LogLinker: Warning: Can't find file for asset '/Script/ApexDestruction' while loading ../../../../../Users/Waifs/OneDrive/Documents/Unreal Projects/GAM303/Content/BluePrints/Destruction/BP_Destruction.uasset.
[2022.09.30-23.29.46:312][230]LogLinker: Warning: Can't find file '/Script/ApexDestruction'
[2022.09.30-23.29.46:312][230]LogLinker: Warning: Can't find file for asset '/Script/ApexDestruction' while loading ../../../../../Users/Waifs/OneDrive/Documents/Unreal Projects/GAM303/Content/BluePrints/Destruction/BP_Destruction.uasset.
[2022.09.30-23.29.46:331][230]LogLinker: Warning: Can't find file '/Script/ApexDestruction'
[2022.09.30-23.29.46:331][230]LogLinker: Warning: Can't find file for asset '/Script/ApexDestruction' while loading ../../../../../Users/Waifs/OneDrive/Documents/Unreal Projects/GAM303/Content/BluePrints/Destruction/BP_Destruction.uasset.
[2022.09.30-23.29.46:332][230]LogLinker: Warning: Can't find file '/Script/ApexDestruction'
[2022.09.30-23.29.46:332][230]LogLinker: Warning: Can't find file for asset '/Script/ApexDestruction' while loading ../../../../../Users/Waifs/OneDrive/Documents/Unreal Projects/GAM303/Content/Levels/Module2.umap.
[2022.09.30-23.29.46:332][230]LoadErrors: Error: /Game/Levels/Module2 : Can't find file for asset. /Script/ApexDestruction
[2022.09.30-23.29.46:332][230]LogLinker: Warning: Can't find file '/Script/ApexDestruction'
[2022.09.30-23.29.46:332][230]LogLinker: Warning: Can't find file for asset '/Script/ApexDestruction' while loading ../../../../../Users/Waifs/OneDrive/Documents/Unreal Projects/GAM303/Content/Levels/Module2.umap.
[2022.09.30-23.29.46:332][230]LogLinker: Warning: Can't find file '/Script/ApexDestruction'
[2022.09.30-23.29.46:332][230]LogLinker: Warning: Can't find file for asset '/Script/ApexDestruction' while loading ../../../../../Users/Waifs/OneDrive/Documents/Unreal Projects/GAM303/Content/Levels/Module2.umap.
[2022.09.30-23.29.46:332][230]LogLinker: Warning: Can't find file '/Script/ApexDestruction'
[2022.09.30-23.29.46:332][230]LogLinker: Warning: Can't find file for asset '/Script/ApexDestruction' while loading ../../../../../Users/Waifs/OneDrive/Documents/Unreal Projects/GAM303/Content/Levels/Module2.umap.
[2022.09.30-23.29.46:332][230]LogLinker: Warning: Can't find file '/Script/ApexDestruction'
[2022.09.30-23.29.46:332][230]LogLinker: Warning: Can't find file for asset '/Script/ApexDestruction' while loading ../../../../../Users/Waifs/OneDrive/Documents/Unreal Projects/GAM303/Content/Levels/Module2.umap.
[2022.09.30-23.29.46:334][230]LogLinker: Warning: Can't find file '/Script/ApexDestruction'
[2022.09.30-23.29.46:334][230]LoadErrors: Failed to load /Script/ApexDestruction.DestructibleComponent Referenced by K2Node_VariableGet_119
[2022.09.30-23.29.46:334][230]LogLinker: Warning: Can't find file for asset '/Script/ApexDestruction' while loading ../../../../../Users/Waifs/OneDrive/Documents/Unreal Projects/GAM303/Content/Levels/Module2.umap.
[2022.09.30-23.29.46:335][230]LogLinker: Warning: Can't find file '/Script/ApexDestruction'
[2022.09.30-23.29.46:335][230]LoadErrors: Failed to load /Script/ApexDestruction.DestructibleComponent Referenced by K2Node_CallFunction_1
[2022.09.30-23.29.46:335][230]LogLinker: Warning: Can't find file for asset '/Script/ApexDestruction' while loading ../../../../../Users/Waifs/OneDrive/Documents/Unreal Projects/GAM303/Content/Levels/Module2.umap.
[2022.09.30-23.29.46:335][230]LogLinker: Warning: Can't find file '/Script/ApexDestruction'
[2022.09.30-23.29.46:335][230]LogLinker: Warning: Can't find file for asset '/Script/ApexDestruction' while loading ../../../../../Users/Waifs/OneDrive/Documents/Unreal Projects/GAM303/Content/Levels/Module2.umap.
[2022.09.30-23.29.46:335][230]LogLinker: Warning: Can't find file '/Script/ApexDestruction'
[2022.09.30-23.29.46:335][230]LoadErrors: Failed to load /Script/ApexDestruction.DestructibleComponent Referenced by SCS_Node_1
[2022.09.30-23.29.46:335][230]LogLinker: Warning: Can't find file for asset '/Script/ApexDestruction' while loading ../../../../../Users/Waifs/OneDrive/Documents/Unreal Projects/GAM303/Content/Levels/Module2.umap.
[2022.09.30-23.29.46:335][230]LogLinker: Warning: Can't find file '/Script/ApexDestruction'
[2022.09.30-23.29.46:335][230]LogLinker: Warning: Can't find file for asset '/Script/ApexDestruction' while loading ../../../../../Users/Waifs/OneDrive/Documents/Unreal Projects/GAM303/Content/Levels/Module2.umap.
[2022.09.30-23.29.46:335][230]LogLinker: Warning: Can't find file '/Script/ApexDestruction'
[2022.09.30-23.29.46:335][230]LogLinker: Warning: Can't find file for asset '/Script/ApexDestruction' while loading ../../../../../Users/Waifs/OneDrive/Documents/Unreal Projects/GAM303/Content/Levels/Module2.umap.
[2022.09.30-23.29.46:335][230]LogLinker: Warning: Can't find file '/Script/ApexDestruction'
[2022.09.30-23.29.46:337][230]LoadErrors: Failed to load /Script/ApexDestruction.DestructibleComponent Referenced by SCS_Node_5
[2022.09.30-23.29.46:337][230]LogLinker: Warning: Can't find file for asset '/Script/ApexDestruction' while loading ../../../../../Users/Waifs/OneDrive/Documents/Unreal Projects/GAM303/Content/Levels/Module2.umap.
[2022.09.30-23.29.46:337][230]LogLinker: Warning: Can't find file '/Script/ApexDestruction'
[2022.09.30-23.29.46:337][230]LogLinker: Warning: Can't find file for asset '/Script/ApexDestruction' while loading ../../../../../Users/Waifs/OneDrive/Documents/Unreal Projects/GAM303/Content/Levels/Module2.umap.
[2022.09.30-23.29.46:337][230]LogLinker: Warning: Can't find file '/Script/ApexDestruction'
[2022.09.30-23.29.46:337][230]LogLinker: Warning: Can't find file for asset '/Script/ApexDestruction' while loading ../../../../../Users/Waifs/OneDrive/Documents/Unreal Projects/GAM303/Content/Levels/Module2.umap.
[2022.09.30-23.29.46:337][230]LogLinker: Warning: Can't find file '/Script/ApexDestruction'
[2022.09.30-23.29.46:337][230]LoadErrors: Failed to load /Script/ApexDestruction.DestructibleComponent Referenced by SCS_Node_6
[2022.09.30-23.29.46:337][230]LogLinker: Warning: Can't find file for asset '/Script/ApexDestruction' while loading ../../../../../Users/Waifs/OneDrive/Documents/Unreal Projects/GAM303/Content/Levels/Module2.umap.
[2022.09.30-23.29.46:337][230]LogLinker: Warning: Can't find file '/Script/ApexDestruction'
[2022.09.30-23.29.46:337][230]LogLinker: Warning: Can't find file for asset '/Script/ApexDestruction' while loading ../../../../../Users/Waifs/OneDrive/Documents/Unreal Projects/GAM303/Content/Levels/Module2.umap.
[2022.09.30-23.29.46:337][230]LogLinker: Warning: Can't find file '/Script/ApexDestruction'
[2022.09.30-23.29.46:337][230]LogLinker: Warning: Can't find file for asset '/Script/ApexDestruction' while loading ../../../../../Users/Waifs/OneDrive/Documents/Unreal Projects/GAM303/Content/Levels/Module2.umap.
[2022.09.30-23.29.46:338][230]LogBlueprint: Warning: [Compiler BP_Destruction] Component class is not set for 'MESH_Chest_DM' - this component will not be instanced, and additional warnings or errors may occur when compiling Blueprint 'BP_Destruction'.
[2022.09.30-23.29.46:338][230]LogBlueprint: Warning: [Compiler BP_Destruction] Component class is not set for 'Destructible' - this component will not be instanced, and additional warnings or errors may occur when compiling Blueprint 'BP_Destruction'.
[2022.09.30-23.29.46:338][230]LogBlueprint: Warning: [Compiler BP_Destruction] Component class is not set for 'Destructible1' - this component will not be instanced, and additional warnings or errors may occur when compiling Blueprint 'BP_Destruction'.
[2022.09.30-23.29.46:340][230]LogBlueprint: Warning: [Compiler BP_Destruction] Get : 'MESH_Chest_DM' variable not found. Base class was probably changed. /Game/BluePrints/Destruction/BP_Destruction.BP_Destruction
[2022.09.30-23.29.46:346][230]LogBlueprint: Warning: [Compiler BP_Destruction] [0032.24] Compile of BP_Destruction successful, but with 4 Warning(s) [in 8 ms] (/Game/BluePrints/Destruction/BP_Destruction.BP_Destruction)
[2022.09.30-23.29.46:346][230]LogLinker: Warning: Can't find file '/Script/ApexDestruction'
[2022.09.30-23.29.46:346][230]LogLinker: Warning: Can't find file for asset '/Script/ApexDestruction' while loading ../../../../../Users/Waifs/OneDrive/Documents/Unreal Projects/GAM303/Content/Levels/Module2.umap.
[2022.09.30-23.29.46:346][230]LogLinker: Warning: Can't find file '/Script/ApexDestruction'
[2022.09.30-23.29.46:346][230]LogLinker: Warning: Can't find file for asset '/Script/ApexDestruction' while loading ../../../../../Users/Waifs/OneDrive/Documents/Unreal Projects/GAM303/Content/Levels/Module2.umap.
[2022.09.30-23.29.46:346][230]LogLinker: Warning: Can't find file '/Script/ApexDestruction'
[2022.09.30-23.29.46:347][230]LogLinker: Warning: Can't find file for asset '/Script/ApexDestruction' while loading ../../../../../Users/Waifs/OneDrive/Documents/Unreal Projects/GAM303/Content/Levels/Module2.umap.
[2022.09.30-23.29.46:347][230]LogLinker: Warning: Can't find file '/Script/ApexDestruction'
[2022.09.30-23.29.46:347][230]LogLinker: Warning: Can't find file for asset '/Script/ApexDestruction' while loading ../../../../../Users/Waifs/OneDrive/Documents/Unreal Projects/GAM303/Content/Levels/Module2.umap.
[2022.09.30-23.29.46:347][230]LogLinker: Warning: Can't find file '/Script/ApexDestruction'
[2022.09.30-23.29.46:347][230]LogLinker: Warning: Can't find file for asset '/Script/ApexDestruction' while loading ../../../../../Users/Waifs/OneDrive/Documents/Unreal Projects/GAM303/Content/Levels/Module2.umap.
[2022.09.30-23.29.46:347][230]LogLinker: Warning: Can't find file '/Script/ApexDestruction'
[2022.09.30-23.29.46:347][230]LogLinker: Warning: Can't find file for asset '/Script/ApexDestruction' while loading ../../../../../Users/Waifs/OneDrive/Documents/Unreal Projects/GAM303/Content/Levels/Module2.umap.
[2022.09.30-23.29.46:347][230]LogLinker: Warning: Can't find file '/Script/ApexDestruction'
[2022.09.30-23.29.46:347][230]LogLinker: Warning: Can't find file for asset '/Script/ApexDestruction' while loading ../../../../../Users/Waifs/OneDrive/Documents/Unreal Projects/GAM303/Content/Levels/Module2.umap.
[2022.09.30-23.29.46:470][230]LogLinker: Warning: Can't find file '/Script/ApexDestruction'
[2022.09.30-23.29.46:470][230]LogLinker: Warning: Can't find file for asset '/Script/ApexDestruction' while loading ../../../../../Users/Waifs/OneDrive/Documents/Unreal Projects/GAM303/Content/Levels/Module2.umap.
[2022.09.30-23.29.46:476][230]LogLinker: Warning: Can't find file '/Script/ApexDestruction'
[2022.09.30-23.29.46:477][230]LogLinker: Warning: Can't find file for asset '/Script/ApexDestruction' while loading NULL.
[2022.09.30-23.29.46:477][230]LogLinker: Warning: Can't find file '/Script/ApexDestruction'
[2022.09.30-23.29.46:477][230]LogLinker: Warning: Can't find file for asset '/Script/ApexDestruction' while loading NULL.
[2022.09.30-23.29.46:477][230]LogLinker: Warning: Can't find file '/Script/ApexDestruction'
[2022.09.30-23.29.46:477][230]LogLinker: Warning: Can't find file for asset '/Script/ApexDestruction' while loading NULL.
[2022.09.30-23.29.46:477][230]LogLinker: Warning: Can't find file '/Script/ApexDestruction'
[2022.09.30-23.29.46:477][230]LogLinker: Warning: Can't find file for asset '/Script/ApexDestruction' while loading NULL.
[2022.09.30-23.29.46:488][230]LogLinker: Warning: Can't find file '/Script/ApexDestruction'
[2022.09.30-23.29.46:488][230]LogLinker: Warning: Can't find file for asset '/Script/ApexDestruction' while loading NULL.
[2022.09.30-23.29.46:488][230]LogLinker: Warning: Can't find file '/Script/ApexDestruction'
[2022.09.30-23.29.46:488][230]LoadErrors: Failed to load /Script/ApexDestruction.DestructibleComponent Referenced by BP_Destruction_104
[2022.09.30-23.29.46:488][230]LogLinker: Warning: Can't find file for asset '/Script/ApexDestruction' while loading NULL.
[2022.09.30-23.29.46:488][230]LogLinker: Warning: Can't find file '/Script/ApexDestruction'
[2022.09.30-23.29.46:488][230]LogLinker: Warning: Can't find file for asset '/Script/ApexDestruction' while loading NULL.
[2022.09.30-23.29.46:488][230]LogLinker: Warning: Can't find file '/Script/ApexDestruction'
[2022.09.30-23.29.46:488][230]LogLinker: Warning: Can't find file for asset '/Script/ApexDestruction' while loading NULL.
[2022.09.30-23.29.47:339][230]LogAIModule: Creating AISystem for world Module2
[2022.09.30-23.29.47:441][230]LogSlate: Took 0.001407 seconds to synchronously load lazily loaded font '../../../Engine/Content/Slate/Fonts/Roboto-Regular.ttf' (155K)
[2022.09.30-23.29.47:500][230]Cmd: MAP LOAD FILE="../../../../../Users/Waifs/OneDrive/Documents/Unreal Projects/GAM303/Content/Levels/Module2.umap" TEMPLATE=0 SHOWPROGRESS=1 FEATURELEVEL=3
[2022.09.30-23.29.47:501][230]LightingResults: New page: Lighting Build
[2022.09.30-23.29.47:503][230]LoadErrors: New page: Loading map: Module2.umap
[2022.09.30-23.29.47:509][230]MapCheck: New page: Map Check
[2022.09.30-23.29.47:510][230]LightingResults: New page: Lighting Build
[2022.09.30-23.29.48:556][230]LogEditorServer: Finished looking for orphan Actors (0.000 secs)
[2022.09.30-23.29.48:613][230]Cmd: MAP CHECKDEP NOCLEARLOG
[2022.09.30-23.29.48:695][230]MapCheck: Map check complete: 0 Error(s), 0 Warning(s), took 82.575ms to complete.
[2022.09.30-23.29.48:695][230]LogFileHelpers: Loading map 'Module2' took 1.199
[2022.09.30-23.29.48:710][230]LoadErrors: Warning: CreateExport: Failed to load Outer for resource 'AssetImportData': DestructibleMesh /Game/BluePrints/Destruction/MESH_Chest_DM.MESH_Chest_DM
[2022.09.30-23.29.55:264][449]MapCheck: New page: Map Check
[2022.09.30-23.29.56:859][449]Cmd: MAP REBUILD ALLVISIBLE
[2022.09.30-23.29.56:859][449]LogEditorServer: Rebuildmap Clear paths rebuilt
[2022.09.30-23.29.57:131][449]LogMaterial: Missing cached shader map for material FDebugViewModeMaterialProxy WorldGridMaterial, compiling. Is special engine material.
[2022.09.30-23.29.57:153][449]LogMaterial: Missing cached shader map for material FDebugViewModeMaterialProxy LandscapeGizmo_Mat, compiling. 
[2022.09.30-23.29.57:161][449]LogMaterial: Missing cached shader map for material FDebugViewModeMaterialProxy M_Water_Lake, compiling. 
[2022.09.30-23.29.57:168][449]LogMaterial: Missing cached shader map for material FDebugViewModeMaterialProxy MaterialInstanceDynamic_2, compiling. 
[2022.09.30-23.29.57:177][449]LogMaterial: Missing cached shader map for material FDebugViewModeMaterialProxy M_Metal_Rust, compiling. 
[2022.09.30-23.29.57:185][449]LogMaterial: Missing cached shader map for material FDebugViewModeMaterialProxy M_Tech_Panel, compiling. 
[2022.09.30-23.29.57:194][449]LogMaterial: Missing cached shader map for material FDebugViewModeMaterialProxy M_Brick_Clay_Beveled, compiling. 
[2022.09.30-23.30.02:097][449]TextureStreamingBuild: Display: Compiling optional shaders took 4.995 seconds.
[2022.09.30-23.30.02:123][449]LogLevel: Display: Export Material TexCoord Scales took 0.026 seconds.
[2022.09.30-23.30.02:137][449]TextureStreamingBuild: Display: Build Texture Streaming took 0.013 seconds.
[2022.09.30-23.30.02:166][449]LightingResults: New page: Lighting Build - Sep 30, 2022, 1:30:02 PM
[2022.09.30-23.30.02:658][449]LogSwarmInterface: [OpenConnection] Registering TCP channel ...
[2022.09.30-23.30.02:808][449]LogSwarmInterface: [OpenConnection] Connecting to agent ...
[2022.09.30-23.30.02:858][449]LogSwarmInterface: [TryOpenConnection] Testing the Agent
[2022.09.30-23.30.04:085][449]LogSwarmInterface: [TryOpenConnection] Opening Connection to Agent
[2022.09.30-23.30.04:085][449]LogSwarmInterface: [TryOpenConnection] Local Process ID is 13104
[2022.09.30-23.30.06:743][449]LogStaticLightingSystem: Running Lightmass w/ ImmediateImport mode ENABLED
[2022.09.30-23.30.06:743][449]LogStaticLightingSystem: Running Lightmass w/ ImmediateProcess mode ENABLED
[2022.09.30-23.30.06:743][449]LogStaticLightingSystem: Running Lightmass w/ Sorting mode ENABLED
[2022.09.30-23.30.06:743][449]LogStaticLightingSystem: Running Lightmass w/ Mapping paddings ENABLED
[2022.09.30-23.30.06:743][449]LogStaticLightingSystem: Running Lightmass w/ Mapping debug paddings DISABLED
[2022.09.30-23.30.07:060][449]Cmd: MAP CHECK DONTDISPLAYDIALOG
[2022.09.30-23.30.07:060][449]MapCheck: New page: Module2 - Sep 30, 2022, 1:30:07 PM
[2022.09.30-23.30.07:275][449]MapCheck: Map check complete: 0 Error(s), 0 Warning(s), took 214.353ms to complete.
[2022.09.30-23.30.07:306][449]LogEditorBuildUtils: Build time 0:10
[2022.09.30-23.32.06:403][394]LogEditorViewport: Clicking on Actor (LMB): Landscape (Landscape)
[2022.09.30-23.32.07:562][415]LogEditorViewport: Clicking on Actor (LMB): BP_Destruction_C (BP_Destruction)
[2022.09.30-23.32.13:289][624]LogEditorActor: Deleted Actor: BP_Destruction_C
[2022.09.30-23.32.13:337][624]LogEditorActor: Deleted 1 Actors (0.098 secs)
[2022.09.30-23.32.56:826][ 61]LogContentBrowser: Native class hierarchy updated for 'BlueprintGraph' in 0.0069 seconds. Added 116 classes and 0 folders.
[2022.09.30-23.32.58:442][ 61]LogSlate: Took 0.008463 seconds to synchronously load lazily loaded font '../../../Engine/Content/Editor/Slate/Fonts/Roboto-BoldCondensed.ttf' (158K)
[2022.09.30-23.32.58:698][ 62]LogSlate: Took 0.008096 seconds to synchronously load lazily loaded font '../../../Engine/Content/Editor/Slate/Fonts/Roboto-Italic.ttf' (157K)
[2022.09.30-23.33.03:095][168]LogRenderer: Reallocating scene render targets to support 844x532 Format 10 NumSamples 1 (Frame:1).
[2022.09.30-23.33.16:280][428]LogUObjectGlobals: Warning: Failed to find object 'Object /Game/BluePrints/Destruction/MESH_Chest_DM.MESH_Chest_DM'
[2022.09.30-23.33.29:572][431]LogStats: FPlatformStackWalk::StackWalkAndDump - 13.186 s
[2022.09.30-23.33.29:597][431]LogOutputDevice: Error: === Handled ensure: ===
[2022.09.30-23.33.29:599][431]LogOutputDevice: Error: 
[2022.09.30-23.33.29:600][431]LogOutputDevice: Error: Ensure condition failed: AssetObj != NULL [File:D:\Build\++UE4+Release-4.18+Compile\Sync\Engine\Source\Editor\UnrealEd\Private\LevelEditorViewport.cpp] [Line: 1182]
[2022.09.30-23.33.29:600][431]LogOutputDevice: Error: AssetObj was null (DestructibleMesh /Game/BluePrints/Destruction/MESH_Chest_DM.MESH_Chest_DM)
[2022.09.30-23.33.29:601][431]LogOutputDevice: Error: Stack: 
[2022.09.30-23.33.29:601][431]LogOutputDevice: Error: [Callstack] 0x0000000023B62786 UE4Editor-Core.dll!FWindowsPlatformStackWalk::StackWalkAndDump() []
[2022.09.30-23.33.29:602][431]LogOutputDevice: Error: [Callstack] 0x000000002390123A UE4Editor-Core.dll!FTextStringHelper::WriteToString() []
[2022.09.30-23.33.29:602][431]LogOutputDevice: Error: [Callstack] 0x000000002391B906 UE4Editor-Core.dll!FDebug::OptionallyLogFormattedEnsureMessageReturningFalse() []
[2022.09.30-23.33.29:602][431]LogOutputDevice: Error: [Callstack] 0x000000001F2E3897 UE4Editor-UnrealEd.dll!FLevelEditorViewportClient::CanDropObjectsAtCoordinates() []
[2022.09.30-23.33.29:602][431]LogOutputDevice: Error: [Callstack] 0x00000000194A3E0B UE4Editor-LevelEditor.dll!SLevelViewport::HandleDragObjects() []
[2022.09.30-23.33.29:602][431]LogOutputDevice: Error: [Callstack] 0x00000000194C10C5 UE4Editor-LevelEditor.dll!UnknownFunction []
[2022.09.30-23.33.29:603][431]LogOutputDevice: Error: [Callstack] 0x0000000020187B93 UE4Editor-Slate.dll!UnknownFunction []
[2022.09.30-23.33.29:603][431]LogOutputDevice: Error: [Callstack] 0x0000000020156A0B UE4Editor-Slate.dll!UnknownFunction []
[2022.09.30-23.33.29:603][431]LogOutputDevice: Error: [Callstack] 0x00000000201F1CCD UE4Editor-Slate.dll!UnknownFunction []
[2022.09.30-23.33.29:603][431]LogOutputDevice: Error: [Callstack] 0x00000000201DBA28 UE4Editor-Slate.dll!UnknownFunction []
[2022.09.30-23.33.29:603][431]LogOutputDevice: Error: [Callstack] 0x00000000201CD6B7 UE4Editor-Slate.dll!UnknownFunction []
[2022.09.30-23.33.29:603][431]LogOutputDevice: Error: [Callstack] 0x000000007955E39E UE4Editor-ApplicationCore.dll!UnknownFunction []
[2022.09.30-23.33.29:603][431]LogOutputDevice: Error: [Callstack] 0x0000000079551A48 UE4Editor-ApplicationCore.dll!UnknownFunction []
[2022.09.30-23.33.29:603][431]LogOutputDevice: Error: [Callstack] 0x00000000795603EC UE4Editor-ApplicationCore.dll!UnknownFunction []
[2022.09.30-23.33.29:603][431]LogOutputDevice: Error: [Callstack] 0x000000007954D5A9 UE4Editor-ApplicationCore.dll!UnknownFunction []
[2022.09.30-23.33.29:603][431]LogOutputDevice: Error: [Callstack] 0x00000000A0341C4C USER32.dll!UnknownFunction []
[2022.09.30-23.33.29:604][431]LogOutputDevice: Error: [Callstack] 0x00000000A0340EA6 USER32.dll!UnknownFunction []
[2022.09.30-23.33.29:604][431]LogOutputDevice: Error: [Callstack] 0x0000000079561516 UE4Editor-ApplicationCore.dll!UnknownFunction []
[2022.09.30-23.33.29:604][431]LogOutputDevice: Error: [Callstack] 0x00000000F42350C8 UE4Editor.exe!UnknownFunction []
[2022.09.30-23.33.29:604][431]LogOutputDevice: Error: [Callstack] 0x00000000F4245430 UE4Editor.exe!UnknownFunction []
[2022.09.30-23.33.29:604][431]LogOutputDevice: Error: [Callstack] 0x00000000F42454AA UE4Editor.exe!UnknownFunction []
[2022.09.30-23.33.29:604][431]LogOutputDevice: Error: [Callstack] 0x00000000F4252379 UE4Editor.exe!UnknownFunction []
[2022.09.30-23.33.29:604][431]LogOutputDevice: Error: [Callstack] 0x00000000F4253D57 UE4Editor.exe!UnknownFunction []
[2022.09.30-23.33.29:604][431]LogOutputDevice: Error: [Callstack] 0x00000000A0C254E0 KERNEL32.DLL!UnknownFunction []
[2022.09.30-23.33.29:604][431]LogOutputDevice: Error: [Callstack] 0x00000000A144485B ntdll.dll!UnknownFunction []
[2022.09.30-23.33.29:604][431]LogOutputDevice: Error: 
[2022.09.30-23.33.29:609][431]LogStats:                SubmitErrorReport -  0.002 s
[2022.09.30-23.33.29:820][431]LogWindows: Warning: CreateProc failed: Insufficient system resources exist to complete the requested service. (0x000005aa)
[2022.09.30-23.33.29:821][431]LogWindows: Warning: URL: ../../../Engine/Binaries/Win64/CrashReportClient.exe "C:/Users/Waifs/OneDrive/Documents/Unreal Projects/GAM303/Saved/Crashes/UE4CC-Windows-44B589324BDA17AC09098791BBB01312_0000" -Unattended -AppName=UE4-GAM303 -CrashGUID=UE4CC-Windows-44B589324BDA17AC09098791BBB01312_0000 -DebugSymbols=..\..\..\Engine\Intermediate\Symbols
[2022.09.30-23.33.29:821][431]LogStats:                    SendNewReport -  0.211 s
[2022.09.30-23.33.29:821][431]LogStats:             FDebug::EnsureFailed - 13.441 s
[2022.09.30-23.33.32:743][444]LogStaticLightingSystem: Warning: Failed to build lighting!!! Lighting build canceled.
[2022.09.30-23.33.33:071][444]Job has failed! Job is closed while Tasks are still PENDING
[2022.09.30-23.33.33:155][444]DumpUnbuiltLightIteractions
[2022.09.30-23.33.33:155][444]Lights with unbuilt interactions: 0
[2022.09.30-23.33.33:155][444]
[2022.09.30-23.33.33:155][444]Primitives with unbuilt interactions: 0
[2022.09.30-23.33.33:601][445]Cmd: MAP CHECK NOTIFYRESULTS
[2022.09.30-23.33.33:612][445]MapCheck: New page: Module2 - Sep 30, 2022, 1:33:33 PM
[2022.09.30-23.33.35:278][445]MapCheck: Map check complete: 0 Error(s), 0 Warning(s), took 1,672.812ms to complete.
[2022.09.30-23.33.54:095][ 35]LogAIModule: Creating AISystem for world ThirdPersonExampleMap
[2022.09.30-23.33.56:188][ 35]Cmd: OBJ SAVEPACKAGE PACKAGE="/Game/Levels/Module2" FILE="../../../../../Users/Waifs/OneDrive/Documents/Unreal Projects/GAM303/Content/Levels/Module2.umap" SILENT=true AUTOSAVING=false KEEPDIRTY=false
[2022.09.30-23.33.57:051][ 35]LogSavePackage: Save=780.22ms
[2022.09.30-23.33.57:051][ 35]LogSavePackage: Moving '../../../../../Users/Waifs/OneDrive/Documents/Unreal Projects/GAM303/Saved/Module2DCE374274FAC84BEAA7617816187E3BC.tmp' to '../../../../../Users/Waifs/OneDrive/Documents/Unreal Projects/GAM303/Content/Levels/Module2.umap'
[2022.09.30-23.33.57:067][ 35]LogSavePackage: Display: Finished SavePackage ../../../../../Users/Waifs/OneDrive/Documents/Unreal Projects/GAM303/Content/Levels/Module2.umap
[2022.09.30-23.33.57:119][ 35]LogFileHelpers: Saving map 'Module2' took 0.997
[2022.09.30-23.33.57:214][ 35]Cmd: MAP LOAD FILE="../../../../../Users/Waifs/OneDrive/Documents/Unreal Projects/GAM303/Content/ThirdPersonBP/Maps/ThirdPersonExampleMap.umap" TEMPLATE=0 SHOWPROGRESS=1 FEATURELEVEL=3
[2022.09.30-23.33.57:217][ 35]LightingResults: New page: Lighting Build
[2022.09.30-23.33.57:230][ 35]LoadErrors: New page: Loading map: ThirdPersonExampleMap.umap
[2022.09.30-23.33.57:272][ 35]MapCheck: New page: Map Check
[2022.09.30-23.33.57:272][ 35]LightingResults: New page: Lighting Build
[2022.09.30-23.33.57:643][ 35]LogEditorServer: Finished looking for orphan Actors (0.000 secs)
[2022.09.30-23.33.57:692][ 35]Cmd: MAP CHECKDEP NOCLEARLOG
[2022.09.30-23.33.57:808][ 35]MapCheck: Map check complete: 0 Error(s), 0 Warning(s), took 116.478ms to complete.
[2022.09.30-23.33.57:809][ 35]LogFileHelpers: Loading map 'ThirdPersonExampleMap' took 0.689
[2022.09.30-23.34.01:973][181]LogTemp: Repeating last play command: Selected Viewport
[2022.09.30-23.34.02:925][181]LogBlueprintUserMessages: Early PlayInEditor Detection: Level '/Game/ThirdPersonBP/Maps/ThirdPersonExampleMap.ThirdPersonExampleMap:PersistentLevel' has LevelScriptBlueprint '/Game/ThirdPersonBP/Maps/ThirdPersonExampleMap.ThirdPersonExampleMap:PersistentLevel.ThirdPersonExampleMap' with GeneratedClass '/Game/ThirdPersonBP/Maps/ThirdPersonExampleMap.ThirdPersonExampleMap_C' with ClassGeneratedBy '/Game/ThirdPersonBP/Maps/ThirdPersonExampleMap.ThirdPersonExampleMap:PersistentLevel.ThirdPersonExampleMap'
[2022.09.30-23.34.03:029][181]LogPlayLevel: PlayLevel: No blueprints needed recompiling
[2022.09.30-23.34.03:488][181]PIE: New page: PIE session: ThirdPersonExampleMap (Sep 30, 2022, 1:34:03 PM)
[2022.09.30-23.34.03:511][181]LogPlayLevel: Creating play world package: /Game/ThirdPersonBP/Maps/UEDPIE_0_ThirdPersonExampleMap
[2022.09.30-23.34.03:765][181]LogPlayLevel: PIE: StaticDuplicateObject took: (0.254364s)
[2022.09.30-23.34.03:768][181]LogAIModule: Creating AISystem for world ThirdPersonExampleMap
[2022.09.30-23.34.03:774][181]LogPlayLevel: PIE: World Init took: (0.009051s)
[2022.09.30-23.34.03:775][181]LogPlayLevel: PIE: Created PIE world by copying editor world from /Game/ThirdPersonBP/Maps/ThirdPersonExampleMap.ThirdPersonExampleMap to /Game/ThirdPersonBP/Maps/UEDPIE_0_ThirdPersonExampleMap.ThirdPersonExampleMap (0.271419s)
[2022.09.30-23.34.03:830][181]LogInit: XAudio2 using 'Speakers (Realtek(R) Audio)' : 2 channels at 48 kHz using 32 bits per sample (channel mask 0x3)
[2022.09.30-23.34.03:919][181]LogInit: FAudioDevice initialized.
[2022.09.30-23.34.04:089][181]LogLoad: Game class is 'ThirdPersonGameMode_C'
[2022.09.30-23.34.04:108][181]LogWorld: Bringing World /Game/ThirdPersonBP/Maps/UEDPIE_0_ThirdPersonExampleMap.ThirdPersonExampleMap up for play (max tick rate 60) at 2022.09.30-18.34.04
[2022.09.30-23.34.04:111][181]LogWorld: Bringing up level for play took: 0.009343
[2022.09.30-23.34.04:273][181]LogContentBrowser: Native class hierarchy updated for 'MovieSceneCapture' in 0.0063 seconds. Added 11 classes and 0 folders.
[2022.09.30-23.34.04:287][181]PIE: Play in editor start time for /Game/ThirdPersonBP/Maps/UEDPIE_0_ThirdPersonExampleMap 2.062
[2022.09.30-23.34.04:288][181]LogBlueprintUserMessages: Late PlayInEditor Detection: Level '/Game/ThirdPersonBP/Maps/ThirdPersonExampleMap.ThirdPersonExampleMap:PersistentLevel' has LevelScriptBlueprint '/Game/ThirdPersonBP/Maps/ThirdPersonExampleMap.ThirdPersonExampleMap:PersistentLevel.ThirdPersonExampleMap' with GeneratedClass '/Game/ThirdPersonBP/Maps/ThirdPersonExampleMap.ThirdPersonExampleMap_C' with ClassGeneratedBy '/Game/ThirdPersonBP/Maps/ThirdPersonExampleMap.ThirdPersonExampleMap:PersistentLevel.ThirdPersonExampleMap'
[2022.09.30-23.34.07:094][310]LogBlueprintUserMessages: Early EndPlayMap Detection: Level '/Game/ThirdPersonBP/Maps/ThirdPersonExampleMap.ThirdPersonExampleMap:PersistentLevel' has LevelScriptBlueprint '/Game/ThirdPersonBP/Maps/ThirdPersonExampleMap.ThirdPersonExampleMap:PersistentLevel.ThirdPersonExampleMap' with GeneratedClass '/Game/ThirdPersonBP/Maps/ThirdPersonExampleMap.ThirdPersonExampleMap_C' with ClassGeneratedBy '/Game/ThirdPersonBP/Maps/ThirdPersonExampleMap.ThirdPersonExampleMap:PersistentLevel.ThirdPersonExampleMap'
[2022.09.30-23.34.07:161][310]LogBlueprintUserMessages: Late EndPlayMap Detection: Level '/Game/ThirdPersonBP/Maps/ThirdPersonExampleMap.ThirdPersonExampleMap:PersistentLevel' has LevelScriptBlueprint '/Game/ThirdPersonBP/Maps/ThirdPersonExampleMap.ThirdPersonExampleMap:PersistentLevel.ThirdPersonExampleMap' with GeneratedClass '/Game/ThirdPersonBP/Maps/ThirdPersonExampleMap.ThirdPersonExampleMap_C' with ClassGeneratedBy '/Game/ThirdPersonBP/Maps/ThirdPersonExampleMap.ThirdPersonExampleMap:PersistentLevel.ThirdPersonExampleMap'
[2022.09.30-23.34.10:195][436]LogEditorViewport: Clicking on Actor (LMB): BP_Sky_Sphere_C (SkySphereBlueprint)
[2022.09.30-23.34.10:818][452]LogEditorViewport: Clicking on Actor (LMB): ThirdPersonCharacter_C (ThirdPersonCharacter)
[2022.09.30-23.34.11:405][455]LogEditorViewport: Clicking on Actor (LMB): ThirdPersonCharacter_C (ThirdPersonCharacter)
[2022.09.30-23.34.11:518][456]LogEditorViewport: Clicking on Component (LMB): SkeletalMeshComponent (CharacterMesh0)
[2022.09.30-23.34.14:383][527]LogEditorViewport: Clicking on Actor (LMB): Landscape (Landscape)
[2022.09.30-23.34.14:945][547]LogEditorViewport: Clicking on Actor (LMB): LightmassImportanceVolume (LightmassImportanceVolume)
[2022.09.30-23.34.15:712][578]LogEditorViewport: Clicking on Actor (LMB): ThirdPersonCharacter_C (ThirdPersonCharacter)
[2022.09.30-23.34.24:029][797]LogSavePackage: Save=749.05ms
[2022.09.30-23.34.24:029][797]LogSavePackage: Moving '../../../../../Users/Waifs/OneDrive/Documents/Unreal Projects/GAM303/Saved/ThirdPersonExampleMap2D5512C94F89DBD6577B48BED70E5E95.tmp' to '../../../../../Users/Waifs/OneDrive/Documents/Unreal Projects/GAM303/Content/ThirdPersonBP/Maps/ThirdPersonExampleMap.umap'
[2022.09.30-23.34.24:045][797]LogSavePackage: Display: Finished SavePackage ../../../../../Users/Waifs/OneDrive/Documents/Unreal Projects/GAM303/Content/ThirdPersonBP/Maps/ThirdPersonExampleMap.umap
[2022.09.30-23.34.24:574][797]LogSavePackage: Save=420.78ms
[2022.09.30-23.34.24:574][797]LogSavePackage: Moving '../../../../../Users/Waifs/OneDrive/Documents/Unreal Projects/GAM303/Saved/ThirdPersonExampleMap_BuiltData50384F184E3D11B71CB1A3B624E35585.tmp' to '../../../../../Users/Waifs/OneDrive/Documents/Unreal Projects/GAM303/Content/ThirdPersonBP/Maps/ThirdPersonExampleMap_BuiltData.uasset'
[2022.09.30-23.34.24:576][797]LogSavePackage: Display: Finished SavePackage ../../../../../Users/Waifs/OneDrive/Documents/Unreal Projects/GAM303/Content/ThirdPersonBP/Maps/ThirdPersonExampleMap_BuiltData.uasset
[2022.09.30-23.34.27:386][878]LogEditorViewport: Clicking on Actor (LMB): Landscape (Landscape)
[2022.09.30-23.35.29:920][432]Cmd: DELETE
[2022.09.30-23.35.29:921][432]Cmd: ACTOR DELETE
[2022.09.30-23.35.29:964][432]LogEditorActor: Deleted Actor: BP_Destruction_C
[2022.09.30-23.35.29:994][432]LogEditorActor: Deleted 1 Actors (0.042 secs)
[2022.09.30-23.35.33:833][567]LogActorFactory: Actor Factory created MESH_Chest
[2022.09.30-23.35.35:029][619]LogActorFactory: Actor Factory created MESH_Chest
[2022.09.30-23.35.41:450][889]LogTemp: Repeating last play command: Selected Viewport
[2022.09.30-23.35.41:486][889]LogBlueprintUserMessages: Early PlayInEditor Detection: Level '/Game/ThirdPersonBP/Maps/ThirdPersonExampleMap.ThirdPersonExampleMap:PersistentLevel' has LevelScriptBlueprint '/Game/ThirdPersonBP/Maps/ThirdPersonExampleMap.ThirdPersonExampleMap:PersistentLevel.ThirdPersonExampleMap' with GeneratedClass '/Game/ThirdPersonBP/Maps/ThirdPersonExampleMap.ThirdPersonExampleMap_C' with ClassGeneratedBy '/Game/ThirdPersonBP/Maps/ThirdPersonExampleMap.ThirdPersonExampleMap:PersistentLevel.ThirdPersonExampleMap'
[2022.09.30-23.35.41:487][889]LogPlayLevel: PlayLevel: No blueprints needed recompiling
[2022.09.30-23.35.41:489][889]PIE: New page: PIE session: ThirdPersonExampleMap (Sep 30, 2022, 1:35:41 PM)
[2022.09.30-23.35.41:490][889]LogPlayLevel: Creating play world package: /Game/ThirdPersonBP/Maps/UEDPIE_0_ThirdPersonExampleMap
[2022.09.30-23.35.41:557][889]LogPlayLevel: PIE: StaticDuplicateObject took: (0.066744s)
[2022.09.30-23.35.41:576][889]LogAIModule: Creating AISystem for world ThirdPersonExampleMap
[2022.09.30-23.35.41:583][889]LogPlayLevel: PIE: World Init took: (0.024663s)
[2022.09.30-23.35.41:583][889]LogPlayLevel: PIE: Created PIE world by copying editor world from /Game/ThirdPersonBP/Maps/ThirdPersonExampleMap.ThirdPersonExampleMap to /Game/ThirdPersonBP/Maps/UEDPIE_0_ThirdPersonExampleMap.ThirdPersonExampleMap (0.093394s)
[2022.09.30-23.35.41:615][889]LogInit: XAudio2 using 'Speakers (Realtek(R) Audio)' : 2 channels at 48 kHz using 32 bits per sample (channel mask 0x3)
[2022.09.30-23.35.41:641][889]LogInit: FAudioDevice initialized.
[2022.09.30-23.35.41:687][889]LogLoad: Game class is 'ThirdPersonGameMode_C'
[2022.09.30-23.35.41:698][889]LogWorld: Bringing World /Game/ThirdPersonBP/Maps/UEDPIE_0_ThirdPersonExampleMap.ThirdPersonExampleMap up for play (max tick rate 60) at 2022.09.30-18.35.41
[2022.09.30-23.35.41:700][889]LogWorld: Bringing up level for play took: 0.011025
[2022.09.30-23.35.41:715][889]PIE: Play in editor start time for /Game/ThirdPersonBP/Maps/UEDPIE_0_ThirdPersonExampleMap -0.511
[2022.09.30-23.35.41:715][889]LogBlueprintUserMessages: Late PlayInEditor Detection: Level '/Game/ThirdPersonBP/Maps/ThirdPersonExampleMap.ThirdPersonExampleMap:PersistentLevel' has LevelScriptBlueprint '/Game/ThirdPersonBP/Maps/ThirdPersonExampleMap.ThirdPersonExampleMap:PersistentLevel.ThirdPersonExampleMap' with GeneratedClass '/Game/ThirdPersonBP/Maps/ThirdPersonExampleMap.ThirdPersonExampleMap_C' with ClassGeneratedBy '/Game/ThirdPersonBP/Maps/ThirdPersonExampleMap.ThirdPersonExampleMap:PersistentLevel.ThirdPersonExampleMap'
[2022.09.30-23.35.44:864][ 41]LogBlueprintUserMessages: Early EndPlayMap Detection: Level '/Game/ThirdPersonBP/Maps/ThirdPersonExampleMap.ThirdPersonExampleMap:PersistentLevel' has LevelScriptBlueprint '/Game/ThirdPersonBP/Maps/ThirdPersonExampleMap.ThirdPersonExampleMap:PersistentLevel.ThirdPersonExampleMap' with GeneratedClass '/Game/ThirdPersonBP/Maps/ThirdPersonExampleMap.ThirdPersonExampleMap_C' with ClassGeneratedBy '/Game/ThirdPersonBP/Maps/ThirdPersonExampleMap.ThirdPersonExampleMap:PersistentLevel.ThirdPersonExampleMap'
[2022.09.30-23.35.44:920][ 41]LogBlueprintUserMessages: Late EndPlayMap Detection: Level '/Game/ThirdPersonBP/Maps/ThirdPersonExampleMap.ThirdPersonExampleMap:PersistentLevel' has LevelScriptBlueprint '/Game/ThirdPersonBP/Maps/ThirdPersonExampleMap.ThirdPersonExampleMap:PersistentLevel.ThirdPersonExampleMap' with GeneratedClass '/Game/ThirdPersonBP/Maps/ThirdPersonExampleMap.ThirdPersonExampleMap_C' with ClassGeneratedBy '/Game/ThirdPersonBP/Maps/ThirdPersonExampleMap.ThirdPersonExampleMap:PersistentLevel.ThirdPersonExampleMap'
[2022.09.30-23.35.48:361][155]LogEditorViewport: Clicking on Actor (LMB): StaticMeshActor (MESH_Chest)
[2022.09.30-23.35.48:918][164]Cmd: DELETE
[2022.09.30-23.35.48:919][164]Cmd: ACTOR DELETE
[2022.09.30-23.35.48:925][164]LogEditorActor: Deleted Actor: StaticMeshActor
[2022.09.30-23.35.48:960][164]LogEditorActor: Deleted 1 Actors (0.042 secs)
[2022.09.30-23.36.05:038][694]BlueprintLog: New page: Compile BP_Destruction
[2022.09.30-23.36.25:273][169]LogActorFactory: Actor Factory created MESH_Chest
[2022.09.30-23.36.50:402][757]BlueprintLog: New page: Compile BP_Destruction
[2022.09.30-23.36.52:137][786]LogSavePackage: Save=63.36ms
[2022.09.30-23.36.52:137][786]LogSavePackage: Moving '../../../../../Users/Waifs/OneDrive/Documents/Unreal Projects/GAM303/Saved/BP_DestructionB3788BD6421FD02B0B2895A9B1299DC0.tmp' to '../../../../../Users/Waifs/OneDrive/Documents/Unreal Projects/GAM303/Content/BluePrints/Destruction/BP_Destruction.uasset'
[2022.09.30-23.36.52:144][786]LogSavePackage: Display: Finished SavePackage ../../../../../Users/Waifs/OneDrive/Documents/Unreal Projects/GAM303/Content/BluePrints/Destruction/BP_Destruction.uasset
[2022.09.30-23.37.49:188][269]BlueprintLog: New page: Compile BP_Destruction
[2022.09.30-23.37.50:392][291]LogSavePackage: Save=50.14ms
[2022.09.30-23.37.50:392][291]LogSavePackage: Moving '../../../../../Users/Waifs/OneDrive/Documents/Unreal Projects/GAM303/Saved/BP_Destruction38891B284C7E22790E83AA89085F514B.tmp' to '../../../../../Users/Waifs/OneDrive/Documents/Unreal Projects/GAM303/Content/BluePrints/Destruction/BP_Destruction.uasset'
[2022.09.30-23.37.50:393][291]LogSavePackage: Display: Finished SavePackage ../../../../../Users/Waifs/OneDrive/Documents/Unreal Projects/GAM303/Content/BluePrints/Destruction/BP_Destruction.uasset
[2022.09.30-23.38.05:580][753]LogTemp: Repeating last play command: Selected Viewport
[2022.09.30-23.38.05:610][753]LogBlueprintUserMessages: Early PlayInEditor Detection: Level '/Game/ThirdPersonBP/Maps/ThirdPersonExampleMap.ThirdPersonExampleMap:PersistentLevel' has LevelScriptBlueprint '/Game/ThirdPersonBP/Maps/ThirdPersonExampleMap.ThirdPersonExampleMap:PersistentLevel.ThirdPersonExampleMap' with GeneratedClass '/Game/ThirdPersonBP/Maps/ThirdPersonExampleMap.ThirdPersonExampleMap_C' with ClassGeneratedBy '/Game/ThirdPersonBP/Maps/ThirdPersonExampleMap.ThirdPersonExampleMap:PersistentLevel.ThirdPersonExampleMap'
[2022.09.30-23.38.05:610][753]LogPlayLevel: PlayLevel: No blueprints needed recompiling
[2022.09.30-23.38.05:611][753]PIE: New page: PIE session: ThirdPersonExampleMap (Sep 30, 2022, 1:38:05 PM)
[2022.09.30-23.38.05:611][753]LogPlayLevel: Creating play world package: /Game/ThirdPersonBP/Maps/UEDPIE_0_ThirdPersonExampleMap
[2022.09.30-23.38.05:671][753]LogPlayLevel: PIE: StaticDuplicateObject took: (0.059362s)
[2022.09.30-23.38.05:674][753]LogAIModule: Creating AISystem for world ThirdPersonExampleMap
[2022.09.30-23.38.05:674][753]LogPlayLevel: PIE: World Init took: (0.003074s)
[2022.09.30-23.38.05:674][753]LogPlayLevel: PIE: Created PIE world by copying editor world from /Game/ThirdPersonBP/Maps/ThirdPersonExampleMap.ThirdPersonExampleMap to /Game/ThirdPersonBP/Maps/UEDPIE_0_ThirdPersonExampleMap.ThirdPersonExampleMap (0.062870s)
[2022.09.30-23.38.05:700][753]LogInit: XAudio2 using 'Speakers (Realtek(R) Audio)' : 2 channels at 48 kHz using 32 bits per sample (channel mask 0x3)
[2022.09.30-23.38.05:727][753]LogInit: FAudioDevice initialized.
[2022.09.30-23.38.05:760][753]LogLoad: Game class is 'ThirdPersonGameMode_C'
[2022.09.30-23.38.05:763][753]LogWorld: Bringing World /Game/ThirdPersonBP/Maps/UEDPIE_0_ThirdPersonExampleMap.ThirdPersonExampleMap up for play (max tick rate 60) at 2022.09.30-18.38.05
[2022.09.30-23.38.05:763][753]LogWorld: Bringing up level for play took: 0.003207
[2022.09.30-23.38.05:766][753]PIE: Play in editor start time for /Game/ThirdPersonBP/Maps/UEDPIE_0_ThirdPersonExampleMap -0.46
[2022.09.30-23.38.05:766][753]LogBlueprintUserMessages: Late PlayInEditor Detection: Level '/Game/ThirdPersonBP/Maps/ThirdPersonExampleMap.ThirdPersonExampleMap:PersistentLevel' has LevelScriptBlueprint '/Game/ThirdPersonBP/Maps/ThirdPersonExampleMap.ThirdPersonExampleMap:PersistentLevel.ThirdPersonExampleMap' with GeneratedClass '/Game/ThirdPersonBP/Maps/ThirdPersonExampleMap.ThirdPersonExampleMap_C' with ClassGeneratedBy '/Game/ThirdPersonBP/Maps/ThirdPersonExampleMap.ThirdPersonExampleMap:PersistentLevel.ThirdPersonExampleMap'
[2022.09.30-23.38.08:399][853]LogBlueprintUserMessages: Early EndPlayMap Detection: Level '/Game/ThirdPersonBP/Maps/ThirdPersonExampleMap.ThirdPersonExampleMap:PersistentLevel' has LevelScriptBlueprint '/Game/ThirdPersonBP/Maps/ThirdPersonExampleMap.ThirdPersonExampleMap:PersistentLevel.ThirdPersonExampleMap' with GeneratedClass '/Game/ThirdPersonBP/Maps/ThirdPersonExampleMap.ThirdPersonExampleMap_C' with ClassGeneratedBy '/Game/ThirdPersonBP/Maps/ThirdPersonExampleMap.ThirdPersonExampleMap:PersistentLevel.ThirdPersonExampleMap'
[2022.09.30-23.38.08:480][853]LogBlueprintUserMessages: Late EndPlayMap Detection: Level '/Game/ThirdPersonBP/Maps/ThirdPersonExampleMap.ThirdPersonExampleMap:PersistentLevel' has LevelScriptBlueprint '/Game/ThirdPersonBP/Maps/ThirdPersonExampleMap.ThirdPersonExampleMap:PersistentLevel.ThirdPersonExampleMap' with GeneratedClass '/Game/ThirdPersonBP/Maps/ThirdPersonExampleMap.ThirdPersonExampleMap_C' with ClassGeneratedBy '/Game/ThirdPersonBP/Maps/ThirdPersonExampleMap.ThirdPersonExampleMap:PersistentLevel.ThirdPersonExampleMap'
[2022.09.30-23.38.14:143][ 67]LogEditorViewport: Clicking on Actor (LMB): BP_Destruction_C (BP_Destruction)
[2022.09.30-23.38.21:100][284]LogEditorViewport: Clicking on Actor (LMB): BP_Destruction_C (BP_Destruction)
[2022.09.30-23.38.21:760][307]Cmd: DELETE
[2022.09.30-23.38.21:760][307]Cmd: ACTOR DELETE
[2022.09.30-23.38.21:786][307]LogEditorActor: Deleted Actor: BP_Destruction_C
[2022.09.30-23.38.21:828][307]LogEditorActor: Deleted 1 Actors (0.058 secs)
[2022.09.30-23.38.43:259][938]LogEditorViewport: Clicking on Actor (LMB): BP_Destruction_C (BP_Destruction)
[2022.09.30-23.38.43:365][940]LogEditorViewport: Clicking on Component (LMB): StaticMeshComponent (MESH_Chest)
[2022.09.30-23.39.08:004][595]LogSavePackage: Save=394.09ms
[2022.09.30-23.39.08:004][595]LogSavePackage: Moving '../../../../../Users/Waifs/OneDrive/Documents/Unreal Projects/GAM303/Saved/ThirdPersonExampleMapB0AAD7E14FF48DA2DBDAA7BF9585C2F2.tmp' to '../../../../../Users/Waifs/OneDrive/Documents/Unreal Projects/GAM303/Content/ThirdPersonBP/Maps/ThirdPersonExampleMap.umap'
[2022.09.30-23.39.08:011][595]LogSavePackage: Display: Finished SavePackage ../../../../../Users/Waifs/OneDrive/Documents/Unreal Projects/GAM303/Content/ThirdPersonBP/Maps/ThirdPersonExampleMap.umap
[2022.09.30-23.39.08:328][595]LogSavePackage: Save=288.93ms
[2022.09.30-23.39.08:328][595]LogSavePackage: Moving '../../../../../Users/Waifs/OneDrive/Documents/Unreal Projects/GAM303/Saved/ThirdPersonExampleMap_BuiltData7B6AC9A643B7F818F951B6ADAD9EEF85.tmp' to '../../../../../Users/Waifs/OneDrive/Documents/Unreal Projects/GAM303/Content/ThirdPersonBP/Maps/ThirdPersonExampleMap_BuiltData.uasset'
[2022.09.30-23.39.08:332][595]LogSavePackage: Display: Finished SavePackage ../../../../../Users/Waifs/OneDrive/Documents/Unreal Projects/GAM303/Content/ThirdPersonBP/Maps/ThirdPersonExampleMap_BuiltData.uasset
[2022.09.30-23.39.08:834][614]LogTemp: Repeating last play command: Selected Viewport
[2022.09.30-23.39.08:858][614]LogBlueprintUserMessages: Early PlayInEditor Detection: Level '/Game/ThirdPersonBP/Maps/ThirdPersonExampleMap.ThirdPersonExampleMap:PersistentLevel' has LevelScriptBlueprint '/Game/ThirdPersonBP/Maps/ThirdPersonExampleMap.ThirdPersonExampleMap:PersistentLevel.ThirdPersonExampleMap' with GeneratedClass '/Game/ThirdPersonBP/Maps/ThirdPersonExampleMap.ThirdPersonExampleMap_C' with ClassGeneratedBy '/Game/ThirdPersonBP/Maps/ThirdPersonExampleMap.ThirdPersonExampleMap:PersistentLevel.ThirdPersonExampleMap'
[2022.09.30-23.39.08:859][614]LogPlayLevel: PlayLevel: No blueprints needed recompiling
[2022.09.30-23.39.08:861][614]PIE: New page: PIE session: ThirdPersonExampleMap (Sep 30, 2022, 1:39:08 PM)
[2022.09.30-23.39.08:862][614]LogPlayLevel: Creating play world package: /Game/ThirdPersonBP/Maps/UEDPIE_0_ThirdPersonExampleMap
[2022.09.30-23.39.08:910][614]LogPlayLevel: PIE: StaticDuplicateObject took: (0.047636s)
[2022.09.30-23.39.08:922][614]LogAIModule: Creating AISystem for world ThirdPersonExampleMap
[2022.09.30-23.39.08:926][614]LogPlayLevel: PIE: World Init took: (0.015823s)
[2022.09.30-23.39.08:926][614]LogPlayLevel: PIE: Created PIE world by copying editor world from /Game/ThirdPersonBP/Maps/ThirdPersonExampleMap.ThirdPersonExampleMap to /Game/ThirdPersonBP/Maps/UEDPIE_0_ThirdPersonExampleMap.ThirdPersonExampleMap (0.064432s)
[2022.09.30-23.39.08:953][614]LogInit: XAudio2 using 'Speakers (Realtek(R) Audio)' : 2 channels at 48 kHz using 32 bits per sample (channel mask 0x3)
[2022.09.30-23.39.08:970][614]LogInit: FAudioDevice initialized.
[2022.09.30-23.39.09:019][614]LogLoad: Game class is 'ThirdPersonGameMode_C'
[2022.09.30-23.39.09:028][614]LogWorld: Bringing World /Game/ThirdPersonBP/Maps/UEDPIE_0_ThirdPersonExampleMap.ThirdPersonExampleMap up for play (max tick rate 60) at 2022.09.30-18.39.09
[2022.09.30-23.39.09:029][614]LogWorld: Bringing up level for play took: 0.008695
[2022.09.30-23.39.09:034][614]PIE: Play in editor start time for /Game/ThirdPersonBP/Maps/UEDPIE_0_ThirdPersonExampleMap 0.809
[2022.09.30-23.39.09:035][614]LogBlueprintUserMessages: Late PlayInEditor Detection: Level '/Game/ThirdPersonBP/Maps/ThirdPersonExampleMap.ThirdPersonExampleMap:PersistentLevel' has LevelScriptBlueprint '/Game/ThirdPersonBP/Maps/ThirdPersonExampleMap.ThirdPersonExampleMap:PersistentLevel.ThirdPersonExampleMap' with GeneratedClass '/Game/ThirdPersonBP/Maps/ThirdPersonExampleMap.ThirdPersonExampleMap_C' with ClassGeneratedBy '/Game/ThirdPersonBP/Maps/ThirdPersonExampleMap.ThirdPersonExampleMap:PersistentLevel.ThirdPersonExampleMap'
[2022.09.30-23.39.12:817][772]LogBlueprintUserMessages: Early EndPlayMap Detection: Level '/Game/ThirdPersonBP/Maps/ThirdPersonExampleMap.ThirdPersonExampleMap:PersistentLevel' has LevelScriptBlueprint '/Game/ThirdPersonBP/Maps/ThirdPersonExampleMap.ThirdPersonExampleMap:PersistentLevel.ThirdPersonExampleMap' with GeneratedClass '/Game/ThirdPersonBP/Maps/ThirdPersonExampleMap.ThirdPersonExampleMap_C' with ClassGeneratedBy '/Game/ThirdPersonBP/Maps/ThirdPersonExampleMap.ThirdPersonExampleMap:PersistentLevel.ThirdPersonExampleMap'
[2022.09.30-23.39.12:872][772]LogBlueprintUserMessages: Late EndPlayMap Detection: Level '/Game/ThirdPersonBP/Maps/ThirdPersonExampleMap.ThirdPersonExampleMap:PersistentLevel' has LevelScriptBlueprint '/Game/ThirdPersonBP/Maps/ThirdPersonExampleMap.ThirdPersonExampleMap:PersistentLevel.ThirdPersonExampleMap' with GeneratedClass '/Game/ThirdPersonBP/Maps/ThirdPersonExampleMap.ThirdPersonExampleMap_C' with ClassGeneratedBy '/Game/ThirdPersonBP/Maps/ThirdPersonExampleMap.ThirdPersonExampleMap:PersistentLevel.ThirdPersonExampleMap'
[2022.09.30-23.44.09:213][413]LogSavePackage: Save=303.70ms
[2022.09.30-23.44.09:213][413]LogSavePackage: Moving '../../../../../Users/Waifs/OneDrive/Documents/Unreal Projects/GAM303/Saved/ThirdPersonExampleMap1E81E3074C85D35EDCCD889ADC76A773.tmp' to '../../../../../Users/Waifs/OneDrive/Documents/Unreal Projects/GAM303/Content/ThirdPersonBP/Maps/ThirdPersonExampleMap.umap'
[2022.09.30-23.44.09:217][413]LogSavePackage: Display: Finished SavePackage ../../../../../Users/Waifs/OneDrive/Documents/Unreal Projects/GAM303/Content/ThirdPersonBP/Maps/ThirdPersonExampleMap.umap
[2022.09.30-23.44.09:574][413]LogSavePackage: Save=331.24ms
[2022.09.30-23.44.09:574][413]LogSavePackage: Moving '../../../../../Users/Waifs/OneDrive/Documents/Unreal Projects/GAM303/Saved/ThirdPersonExampleMap_BuiltData59BED335494D8339F591EFA6894E8F3C.tmp' to '../../../../../Users/Waifs/OneDrive/Documents/Unreal Projects/GAM303/Content/ThirdPersonBP/Maps/ThirdPersonExampleMap_BuiltData.uasset'
[2022.09.30-23.44.09:576][413]LogSavePackage: Display: Finished SavePackage ../../../../../Users/Waifs/OneDrive/Documents/Unreal Projects/GAM303/Content/ThirdPersonBP/Maps/ThirdPersonExampleMap_BuiltData.uasset
[2022.09.30-23.44.16:700][549]LogRenderer: Reallocating scene render targets to support 844x604 Format 10 NumSamples 1 (Frame:1).
[2022.09.30-23.44.16:803][551]LogD3D11RHI: Error: Direct3DDevice->CreateTexture2D(TextureDesc,SubResourceData,OutTexture2D) failed 
 at D:\Build\++UE4+Release-4.18+Compile\Sync\Engine\Source\Runtime\Windows\D3D11RHI\Private\D3D11Texture.cpp:441 
 with error E_OUTOFMEMORY, 
 Size=6144x2048x1 Format=(0x00000035), NumMips=1, Flags=D3D11_BIND_DEPTH_STENCIL D3D11_BIND_SHADER_RESOURCE 
[2022.09.30-23.44.23:269][551]LogConsoleResponse:     31 = 32768 KB (2D 4096x4096 PF_ShadowDepth) PreShadowCacheDepthZ
[2022.09.30-23.44.23:269][551]LogConsoleResponse:    103 = 24576 KB (2D 6144x2048 PF_ShadowDepth) WholeSceneShadowmap
[2022.09.30-23.44.23:269][551]LogConsoleResponse:    137 = 24576 KB (2D 6144x2048 PF_ShadowDepth) WholeSceneShadowmap
[2022.09.30-23.44.23:269][551]LogConsoleResponse:     77 = 12288 KB (Cube 1024 PF_ShadowDepth) CubeShadowDepthZ
[2022.09.30-23.44.23:269][551]LogConsoleResponse:     34 = 8192 KB (3D 256x128x32 PF_FloatRGBA RT) AtmosphereDeltaJ
[2022.09.30-23.44.23:269][551]LogConsoleResponse:     35 = 8192 KB (3D 256x128x32 PF_FloatRGBA RT) AtmosphereDeltaSM
[2022.09.30-23.44.23:269][551]LogConsoleResponse:     36 = 8192 KB (3D 256x128x32 PF_FloatRGBA RT) AtmosphereDeltaSR
[2022.09.30-23.44.23:269][551]LogConsoleResponse:     40 = 8192 KB (3D 256x128x32 PF_FloatRGBA RT) AtmosphereInscatter
[2022.09.30-23.44.23:269][551]LogConsoleResponse:    135 = 3983 KB (2D 844x604 PF_B8G8R8A8 RT 4xMSAA) EditorPrimitivesColor
[2022.09.30-23.44.23:269][551]LogConsoleResponse:    136 = 3983 KB (2D 844x604 PF_DepthStencil 4xMSAA) EditorPrimitivesDepth
[2022.09.30-23.44.23:269][551]LogConsoleResponse:    110 = 3983 KB (2D 844x604 PF_FloatRGBA RT UAV VRam) SceneColor VRamInKB(Start/Size):<NONE>
[2022.09.30-23.44.23:269][551]LogConsoleResponse:    101 = 3983 KB (2D 844x604 PF_FloatRGBA RT UAV) LightAccumulation
[2022.09.30-23.44.23:269][551]LogConsoleResponse:    117 = 3983 KB (2D 844x604 PF_FloatRGBA RT VRam) BokehDOFRecombine VRamInKB(Start/Size):<NONE>
[2022.09.30-23.44.23:269][551]LogConsoleResponse:    115 = 3983 KB (2D 844x604 PF_FloatRGBA RT) ScreenSpaceReflections
[2022.09.30-23.44.23:269][551]LogConsoleResponse:    116 = 3983 KB (2D 844x604 PF_FloatRGBA RT) SeparateTranslucency
[2022.09.30-23.44.23:269][551]LogConsoleResponse:    118 = 3983 KB (2D 844x604 PF_FloatRGBA RT) TemporalAA
[2022.09.30-23.44.23:269][551]LogConsoleResponse:     78 = 3508 KB (2D 844x532 PF_FloatRGBA RT VRam) TemporalAA VRamInKB(Start/Size):<NONE>
[2022.09.30-23.44.23:269][551]LogConsoleResponse:     84 = 3508 KB (2D 844x532 PF_FloatRGBA RT) SSRTemporalAA
[2022.09.30-23.44.23:269][551]LogConsoleResponse:     81 = 3508 KB (2D 844x532 PF_FloatRGBA RT) TemporalAA
[2022.09.30-23.44.23:269][551]LogConsoleResponse:     95 = 2048 KB (3D 64x64x64 PF_FloatRGBA RT UAV) TranslucentVolume0
[2022.09.30-23.44.23:269][551]LogConsoleResponse:     97 = 2048 KB (3D 64x64x64 PF_FloatRGBA RT UAV) TranslucentVolume1
[2022.09.30-23.44.23:269][551]LogConsoleResponse:     99 = 2048 KB (3D 64x64x64 PF_FloatRGBA RT UAV) TranslucentVolume2
[2022.09.30-23.44.23:269][551]LogConsoleResponse:     96 = 2048 KB (3D 64x64x64 PF_FloatRGBA RT UAV) TranslucentVolumeDir0
[2022.09.30-23.44.23:270][551]LogConsoleResponse:     98 = 2048 KB (3D 64x64x64 PF_FloatRGBA RT UAV) TranslucentVolumeDir1
[2022.09.30-23.44.23:270][551]LogConsoleResponse:    100 = 2048 KB (3D 64x64x64 PF_FloatRGBA RT UAV) TranslucentVolumeDir2
[2022.09.30-23.44.23:270][551]LogConsoleResponse:     39 = 2048 KB (3D 64x64x64 PF_FloatRGBA) IndirectLightingCache_0
[2022.09.30-23.44.23:270][551]LogConsoleResponse:     38 = 2048 KB (3D 64x64x64 PF_FloatRGBA) IndirectLightingCache_1
[2022.09.30-23.44.23:270][551]LogConsoleResponse:     37 = 2048 KB (3D 64x64x64 PF_FloatRGBA) IndirectLightingCache_2
[2022.09.30-23.44.23:270][551]LogConsoleResponse:     17 = 2048 KB (Cube[2] 128 PF_FloatRGBA) ReflectionEnvs
[2022.09.30-23.44.23:270][551]LogConsoleResponse:    104 = 1992 KB (2D 844x604 PF_A2B10G10R10 RT) GBufferA
[2022.09.30-23.44.23:270][551]LogConsoleResponse:    106 = 1992 KB (2D 844x604 PF_B8G8R8A8 RT sRGB) GBufferC
[2022.09.30-23.44.23:270][551]LogConsoleResponse:    114 = 1992 KB (2D 844x604 PF_B8G8R8A8 RT VRam) ScreenShadowMaskTexture VRamInKB(Start/Size):<NONE>
[2022.09.30-23.44.23:270][551]LogConsoleResponse:    105 = 1992 KB (2D 844x604 PF_B8G8R8A8 RT VRam) Tonemap VRamInKB(Start/Size):<NONE>
[2022.09.30-23.44.23:270][551]LogConsoleResponse:    107 = 1992 KB (2D 844x604 PF_B8G8R8A8 RT) EditorPrimitives
[2022.09.30-23.44.23:270][551]LogConsoleResponse:    108 = 1992 KB (2D 844x604 PF_B8G8R8A8 RT) GBufferE
[2022.09.30-23.44.23:270][551]LogConsoleResponse:     92 = 1992 KB (2D 844x604 PF_DepthStencil VRam) SceneDepthZ VRamInKB(Start/Size):<NONE>
[2022.09.30-23.44.23:270][551]LogConsoleResponse:    111 = 1992 KB (2D 844x604 PF_G16R16 RT) Velocity
[2022.09.30-23.44.23:270][551]LogConsoleResponse:     93 = 996 KB (2D 422x302 PF_DepthStencil) SmallDepthZ
[2022.09.30-23.44.23:270][551]LogConsoleResponse:    112 = 996 KB (2D 422x302 PF_FloatRGBA RT VRam) AmbientOcclusionSetup VRamInKB(Start/Size):<NONE>
[2022.09.30-23.44.23:270][551]LogConsoleResponse:    102 = 996 KB (2D 844x302 PF_R32_UINT RT UAV) QuadOverdrawBuffer
[2022.09.30-23.44.23:270][551]LogConsoleResponse:    109 = 683 KB (2D 512x512 PF_R16F RT VRam) HZB VRamInKB(Start/Size):<NONE>
[2022.09.30-23.44.23:270][551]LogConsoleResponse:    113 = 498 KB (2D 422x302 PF_B8G8R8A8 RT VRam) AmbientOcclusion VRamInKB(Start/Size):<NONE>
[2022.09.30-23.44.23:270][551]LogConsoleResponse:    119 = 498 KB (2D 422x302 PF_FloatRGB RT VRam) BloomBlurY VRamInKB(Start/Size):<NONE>
[2022.09.30-23.44.23:270][551]LogConsoleResponse:    133 = 498 KB (2D 422x302 PF_FloatRGB RT) BloomBlurX
[2022.09.30-23.44.23:270][551]LogConsoleResponse:     94 = 498 KB (2D 844x604 PF_G8 RT UAV) ScreenSpaceAO
[2022.09.30-23.44.23:270][551]LogConsoleResponse:      4 = 256 KB (2D 256x256 PF_B8G8R8A8) HZBResultsCPU
[2022.09.30-23.44.23:270][551]LogConsoleResponse:     91 = 256 KB (2D 256x256 PF_B8G8R8A8) HZBResultsCPU
[2022.09.30-23.44.23:270][551]LogConsoleResponse:      3 = 256 KB (2D 256x256 PF_B8G8R8A8) HZBResultsCPU
[2022.09.30-23.44.23:270][551]LogConsoleResponse:      1 = 256 KB (2D 256x256 PF_B8G8R8A8) HZBResultsCPU
[2022.09.30-23.44.23:270][551]LogConsoleResponse:      2 = 256 KB (2D 256x256 PF_B8G8R8A8) HZBResultsCPU
[2022.09.30-23.44.23:270][551]LogConsoleResponse:     44 = 128 KB (2D 256x64 PF_FloatRGBA RT) AtmosphereTransmittance
[2022.09.30-23.44.23:270][551]LogConsoleResponse:    134 = 128 KB (3D 32x32x32 PF_A2B10G10R10 RT) CombineLUTs
[2022.09.30-23.44.23:270][551]LogConsoleResponse:     60 = 128 KB (3D 32x32x32 PF_A2B10G10R10 RT) CombineLUTs
[2022.09.30-23.44.23:270][551]LogConsoleResponse:    123 = 125 KB (2D 211x151 PF_FloatRGB RT VRam) BloomBlurY VRamInKB(Start/Size):<NONE>
[2022.09.30-23.44.23:270][551]LogConsoleResponse:    132 = 125 KB (2D 211x151 PF_FloatRGB RT) BloomBlurX
[2022.09.30-23.44.23:270][551]LogConsoleResponse:     10 = 64 KB (2D 128x128 PF_B8G8R8A8) PerlinNoiseGradient
[2022.09.30-23.44.23:270][551]LogConsoleResponse:    124 = 32 KB (2D 106x76 PF_FloatRGB RT VRam) BloomBlurY VRamInKB(Start/Size):<NONE>
[2022.09.30-23.44.23:270][551]LogConsoleResponse:    131 = 32 KB (2D 106x76 PF_FloatRGB RT) BloomBlurX
[2022.09.30-23.44.23:270][551]LogConsoleResponse:     16 = 16 KB (2D 128x32 PF_G16R16) PreintegratedGF
[2022.09.30-23.44.23:270][551]LogConsoleResponse:     14 = 16 KB (3D 16x16x16 PF_B8G8R8A8) PerlinNoise3D
[2022.09.30-23.44.23:270][551]LogConsoleResponse:    120 = 9 KB (2D 16x70 PF_FloatRGBA RT UAV VRam) Histogram VRamInKB(Start/Size):<NONE>
[2022.09.30-23.44.23:270][551]LogConsoleResponse:    125 = 8 KB (2D 53x38 PF_FloatRGB RT VRam) BloomBlurY VRamInKB(Start/Size):<NONE>
[2022.09.30-23.44.23:270][551]LogConsoleResponse:    130 = 8 KB (2D 53x38 PF_FloatRGB RT) BloomBlurX
[2022.09.30-23.44.23:270][551]LogConsoleResponse:     41 = 8 KB (2D 64x16 PF_FloatRGBA RT) AtmosphereDeltaE
[2022.09.30-23.44.23:270][551]LogConsoleResponse:     43 = 8 KB (2D 64x16 PF_FloatRGBA RT) AtmosphereIrradiance
[2022.09.30-23.44.23:270][551]LogConsoleResponse:     15 = 8 KB (2D 64x64 PF_R8G8) SSAORandomization
[2022.09.30-23.44.23:270][551]LogConsoleResponse:    126 = 3 KB (2D 27x19 PF_FloatRGB RT VRam) BloomBlurY VRamInKB(Start/Size):<NONE>
[2022.09.30-23.44.23:270][551]LogConsoleResponse:    129 = 3 KB (2D 27x19 PF_FloatRGB RT) BloomBlurX
[2022.09.30-23.44.23:270][551]LogConsoleResponse:    127 = 1 KB (2D 14x10 PF_FloatRGB RT VRam) BloomBlurY VRamInKB(Start/Size):<NONE>
[2022.09.30-23.44.23:270][551]LogConsoleResponse:    128 = 1 KB (2D 14x10 PF_FloatRGB RT) BloomBlurX
[2022.09.30-23.44.23:270][551]LogConsoleResponse:    121 = 1 KB (2D 16x2 PF_A32B32G32R32F RT VRam) HistogramReduce VRamInKB(Start/Size):<NONE>
[2022.09.30-23.44.23:270][551]LogConsoleResponse:      7 = 1 KB (2D 1x1 PF_B8G8R8A8 RT) BlackAlphaOneDummy
[2022.09.30-23.44.23:270][551]LogConsoleResponse:      6 = 1 KB (2D 1x1 PF_B8G8R8A8 RT) BlackDummy
[2022.09.30-23.44.23:270][551]LogConsoleResponse:      9 = 1 KB (2D 1x1 PF_B8G8R8A8 RT) DefaultNormal8Bit
[2022.09.30-23.44.23:270][551]LogConsoleResponse:      8 = 1 KB (2D 1x1 PF_B8G8R8A8 RT) GreenDummy
[2022.09.30-23.44.23:270][551]LogConsoleResponse:      5 = 1 KB (2D 1x1 PF_B8G8R8A8 RT) WhiteDummy
[2022.09.30-23.44.23:270][551]LogConsoleResponse:     13 = 1 KB (2D 1x1 PF_DepthStencil) DepthDummy
[2022.09.30-23.44.23:270][551]LogConsoleResponse:     12 = 1 KB (2D 1x1 PF_FloatRGBA RT) MaxFP16Depth
[2022.09.30-23.44.23:270][551]LogConsoleResponse:     56 = 1 KB (2D 1x1 PF_G32R32F RT UAV) EyeAdaptation
[2022.09.30-23.44.23:270][551]LogConsoleResponse:    122 = 1 KB (2D 1x1 PF_G32R32F RT UAV) EyeAdaptation
[2022.09.30-23.44.23:270][551]LogConsoleResponse:     11 = 1 KB (2D 32x16 PF_R16_UINT) SobolSampling
[2022.09.30-23.44.23:270][551]LogConsoleResponse:    138 = 0 KB (2D 6144x2048 PF_ShadowDepth) UnknownTexture2D
[2022.09.30-23.44.23:270][551]LogConsoleResponse: 
[2022.09.30-23.44.23:270][551]LogConsoleResponse: Pool: 169/209 MB (referenced/allocated)
[2022.09.30-23.44.23:270][551]LogWindows: FPlatformMisc::RequestExit(1)
[2022.09.30-23.44.23:270][551]Log file closed, 09/30/22 18:44:23
